2025-01-18 19:41:47,172 [INFO] Activator:176 - 


2025-01-18 19:41:47,184 [INFO] Activator:177 - !SESSION log4j initialized
2025-01-18 19:41:55,783 [INFO] LogOutputStream:77 - [STDOUT_REDIRECT] 
2025-01-18 19:42:04,968 [INFO] ApplicationProperties:184 - Using Application install path: D:\STM32CubeIDE_1.15.0\STM32CubeIDE\plugins\com.st.stm32cube.common.mx_6.13.0.202411220809
2025-01-18 19:42:05,001 [INFO] DbMcusXml:78 - Set database path to: D:\STM32CubeIDE_1.15.0\STM32CubeIDE\plugins\com.st.stm32cube.common.mx_6.13.0.202411220809\\db\/mcu/
2025-01-18 19:42:05,001 [INFO] ApiDb:274 - Set plugin database path to: D:\STM32CubeIDE_1.15.0\STM32CubeIDE\plugins\com.st.stm32cube.common.mx_6.13.0.202411220809\\db\/plugins/boardmanager/
2025-01-18 19:42:05,003 [WARN] ApiDb:259 - Overriding images path with different value:  => D:\STM32CubeIDE_1.15.0\STM32CubeIDE\plugins\com.st.stm32cube.common.mx_6.13.0.202411220809\\db\/plugins/mcufinder/images/
2025-01-18 19:42:05,024 [INFO] ApiDb:250 - Set database path to: C:\Users\hp\.stmcufinder\plugins\mcufinder//mcu/
2025-01-18 19:42:05,027 [INFO] DbMcusAds:125 - Set database path to: C:\Users\hp\.stmcufinder\plugins\mcufinder//mcu/
2025-01-18 19:42:05,032 [INFO] CrossReferenceDbSqlite:203 - Set database path to: C:\Users\hp\.stmcufinder\plugins\mcufinder//mcu/cs/
2025-01-18 19:42:06,178 [INFO] RulesReader:64 - Compatibility file has been processed (297 Rules)
2025-01-18 19:42:06,335 [INFO] DbMcusXml:78 - Set database path to: D:\STM32CubeIDE_1.15.0\STM32CubeIDE\plugins\com.st.stm32cube.common.mx_6.13.0.202411220809\\db\/mcu/
2025-01-18 19:42:06,336 [INFO] ApiDb:274 - Set plugin database path to: D:\STM32CubeIDE_1.15.0\STM32CubeIDE\plugins\com.st.stm32cube.common.mx_6.13.0.202411220809\\db\/plugins/boardmanager/
2025-01-18 19:42:06,336 [INFO] ApiDb:261 - Set plugin images path to: D:\STM32CubeIDE_1.15.0\STM32CubeIDE\plugins\com.st.stm32cube.common.mx_6.13.0.202411220809\\db\/plugins/mcufinder/images/
2025-01-18 19:42:06,337 [WARN] DbFile:41 - Overriding database path with different value: C:\Users\hp\.stmcufinder\plugins\mcufinder/ => C:\Users\hp\.stmcufinder\plugins\mcufinder
2025-01-18 19:42:06,337 [INFO] ApiDb:250 - Set database path to: C:\Users\hp\.stmcufinder\plugins\mcufinder//mcu/
2025-01-18 19:42:06,338 [WARN] DbFile:41 - Overriding database path with different value: C:\Users\hp\.stmcufinder\plugins\mcufinder/ => C:\Users\hp\.stmcufinder\plugins\mcufinder
2025-01-18 19:42:06,338 [INFO] DbMcusAds:125 - Set database path to: C:\Users\hp\.stmcufinder\plugins\mcufinder//mcu/
2025-01-18 19:42:06,338 [WARN] DbFile:41 - Overriding database path with different value: C:\Users\hp\.stmcufinder\plugins\mcufinder/ => C:\Users\hp\.stmcufinder\plugins\mcufinder
2025-01-18 19:42:06,338 [WARN] DbFile:41 - Overriding database path with different value: C:\Users\hp\.stmcufinder\plugins\mcufinder/ => C:\Users\hp\.stmcufinder\plugins\mcufinder
2025-01-18 19:42:06,350 [INFO] CrossReferenceDbSqlite:203 - Set database path to: C:\Users\hp\.stmcufinder\plugins\mcufinder//mcu/cs/
2025-01-18 19:42:06,502 [INFO] MainPanel:272 - HeapMemory: 268435456
2025-01-18 19:42:06,694 [INFO] DbMcusXml:78 - Set database path to: D:\STM32CubeIDE_1.15.0\STM32CubeIDE\plugins\com.st.stm32cube.common.mx_6.13.0.202411220809\\db\/mcu/
2025-01-18 19:42:06,694 [INFO] ApiDb:274 - Set plugin database path to: D:\STM32CubeIDE_1.15.0\STM32CubeIDE\plugins\com.st.stm32cube.common.mx_6.13.0.202411220809\\db\/plugins/boardmanager/
2025-01-18 19:42:06,694 [INFO] ApiDb:261 - Set plugin images path to: D:\STM32CubeIDE_1.15.0\STM32CubeIDE\plugins\com.st.stm32cube.common.mx_6.13.0.202411220809\\db\/plugins/mcufinder/images/
2025-01-18 19:42:06,695 [WARN] DbFile:41 - Overriding database path with different value: C:\Users\hp\.stmcufinder\plugins\mcufinder/ => C:\Users\hp\.stmcufinder\plugins\mcufinder
2025-01-18 19:42:06,695 [INFO] ApiDb:250 - Set database path to: C:\Users\hp\.stmcufinder\plugins\mcufinder//mcu/
2025-01-18 19:42:06,695 [WARN] DbFile:41 - Overriding database path with different value: C:\Users\hp\.stmcufinder\plugins\mcufinder/ => C:\Users\hp\.stmcufinder\plugins\mcufinder
2025-01-18 19:42:06,696 [INFO] DbMcusAds:125 - Set database path to: C:\Users\hp\.stmcufinder\plugins\mcufinder//mcu/
2025-01-18 19:42:06,696 [WARN] DbFile:41 - Overriding database path with different value: C:\Users\hp\.stmcufinder\plugins\mcufinder/ => C:\Users\hp\.stmcufinder\plugins\mcufinder
2025-01-18 19:42:06,696 [WARN] DbFile:41 - Overriding database path with different value: C:\Users\hp\.stmcufinder\plugins\mcufinder/ => C:\Users\hp\.stmcufinder\plugins\mcufinder
2025-01-18 19:42:06,696 [INFO] CrossReferenceDbSqlite:203 - Set database path to: C:\Users\hp\.stmcufinder\plugins\mcufinder//mcu/cs/
2025-01-18 19:42:06,730 [INFO] ApplicationProperties:184 - Using Application install path: D:\STM32CubeIDE_1.15.0\STM32CubeIDE\plugins\com.st.stm32cube.common.mx_6.13.0.202411220809
2025-01-18 19:42:06,732 [INFO] PluginManage:196 - Search for loadable plugins [exclusion list=, ]
2025-01-18 19:42:06,735 [INFO] PluginManage:310 - Check plugin analytics
2025-01-18 19:42:11,695 [INFO] AnalyticsPlugin:253 - Accepted Software Licenses: 
2025-01-18 19:42:11,696 [INFO] AnalyticsPlugin:255 - Accepted CMSIS Pack Licenses: 
2025-01-18 19:42:11,697 [INFO] AnalyticsPlugin:257 - Accepted Firmware Licenses: 
2025-01-18 19:42:11,704 [INFO] PluginManage:359 - Loaded plugin analytics (category:tool,tabindex:-1)
2025-01-18 19:42:11,706 [INFO] PluginManage:310 - Check plugin cadmodel
2025-01-18 19:42:11,755 [INFO] CADModel:105 - Init CAD model plugin
2025-01-18 19:42:11,756 [INFO] PluginManage:359 - Loaded plugin cadmodel (category:power,tabindex:5)
2025-01-18 19:42:11,756 [INFO] PluginManage:310 - Check plugin clock
2025-01-18 19:42:11,806 [INFO] PluginManage:359 - Loaded plugin clock (category:base,tabindex:2)
2025-01-18 19:42:11,806 [INFO] PluginManage:310 - Check plugin ddr
2025-01-18 19:42:11,812 [INFO] PluginManage:359 - Loaded plugin ddr (category:tool,tabindex:6)
2025-01-18 19:42:11,813 [INFO] PluginManage:310 - Check plugin filemanager
2025-01-18 19:42:12,355 [INFO] PluginManage:359 - Loaded plugin filemanager (category:base,tabindex:10)
2025-01-18 19:42:12,356 [INFO] PluginManage:310 - Check plugin ipmanager
2025-01-18 19:42:12,376 [INFO] PluginManage:359 - Loaded plugin ipmanager (category:base,tabindex:5)
2025-01-18 19:42:12,377 [INFO] PluginManage:310 - Check plugin lpbam
2025-01-18 19:42:12,450 [INFO] PluginManage:359 - Loaded plugin lpbam (category:base,tabindex:0)
2025-01-18 19:42:12,452 [INFO] PluginManage:310 - Check plugin memorymap
2025-01-18 19:42:12,530 [INFO] PluginManage:359 - Loaded plugin memorymap (category:base,tabindex:4)
2025-01-18 19:42:12,531 [INFO] PluginManage:310 - Check plugin pinoutandconfiguration
2025-01-18 19:42:12,585 [INFO] PluginManage:359 - Loaded plugin pinoutandconfiguration (category:base,tabindex:1)
2025-01-18 19:42:12,585 [INFO] PluginManage:310 - Check plugin pinoutconfig
2025-01-18 19:42:12,834 [WARN] SupportedApi:132 - Cannot load RTOS API schema: s4s-elt-must-match.1: The content of 'definitions' must match (annotation?, (simpleType | complexType)?, (unique | key | keyref)*)). A problem was found starting at: attribute.
2025-01-18 19:42:13,153 [INFO] PluginManage:359 - Loaded plugin pinoutconfig (category:base,tabindex:0)
2025-01-18 19:42:13,154 [INFO] PluginManage:310 - Check plugin power
2025-01-18 19:42:13,216 [INFO] PluginManage:359 - Loaded plugin power (category:power,tabindex:4)
2025-01-18 19:42:13,216 [INFO] PluginManage:310 - Check plugin projectmanager
2025-01-18 19:42:13,262 [INFO] PluginManage:359 - Loaded plugin projectmanager (category:projectmanager,tabindex:4)
2025-01-18 19:42:13,263 [INFO] PluginManage:310 - Check plugin rif
2025-01-18 19:42:13,314 [INFO] PluginManage:359 - Loaded plugin rif (category:base,tabindex:3)
2025-01-18 19:42:13,315 [INFO] PluginManage:310 - Check plugin thirdparty
2025-01-18 19:42:14,014 [WARN] IntegrityCheckThread:84 - waiting for thirdparty lock release [integrity check]
2025-01-18 19:42:14,015 [INFO] PluginManage:359 - Loaded plugin thirdparty (category:base,tabindex:-1)
2025-01-18 19:42:14,016 [INFO] PluginManage:310 - Check plugin tools
2025-01-18 19:42:14,015 [INFO] IntegrityCheckThread:86 - entering critical section [integrity check]
2025-01-18 19:42:14,017 [INFO] ThirdPartyUpdaterWithRetryManager:70 - Updater plugin not ready yet. [1/15]
2025-01-18 19:42:14,144 [INFO] PluginManage:359 - Loaded plugin tools (category:base,tabindex:7)
2025-01-18 19:42:14,145 [INFO] PluginManage:310 - Check plugin tutovideos
2025-01-18 19:42:14,546 [INFO] PluginManage:359 - Loaded plugin tutovideos (category:base,tabindex:-1)
2025-01-18 19:42:14,546 [INFO] PluginManage:310 - Check plugin updater
2025-01-18 19:42:14,592 [INFO] PluginManage:359 - Loaded plugin updater (category:base,tabindex:12)
2025-01-18 19:42:14,593 [INFO] PluginManage:310 - Check plugin userauth
2025-01-18 19:42:14,601 [INFO] UserAuth:118 - Init User Auth plugin
2025-01-18 19:42:14,603 [INFO] PluginManage:359 - Loaded plugin userauth (category:base,tabindex:14)
2025-01-18 19:42:14,604 [INFO] PluginManage:283 - PluginManage : Loaded plugins [18]
2025-01-18 19:42:15,067 [INFO] PinOutPanel:1589 - setPackage(No Configuration,No Configuration)
2025-01-18 19:42:15,251 [INFO] CADModel:165 - CPN selected for project level
2025-01-18 19:42:15,252 [INFO] CADModel:114 - Register for checkConnection events
2025-01-18 19:42:15,305 [INFO] IPUIPlugin:80 - create IPUIPlugin
2025-01-18 19:42:15,306 [INFO] PluginManager:220 - loadIPPluginJar : add adc
2025-01-18 19:42:15,402 [INFO] IPUIPlugin:80 - create IPUIPlugin
2025-01-18 19:42:15,402 [INFO] PluginManager:220 - loadIPPluginJar : add aes
2025-01-18 19:42:15,491 [INFO] IPUIPlugin:80 - create IPUIPlugin
2025-01-18 19:42:15,491 [INFO] PluginManager:220 - loadIPPluginJar : add can
2025-01-18 19:42:15,545 [INFO] IPUIPlugin:80 - create IPUIPlugin
2025-01-18 19:42:15,546 [INFO] PluginManager:220 - loadIPPluginJar : add comp
2025-01-18 19:42:15,616 [INFO] IPUIPlugin:80 - create IPUIPlugin
2025-01-18 19:42:15,616 [INFO] PluginManager:220 - loadIPPluginJar : add cryp
2025-01-18 19:42:15,641 [INFO] IPUIPlugin:80 - create IPUIPlugin
2025-01-18 19:42:15,642 [INFO] PluginManager:220 - loadIPPluginJar : add ddr_ctrl_phy
2025-01-18 19:42:15,712 [INFO] IPUIPlugin:80 - create IPUIPlugin
2025-01-18 19:42:15,712 [INFO] PluginManager:220 - loadIPPluginJar : add dfsdm
2025-01-18 19:42:15,738 [INFO] IPUIPlugin:80 - create IPUIPlugin
2025-01-18 19:42:15,738 [INFO] PluginManager:220 - loadIPPluginJar : add dma
2025-01-18 19:42:15,824 [INFO] IPUIPlugin:80 - create IPUIPlugin
2025-01-18 19:42:15,825 [INFO] PluginManager:220 - loadIPPluginJar : add dma3
2025-01-18 19:42:15,928 [INFO] IPUIPlugin:80 - create IPUIPlugin
2025-01-18 19:42:15,928 [INFO] PluginManager:220 - loadIPPluginJar : add extmemmanager
2025-01-18 19:42:15,975 [INFO] IPUIPlugin:80 - create IPUIPlugin
2025-01-18 19:42:15,975 [INFO] PluginManager:220 - loadIPPluginJar : add fatfs
2025-01-18 19:42:16,073 [INFO] IPUIPlugin:80 - create IPUIPlugin
2025-01-18 19:42:16,074 [INFO] PluginManager:220 - loadIPPluginJar : add fmc
2025-01-18 19:42:16,104 [INFO] IPUIPlugin:80 - create IPUIPlugin
2025-01-18 19:42:16,104 [INFO] PluginManager:220 - loadIPPluginJar : add freertos
2025-01-18 19:42:16,147 [INFO] IPUIPlugin:80 - create IPUIPlugin
2025-01-18 19:42:16,147 [INFO] PluginManager:220 - loadIPPluginJar : add genericplugin
2025-01-18 19:42:16,398 [INFO] IPUIPlugin:80 - create IPUIPlugin
2025-01-18 19:42:16,399 [INFO] PluginManager:220 - loadIPPluginJar : add gfxmmu
2025-01-18 19:42:16,700 [INFO] IPUIPlugin:80 - create IPUIPlugin
2025-01-18 19:42:16,700 [INFO] PluginManager:220 - loadIPPluginJar : add gic
2025-01-18 19:42:16,724 [INFO] IPUIPlugin:80 - create IPUIPlugin
2025-01-18 19:42:16,724 [INFO] PluginManager:220 - loadIPPluginJar : add gpio
2025-01-18 19:42:16,922 [INFO] IPUIPlugin:80 - create IPUIPlugin
2025-01-18 19:42:16,922 [INFO] PluginManager:220 - loadIPPluginJar : add gtzc
2025-01-18 19:42:16,994 [INFO] IPUIPlugin:80 - create IPUIPlugin
2025-01-18 19:42:16,994 [INFO] PluginManager:220 - loadIPPluginJar : add hash
2025-01-18 19:42:17,020 [INFO] ThirdPartyUpdaterWithRetryManager:70 - Updater plugin not ready yet. [2/15]
2025-01-18 19:42:17,134 [INFO] IPUIPlugin:80 - create IPUIPlugin
2025-01-18 19:42:17,134 [INFO] PluginManager:220 - loadIPPluginJar : add i2c
2025-01-18 19:42:17,263 [INFO] IPUIPlugin:80 - create IPUIPlugin
2025-01-18 19:42:17,263 [INFO] PluginManager:220 - loadIPPluginJar : add i2s
2025-01-18 19:42:17,372 [INFO] IPUIPlugin:80 - create IPUIPlugin
2025-01-18 19:42:17,372 [INFO] PluginManager:220 - loadIPPluginJar : add i3c
2025-01-18 19:42:17,602 [INFO] IPUIPlugin:80 - create IPUIPlugin
2025-01-18 19:42:17,603 [INFO] PluginManager:220 - loadIPPluginJar : add ipddr
2025-01-18 19:42:17,815 [INFO] IPUIPlugin:80 - create IPUIPlugin
2025-01-18 19:42:17,816 [INFO] PluginManager:220 - loadIPPluginJar : add linkedlist
2025-01-18 19:42:17,890 [INFO] IPUIPlugin:80 - create IPUIPlugin
2025-01-18 19:42:17,890 [INFO] PluginManager:220 - loadIPPluginJar : add lorawan
2025-01-18 19:42:17,969 [INFO] IPUIPlugin:80 - create IPUIPlugin
2025-01-18 19:42:17,969 [INFO] PluginManager:220 - loadIPPluginJar : add ltdc
2025-01-18 19:42:17,998 [INFO] IPUIPlugin:80 - create IPUIPlugin
2025-01-18 19:42:17,998 [INFO] PluginManager:220 - loadIPPluginJar : add mdma
2025-01-18 19:42:18,028 [INFO] IPUIPlugin:80 - create IPUIPlugin
2025-01-18 19:42:18,029 [INFO] PluginManager:220 - loadIPPluginJar : add nvic
2025-01-18 19:42:18,115 [INFO] IPUIPlugin:80 - create IPUIPlugin
2025-01-18 19:42:18,115 [INFO] PluginManager:220 - loadIPPluginJar : add opamp
2025-01-18 19:42:18,247 [INFO] IPUIPlugin:80 - create IPUIPlugin
2025-01-18 19:42:18,247 [INFO] PluginManager:220 - loadIPPluginJar : add openamp
2025-01-18 19:42:18,338 [INFO] IPUIPlugin:80 - create IPUIPlugin
2025-01-18 19:42:18,338 [INFO] PluginManager:220 - loadIPPluginJar : add pdm2pcm
2025-01-18 19:42:18,366 [INFO] IPUIPlugin:80 - create IPUIPlugin
2025-01-18 19:42:18,370 [INFO] PluginManager:220 - loadIPPluginJar : add plateformsettings
2025-01-18 19:42:18,439 [INFO] IPUIPlugin:80 - create IPUIPlugin
2025-01-18 19:42:18,440 [INFO] PluginManager:220 - loadIPPluginJar : add quadspi
2025-01-18 19:42:18,532 [INFO] IPUIPlugin:80 - create IPUIPlugin
2025-01-18 19:42:18,533 [INFO] PluginManager:220 - loadIPPluginJar : add radio
2025-01-18 19:42:18,560 [INFO] IPUIPlugin:80 - create IPUIPlugin
2025-01-18 19:42:18,561 [INFO] PluginManager:220 - loadIPPluginJar : add resmgrutility
2025-01-18 19:42:18,693 [INFO] IPUIPlugin:80 - create IPUIPlugin
2025-01-18 19:42:18,693 [INFO] PluginManager:220 - loadIPPluginJar : add sai
2025-01-18 19:42:18,793 [INFO] IPUIPlugin:80 - create IPUIPlugin
2025-01-18 19:42:18,793 [INFO] PluginManager:220 - loadIPPluginJar : add spi
2025-01-18 19:42:18,955 [INFO] IPUIPlugin:80 - create IPUIPlugin
2025-01-18 19:42:18,955 [INFO] PluginManager:220 - loadIPPluginJar : add stm32_wpan
2025-01-18 19:42:19,020 [INFO] IPUIPlugin:80 - create IPUIPlugin
2025-01-18 19:42:19,021 [INFO] PluginManager:220 - loadIPPluginJar : add tim
2025-01-18 19:42:19,205 [INFO] IPUIPlugin:80 - create IPUIPlugin
2025-01-18 19:42:19,205 [INFO] PluginManager:220 - loadIPPluginJar : add touchsensing
2025-01-18 19:42:19,256 [INFO] IPUIPlugin:80 - create IPUIPlugin
2025-01-18 19:42:19,256 [INFO] PluginManager:220 - loadIPPluginJar : add tracer_emb
2025-01-18 19:42:19,305 [INFO] IPUIPlugin:80 - create IPUIPlugin
2025-01-18 19:42:19,305 [INFO] PluginManager:220 - loadIPPluginJar : add ts
2025-01-18 19:42:19,352 [INFO] IPUIPlugin:80 - create IPUIPlugin
2025-01-18 19:42:19,352 [INFO] PluginManager:220 - loadIPPluginJar : add tsc
2025-01-18 19:42:19,401 [INFO] IPUIPlugin:80 - create IPUIPlugin
2025-01-18 19:42:19,401 [INFO] PluginManager:220 - loadIPPluginJar : add ucpd
2025-01-18 19:42:19,503 [INFO] IPUIPlugin:80 - create IPUIPlugin
2025-01-18 19:42:19,503 [INFO] PluginManager:220 - loadIPPluginJar : add usart
2025-01-18 19:42:19,592 [INFO] IPUIPlugin:80 - create IPUIPlugin
2025-01-18 19:42:19,592 [INFO] PluginManager:220 - loadIPPluginJar : add usbx
2025-01-18 19:42:19,794 [FATAL] Updater:351 - Updater called before beeing initialized
2025-01-18 19:42:19,843 [INFO] RulesReader:64 - Compatibility file has been processed (297 Rules)
2025-01-18 19:42:19,867 [INFO] RulesReader:64 - Compatibility file has been processed (297 Rules)
2025-01-18 19:42:19,880 [INFO] CADModel:165 - CPN selected for project level
2025-01-18 19:42:19,881 [INFO] CADModel:114 - Register for checkConnection events
2025-01-18 19:42:19,881 [FATAL] Updater:351 - Updater called before beeing initialized
2025-01-18 19:42:19,881 [ERROR] CADModel:125 - Updater not yet initialized, retry later 
2025-01-18 19:42:20,023 [INFO] ThirdPartyUpdaterWithRetryManager:70 - Updater plugin not ready yet. [3/15]
2025-01-18 19:42:20,132 [FATAL] Updater:351 - Updater called before beeing initialized
2025-01-18 19:42:20,136 [INFO] CADModel:165 - CPN selected for project level
2025-01-18 19:42:20,136 [INFO] CADModel:114 - Register for checkConnection events
2025-01-18 19:42:20,136 [FATAL] Updater:351 - Updater called before beeing initialized
2025-01-18 19:42:20,136 [ERROR] CADModel:125 - Updater not yet initialized, retry later 
2025-01-18 19:42:20,140 [FATAL] Updater:351 - Updater called before beeing initialized
2025-01-18 19:42:20,374 [FATAL] Updater:351 - Updater called before beeing initialized
2025-01-18 19:42:20,399 [INFO] DbMcusAds:53 - JSON generation date=Fri Sep 20 18:34:23 IST 2024 (1726837463113)
2025-01-18 19:42:20,399 [FATAL] Updater:351 - Updater called before beeing initialized
2025-01-18 19:42:20,603 [WARN] DetailPanel:346 - Failed to get advertising image, set to default
2025-01-18 19:42:21,190 [FATAL] Updater:351 - Updater called before beeing initialized
2025-01-18 19:42:21,194 [FATAL] Updater:351 - Updater called before beeing initialized
2025-01-18 19:42:21,195 [FATAL] Updater:351 - Updater called before beeing initialized
2025-01-18 19:42:21,195 [WARN] DetailPanel:346 - Failed to get advertising image, set to default
2025-01-18 19:42:21,197 [FATAL] Updater:351 - Updater called before beeing initialized
2025-01-18 19:42:21,337 [ERROR] Updater:1198 - MainUpdater not yet initialized. External WinMGr cannot be set.
2025-01-18 19:42:21,356 [INFO] Updater:1134 - Updater Version found : 6.13.0
2025-01-18 19:42:21,387 [INFO] ApplicationProperties:184 - Using Application install path: D:\STM32CubeIDE_1.15.0\STM32CubeIDE\plugins\com.st.stm32cube.common.mx_6.13.0.202411220809
2025-01-18 19:42:23,003 [ERROR] LogOutputStream:75 - [STDERR_REDIRECT] Jan 18, 2025 7:42:22 PM java.util.prefs.WindowsPreferences <init>
2025-01-18 19:42:23,008 [ERROR] LogOutputStream:75 - [STDERR_REDIRECT] WARNING: Could not open/create prefs root node Software\JavaSoft\Prefs at root 0xffffffff80000002. Windows RegCreateKeyEx(...) returned error code 5.
2025-01-18 19:42:23,009 [ERROR] LogOutputStream:75 - [STDERR_REDIRECT] 
2025-01-18 19:42:23,023 [FATAL] Updater:351 - Updater called before beeing initialized
2025-01-18 19:42:23,024 [ERROR] IntegrityCheckThread:130 - Cannot retrieve database content from updater: error 21
2025-01-18 19:42:23,024 [INFO] ThirdParty:978 - Integrity check success = false
2025-01-18 19:42:23,025 [INFO] IntegrityCheckThread:100 - exiting critical section [integrity check]
2025-01-18 19:42:23,025 [INFO] IntegrityCheckThread:103 - End integrity checks thread
2025-01-18 19:42:23,730 [INFO] MainUpdater:2872 - connection check result : 10
2025-01-18 19:42:23,731 [INFO] MainUpdater:3566 - Updater definition file requires update
2025-01-18 19:42:23,734 [INFO] MainUpdater:289 - Updater Check For Update Now.
2025-01-18 19:42:23,735 [INFO] MicroXplorer:498 - Change Database Version : DB.6.0.130
2025-01-18 19:42:23,777 [INFO] McuFinderGlobals:63 - Set McuFinder mode to 2 (CubeIDE integrated)
2025-01-18 19:42:23,778 [INFO] UserAuth:171 - activating auth plugin
2025-01-18 19:42:23,786 [INFO] UserAuth:486 - Internet connection configuration mode: 1
2025-01-18 19:42:23,856 [INFO] JxBrowserEngine:152 - Initiate JxBrowser Engine with user profile folder
2025-01-18 19:42:23,951 [INFO] ServerAccessManage:473 - Download File updaters.zip
2025-01-18 19:42:24,198 [INFO] FileExtend:240 - Unzip File : updaters.zip
2025-01-18 19:42:24,199 [INFO] FileExtend:255 - Standard Zip Deflate
2025-01-18 19:42:26,716 [INFO] ServerAccessManage:473 - Download File PacksControlFlags.xml
2025-01-18 19:42:27,270 [INFO] ServerAccessManage:473 - Download File cubemx.pidx
2025-01-18 19:42:28,598 [INFO] LoadServerUpdatesThread:375 - End of LoadServerUpdate Thread
2025-01-18 19:42:29,321 [INFO] CheckServerUpdateThread:120 - End of CheckServer Thread
2025-01-18 19:42:45,193 [INFO] WebApp:168 - Instantiating new browser for Auth
2025-01-18 19:42:56,805 [INFO] WebApp:449 - Apply proxy settings
2025-01-18 19:42:57,061 [INFO] WebApp:534 - Chromium requires no authentication
2025-01-18 19:42:59,578 [INFO] WebApp:477 - Direct internet connection detected
2025-01-18 19:43:00,655 [INFO] WebApp:880 - Register for checkConnection events
2025-01-18 19:43:00,655 [INFO] WebApp:449 - Apply proxy settings
2025-01-18 19:43:00,656 [INFO] WebApp:534 - Chromium requires no authentication
2025-01-18 19:43:00,667 [INFO] WebApp:477 - Direct internet connection detected
2025-01-18 19:43:07,106 [INFO] WebApp:187 - Connection restablished
2025-01-18 19:43:09,649 [INFO] WebApp:221 - Starting web application
2025-01-18 19:43:09,649 [INFO] WebApp:579 - Web application path used D:\STM32CubeIDE_1.15.0\STM32CubeIDE\plugins\com.st.stm32cube.common.mx_6.13.0.202411220809\db\plugins\mcufinder\reactClient1\index.html
2025-01-18 22:31:55,667 [ERROR] LogOutputStream:75 - [STDERR_REDIRECT] 
