2024-12-29 15:04:01,547 [INFO] Activator:176 - 


2024-12-29 15:04:01,557 [INFO] Activator:177 - !SESSION log4j initialized
2024-12-29 15:04:09,404 [INFO] LogOutputStream:77 - [STDOUT_REDIRECT] 
2024-12-29 15:04:15,479 [INFO] ApplicationProperties:184 - Using Application install path: D:\STM32CubeIDE_1.15.0\STM32CubeIDE\plugins\com.st.stm32cube.common.mx_6.13.0.202411220809
2024-12-29 15:04:15,515 [INFO] DbMcusXml:78 - Set database path to: D:\STM32CubeIDE_1.15.0\STM32CubeIDE\plugins\com.st.stm32cube.common.mx_6.13.0.202411220809\\db\/mcu/
2024-12-29 15:04:15,516 [INFO] ApiDb:274 - Set plugin database path to: D:\STM32CubeIDE_1.15.0\STM32CubeIDE\plugins\com.st.stm32cube.common.mx_6.13.0.202411220809\\db\/plugins/boardmanager/
2024-12-29 15:04:15,518 [WARN] ApiDb:259 - Overriding images path with different value:  => D:\STM32CubeIDE_1.15.0\STM32CubeIDE\plugins\com.st.stm32cube.common.mx_6.13.0.202411220809\\db\/plugins/mcufinder/images/
2024-12-29 15:04:15,552 [INFO] ApiDb:250 - Set database path to: C:\Users\hp\.stmcufinder\plugins\mcufinder//mcu/
2024-12-29 15:04:15,555 [INFO] DbMcusAds:125 - Set database path to: C:\Users\hp\.stmcufinder\plugins\mcufinder//mcu/
2024-12-29 15:04:15,561 [INFO] CrossReferenceDbSqlite:203 - Set database path to: C:\Users\hp\.stmcufinder\plugins\mcufinder//mcu/cs/
2024-12-29 15:04:15,853 [INFO] RulesReader:64 - Compatibility file has been processed (297 Rules)
2024-12-29 15:04:16,065 [INFO] DbMcusXml:78 - Set database path to: D:\STM32CubeIDE_1.15.0\STM32CubeIDE\plugins\com.st.stm32cube.common.mx_6.13.0.202411220809\\db\/mcu/
2024-12-29 15:04:16,065 [INFO] ApiDb:274 - Set plugin database path to: D:\STM32CubeIDE_1.15.0\STM32CubeIDE\plugins\com.st.stm32cube.common.mx_6.13.0.202411220809\\db\/plugins/boardmanager/
2024-12-29 15:04:16,065 [INFO] ApiDb:261 - Set plugin images path to: D:\STM32CubeIDE_1.15.0\STM32CubeIDE\plugins\com.st.stm32cube.common.mx_6.13.0.202411220809\\db\/plugins/mcufinder/images/
2024-12-29 15:04:16,066 [WARN] DbFile:41 - Overriding database path with different value: C:\Users\hp\.stmcufinder\plugins\mcufinder/ => C:\Users\hp\.stmcufinder\plugins\mcufinder
2024-12-29 15:04:16,066 [INFO] ApiDb:250 - Set database path to: C:\Users\hp\.stmcufinder\plugins\mcufinder//mcu/
2024-12-29 15:04:16,067 [WARN] DbFile:41 - Overriding database path with different value: C:\Users\hp\.stmcufinder\plugins\mcufinder/ => C:\Users\hp\.stmcufinder\plugins\mcufinder
2024-12-29 15:04:16,067 [INFO] DbMcusAds:125 - Set database path to: C:\Users\hp\.stmcufinder\plugins\mcufinder//mcu/
2024-12-29 15:04:16,067 [WARN] DbFile:41 - Overriding database path with different value: C:\Users\hp\.stmcufinder\plugins\mcufinder/ => C:\Users\hp\.stmcufinder\plugins\mcufinder
2024-12-29 15:04:16,067 [WARN] DbFile:41 - Overriding database path with different value: C:\Users\hp\.stmcufinder\plugins\mcufinder/ => C:\Users\hp\.stmcufinder\plugins\mcufinder
2024-12-29 15:04:16,068 [INFO] CrossReferenceDbSqlite:203 - Set database path to: C:\Users\hp\.stmcufinder\plugins\mcufinder//mcu/cs/
2024-12-29 15:04:16,236 [INFO] MainPanel:272 - HeapMemory: 268435456
2024-12-29 15:04:16,664 [INFO] DbMcusXml:78 - Set database path to: D:\STM32CubeIDE_1.15.0\STM32CubeIDE\plugins\com.st.stm32cube.common.mx_6.13.0.202411220809\\db\/mcu/
2024-12-29 15:04:16,664 [INFO] ApiDb:274 - Set plugin database path to: D:\STM32CubeIDE_1.15.0\STM32CubeIDE\plugins\com.st.stm32cube.common.mx_6.13.0.202411220809\\db\/plugins/boardmanager/
2024-12-29 15:04:16,665 [INFO] ApiDb:261 - Set plugin images path to: D:\STM32CubeIDE_1.15.0\STM32CubeIDE\plugins\com.st.stm32cube.common.mx_6.13.0.202411220809\\db\/plugins/mcufinder/images/
2024-12-29 15:04:16,666 [WARN] DbFile:41 - Overriding database path with different value: C:\Users\hp\.stmcufinder\plugins\mcufinder/ => C:\Users\hp\.stmcufinder\plugins\mcufinder
2024-12-29 15:04:16,666 [INFO] ApiDb:250 - Set database path to: C:\Users\hp\.stmcufinder\plugins\mcufinder//mcu/
2024-12-29 15:04:16,666 [WARN] DbFile:41 - Overriding database path with different value: C:\Users\hp\.stmcufinder\plugins\mcufinder/ => C:\Users\hp\.stmcufinder\plugins\mcufinder
2024-12-29 15:04:16,666 [INFO] DbMcusAds:125 - Set database path to: C:\Users\hp\.stmcufinder\plugins\mcufinder//mcu/
2024-12-29 15:04:16,667 [WARN] DbFile:41 - Overriding database path with different value: C:\Users\hp\.stmcufinder\plugins\mcufinder/ => C:\Users\hp\.stmcufinder\plugins\mcufinder
2024-12-29 15:04:16,667 [WARN] DbFile:41 - Overriding database path with different value: C:\Users\hp\.stmcufinder\plugins\mcufinder/ => C:\Users\hp\.stmcufinder\plugins\mcufinder
2024-12-29 15:04:16,667 [INFO] CrossReferenceDbSqlite:203 - Set database path to: C:\Users\hp\.stmcufinder\plugins\mcufinder//mcu/cs/
2024-12-29 15:04:16,713 [INFO] ApplicationProperties:184 - Using Application install path: D:\STM32CubeIDE_1.15.0\STM32CubeIDE\plugins\com.st.stm32cube.common.mx_6.13.0.202411220809
2024-12-29 15:04:16,716 [INFO] PluginManage:196 - Search for loadable plugins [exclusion list=, ]
2024-12-29 15:04:16,720 [INFO] PluginManage:310 - Check plugin analytics
2024-12-29 15:04:17,178 [INFO] AnalyticsPlugin:253 - Accepted Software Licenses: 
2024-12-29 15:04:17,179 [INFO] AnalyticsPlugin:255 - Accepted CMSIS Pack Licenses: 
2024-12-29 15:04:17,179 [INFO] AnalyticsPlugin:257 - Accepted Firmware Licenses: 
2024-12-29 15:04:17,184 [INFO] PluginManage:359 - Loaded plugin analytics (category:tool,tabindex:-1)
2024-12-29 15:04:17,185 [INFO] PluginManage:310 - Check plugin cadmodel
2024-12-29 15:04:17,237 [INFO] CADModel:105 - Init CAD model plugin
2024-12-29 15:04:17,237 [INFO] PluginManage:359 - Loaded plugin cadmodel (category:power,tabindex:5)
2024-12-29 15:04:17,237 [INFO] PluginManage:310 - Check plugin clock
2024-12-29 15:04:17,325 [INFO] PluginManage:359 - Loaded plugin clock (category:base,tabindex:2)
2024-12-29 15:04:17,325 [INFO] PluginManage:310 - Check plugin ddr
2024-12-29 15:04:17,331 [INFO] PluginManage:359 - Loaded plugin ddr (category:tool,tabindex:6)
2024-12-29 15:04:17,331 [INFO] PluginManage:310 - Check plugin filemanager
2024-12-29 15:04:17,600 [INFO] PluginManage:359 - Loaded plugin filemanager (category:base,tabindex:10)
2024-12-29 15:04:17,601 [INFO] PluginManage:310 - Check plugin ipmanager
2024-12-29 15:04:17,616 [INFO] PluginManage:359 - Loaded plugin ipmanager (category:base,tabindex:5)
2024-12-29 15:04:17,617 [INFO] PluginManage:310 - Check plugin lpbam
2024-12-29 15:04:17,656 [INFO] PluginManage:359 - Loaded plugin lpbam (category:base,tabindex:0)
2024-12-29 15:04:17,656 [INFO] PluginManage:310 - Check plugin memorymap
2024-12-29 15:04:17,707 [INFO] PluginManage:359 - Loaded plugin memorymap (category:base,tabindex:4)
2024-12-29 15:04:17,707 [INFO] PluginManage:310 - Check plugin pinoutandconfiguration
2024-12-29 15:04:17,743 [INFO] PluginManage:359 - Loaded plugin pinoutandconfiguration (category:base,tabindex:1)
2024-12-29 15:04:17,744 [INFO] PluginManage:310 - Check plugin pinoutconfig
2024-12-29 15:04:17,933 [WARN] SupportedApi:132 - Cannot load RTOS API schema: s4s-elt-must-match.1: The content of 'definitions' must match (annotation?, (simpleType | complexType)?, (unique | key | keyref)*)). A problem was found starting at: attribute.
2024-12-29 15:04:18,183 [INFO] PluginManage:359 - Loaded plugin pinoutconfig (category:base,tabindex:0)
2024-12-29 15:04:18,183 [INFO] PluginManage:310 - Check plugin power
2024-12-29 15:04:18,227 [INFO] PluginManage:359 - Loaded plugin power (category:power,tabindex:4)
2024-12-29 15:04:18,227 [INFO] PluginManage:310 - Check plugin projectmanager
2024-12-29 15:04:18,259 [INFO] PluginManage:359 - Loaded plugin projectmanager (category:projectmanager,tabindex:4)
2024-12-29 15:04:18,259 [INFO] PluginManage:310 - Check plugin rif
2024-12-29 15:04:18,294 [INFO] PluginManage:359 - Loaded plugin rif (category:base,tabindex:3)
2024-12-29 15:04:18,295 [INFO] PluginManage:310 - Check plugin thirdparty
2024-12-29 15:04:18,806 [WARN] IntegrityCheckThread:84 - waiting for thirdparty lock release [integrity check]
2024-12-29 15:04:18,807 [INFO] IntegrityCheckThread:86 - entering critical section [integrity check]
2024-12-29 15:04:18,807 [INFO] PluginManage:359 - Loaded plugin thirdparty (category:base,tabindex:-1)
2024-12-29 15:04:18,810 [INFO] ThirdPartyUpdaterWithRetryManager:70 - Updater plugin not ready yet. [1/15]
2024-12-29 15:04:18,810 [INFO] PluginManage:310 - Check plugin tools
2024-12-29 15:04:18,893 [INFO] PluginManage:359 - Loaded plugin tools (category:base,tabindex:7)
2024-12-29 15:04:18,894 [INFO] PluginManage:310 - Check plugin tutovideos
2024-12-29 15:04:19,220 [INFO] PluginManage:359 - Loaded plugin tutovideos (category:base,tabindex:-1)
2024-12-29 15:04:19,221 [INFO] PluginManage:310 - Check plugin updater
2024-12-29 15:04:19,264 [INFO] PluginManage:359 - Loaded plugin updater (category:base,tabindex:12)
2024-12-29 15:04:19,264 [INFO] PluginManage:310 - Check plugin userauth
2024-12-29 15:04:19,273 [INFO] UserAuth:118 - Init User Auth plugin
2024-12-29 15:04:19,274 [INFO] PluginManage:359 - Loaded plugin userauth (category:base,tabindex:14)
2024-12-29 15:04:19,275 [INFO] PluginManage:283 - PluginManage : Loaded plugins [18]
2024-12-29 15:04:19,685 [INFO] PinOutPanel:1589 - setPackage(No Configuration,No Configuration)
2024-12-29 15:04:19,871 [INFO] CADModel:165 - CPN selected for project level
2024-12-29 15:04:19,871 [INFO] CADModel:114 - Register for checkConnection events
2024-12-29 15:04:19,928 [INFO] IPUIPlugin:80 - create IPUIPlugin
2024-12-29 15:04:19,929 [INFO] PluginManager:220 - loadIPPluginJar : add adc
2024-12-29 15:04:20,029 [INFO] IPUIPlugin:80 - create IPUIPlugin
2024-12-29 15:04:20,029 [INFO] PluginManager:220 - loadIPPluginJar : add aes
2024-12-29 15:04:20,137 [INFO] IPUIPlugin:80 - create IPUIPlugin
2024-12-29 15:04:20,138 [INFO] PluginManager:220 - loadIPPluginJar : add can
2024-12-29 15:04:20,194 [INFO] IPUIPlugin:80 - create IPUIPlugin
2024-12-29 15:04:20,195 [INFO] PluginManager:220 - loadIPPluginJar : add comp
2024-12-29 15:04:20,270 [INFO] IPUIPlugin:80 - create IPUIPlugin
2024-12-29 15:04:20,270 [INFO] PluginManager:220 - loadIPPluginJar : add cryp
2024-12-29 15:04:20,291 [INFO] IPUIPlugin:80 - create IPUIPlugin
2024-12-29 15:04:20,291 [INFO] PluginManager:220 - loadIPPluginJar : add ddr_ctrl_phy
2024-12-29 15:04:20,355 [INFO] IPUIPlugin:80 - create IPUIPlugin
2024-12-29 15:04:20,356 [INFO] PluginManager:220 - loadIPPluginJar : add dfsdm
2024-12-29 15:04:20,386 [INFO] IPUIPlugin:80 - create IPUIPlugin
2024-12-29 15:04:20,387 [INFO] PluginManager:220 - loadIPPluginJar : add dma
2024-12-29 15:04:20,470 [INFO] IPUIPlugin:80 - create IPUIPlugin
2024-12-29 15:04:20,470 [INFO] PluginManager:220 - loadIPPluginJar : add dma3
2024-12-29 15:04:20,567 [INFO] IPUIPlugin:80 - create IPUIPlugin
2024-12-29 15:04:20,567 [INFO] PluginManager:220 - loadIPPluginJar : add extmemmanager
2024-12-29 15:04:20,608 [INFO] IPUIPlugin:80 - create IPUIPlugin
2024-12-29 15:04:20,608 [INFO] PluginManager:220 - loadIPPluginJar : add fatfs
2024-12-29 15:04:20,732 [INFO] IPUIPlugin:80 - create IPUIPlugin
2024-12-29 15:04:20,732 [INFO] PluginManager:220 - loadIPPluginJar : add fmc
2024-12-29 15:04:20,766 [INFO] IPUIPlugin:80 - create IPUIPlugin
2024-12-29 15:04:20,767 [INFO] PluginManager:220 - loadIPPluginJar : add freertos
2024-12-29 15:04:20,860 [INFO] IPUIPlugin:80 - create IPUIPlugin
2024-12-29 15:04:20,861 [INFO] PluginManager:220 - loadIPPluginJar : add genericplugin
2024-12-29 15:04:21,070 [INFO] IPUIPlugin:80 - create IPUIPlugin
2024-12-29 15:04:21,070 [INFO] PluginManager:220 - loadIPPluginJar : add gfxmmu
2024-12-29 15:04:21,414 [INFO] IPUIPlugin:80 - create IPUIPlugin
2024-12-29 15:04:21,415 [INFO] PluginManager:220 - loadIPPluginJar : add gic
2024-12-29 15:04:21,441 [INFO] IPUIPlugin:80 - create IPUIPlugin
2024-12-29 15:04:21,441 [INFO] PluginManager:220 - loadIPPluginJar : add gpio
2024-12-29 15:04:21,643 [INFO] IPUIPlugin:80 - create IPUIPlugin
2024-12-29 15:04:21,643 [INFO] PluginManager:220 - loadIPPluginJar : add gtzc
2024-12-29 15:04:21,716 [INFO] IPUIPlugin:80 - create IPUIPlugin
2024-12-29 15:04:21,716 [INFO] PluginManager:220 - loadIPPluginJar : add hash
2024-12-29 15:04:21,813 [INFO] ThirdPartyUpdaterWithRetryManager:70 - Updater plugin not ready yet. [2/15]
2024-12-29 15:04:21,824 [INFO] IPUIPlugin:80 - create IPUIPlugin
2024-12-29 15:04:21,825 [INFO] PluginManager:220 - loadIPPluginJar : add i2c
2024-12-29 15:04:21,929 [INFO] IPUIPlugin:80 - create IPUIPlugin
2024-12-29 15:04:21,929 [INFO] PluginManager:220 - loadIPPluginJar : add i2s
2024-12-29 15:04:22,019 [INFO] IPUIPlugin:80 - create IPUIPlugin
2024-12-29 15:04:22,020 [INFO] PluginManager:220 - loadIPPluginJar : add i3c
2024-12-29 15:04:22,258 [INFO] IPUIPlugin:80 - create IPUIPlugin
2024-12-29 15:04:22,258 [INFO] PluginManager:220 - loadIPPluginJar : add ipddr
2024-12-29 15:04:22,475 [INFO] IPUIPlugin:80 - create IPUIPlugin
2024-12-29 15:04:22,475 [INFO] PluginManager:220 - loadIPPluginJar : add linkedlist
2024-12-29 15:04:22,578 [INFO] IPUIPlugin:80 - create IPUIPlugin
2024-12-29 15:04:22,578 [INFO] PluginManager:220 - loadIPPluginJar : add lorawan
2024-12-29 15:04:22,701 [INFO] IPUIPlugin:80 - create IPUIPlugin
2024-12-29 15:04:22,702 [INFO] PluginManager:220 - loadIPPluginJar : add ltdc
2024-12-29 15:04:22,733 [INFO] IPUIPlugin:80 - create IPUIPlugin
2024-12-29 15:04:22,733 [INFO] PluginManager:220 - loadIPPluginJar : add mdma
2024-12-29 15:04:22,761 [INFO] IPUIPlugin:80 - create IPUIPlugin
2024-12-29 15:04:22,761 [INFO] PluginManager:220 - loadIPPluginJar : add nvic
2024-12-29 15:04:22,845 [INFO] IPUIPlugin:80 - create IPUIPlugin
2024-12-29 15:04:22,845 [INFO] PluginManager:220 - loadIPPluginJar : add opamp
2024-12-29 15:04:22,999 [INFO] IPUIPlugin:80 - create IPUIPlugin
2024-12-29 15:04:22,999 [INFO] PluginManager:220 - loadIPPluginJar : add openamp
2024-12-29 15:04:23,100 [INFO] IPUIPlugin:80 - create IPUIPlugin
2024-12-29 15:04:23,100 [INFO] PluginManager:220 - loadIPPluginJar : add pdm2pcm
2024-12-29 15:04:23,127 [INFO] IPUIPlugin:80 - create IPUIPlugin
2024-12-29 15:04:23,131 [INFO] PluginManager:220 - loadIPPluginJar : add plateformsettings
2024-12-29 15:04:23,184 [INFO] IPUIPlugin:80 - create IPUIPlugin
2024-12-29 15:04:23,184 [INFO] PluginManager:220 - loadIPPluginJar : add quadspi
2024-12-29 15:04:23,253 [INFO] IPUIPlugin:80 - create IPUIPlugin
2024-12-29 15:04:23,254 [INFO] PluginManager:220 - loadIPPluginJar : add radio
2024-12-29 15:04:23,289 [INFO] IPUIPlugin:80 - create IPUIPlugin
2024-12-29 15:04:23,289 [INFO] PluginManager:220 - loadIPPluginJar : add resmgrutility
2024-12-29 15:04:23,417 [INFO] IPUIPlugin:80 - create IPUIPlugin
2024-12-29 15:04:23,417 [INFO] PluginManager:220 - loadIPPluginJar : add sai
2024-12-29 15:04:23,505 [INFO] IPUIPlugin:80 - create IPUIPlugin
2024-12-29 15:04:23,505 [INFO] PluginManager:220 - loadIPPluginJar : add spi
2024-12-29 15:04:23,922 [INFO] IPUIPlugin:80 - create IPUIPlugin
2024-12-29 15:04:23,923 [INFO] PluginManager:220 - loadIPPluginJar : add stm32_wpan
2024-12-29 15:04:23,988 [INFO] IPUIPlugin:80 - create IPUIPlugin
2024-12-29 15:04:23,989 [INFO] PluginManager:220 - loadIPPluginJar : add tim
2024-12-29 15:04:24,131 [INFO] IPUIPlugin:80 - create IPUIPlugin
2024-12-29 15:04:24,132 [INFO] PluginManager:220 - loadIPPluginJar : add touchsensing
2024-12-29 15:04:24,199 [INFO] IPUIPlugin:80 - create IPUIPlugin
2024-12-29 15:04:24,199 [INFO] PluginManager:220 - loadIPPluginJar : add tracer_emb
2024-12-29 15:04:24,251 [INFO] IPUIPlugin:80 - create IPUIPlugin
2024-12-29 15:04:24,251 [INFO] PluginManager:220 - loadIPPluginJar : add ts
2024-12-29 15:04:24,305 [INFO] IPUIPlugin:80 - create IPUIPlugin
2024-12-29 15:04:24,305 [INFO] PluginManager:220 - loadIPPluginJar : add tsc
2024-12-29 15:04:24,356 [INFO] IPUIPlugin:80 - create IPUIPlugin
2024-12-29 15:04:24,356 [INFO] PluginManager:220 - loadIPPluginJar : add ucpd
2024-12-29 15:04:24,467 [INFO] IPUIPlugin:80 - create IPUIPlugin
2024-12-29 15:04:24,467 [INFO] PluginManager:220 - loadIPPluginJar : add usart
2024-12-29 15:04:24,570 [INFO] IPUIPlugin:80 - create IPUIPlugin
2024-12-29 15:04:24,571 [INFO] PluginManager:220 - loadIPPluginJar : add usbx
2024-12-29 15:04:24,770 [FATAL] Updater:351 - Updater called before beeing initialized
2024-12-29 15:04:24,814 [INFO] ThirdPartyUpdaterWithRetryManager:70 - Updater plugin not ready yet. [3/15]
2024-12-29 15:04:24,841 [INFO] RulesReader:64 - Compatibility file has been processed (297 Rules)
2024-12-29 15:04:24,861 [INFO] RulesReader:64 - Compatibility file has been processed (297 Rules)
2024-12-29 15:04:24,873 [INFO] CADModel:165 - CPN selected for project level
2024-12-29 15:04:24,873 [INFO] CADModel:114 - Register for checkConnection events
2024-12-29 15:04:24,873 [FATAL] Updater:351 - Updater called before beeing initialized
2024-12-29 15:04:24,873 [ERROR] CADModel:125 - Updater not yet initialized, retry later 
2024-12-29 15:04:25,146 [FATAL] Updater:351 - Updater called before beeing initialized
2024-12-29 15:04:25,150 [INFO] CADModel:165 - CPN selected for project level
2024-12-29 15:04:25,150 [INFO] CADModel:114 - Register for checkConnection events
2024-12-29 15:04:25,150 [FATAL] Updater:351 - Updater called before beeing initialized
2024-12-29 15:04:25,150 [ERROR] CADModel:125 - Updater not yet initialized, retry later 
2024-12-29 15:04:25,155 [FATAL] Updater:351 - Updater called before beeing initialized
2024-12-29 15:04:25,443 [FATAL] Updater:351 - Updater called before beeing initialized
2024-12-29 15:04:25,470 [INFO] DbMcusAds:53 - JSON generation date=Fri Sep 20 18:34:23 IST 2024 (1726837463113)
2024-12-29 15:04:25,471 [FATAL] Updater:351 - Updater called before beeing initialized
2024-12-29 15:04:25,780 [WARN] DetailPanel:346 - Failed to get advertising image, set to default
2024-12-29 15:04:26,503 [FATAL] Updater:351 - Updater called before beeing initialized
2024-12-29 15:04:26,507 [FATAL] Updater:351 - Updater called before beeing initialized
2024-12-29 15:04:26,508 [FATAL] Updater:351 - Updater called before beeing initialized
2024-12-29 15:04:26,508 [WARN] DetailPanel:346 - Failed to get advertising image, set to default
2024-12-29 15:04:26,510 [FATAL] Updater:351 - Updater called before beeing initialized
2024-12-29 15:04:26,643 [ERROR] Updater:1198 - MainUpdater not yet initialized. External WinMGr cannot be set.
2024-12-29 15:04:26,662 [INFO] Updater:1134 - Updater Version found : 6.13.0
2024-12-29 15:04:26,708 [INFO] ApplicationProperties:184 - Using Application install path: D:\STM32CubeIDE_1.15.0\STM32CubeIDE\plugins\com.st.stm32cube.common.mx_6.13.0.202411220809
2024-12-29 15:04:27,815 [FATAL] Updater:351 - Updater called before beeing initialized
2024-12-29 15:04:27,815 [ERROR] IntegrityCheckThread:130 - Cannot retrieve database content from updater: error 21
2024-12-29 15:04:27,816 [INFO] ThirdParty:978 - Integrity check success = false
2024-12-29 15:04:27,816 [INFO] IntegrityCheckThread:100 - exiting critical section [integrity check]
2024-12-29 15:04:27,816 [INFO] IntegrityCheckThread:103 - End integrity checks thread
2024-12-29 15:04:28,343 [ERROR] LogOutputStream:75 - [STDERR_REDIRECT] Dec 29, 2024 3:04:28 PM java.util.prefs.WindowsPreferences <init>
2024-12-29 15:04:28,347 [ERROR] LogOutputStream:75 - [STDERR_REDIRECT] WARNING: Could not open/create prefs root node Software\JavaSoft\Prefs at root 0xffffffff80000002. Windows RegCreateKeyEx(...) returned error code 5.
2024-12-29 15:04:28,348 [ERROR] LogOutputStream:75 - [STDERR_REDIRECT] 
2024-12-29 15:04:29,012 [INFO] MainUpdater:2872 - connection check result : 10
2024-12-29 15:04:29,014 [INFO] MainUpdater:289 - Updater Check For Update Now.
2024-12-29 15:04:29,015 [INFO] MicroXplorer:498 - Change Database Version : DB.6.0.130
2024-12-29 15:04:29,051 [INFO] McuFinderGlobals:63 - Set McuFinder mode to 2 (CubeIDE integrated)
2024-12-29 15:04:29,052 [INFO] UserAuth:171 - activating auth plugin
2024-12-29 15:04:29,122 [INFO] UserAuth:486 - Internet connection configuration mode: 1
2024-12-29 15:04:29,195 [INFO] JxBrowserEngine:152 - Initiate JxBrowser Engine with user profile folder
2024-12-29 15:04:29,723 [INFO] CheckServerUpdateThread:120 - End of CheckServer Thread
2024-12-29 15:04:33,848 [INFO] WebApp:168 - Instantiating new browser for Auth
2024-12-29 15:04:38,864 [INFO] WebApp:449 - Apply proxy settings
2024-12-29 15:04:38,866 [INFO] WebApp:534 - Chromium requires no authentication
2024-12-29 15:04:39,011 [INFO] WebApp:477 - Direct internet connection detected
2024-12-29 15:04:39,330 [INFO] WebApp:880 - Register for checkConnection events
2024-12-29 15:04:39,331 [INFO] WebApp:449 - Apply proxy settings
2024-12-29 15:04:39,331 [INFO] WebApp:534 - Chromium requires no authentication
2024-12-29 15:04:39,336 [INFO] WebApp:477 - Direct internet connection detected
2024-12-29 15:04:40,077 [INFO] WebApp:187 - Connection restablished
2024-12-29 15:04:40,354 [INFO] WebApp:221 - Starting web application
2024-12-29 15:04:40,355 [INFO] WebApp:579 - Web application path used D:\STM32CubeIDE_1.15.0\STM32CubeIDE\plugins\com.st.stm32cube.common.mx_6.13.0.202411220809\db\plugins\mcufinder\reactClient1\index.html
2024-12-29 17:14:47,524 [INFO] WebApp:190 - Connection lost
2024-12-29 18:27:40,573 [INFO] WebApp:187 - Connection restablished
2024-12-29 18:30:18,130 [INFO] WebApp:190 - Connection lost
2024-12-29 18:30:18,516 [INFO] WebApp:187 - Connection restablished
2024-12-29 20:17:09,980 [ERROR] LogOutputStream:75 - [STDERR_REDIRECT] 
