2025-01-05 11:43:26,198 [INFO] Activator:176 - 


2025-01-05 11:43:26,208 [INFO] Activator:177 - !SESSION log4j initialized
2025-01-05 11:43:34,279 [INFO] LogOutputStream:77 - [STDOUT_REDIRECT] 
2025-01-05 11:43:43,598 [INFO] ApplicationProperties:184 - Using Application install path: D:\STM32CubeIDE_1.15.0\STM32CubeIDE\plugins\com.st.stm32cube.common.mx_6.13.0.202411220809
2025-01-05 11:43:43,629 [INFO] DbMcusXml:78 - Set database path to: D:\STM32CubeIDE_1.15.0\STM32CubeIDE\plugins\com.st.stm32cube.common.mx_6.13.0.202411220809\\db\/mcu/
2025-01-05 11:43:43,629 [INFO] ApiDb:274 - Set plugin database path to: D:\STM32CubeIDE_1.15.0\STM32CubeIDE\plugins\com.st.stm32cube.common.mx_6.13.0.202411220809\\db\/plugins/boardmanager/
2025-01-05 11:43:43,631 [WARN] ApiDb:259 - Overriding images path with different value:  => D:\STM32CubeIDE_1.15.0\STM32CubeIDE\plugins\com.st.stm32cube.common.mx_6.13.0.202411220809\\db\/plugins/mcufinder/images/
2025-01-05 11:43:43,648 [INFO] ApiDb:250 - Set database path to: C:\Users\hp\.stmcufinder\plugins\mcufinder//mcu/
2025-01-05 11:43:43,651 [INFO] DbMcusAds:125 - Set database path to: C:\Users\hp\.stmcufinder\plugins\mcufinder//mcu/
2025-01-05 11:43:43,655 [INFO] CrossReferenceDbSqlite:203 - Set database path to: C:\Users\hp\.stmcufinder\plugins\mcufinder//mcu/cs/
2025-01-05 11:43:44,036 [INFO] RulesReader:64 - Compatibility file has been processed (297 Rules)
2025-01-05 11:43:44,255 [INFO] DbMcusXml:78 - Set database path to: D:\STM32CubeIDE_1.15.0\STM32CubeIDE\plugins\com.st.stm32cube.common.mx_6.13.0.202411220809\\db\/mcu/
2025-01-05 11:43:44,256 [INFO] ApiDb:274 - Set plugin database path to: D:\STM32CubeIDE_1.15.0\STM32CubeIDE\plugins\com.st.stm32cube.common.mx_6.13.0.202411220809\\db\/plugins/boardmanager/
2025-01-05 11:43:44,256 [INFO] ApiDb:261 - Set plugin images path to: D:\STM32CubeIDE_1.15.0\STM32CubeIDE\plugins\com.st.stm32cube.common.mx_6.13.0.202411220809\\db\/plugins/mcufinder/images/
2025-01-05 11:43:44,257 [WARN] DbFile:41 - Overriding database path with different value: C:\Users\hp\.stmcufinder\plugins\mcufinder/ => C:\Users\hp\.stmcufinder\plugins\mcufinder
2025-01-05 11:43:44,257 [INFO] ApiDb:250 - Set database path to: C:\Users\hp\.stmcufinder\plugins\mcufinder//mcu/
2025-01-05 11:43:44,257 [WARN] DbFile:41 - Overriding database path with different value: C:\Users\hp\.stmcufinder\plugins\mcufinder/ => C:\Users\hp\.stmcufinder\plugins\mcufinder
2025-01-05 11:43:44,258 [INFO] DbMcusAds:125 - Set database path to: C:\Users\hp\.stmcufinder\plugins\mcufinder//mcu/
2025-01-05 11:43:44,258 [WARN] DbFile:41 - Overriding database path with different value: C:\Users\hp\.stmcufinder\plugins\mcufinder/ => C:\Users\hp\.stmcufinder\plugins\mcufinder
2025-01-05 11:43:44,258 [WARN] DbFile:41 - Overriding database path with different value: C:\Users\hp\.stmcufinder\plugins\mcufinder/ => C:\Users\hp\.stmcufinder\plugins\mcufinder
2025-01-05 11:43:44,258 [INFO] CrossReferenceDbSqlite:203 - Set database path to: C:\Users\hp\.stmcufinder\plugins\mcufinder//mcu/cs/
2025-01-05 11:43:44,483 [INFO] MainPanel:272 - HeapMemory: 268435456
2025-01-05 11:43:44,797 [INFO] DbMcusXml:78 - Set database path to: D:\STM32CubeIDE_1.15.0\STM32CubeIDE\plugins\com.st.stm32cube.common.mx_6.13.0.202411220809\\db\/mcu/
2025-01-05 11:43:44,798 [INFO] ApiDb:274 - Set plugin database path to: D:\STM32CubeIDE_1.15.0\STM32CubeIDE\plugins\com.st.stm32cube.common.mx_6.13.0.202411220809\\db\/plugins/boardmanager/
2025-01-05 11:43:44,798 [INFO] ApiDb:261 - Set plugin images path to: D:\STM32CubeIDE_1.15.0\STM32CubeIDE\plugins\com.st.stm32cube.common.mx_6.13.0.202411220809\\db\/plugins/mcufinder/images/
2025-01-05 11:43:44,801 [WARN] DbFile:41 - Overriding database path with different value: C:\Users\hp\.stmcufinder\plugins\mcufinder/ => C:\Users\hp\.stmcufinder\plugins\mcufinder
2025-01-05 11:43:44,802 [INFO] ApiDb:250 - Set database path to: C:\Users\hp\.stmcufinder\plugins\mcufinder//mcu/
2025-01-05 11:43:44,802 [WARN] DbFile:41 - Overriding database path with different value: C:\Users\hp\.stmcufinder\plugins\mcufinder/ => C:\Users\hp\.stmcufinder\plugins\mcufinder
2025-01-05 11:43:44,804 [INFO] DbMcusAds:125 - Set database path to: C:\Users\hp\.stmcufinder\plugins\mcufinder//mcu/
2025-01-05 11:43:44,804 [WARN] DbFile:41 - Overriding database path with different value: C:\Users\hp\.stmcufinder\plugins\mcufinder/ => C:\Users\hp\.stmcufinder\plugins\mcufinder
2025-01-05 11:43:44,805 [WARN] DbFile:41 - Overriding database path with different value: C:\Users\hp\.stmcufinder\plugins\mcufinder/ => C:\Users\hp\.stmcufinder\plugins\mcufinder
2025-01-05 11:43:44,805 [INFO] CrossReferenceDbSqlite:203 - Set database path to: C:\Users\hp\.stmcufinder\plugins\mcufinder//mcu/cs/
2025-01-05 11:43:44,858 [INFO] ApplicationProperties:184 - Using Application install path: D:\STM32CubeIDE_1.15.0\STM32CubeIDE\plugins\com.st.stm32cube.common.mx_6.13.0.202411220809
2025-01-05 11:43:44,861 [INFO] PluginManage:196 - Search for loadable plugins [exclusion list=, ]
2025-01-05 11:43:44,863 [INFO] PluginManage:310 - Check plugin analytics
2025-01-05 11:43:50,079 [INFO] AnalyticsPlugin:253 - Accepted Software Licenses: 
2025-01-05 11:43:50,079 [INFO] AnalyticsPlugin:255 - Accepted CMSIS Pack Licenses: 
2025-01-05 11:43:50,080 [INFO] AnalyticsPlugin:257 - Accepted Firmware Licenses: 
2025-01-05 11:43:50,086 [INFO] PluginManage:359 - Loaded plugin analytics (category:tool,tabindex:-1)
2025-01-05 11:43:50,087 [INFO] PluginManage:310 - Check plugin cadmodel
2025-01-05 11:43:50,133 [INFO] CADModel:105 - Init CAD model plugin
2025-01-05 11:43:50,133 [INFO] PluginManage:359 - Loaded plugin cadmodel (category:power,tabindex:5)
2025-01-05 11:43:50,134 [INFO] PluginManage:310 - Check plugin clock
2025-01-05 11:43:50,171 [INFO] PluginManage:359 - Loaded plugin clock (category:base,tabindex:2)
2025-01-05 11:43:50,172 [INFO] PluginManage:310 - Check plugin ddr
2025-01-05 11:43:50,179 [INFO] PluginManage:359 - Loaded plugin ddr (category:tool,tabindex:6)
2025-01-05 11:43:50,180 [INFO] PluginManage:310 - Check plugin filemanager
2025-01-05 11:43:50,617 [INFO] PluginManage:359 - Loaded plugin filemanager (category:base,tabindex:10)
2025-01-05 11:43:50,617 [INFO] PluginManage:310 - Check plugin ipmanager
2025-01-05 11:43:50,657 [INFO] PluginManage:359 - Loaded plugin ipmanager (category:base,tabindex:5)
2025-01-05 11:43:50,658 [INFO] PluginManage:310 - Check plugin lpbam
2025-01-05 11:43:50,745 [INFO] PluginManage:359 - Loaded plugin lpbam (category:base,tabindex:0)
2025-01-05 11:43:50,746 [INFO] PluginManage:310 - Check plugin memorymap
2025-01-05 11:43:50,862 [INFO] PluginManage:359 - Loaded plugin memorymap (category:base,tabindex:4)
2025-01-05 11:43:50,863 [INFO] PluginManage:310 - Check plugin pinoutandconfiguration
2025-01-05 11:43:50,933 [INFO] PluginManage:359 - Loaded plugin pinoutandconfiguration (category:base,tabindex:1)
2025-01-05 11:43:50,934 [INFO] PluginManage:310 - Check plugin pinoutconfig
2025-01-05 11:43:51,333 [WARN] SupportedApi:132 - Cannot load RTOS API schema: s4s-elt-must-match.1: The content of 'definitions' must match (annotation?, (simpleType | complexType)?, (unique | key | keyref)*)). A problem was found starting at: attribute.
2025-01-05 11:43:51,827 [INFO] PluginManage:359 - Loaded plugin pinoutconfig (category:base,tabindex:0)
2025-01-05 11:43:51,828 [INFO] PluginManage:310 - Check plugin power
2025-01-05 11:43:51,921 [INFO] PluginManage:359 - Loaded plugin power (category:power,tabindex:4)
2025-01-05 11:43:51,922 [INFO] PluginManage:310 - Check plugin projectmanager
2025-01-05 11:43:52,106 [INFO] PluginManage:359 - Loaded plugin projectmanager (category:projectmanager,tabindex:4)
2025-01-05 11:43:52,107 [INFO] PluginManage:310 - Check plugin rif
2025-01-05 11:43:52,167 [INFO] PluginManage:359 - Loaded plugin rif (category:base,tabindex:3)
2025-01-05 11:43:52,168 [INFO] PluginManage:310 - Check plugin thirdparty
2025-01-05 11:43:53,192 [WARN] IntegrityCheckThread:84 - waiting for thirdparty lock release [integrity check]
2025-01-05 11:43:53,194 [INFO] IntegrityCheckThread:86 - entering critical section [integrity check]
2025-01-05 11:43:53,202 [INFO] PluginManage:359 - Loaded plugin thirdparty (category:base,tabindex:-1)
2025-01-05 11:43:53,209 [INFO] PluginManage:310 - Check plugin tools
2025-01-05 11:43:53,209 [INFO] ThirdPartyUpdaterWithRetryManager:70 - Updater plugin not ready yet. [1/15]
2025-01-05 11:43:53,322 [INFO] PluginManage:359 - Loaded plugin tools (category:base,tabindex:7)
2025-01-05 11:43:53,323 [INFO] PluginManage:310 - Check plugin tutovideos
2025-01-05 11:43:53,853 [INFO] PluginManage:359 - Loaded plugin tutovideos (category:base,tabindex:-1)
2025-01-05 11:43:53,854 [INFO] PluginManage:310 - Check plugin updater
2025-01-05 11:43:54,118 [INFO] PluginManage:359 - Loaded plugin updater (category:base,tabindex:12)
2025-01-05 11:43:54,119 [INFO] PluginManage:310 - Check plugin userauth
2025-01-05 11:43:54,128 [INFO] UserAuth:118 - Init User Auth plugin
2025-01-05 11:43:54,132 [INFO] PluginManage:359 - Loaded plugin userauth (category:base,tabindex:14)
2025-01-05 11:43:54,133 [INFO] PluginManage:283 - PluginManage : Loaded plugins [18]
2025-01-05 11:43:54,952 [INFO] PinOutPanel:1589 - setPackage(No Configuration,No Configuration)
2025-01-05 11:43:55,271 [INFO] CADModel:165 - CPN selected for project level
2025-01-05 11:43:55,273 [INFO] CADModel:114 - Register for checkConnection events
2025-01-05 11:43:55,389 [INFO] IPUIPlugin:80 - create IPUIPlugin
2025-01-05 11:43:55,408 [INFO] PluginManager:220 - loadIPPluginJar : add adc
2025-01-05 11:43:55,602 [INFO] IPUIPlugin:80 - create IPUIPlugin
2025-01-05 11:43:55,603 [INFO] PluginManager:220 - loadIPPluginJar : add aes
2025-01-05 11:43:55,851 [INFO] IPUIPlugin:80 - create IPUIPlugin
2025-01-05 11:43:55,851 [INFO] PluginManager:220 - loadIPPluginJar : add can
2025-01-05 11:43:55,939 [INFO] IPUIPlugin:80 - create IPUIPlugin
2025-01-05 11:43:55,939 [INFO] PluginManager:220 - loadIPPluginJar : add comp
2025-01-05 11:43:56,112 [INFO] IPUIPlugin:80 - create IPUIPlugin
2025-01-05 11:43:56,112 [INFO] PluginManager:220 - loadIPPluginJar : add cryp
2025-01-05 11:43:56,176 [INFO] IPUIPlugin:80 - create IPUIPlugin
2025-01-05 11:43:56,177 [INFO] PluginManager:220 - loadIPPluginJar : add ddr_ctrl_phy
2025-01-05 11:43:56,211 [INFO] ThirdPartyUpdaterWithRetryManager:70 - Updater plugin not ready yet. [2/15]
2025-01-05 11:43:56,328 [INFO] IPUIPlugin:80 - create IPUIPlugin
2025-01-05 11:43:56,328 [INFO] PluginManager:220 - loadIPPluginJar : add dfsdm
2025-01-05 11:43:56,376 [INFO] IPUIPlugin:80 - create IPUIPlugin
2025-01-05 11:43:56,377 [INFO] PluginManager:220 - loadIPPluginJar : add dma
2025-01-05 11:43:56,545 [INFO] IPUIPlugin:80 - create IPUIPlugin
2025-01-05 11:43:56,546 [INFO] PluginManager:220 - loadIPPluginJar : add dma3
2025-01-05 11:43:56,761 [INFO] IPUIPlugin:80 - create IPUIPlugin
2025-01-05 11:43:56,761 [INFO] PluginManager:220 - loadIPPluginJar : add extmemmanager
2025-01-05 11:43:56,841 [INFO] IPUIPlugin:80 - create IPUIPlugin
2025-01-05 11:43:56,841 [INFO] PluginManager:220 - loadIPPluginJar : add fatfs
2025-01-05 11:43:57,025 [INFO] IPUIPlugin:80 - create IPUIPlugin
2025-01-05 11:43:57,025 [INFO] PluginManager:220 - loadIPPluginJar : add fmc
2025-01-05 11:43:57,099 [INFO] IPUIPlugin:80 - create IPUIPlugin
2025-01-05 11:43:57,100 [INFO] PluginManager:220 - loadIPPluginJar : add freertos
2025-01-05 11:43:57,183 [INFO] IPUIPlugin:80 - create IPUIPlugin
2025-01-05 11:43:57,183 [INFO] PluginManager:220 - loadIPPluginJar : add genericplugin
2025-01-05 11:43:57,616 [INFO] IPUIPlugin:80 - create IPUIPlugin
2025-01-05 11:43:57,616 [INFO] PluginManager:220 - loadIPPluginJar : add gfxmmu
2025-01-05 11:43:58,090 [INFO] IPUIPlugin:80 - create IPUIPlugin
2025-01-05 11:43:58,090 [INFO] PluginManager:220 - loadIPPluginJar : add gic
2025-01-05 11:43:58,175 [INFO] IPUIPlugin:80 - create IPUIPlugin
2025-01-05 11:43:58,176 [INFO] PluginManager:220 - loadIPPluginJar : add gpio
2025-01-05 11:43:58,666 [INFO] IPUIPlugin:80 - create IPUIPlugin
2025-01-05 11:43:58,666 [INFO] PluginManager:220 - loadIPPluginJar : add gtzc
2025-01-05 11:43:58,842 [INFO] IPUIPlugin:80 - create IPUIPlugin
2025-01-05 11:43:58,843 [INFO] PluginManager:220 - loadIPPluginJar : add hash
2025-01-05 11:43:59,031 [INFO] IPUIPlugin:80 - create IPUIPlugin
2025-01-05 11:43:59,032 [INFO] PluginManager:220 - loadIPPluginJar : add i2c
2025-01-05 11:43:59,188 [INFO] IPUIPlugin:80 - create IPUIPlugin
2025-01-05 11:43:59,188 [INFO] PluginManager:220 - loadIPPluginJar : add i2s
2025-01-05 11:43:59,215 [INFO] ThirdPartyUpdaterWithRetryManager:70 - Updater plugin not ready yet. [3/15]
2025-01-05 11:43:59,431 [INFO] IPUIPlugin:80 - create IPUIPlugin
2025-01-05 11:43:59,432 [INFO] PluginManager:220 - loadIPPluginJar : add i3c
2025-01-05 11:43:59,936 [INFO] IPUIPlugin:80 - create IPUIPlugin
2025-01-05 11:43:59,936 [INFO] PluginManager:220 - loadIPPluginJar : add ipddr
2025-01-05 11:44:00,327 [INFO] IPUIPlugin:80 - create IPUIPlugin
2025-01-05 11:44:00,328 [INFO] PluginManager:220 - loadIPPluginJar : add linkedlist
2025-01-05 11:44:00,577 [INFO] IPUIPlugin:80 - create IPUIPlugin
2025-01-05 11:44:00,577 [INFO] PluginManager:220 - loadIPPluginJar : add lorawan
2025-01-05 11:44:00,825 [INFO] IPUIPlugin:80 - create IPUIPlugin
2025-01-05 11:44:00,825 [INFO] PluginManager:220 - loadIPPluginJar : add ltdc
2025-01-05 11:44:00,884 [INFO] IPUIPlugin:80 - create IPUIPlugin
2025-01-05 11:44:00,884 [INFO] PluginManager:220 - loadIPPluginJar : add mdma
2025-01-05 11:44:00,909 [INFO] IPUIPlugin:80 - create IPUIPlugin
2025-01-05 11:44:00,910 [INFO] PluginManager:220 - loadIPPluginJar : add nvic
2025-01-05 11:44:00,989 [INFO] IPUIPlugin:80 - create IPUIPlugin
2025-01-05 11:44:00,989 [INFO] PluginManager:220 - loadIPPluginJar : add opamp
2025-01-05 11:44:01,115 [INFO] IPUIPlugin:80 - create IPUIPlugin
2025-01-05 11:44:01,115 [INFO] PluginManager:220 - loadIPPluginJar : add openamp
2025-01-05 11:44:01,311 [INFO] IPUIPlugin:80 - create IPUIPlugin
2025-01-05 11:44:01,312 [INFO] PluginManager:220 - loadIPPluginJar : add pdm2pcm
2025-01-05 11:44:01,355 [INFO] IPUIPlugin:80 - create IPUIPlugin
2025-01-05 11:44:01,362 [INFO] PluginManager:220 - loadIPPluginJar : add plateformsettings
2025-01-05 11:44:01,466 [INFO] IPUIPlugin:80 - create IPUIPlugin
2025-01-05 11:44:01,467 [INFO] PluginManager:220 - loadIPPluginJar : add quadspi
2025-01-05 11:44:01,568 [INFO] IPUIPlugin:80 - create IPUIPlugin
2025-01-05 11:44:01,569 [INFO] PluginManager:220 - loadIPPluginJar : add radio
2025-01-05 11:44:01,612 [INFO] IPUIPlugin:80 - create IPUIPlugin
2025-01-05 11:44:01,612 [INFO] PluginManager:220 - loadIPPluginJar : add resmgrutility
2025-01-05 11:44:01,802 [INFO] IPUIPlugin:80 - create IPUIPlugin
2025-01-05 11:44:01,803 [INFO] PluginManager:220 - loadIPPluginJar : add sai
2025-01-05 11:44:01,980 [INFO] IPUIPlugin:80 - create IPUIPlugin
2025-01-05 11:44:01,980 [INFO] PluginManager:220 - loadIPPluginJar : add spi
2025-01-05 11:44:02,234 [INFO] ThirdPartyUpdaterWithRetryManager:70 - Updater plugin not ready yet. [4/15]
2025-01-05 11:44:02,307 [INFO] IPUIPlugin:80 - create IPUIPlugin
2025-01-05 11:44:02,307 [INFO] PluginManager:220 - loadIPPluginJar : add stm32_wpan
2025-01-05 11:44:02,403 [INFO] IPUIPlugin:80 - create IPUIPlugin
2025-01-05 11:44:02,404 [INFO] PluginManager:220 - loadIPPluginJar : add tim
2025-01-05 11:44:02,639 [INFO] IPUIPlugin:80 - create IPUIPlugin
2025-01-05 11:44:02,640 [INFO] PluginManager:220 - loadIPPluginJar : add touchsensing
2025-01-05 11:44:02,732 [INFO] IPUIPlugin:80 - create IPUIPlugin
2025-01-05 11:44:02,733 [INFO] PluginManager:220 - loadIPPluginJar : add tracer_emb
2025-01-05 11:44:02,823 [INFO] IPUIPlugin:80 - create IPUIPlugin
2025-01-05 11:44:02,824 [INFO] PluginManager:220 - loadIPPluginJar : add ts
2025-01-05 11:44:02,916 [INFO] IPUIPlugin:80 - create IPUIPlugin
2025-01-05 11:44:02,916 [INFO] PluginManager:220 - loadIPPluginJar : add tsc
2025-01-05 11:44:02,999 [INFO] IPUIPlugin:80 - create IPUIPlugin
2025-01-05 11:44:02,999 [INFO] PluginManager:220 - loadIPPluginJar : add ucpd
2025-01-05 11:44:03,165 [INFO] IPUIPlugin:80 - create IPUIPlugin
2025-01-05 11:44:03,167 [INFO] PluginManager:220 - loadIPPluginJar : add usart
2025-01-05 11:44:03,348 [INFO] IPUIPlugin:80 - create IPUIPlugin
2025-01-05 11:44:03,348 [INFO] PluginManager:220 - loadIPPluginJar : add usbx
2025-01-05 11:44:03,582 [FATAL] Updater:351 - Updater called before beeing initialized
2025-01-05 11:44:03,656 [INFO] RulesReader:64 - Compatibility file has been processed (297 Rules)
2025-01-05 11:44:03,681 [INFO] RulesReader:64 - Compatibility file has been processed (297 Rules)
2025-01-05 11:44:03,698 [INFO] CADModel:165 - CPN selected for project level
2025-01-05 11:44:03,698 [INFO] CADModel:114 - Register for checkConnection events
2025-01-05 11:44:03,699 [FATAL] Updater:351 - Updater called before beeing initialized
2025-01-05 11:44:03,699 [ERROR] CADModel:125 - Updater not yet initialized, retry later 
2025-01-05 11:44:04,076 [FATAL] Updater:351 - Updater called before beeing initialized
2025-01-05 11:44:04,082 [INFO] CADModel:165 - CPN selected for project level
2025-01-05 11:44:04,082 [INFO] CADModel:114 - Register for checkConnection events
2025-01-05 11:44:04,082 [FATAL] Updater:351 - Updater called before beeing initialized
2025-01-05 11:44:04,082 [ERROR] CADModel:125 - Updater not yet initialized, retry later 
2025-01-05 11:44:04,091 [FATAL] Updater:351 - Updater called before beeing initialized
2025-01-05 11:44:04,530 [FATAL] Updater:351 - Updater called before beeing initialized
2025-01-05 11:44:04,557 [INFO] DbMcusAds:53 - JSON generation date=Fri Sep 20 18:34:23 IST 2024 (1726837463113)
2025-01-05 11:44:04,558 [FATAL] Updater:351 - Updater called before beeing initialized
2025-01-05 11:44:04,903 [WARN] DetailPanel:346 - Failed to get advertising image, set to default
2025-01-05 11:44:05,236 [INFO] ThirdPartyUpdaterWithRetryManager:70 - Updater plugin not ready yet. [5/15]
2025-01-05 11:44:05,746 [FATAL] Updater:351 - Updater called before beeing initialized
2025-01-05 11:44:05,751 [FATAL] Updater:351 - Updater called before beeing initialized
2025-01-05 11:44:05,751 [FATAL] Updater:351 - Updater called before beeing initialized
2025-01-05 11:44:05,752 [WARN] DetailPanel:346 - Failed to get advertising image, set to default
2025-01-05 11:44:05,758 [FATAL] Updater:351 - Updater called before beeing initialized
2025-01-05 11:44:06,155 [ERROR] Updater:1198 - MainUpdater not yet initialized. External WinMGr cannot be set.
2025-01-05 11:44:06,199 [INFO] Updater:1134 - Updater Version found : 6.13.0
2025-01-05 11:44:06,248 [INFO] ApplicationProperties:184 - Using Application install path: D:\STM32CubeIDE_1.15.0\STM32CubeIDE\plugins\com.st.stm32cube.common.mx_6.13.0.202411220809
2025-01-05 11:44:07,872 [ERROR] LogOutputStream:75 - [STDERR_REDIRECT] Jan 05, 2025 11:44:07 AM java.util.prefs.WindowsPreferences <init>
2025-01-05 11:44:07,876 [ERROR] LogOutputStream:75 - [STDERR_REDIRECT] WARNING: Could not open/create prefs root node Software\JavaSoft\Prefs at root 0xffffffff80000002. Windows RegCreateKeyEx(...) returned error code 5.
2025-01-05 11:44:07,876 [ERROR] LogOutputStream:75 - [STDERR_REDIRECT] 
2025-01-05 11:44:08,238 [FATAL] Updater:351 - Updater called before beeing initialized
2025-01-05 11:44:08,239 [ERROR] IntegrityCheckThread:130 - Cannot retrieve database content from updater: error 21
2025-01-05 11:44:08,240 [INFO] ThirdParty:978 - Integrity check success = false
2025-01-05 11:44:08,240 [INFO] IntegrityCheckThread:100 - exiting critical section [integrity check]
2025-01-05 11:44:08,241 [INFO] IntegrityCheckThread:103 - End integrity checks thread
2025-01-05 11:44:08,687 [INFO] MainUpdater:2872 - connection check result : 10
2025-01-05 11:44:08,689 [INFO] MainUpdater:289 - Updater Check For Update Now.
2025-01-05 11:44:08,689 [INFO] MicroXplorer:498 - Change Database Version : DB.6.0.130
2025-01-05 11:44:08,736 [INFO] McuFinderGlobals:63 - Set McuFinder mode to 2 (CubeIDE integrated)
2025-01-05 11:44:08,737 [INFO] UserAuth:171 - activating auth plugin
2025-01-05 11:44:09,003 [INFO] UserAuth:486 - Internet connection configuration mode: 1
2025-01-05 11:44:09,125 [INFO] JxBrowserEngine:152 - Initiate JxBrowser Engine with user profile folder
2025-01-05 11:44:09,616 [INFO] CheckServerUpdateThread:120 - End of CheckServer Thread
2025-01-05 11:44:15,948 [INFO] WebApp:168 - Instantiating new browser for Auth
2025-01-05 11:44:23,473 [INFO] WebApp:449 - Apply proxy settings
2025-01-05 11:44:23,474 [INFO] WebApp:534 - Chromium requires no authentication
2025-01-05 11:44:23,941 [INFO] WebApp:477 - Direct internet connection detected
2025-01-05 11:44:25,940 [INFO] WebApp:880 - Register for checkConnection events
2025-01-05 11:44:25,941 [INFO] WebApp:449 - Apply proxy settings
2025-01-05 11:44:25,941 [INFO] WebApp:534 - Chromium requires no authentication
2025-01-05 11:44:25,954 [INFO] WebApp:477 - Direct internet connection detected
2025-01-05 11:44:27,388 [INFO] WebApp:221 - Starting web application
2025-01-05 11:44:27,388 [INFO] WebApp:579 - Web application path used D:\STM32CubeIDE_1.15.0\STM32CubeIDE\plugins\com.st.stm32cube.common.mx_6.13.0.202411220809\db\plugins\mcufinder\reactClient1\index.html
2025-01-05 11:44:29,050 [INFO] WebApp:187 - Connection restablished
2025-01-05 12:06:05,910 [INFO] WebApp:389 - JxBrowser engine has been closed 
2025-01-05 12:29:38,295 [INFO] Activator:176 - 


2025-01-05 12:29:38,299 [INFO] Activator:177 - !SESSION log4j initialized
2025-01-05 12:29:54,070 [INFO] LogOutputStream:77 - [STDOUT_REDIRECT] 
2025-01-05 12:30:06,154 [INFO] ApplicationProperties:184 - Using Application install path: D:\STM32CubeIDE_1.15.0\STM32CubeIDE\plugins\com.st.stm32cube.common.mx_6.13.0.202411220809
2025-01-05 12:30:06,338 [INFO] DbMcusXml:78 - Set database path to: D:\STM32CubeIDE_1.15.0\STM32CubeIDE\plugins\com.st.stm32cube.common.mx_6.13.0.202411220809\\db\/mcu/
2025-01-05 12:30:06,341 [INFO] ApiDb:274 - Set plugin database path to: D:\STM32CubeIDE_1.15.0\STM32CubeIDE\plugins\com.st.stm32cube.common.mx_6.13.0.202411220809\\db\/plugins/boardmanager/
2025-01-05 12:30:06,342 [WARN] ApiDb:259 - Overriding images path with different value:  => D:\STM32CubeIDE_1.15.0\STM32CubeIDE\plugins\com.st.stm32cube.common.mx_6.13.0.202411220809\\db\/plugins/mcufinder/images/
2025-01-05 12:30:06,462 [INFO] ApiDb:250 - Set database path to: C:\Users\hp\.stmcufinder\plugins\mcufinder//mcu/
2025-01-05 12:30:06,466 [INFO] DbMcusAds:125 - Set database path to: C:\Users\hp\.stmcufinder\plugins\mcufinder//mcu/
2025-01-05 12:30:06,486 [INFO] CrossReferenceDbSqlite:203 - Set database path to: C:\Users\hp\.stmcufinder\plugins\mcufinder//mcu/cs/
2025-01-05 12:30:07,426 [INFO] RulesReader:64 - Compatibility file has been processed (297 Rules)
2025-01-05 12:30:07,927 [INFO] DbMcusXml:78 - Set database path to: D:\STM32CubeIDE_1.15.0\STM32CubeIDE\plugins\com.st.stm32cube.common.mx_6.13.0.202411220809\\db\/mcu/
2025-01-05 12:30:07,928 [INFO] ApiDb:274 - Set plugin database path to: D:\STM32CubeIDE_1.15.0\STM32CubeIDE\plugins\com.st.stm32cube.common.mx_6.13.0.202411220809\\db\/plugins/boardmanager/
2025-01-05 12:30:07,928 [INFO] ApiDb:261 - Set plugin images path to: D:\STM32CubeIDE_1.15.0\STM32CubeIDE\plugins\com.st.stm32cube.common.mx_6.13.0.202411220809\\db\/plugins/mcufinder/images/
2025-01-05 12:30:07,929 [WARN] DbFile:41 - Overriding database path with different value: C:\Users\hp\.stmcufinder\plugins\mcufinder/ => C:\Users\hp\.stmcufinder\plugins\mcufinder
2025-01-05 12:30:07,929 [INFO] ApiDb:250 - Set database path to: C:\Users\hp\.stmcufinder\plugins\mcufinder//mcu/
2025-01-05 12:30:07,929 [WARN] DbFile:41 - Overriding database path with different value: C:\Users\hp\.stmcufinder\plugins\mcufinder/ => C:\Users\hp\.stmcufinder\plugins\mcufinder
2025-01-05 12:30:07,929 [INFO] DbMcusAds:125 - Set database path to: C:\Users\hp\.stmcufinder\plugins\mcufinder//mcu/
2025-01-05 12:30:07,930 [WARN] DbFile:41 - Overriding database path with different value: C:\Users\hp\.stmcufinder\plugins\mcufinder/ => C:\Users\hp\.stmcufinder\plugins\mcufinder
2025-01-05 12:30:07,930 [WARN] DbFile:41 - Overriding database path with different value: C:\Users\hp\.stmcufinder\plugins\mcufinder/ => C:\Users\hp\.stmcufinder\plugins\mcufinder
2025-01-05 12:30:07,934 [INFO] CrossReferenceDbSqlite:203 - Set database path to: C:\Users\hp\.stmcufinder\plugins\mcufinder//mcu/cs/
2025-01-05 12:30:08,321 [INFO] MainPanel:272 - HeapMemory: 268435456
2025-01-05 12:30:08,704 [INFO] DbMcusXml:78 - Set database path to: D:\STM32CubeIDE_1.15.0\STM32CubeIDE\plugins\com.st.stm32cube.common.mx_6.13.0.202411220809\\db\/mcu/
2025-01-05 12:30:08,704 [INFO] ApiDb:274 - Set plugin database path to: D:\STM32CubeIDE_1.15.0\STM32CubeIDE\plugins\com.st.stm32cube.common.mx_6.13.0.202411220809\\db\/plugins/boardmanager/
2025-01-05 12:30:08,705 [INFO] ApiDb:261 - Set plugin images path to: D:\STM32CubeIDE_1.15.0\STM32CubeIDE\plugins\com.st.stm32cube.common.mx_6.13.0.202411220809\\db\/plugins/mcufinder/images/
2025-01-05 12:30:08,706 [WARN] DbFile:41 - Overriding database path with different value: C:\Users\hp\.stmcufinder\plugins\mcufinder/ => C:\Users\hp\.stmcufinder\plugins\mcufinder
2025-01-05 12:30:08,706 [INFO] ApiDb:250 - Set database path to: C:\Users\hp\.stmcufinder\plugins\mcufinder//mcu/
2025-01-05 12:30:08,707 [WARN] DbFile:41 - Overriding database path with different value: C:\Users\hp\.stmcufinder\plugins\mcufinder/ => C:\Users\hp\.stmcufinder\plugins\mcufinder
2025-01-05 12:30:08,708 [INFO] DbMcusAds:125 - Set database path to: C:\Users\hp\.stmcufinder\plugins\mcufinder//mcu/
2025-01-05 12:30:08,708 [WARN] DbFile:41 - Overriding database path with different value: C:\Users\hp\.stmcufinder\plugins\mcufinder/ => C:\Users\hp\.stmcufinder\plugins\mcufinder
2025-01-05 12:30:08,708 [WARN] DbFile:41 - Overriding database path with different value: C:\Users\hp\.stmcufinder\plugins\mcufinder/ => C:\Users\hp\.stmcufinder\plugins\mcufinder
2025-01-05 12:30:08,709 [INFO] CrossReferenceDbSqlite:203 - Set database path to: C:\Users\hp\.stmcufinder\plugins\mcufinder//mcu/cs/
2025-01-05 12:30:08,768 [INFO] ApplicationProperties:184 - Using Application install path: D:\STM32CubeIDE_1.15.0\STM32CubeIDE\plugins\com.st.stm32cube.common.mx_6.13.0.202411220809
2025-01-05 12:30:08,771 [INFO] PluginManage:196 - Search for loadable plugins [exclusion list=, ]
2025-01-05 12:30:08,795 [INFO] PluginManage:310 - Check plugin analytics
2025-01-05 12:30:14,454 [INFO] AnalyticsPlugin:253 - Accepted Software Licenses: 
2025-01-05 12:30:14,455 [INFO] AnalyticsPlugin:255 - Accepted CMSIS Pack Licenses: 
2025-01-05 12:30:14,458 [INFO] AnalyticsPlugin:257 - Accepted Firmware Licenses: 
2025-01-05 12:30:14,475 [INFO] PluginManage:359 - Loaded plugin analytics (category:tool,tabindex:-1)
2025-01-05 12:30:14,475 [INFO] PluginManage:310 - Check plugin cadmodel
2025-01-05 12:30:14,524 [INFO] CADModel:105 - Init CAD model plugin
2025-01-05 12:30:14,525 [INFO] PluginManage:359 - Loaded plugin cadmodel (category:power,tabindex:5)
2025-01-05 12:30:14,525 [INFO] PluginManage:310 - Check plugin clock
2025-01-05 12:30:15,295 [INFO] PluginManage:359 - Loaded plugin clock (category:base,tabindex:2)
2025-01-05 12:30:15,296 [INFO] PluginManage:310 - Check plugin ddr
2025-01-05 12:30:15,303 [INFO] PluginManage:359 - Loaded plugin ddr (category:tool,tabindex:6)
2025-01-05 12:30:15,303 [INFO] PluginManage:310 - Check plugin filemanager
2025-01-05 12:30:15,702 [INFO] PluginManage:359 - Loaded plugin filemanager (category:base,tabindex:10)
2025-01-05 12:30:15,703 [INFO] PluginManage:310 - Check plugin ipmanager
2025-01-05 12:30:15,725 [INFO] PluginManage:359 - Loaded plugin ipmanager (category:base,tabindex:5)
2025-01-05 12:30:15,725 [INFO] PluginManage:310 - Check plugin lpbam
2025-01-05 12:30:15,780 [INFO] PluginManage:359 - Loaded plugin lpbam (category:base,tabindex:0)
2025-01-05 12:30:15,780 [INFO] PluginManage:310 - Check plugin memorymap
2025-01-05 12:30:15,838 [INFO] PluginManage:359 - Loaded plugin memorymap (category:base,tabindex:4)
2025-01-05 12:30:15,839 [INFO] PluginManage:310 - Check plugin pinoutandconfiguration
2025-01-05 12:30:16,093 [INFO] PluginManage:359 - Loaded plugin pinoutandconfiguration (category:base,tabindex:1)
2025-01-05 12:30:16,093 [INFO] PluginManage:310 - Check plugin pinoutconfig
2025-01-05 12:30:16,690 [WARN] SupportedApi:132 - Cannot load RTOS API schema: s4s-elt-must-match.1: The content of 'definitions' must match (annotation?, (simpleType | complexType)?, (unique | key | keyref)*)). A problem was found starting at: attribute.
2025-01-05 12:30:18,047 [INFO] PluginManage:359 - Loaded plugin pinoutconfig (category:base,tabindex:0)
2025-01-05 12:30:18,047 [INFO] PluginManage:310 - Check plugin power
2025-01-05 12:30:18,107 [INFO] PluginManage:359 - Loaded plugin power (category:power,tabindex:4)
2025-01-05 12:30:18,108 [INFO] PluginManage:310 - Check plugin projectmanager
2025-01-05 12:30:18,175 [INFO] PluginManage:359 - Loaded plugin projectmanager (category:projectmanager,tabindex:4)
2025-01-05 12:30:18,176 [INFO] PluginManage:310 - Check plugin rif
2025-01-05 12:30:18,233 [INFO] PluginManage:359 - Loaded plugin rif (category:base,tabindex:3)
2025-01-05 12:30:18,234 [INFO] PluginManage:310 - Check plugin thirdparty
2025-01-05 12:30:19,379 [INFO] PluginManage:359 - Loaded plugin thirdparty (category:base,tabindex:-1)
2025-01-05 12:30:19,383 [INFO] PluginManage:310 - Check plugin tools
2025-01-05 12:30:19,417 [WARN] IntegrityCheckThread:84 - waiting for thirdparty lock release [integrity check]
2025-01-05 12:30:19,428 [INFO] IntegrityCheckThread:86 - entering critical section [integrity check]
2025-01-05 12:30:19,429 [INFO] ThirdPartyUpdaterWithRetryManager:70 - Updater plugin not ready yet. [1/15]
2025-01-05 12:30:19,530 [INFO] PluginManage:359 - Loaded plugin tools (category:base,tabindex:7)
2025-01-05 12:30:19,530 [INFO] PluginManage:310 - Check plugin tutovideos
2025-01-05 12:30:20,235 [INFO] PluginManage:359 - Loaded plugin tutovideos (category:base,tabindex:-1)
2025-01-05 12:30:20,236 [INFO] PluginManage:310 - Check plugin updater
2025-01-05 12:30:20,397 [INFO] PluginManage:359 - Loaded plugin updater (category:base,tabindex:12)
2025-01-05 12:30:20,398 [INFO] PluginManage:310 - Check plugin userauth
2025-01-05 12:30:20,408 [INFO] UserAuth:118 - Init User Auth plugin
2025-01-05 12:30:20,412 [INFO] PluginManage:359 - Loaded plugin userauth (category:base,tabindex:14)
2025-01-05 12:30:20,415 [INFO] PluginManage:283 - PluginManage : Loaded plugins [18]
2025-01-05 12:30:22,163 [INFO] PinOutPanel:1589 - setPackage(No Configuration,No Configuration)
2025-01-05 12:30:22,431 [INFO] ThirdPartyUpdaterWithRetryManager:70 - Updater plugin not ready yet. [2/15]
2025-01-05 12:30:22,442 [INFO] CADModel:165 - CPN selected for project level
2025-01-05 12:30:22,443 [INFO] CADModel:114 - Register for checkConnection events
2025-01-05 12:30:22,504 [INFO] IPUIPlugin:80 - create IPUIPlugin
2025-01-05 12:30:22,506 [INFO] PluginManager:220 - loadIPPluginJar : add adc
2025-01-05 12:30:22,816 [INFO] IPUIPlugin:80 - create IPUIPlugin
2025-01-05 12:30:22,817 [INFO] PluginManager:220 - loadIPPluginJar : add aes
2025-01-05 12:30:22,974 [INFO] IPUIPlugin:80 - create IPUIPlugin
2025-01-05 12:30:22,974 [INFO] PluginManager:220 - loadIPPluginJar : add can
2025-01-05 12:30:23,335 [INFO] IPUIPlugin:80 - create IPUIPlugin
2025-01-05 12:30:23,336 [INFO] PluginManager:220 - loadIPPluginJar : add comp
2025-01-05 12:30:23,615 [INFO] IPUIPlugin:80 - create IPUIPlugin
2025-01-05 12:30:23,616 [INFO] PluginManager:220 - loadIPPluginJar : add cryp
2025-01-05 12:30:24,128 [INFO] IPUIPlugin:80 - create IPUIPlugin
2025-01-05 12:30:24,129 [INFO] PluginManager:220 - loadIPPluginJar : add ddr_ctrl_phy
2025-01-05 12:30:24,194 [INFO] IPUIPlugin:80 - create IPUIPlugin
2025-01-05 12:30:24,194 [INFO] PluginManager:220 - loadIPPluginJar : add dfsdm
2025-01-05 12:30:24,473 [INFO] IPUIPlugin:80 - create IPUIPlugin
2025-01-05 12:30:24,474 [INFO] PluginManager:220 - loadIPPluginJar : add dma
2025-01-05 12:30:24,650 [INFO] IPUIPlugin:80 - create IPUIPlugin
2025-01-05 12:30:24,652 [INFO] PluginManager:220 - loadIPPluginJar : add dma3
2025-01-05 12:30:25,042 [INFO] IPUIPlugin:80 - create IPUIPlugin
2025-01-05 12:30:25,271 [INFO] PluginManager:220 - loadIPPluginJar : add extmemmanager
2025-01-05 12:30:25,486 [INFO] ThirdPartyUpdaterWithRetryManager:70 - Updater plugin not ready yet. [3/15]
2025-01-05 12:30:25,490 [INFO] IPUIPlugin:80 - create IPUIPlugin
2025-01-05 12:30:25,490 [INFO] PluginManager:220 - loadIPPluginJar : add fatfs
2025-01-05 12:30:26,076 [INFO] IPUIPlugin:80 - create IPUIPlugin
2025-01-05 12:30:26,077 [INFO] PluginManager:220 - loadIPPluginJar : add fmc
2025-01-05 12:30:26,394 [INFO] IPUIPlugin:80 - create IPUIPlugin
2025-01-05 12:30:26,395 [INFO] PluginManager:220 - loadIPPluginJar : add freertos
2025-01-05 12:30:26,511 [INFO] IPUIPlugin:80 - create IPUIPlugin
2025-01-05 12:30:26,512 [INFO] PluginManager:220 - loadIPPluginJar : add genericplugin
2025-01-05 12:30:27,649 [INFO] IPUIPlugin:80 - create IPUIPlugin
2025-01-05 12:30:27,686 [INFO] PluginManager:220 - loadIPPluginJar : add gfxmmu
2025-01-05 12:30:28,488 [INFO] ThirdPartyUpdaterWithRetryManager:70 - Updater plugin not ready yet. [4/15]
2025-01-05 12:30:29,019 [INFO] IPUIPlugin:80 - create IPUIPlugin
2025-01-05 12:30:29,020 [INFO] PluginManager:220 - loadIPPluginJar : add gic
2025-01-05 12:30:29,076 [INFO] IPUIPlugin:80 - create IPUIPlugin
2025-01-05 12:30:29,087 [INFO] PluginManager:220 - loadIPPluginJar : add gpio
2025-01-05 12:30:29,517 [INFO] IPUIPlugin:80 - create IPUIPlugin
2025-01-05 12:30:29,517 [INFO] PluginManager:220 - loadIPPluginJar : add gtzc
2025-01-05 12:30:29,909 [INFO] IPUIPlugin:80 - create IPUIPlugin
2025-01-05 12:30:29,909 [INFO] PluginManager:220 - loadIPPluginJar : add hash
2025-01-05 12:30:30,065 [INFO] IPUIPlugin:80 - create IPUIPlugin
2025-01-05 12:30:30,066 [INFO] PluginManager:220 - loadIPPluginJar : add i2c
2025-01-05 12:30:30,576 [INFO] IPUIPlugin:80 - create IPUIPlugin
2025-01-05 12:30:30,576 [INFO] PluginManager:220 - loadIPPluginJar : add i2s
2025-01-05 12:30:30,969 [INFO] IPUIPlugin:80 - create IPUIPlugin
2025-01-05 12:30:30,969 [INFO] PluginManager:220 - loadIPPluginJar : add i3c
2025-01-05 12:30:31,544 [INFO] ThirdPartyUpdaterWithRetryManager:70 - Updater plugin not ready yet. [5/15]
2025-01-05 12:30:31,915 [INFO] IPUIPlugin:80 - create IPUIPlugin
2025-01-05 12:30:31,915 [INFO] PluginManager:220 - loadIPPluginJar : add ipddr
2025-01-05 12:30:33,593 [INFO] IPUIPlugin:80 - create IPUIPlugin
2025-01-05 12:30:33,594 [INFO] PluginManager:220 - loadIPPluginJar : add linkedlist
2025-01-05 12:30:33,751 [INFO] IPUIPlugin:80 - create IPUIPlugin
2025-01-05 12:30:33,751 [INFO] PluginManager:220 - loadIPPluginJar : add lorawan
2025-01-05 12:30:34,378 [INFO] IPUIPlugin:80 - create IPUIPlugin
2025-01-05 12:30:34,379 [INFO] PluginManager:220 - loadIPPluginJar : add ltdc
2025-01-05 12:30:34,439 [INFO] IPUIPlugin:80 - create IPUIPlugin
2025-01-05 12:30:34,440 [INFO] PluginManager:220 - loadIPPluginJar : add mdma
2025-01-05 12:30:34,483 [INFO] IPUIPlugin:80 - create IPUIPlugin
2025-01-05 12:30:34,484 [INFO] PluginManager:220 - loadIPPluginJar : add nvic
2025-01-05 12:30:34,548 [INFO] ThirdPartyUpdaterWithRetryManager:70 - Updater plugin not ready yet. [6/15]
2025-01-05 12:30:35,006 [INFO] IPUIPlugin:80 - create IPUIPlugin
2025-01-05 12:30:35,006 [INFO] PluginManager:220 - loadIPPluginJar : add opamp
2025-01-05 12:30:35,603 [INFO] IPUIPlugin:80 - create IPUIPlugin
2025-01-05 12:30:35,603 [INFO] PluginManager:220 - loadIPPluginJar : add openamp
2025-01-05 12:30:35,960 [INFO] IPUIPlugin:80 - create IPUIPlugin
2025-01-05 12:30:35,960 [INFO] PluginManager:220 - loadIPPluginJar : add pdm2pcm
2025-01-05 12:30:36,051 [INFO] IPUIPlugin:80 - create IPUIPlugin
2025-01-05 12:30:36,060 [INFO] PluginManager:220 - loadIPPluginJar : add plateformsettings
2025-01-05 12:30:36,153 [INFO] IPUIPlugin:80 - create IPUIPlugin
2025-01-05 12:30:36,153 [INFO] PluginManager:220 - loadIPPluginJar : add quadspi
2025-01-05 12:30:36,467 [INFO] IPUIPlugin:80 - create IPUIPlugin
2025-01-05 12:30:36,469 [INFO] PluginManager:220 - loadIPPluginJar : add radio
2025-01-05 12:30:36,516 [INFO] IPUIPlugin:80 - create IPUIPlugin
2025-01-05 12:30:36,517 [INFO] PluginManager:220 - loadIPPluginJar : add resmgrutility
2025-01-05 12:30:36,721 [INFO] IPUIPlugin:80 - create IPUIPlugin
2025-01-05 12:30:36,721 [INFO] PluginManager:220 - loadIPPluginJar : add sai
2025-01-05 12:30:36,847 [INFO] IPUIPlugin:80 - create IPUIPlugin
2025-01-05 12:30:36,847 [INFO] PluginManager:220 - loadIPPluginJar : add spi
2025-01-05 12:30:37,058 [INFO] IPUIPlugin:80 - create IPUIPlugin
2025-01-05 12:30:37,059 [INFO] PluginManager:220 - loadIPPluginJar : add stm32_wpan
2025-01-05 12:30:37,130 [INFO] IPUIPlugin:80 - create IPUIPlugin
2025-01-05 12:30:37,130 [INFO] PluginManager:220 - loadIPPluginJar : add tim
2025-01-05 12:30:37,331 [INFO] IPUIPlugin:80 - create IPUIPlugin
2025-01-05 12:30:37,331 [INFO] PluginManager:220 - loadIPPluginJar : add touchsensing
2025-01-05 12:30:37,420 [INFO] IPUIPlugin:80 - create IPUIPlugin
2025-01-05 12:30:37,422 [INFO] PluginManager:220 - loadIPPluginJar : add tracer_emb
2025-01-05 12:30:37,554 [INFO] IPUIPlugin:80 - create IPUIPlugin
2025-01-05 12:30:37,554 [INFO] PluginManager:220 - loadIPPluginJar : add ts
2025-01-05 12:30:37,560 [INFO] ThirdPartyUpdaterWithRetryManager:70 - Updater plugin not ready yet. [7/15]
2025-01-05 12:30:37,691 [INFO] IPUIPlugin:80 - create IPUIPlugin
2025-01-05 12:30:37,691 [INFO] PluginManager:220 - loadIPPluginJar : add tsc
2025-01-05 12:30:37,988 [INFO] IPUIPlugin:80 - create IPUIPlugin
2025-01-05 12:30:37,988 [INFO] PluginManager:220 - loadIPPluginJar : add ucpd
2025-01-05 12:30:38,166 [INFO] IPUIPlugin:80 - create IPUIPlugin
2025-01-05 12:30:38,166 [INFO] PluginManager:220 - loadIPPluginJar : add usart
2025-01-05 12:30:38,456 [INFO] IPUIPlugin:80 - create IPUIPlugin
2025-01-05 12:30:38,457 [INFO] PluginManager:220 - loadIPPluginJar : add usbx
2025-01-05 12:30:38,791 [FATAL] Updater:351 - Updater called before beeing initialized
2025-01-05 12:30:38,881 [INFO] RulesReader:64 - Compatibility file has been processed (297 Rules)
2025-01-05 12:30:38,912 [INFO] RulesReader:64 - Compatibility file has been processed (297 Rules)
2025-01-05 12:30:38,931 [INFO] CADModel:165 - CPN selected for project level
2025-01-05 12:30:38,931 [INFO] CADModel:114 - Register for checkConnection events
2025-01-05 12:30:38,931 [FATAL] Updater:351 - Updater called before beeing initialized
2025-01-05 12:30:38,932 [ERROR] CADModel:125 - Updater not yet initialized, retry later 
2025-01-05 12:30:39,377 [FATAL] Updater:351 - Updater called before beeing initialized
2025-01-05 12:30:39,381 [INFO] CADModel:165 - CPN selected for project level
2025-01-05 12:30:39,381 [INFO] CADModel:114 - Register for checkConnection events
2025-01-05 12:30:39,382 [FATAL] Updater:351 - Updater called before beeing initialized
2025-01-05 12:30:39,382 [ERROR] CADModel:125 - Updater not yet initialized, retry later 
2025-01-05 12:30:39,390 [FATAL] Updater:351 - Updater called before beeing initialized
2025-01-05 12:30:39,660 [FATAL] Updater:351 - Updater called before beeing initialized
2025-01-05 12:30:39,691 [INFO] DbMcusAds:53 - JSON generation date=Fri Sep 20 18:34:23 IST 2024 (1726837463113)
2025-01-05 12:30:39,692 [FATAL] Updater:351 - Updater called before beeing initialized
2025-01-05 12:30:39,959 [WARN] DetailPanel:346 - Failed to get advertising image, set to default
2025-01-05 12:30:40,561 [INFO] ThirdPartyUpdaterWithRetryManager:70 - Updater plugin not ready yet. [8/15]
2025-01-05 12:30:40,725 [FATAL] Updater:351 - Updater called before beeing initialized
2025-01-05 12:30:40,733 [FATAL] Updater:351 - Updater called before beeing initialized
2025-01-05 12:30:40,734 [FATAL] Updater:351 - Updater called before beeing initialized
2025-01-05 12:30:40,734 [WARN] DetailPanel:346 - Failed to get advertising image, set to default
2025-01-05 12:30:40,737 [FATAL] Updater:351 - Updater called before beeing initialized
2025-01-05 12:30:40,918 [ERROR] Updater:1198 - MainUpdater not yet initialized. External WinMGr cannot be set.
2025-01-05 12:30:40,948 [INFO] Updater:1134 - Updater Version found : 6.13.0
2025-01-05 12:30:40,993 [INFO] ApplicationProperties:184 - Using Application install path: D:\STM32CubeIDE_1.15.0\STM32CubeIDE\plugins\com.st.stm32cube.common.mx_6.13.0.202411220809
2025-01-05 12:30:42,663 [ERROR] LogOutputStream:75 - [STDERR_REDIRECT] Jan 05, 2025 12:30:42 PM java.util.prefs.WindowsPreferences <init>
2025-01-05 12:30:42,673 [ERROR] LogOutputStream:75 - [STDERR_REDIRECT] WARNING: Could not open/create prefs root node Software\JavaSoft\Prefs at root 0xffffffff80000002. Windows RegCreateKeyEx(...) returned error code 5.
2025-01-05 12:30:42,673 [ERROR] LogOutputStream:75 - [STDERR_REDIRECT] 
2025-01-05 12:30:43,578 [FATAL] Updater:351 - Updater called before beeing initialized
2025-01-05 12:30:43,580 [ERROR] IntegrityCheckThread:130 - Cannot retrieve database content from updater: error 21
2025-01-05 12:30:43,581 [INFO] ThirdParty:978 - Integrity check success = false
2025-01-05 12:30:43,583 [INFO] IntegrityCheckThread:100 - exiting critical section [integrity check]
2025-01-05 12:30:43,584 [INFO] IntegrityCheckThread:103 - End integrity checks thread
2025-01-05 12:30:45,559 [INFO] MainUpdater:2872 - connection check result : 10
2025-01-05 12:30:45,561 [INFO] MainUpdater:289 - Updater Check For Update Now.
2025-01-05 12:30:45,561 [INFO] MicroXplorer:498 - Change Database Version : DB.6.0.130
2025-01-05 12:30:45,651 [INFO] McuFinderGlobals:63 - Set McuFinder mode to 2 (CubeIDE integrated)
2025-01-05 12:30:45,651 [INFO] UserAuth:171 - activating auth plugin
2025-01-05 12:30:45,664 [INFO] UserAuth:486 - Internet connection configuration mode: 1
2025-01-05 12:30:45,747 [INFO] JxBrowserEngine:152 - Initiate JxBrowser Engine with user profile folder
2025-01-05 12:30:46,255 [INFO] CheckServerUpdateThread:120 - End of CheckServer Thread
2025-01-05 12:30:58,122 [INFO] WebApp:168 - Instantiating new browser for Auth
2025-01-05 12:31:18,742 [INFO] WebApp:449 - Apply proxy settings
2025-01-05 12:31:18,743 [INFO] WebApp:534 - Chromium requires no authentication
2025-01-05 12:31:18,786 [INFO] WebApp:477 - Direct internet connection detected
2025-01-05 12:31:18,877 [INFO] WebApp:880 - Register for checkConnection events
2025-01-05 12:31:18,877 [INFO] WebApp:449 - Apply proxy settings
2025-01-05 12:31:18,878 [INFO] WebApp:534 - Chromium requires no authentication
2025-01-05 12:31:18,879 [INFO] WebApp:477 - Direct internet connection detected
2025-01-05 12:31:19,412 [INFO] WebApp:221 - Starting web application
2025-01-05 12:31:19,412 [INFO] WebApp:579 - Web application path used D:\STM32CubeIDE_1.15.0\STM32CubeIDE\plugins\com.st.stm32cube.common.mx_6.13.0.202411220809\db\plugins\mcufinder\reactClient1\index.html
2025-01-05 12:31:21,010 [INFO] WebApp:187 - Connection restablished
