2025-01-04 13:26:02,035 [INFO] Activator:176 - 


2025-01-04 13:26:02,048 [INFO] Activator:177 - !SESSION log4j initialized
2025-01-04 13:26:10,118 [INFO] LogOutputStream:77 - [STDOUT_REDIRECT] 
2025-01-04 13:26:18,709 [INFO] ApplicationProperties:184 - Using Application install path: D:\STM32CubeIDE_1.15.0\STM32CubeIDE\plugins\com.st.stm32cube.common.mx_6.13.0.202411220809
2025-01-04 13:26:18,739 [INFO] DbMcusXml:78 - Set database path to: D:\STM32CubeIDE_1.15.0\STM32CubeIDE\plugins\com.st.stm32cube.common.mx_6.13.0.202411220809\\db\/mcu/
2025-01-04 13:26:18,739 [INFO] ApiDb:274 - Set plugin database path to: D:\STM32CubeIDE_1.15.0\STM32CubeIDE\plugins\com.st.stm32cube.common.mx_6.13.0.202411220809\\db\/plugins/boardmanager/
2025-01-04 13:26:18,741 [WARN] ApiDb:259 - Overriding images path with different value:  => D:\STM32CubeIDE_1.15.0\STM32CubeIDE\plugins\com.st.stm32cube.common.mx_6.13.0.202411220809\\db\/plugins/mcufinder/images/
2025-01-04 13:26:18,760 [INFO] ApiDb:250 - Set database path to: C:\Users\hp\.stmcufinder\plugins\mcufinder//mcu/
2025-01-04 13:26:18,762 [INFO] DbMcusAds:125 - Set database path to: C:\Users\hp\.stmcufinder\plugins\mcufinder//mcu/
2025-01-04 13:26:18,766 [INFO] CrossReferenceDbSqlite:203 - Set database path to: C:\Users\hp\.stmcufinder\plugins\mcufinder//mcu/cs/
2025-01-04 13:26:19,057 [INFO] RulesReader:64 - Compatibility file has been processed (297 Rules)
2025-01-04 13:26:19,424 [INFO] DbMcusXml:78 - Set database path to: D:\STM32CubeIDE_1.15.0\STM32CubeIDE\plugins\com.st.stm32cube.common.mx_6.13.0.202411220809\\db\/mcu/
2025-01-04 13:26:19,425 [INFO] ApiDb:274 - Set plugin database path to: D:\STM32CubeIDE_1.15.0\STM32CubeIDE\plugins\com.st.stm32cube.common.mx_6.13.0.202411220809\\db\/plugins/boardmanager/
2025-01-04 13:26:19,425 [INFO] ApiDb:261 - Set plugin images path to: D:\STM32CubeIDE_1.15.0\STM32CubeIDE\plugins\com.st.stm32cube.common.mx_6.13.0.202411220809\\db\/plugins/mcufinder/images/
2025-01-04 13:26:19,426 [WARN] DbFile:41 - Overriding database path with different value: C:\Users\hp\.stmcufinder\plugins\mcufinder/ => C:\Users\hp\.stmcufinder\plugins\mcufinder
2025-01-04 13:26:19,426 [INFO] ApiDb:250 - Set database path to: C:\Users\hp\.stmcufinder\plugins\mcufinder//mcu/
2025-01-04 13:26:19,426 [WARN] DbFile:41 - Overriding database path with different value: C:\Users\hp\.stmcufinder\plugins\mcufinder/ => C:\Users\hp\.stmcufinder\plugins\mcufinder
2025-01-04 13:26:19,426 [INFO] DbMcusAds:125 - Set database path to: C:\Users\hp\.stmcufinder\plugins\mcufinder//mcu/
2025-01-04 13:26:19,427 [WARN] DbFile:41 - Overriding database path with different value: C:\Users\hp\.stmcufinder\plugins\mcufinder/ => C:\Users\hp\.stmcufinder\plugins\mcufinder
2025-01-04 13:26:19,427 [WARN] DbFile:41 - Overriding database path with different value: C:\Users\hp\.stmcufinder\plugins\mcufinder/ => C:\Users\hp\.stmcufinder\plugins\mcufinder
2025-01-04 13:26:19,427 [INFO] CrossReferenceDbSqlite:203 - Set database path to: C:\Users\hp\.stmcufinder\plugins\mcufinder//mcu/cs/
2025-01-04 13:26:19,667 [INFO] MainPanel:272 - HeapMemory: 268435456
2025-01-04 13:26:19,939 [INFO] DbMcusXml:78 - Set database path to: D:\STM32CubeIDE_1.15.0\STM32CubeIDE\plugins\com.st.stm32cube.common.mx_6.13.0.202411220809\\db\/mcu/
2025-01-04 13:26:19,940 [INFO] ApiDb:274 - Set plugin database path to: D:\STM32CubeIDE_1.15.0\STM32CubeIDE\plugins\com.st.stm32cube.common.mx_6.13.0.202411220809\\db\/plugins/boardmanager/
2025-01-04 13:26:19,940 [INFO] ApiDb:261 - Set plugin images path to: D:\STM32CubeIDE_1.15.0\STM32CubeIDE\plugins\com.st.stm32cube.common.mx_6.13.0.202411220809\\db\/plugins/mcufinder/images/
2025-01-04 13:26:19,941 [WARN] DbFile:41 - Overriding database path with different value: C:\Users\hp\.stmcufinder\plugins\mcufinder/ => C:\Users\hp\.stmcufinder\plugins\mcufinder
2025-01-04 13:26:19,941 [INFO] ApiDb:250 - Set database path to: C:\Users\hp\.stmcufinder\plugins\mcufinder//mcu/
2025-01-04 13:26:19,942 [WARN] DbFile:41 - Overriding database path with different value: C:\Users\hp\.stmcufinder\plugins\mcufinder/ => C:\Users\hp\.stmcufinder\plugins\mcufinder
2025-01-04 13:26:19,942 [INFO] DbMcusAds:125 - Set database path to: C:\Users\hp\.stmcufinder\plugins\mcufinder//mcu/
2025-01-04 13:26:19,943 [WARN] DbFile:41 - Overriding database path with different value: C:\Users\hp\.stmcufinder\plugins\mcufinder/ => C:\Users\hp\.stmcufinder\plugins\mcufinder
2025-01-04 13:26:19,943 [WARN] DbFile:41 - Overriding database path with different value: C:\Users\hp\.stmcufinder\plugins\mcufinder/ => C:\Users\hp\.stmcufinder\plugins\mcufinder
2025-01-04 13:26:19,943 [INFO] CrossReferenceDbSqlite:203 - Set database path to: C:\Users\hp\.stmcufinder\plugins\mcufinder//mcu/cs/
2025-01-04 13:26:19,984 [INFO] ApplicationProperties:184 - Using Application install path: D:\STM32CubeIDE_1.15.0\STM32CubeIDE\plugins\com.st.stm32cube.common.mx_6.13.0.202411220809
2025-01-04 13:26:19,988 [INFO] PluginManage:196 - Search for loadable plugins [exclusion list=, ]
2025-01-04 13:26:19,991 [INFO] PluginManage:310 - Check plugin analytics
2025-01-04 13:26:25,020 [INFO] AnalyticsPlugin:253 - Accepted Software Licenses: 
2025-01-04 13:26:25,021 [INFO] AnalyticsPlugin:255 - Accepted CMSIS Pack Licenses: 
2025-01-04 13:26:25,021 [INFO] AnalyticsPlugin:257 - Accepted Firmware Licenses: 
2025-01-04 13:26:25,028 [INFO] PluginManage:359 - Loaded plugin analytics (category:tool,tabindex:-1)
2025-01-04 13:26:25,028 [INFO] PluginManage:310 - Check plugin cadmodel
2025-01-04 13:26:25,071 [INFO] CADModel:105 - Init CAD model plugin
2025-01-04 13:26:25,071 [INFO] PluginManage:359 - Loaded plugin cadmodel (category:power,tabindex:5)
2025-01-04 13:26:25,071 [INFO] PluginManage:310 - Check plugin clock
2025-01-04 13:26:25,105 [INFO] PluginManage:359 - Loaded plugin clock (category:base,tabindex:2)
2025-01-04 13:26:25,105 [INFO] PluginManage:310 - Check plugin ddr
2025-01-04 13:26:25,109 [INFO] PluginManage:359 - Loaded plugin ddr (category:tool,tabindex:6)
2025-01-04 13:26:25,109 [INFO] PluginManage:310 - Check plugin filemanager
2025-01-04 13:26:25,385 [INFO] PluginManage:359 - Loaded plugin filemanager (category:base,tabindex:10)
2025-01-04 13:26:25,385 [INFO] PluginManage:310 - Check plugin ipmanager
2025-01-04 13:26:25,402 [INFO] PluginManage:359 - Loaded plugin ipmanager (category:base,tabindex:5)
2025-01-04 13:26:25,403 [INFO] PluginManage:310 - Check plugin lpbam
2025-01-04 13:26:25,442 [INFO] PluginManage:359 - Loaded plugin lpbam (category:base,tabindex:0)
2025-01-04 13:26:25,442 [INFO] PluginManage:310 - Check plugin memorymap
2025-01-04 13:26:25,488 [INFO] PluginManage:359 - Loaded plugin memorymap (category:base,tabindex:4)
2025-01-04 13:26:25,489 [INFO] PluginManage:310 - Check plugin pinoutandconfiguration
2025-01-04 13:26:25,526 [INFO] PluginManage:359 - Loaded plugin pinoutandconfiguration (category:base,tabindex:1)
2025-01-04 13:26:25,527 [INFO] PluginManage:310 - Check plugin pinoutconfig
2025-01-04 13:26:25,745 [WARN] SupportedApi:132 - Cannot load RTOS API schema: s4s-elt-must-match.1: The content of 'definitions' must match (annotation?, (simpleType | complexType)?, (unique | key | keyref)*)). A problem was found starting at: attribute.
2025-01-04 13:26:26,016 [INFO] PluginManage:359 - Loaded plugin pinoutconfig (category:base,tabindex:0)
2025-01-04 13:26:26,016 [INFO] PluginManage:310 - Check plugin power
2025-01-04 13:26:26,061 [INFO] PluginManage:359 - Loaded plugin power (category:power,tabindex:4)
2025-01-04 13:26:26,062 [INFO] PluginManage:310 - Check plugin projectmanager
2025-01-04 13:26:26,102 [INFO] PluginManage:359 - Loaded plugin projectmanager (category:projectmanager,tabindex:4)
2025-01-04 13:26:26,103 [INFO] PluginManage:310 - Check plugin rif
2025-01-04 13:26:26,153 [INFO] PluginManage:359 - Loaded plugin rif (category:base,tabindex:3)
2025-01-04 13:26:26,153 [INFO] PluginManage:310 - Check plugin thirdparty
2025-01-04 13:26:27,678 [INFO] PluginManage:359 - Loaded plugin thirdparty (category:base,tabindex:-1)
2025-01-04 13:26:27,678 [INFO] PluginManage:310 - Check plugin tools
2025-01-04 13:26:27,679 [WARN] IntegrityCheckThread:84 - waiting for thirdparty lock release [integrity check]
2025-01-04 13:26:27,681 [INFO] IntegrityCheckThread:86 - entering critical section [integrity check]
2025-01-04 13:26:27,682 [INFO] ThirdPartyUpdaterWithRetryManager:70 - Updater plugin not ready yet. [1/15]
2025-01-04 13:26:27,812 [INFO] PluginManage:359 - Loaded plugin tools (category:base,tabindex:7)
2025-01-04 13:26:27,813 [INFO] PluginManage:310 - Check plugin tutovideos
2025-01-04 13:26:28,729 [INFO] PluginManage:359 - Loaded plugin tutovideos (category:base,tabindex:-1)
2025-01-04 13:26:28,730 [INFO] PluginManage:310 - Check plugin updater
2025-01-04 13:26:28,820 [INFO] PluginManage:359 - Loaded plugin updater (category:base,tabindex:12)
2025-01-04 13:26:28,820 [INFO] PluginManage:310 - Check plugin userauth
2025-01-04 13:26:28,829 [INFO] UserAuth:118 - Init User Auth plugin
2025-01-04 13:26:28,831 [INFO] PluginManage:359 - Loaded plugin userauth (category:base,tabindex:14)
2025-01-04 13:26:28,832 [INFO] PluginManage:283 - PluginManage : Loaded plugins [18]
2025-01-04 13:26:29,511 [INFO] PinOutPanel:1589 - setPackage(No Configuration,No Configuration)
2025-01-04 13:26:29,742 [INFO] CADModel:165 - CPN selected for project level
2025-01-04 13:26:29,742 [INFO] CADModel:114 - Register for checkConnection events
2025-01-04 13:26:29,788 [INFO] IPUIPlugin:80 - create IPUIPlugin
2025-01-04 13:26:29,789 [INFO] PluginManager:220 - loadIPPluginJar : add adc
2025-01-04 13:26:29,881 [INFO] IPUIPlugin:80 - create IPUIPlugin
2025-01-04 13:26:29,881 [INFO] PluginManager:220 - loadIPPluginJar : add aes
2025-01-04 13:26:29,986 [INFO] IPUIPlugin:80 - create IPUIPlugin
2025-01-04 13:26:29,987 [INFO] PluginManager:220 - loadIPPluginJar : add can
2025-01-04 13:26:30,068 [INFO] IPUIPlugin:80 - create IPUIPlugin
2025-01-04 13:26:30,068 [INFO] PluginManager:220 - loadIPPluginJar : add comp
2025-01-04 13:26:30,185 [INFO] IPUIPlugin:80 - create IPUIPlugin
2025-01-04 13:26:30,188 [INFO] PluginManager:220 - loadIPPluginJar : add cryp
2025-01-04 13:26:30,259 [INFO] IPUIPlugin:80 - create IPUIPlugin
2025-01-04 13:26:30,259 [INFO] PluginManager:220 - loadIPPluginJar : add ddr_ctrl_phy
2025-01-04 13:26:30,362 [INFO] IPUIPlugin:80 - create IPUIPlugin
2025-01-04 13:26:30,362 [INFO] PluginManager:220 - loadIPPluginJar : add dfsdm
2025-01-04 13:26:30,402 [INFO] IPUIPlugin:80 - create IPUIPlugin
2025-01-04 13:26:30,403 [INFO] PluginManager:220 - loadIPPluginJar : add dma
2025-01-04 13:26:30,531 [INFO] IPUIPlugin:80 - create IPUIPlugin
2025-01-04 13:26:30,532 [INFO] PluginManager:220 - loadIPPluginJar : add dma3
2025-01-04 13:26:30,678 [INFO] IPUIPlugin:80 - create IPUIPlugin
2025-01-04 13:26:30,678 [INFO] PluginManager:220 - loadIPPluginJar : add extmemmanager
2025-01-04 13:26:30,683 [INFO] ThirdPartyUpdaterWithRetryManager:70 - Updater plugin not ready yet. [2/15]
2025-01-04 13:26:30,728 [INFO] IPUIPlugin:80 - create IPUIPlugin
2025-01-04 13:26:30,729 [INFO] PluginManager:220 - loadIPPluginJar : add fatfs
2025-01-04 13:26:30,835 [INFO] IPUIPlugin:80 - create IPUIPlugin
2025-01-04 13:26:30,835 [INFO] PluginManager:220 - loadIPPluginJar : add fmc
2025-01-04 13:26:30,864 [INFO] IPUIPlugin:80 - create IPUIPlugin
2025-01-04 13:26:30,865 [INFO] PluginManager:220 - loadIPPluginJar : add freertos
2025-01-04 13:26:30,911 [INFO] IPUIPlugin:80 - create IPUIPlugin
2025-01-04 13:26:30,911 [INFO] PluginManager:220 - loadIPPluginJar : add genericplugin
2025-01-04 13:26:31,143 [INFO] IPUIPlugin:80 - create IPUIPlugin
2025-01-04 13:26:31,143 [INFO] PluginManager:220 - loadIPPluginJar : add gfxmmu
2025-01-04 13:26:31,564 [INFO] IPUIPlugin:80 - create IPUIPlugin
2025-01-04 13:26:31,565 [INFO] PluginManager:220 - loadIPPluginJar : add gic
2025-01-04 13:26:31,606 [INFO] IPUIPlugin:80 - create IPUIPlugin
2025-01-04 13:26:31,607 [INFO] PluginManager:220 - loadIPPluginJar : add gpio
2025-01-04 13:26:31,906 [INFO] IPUIPlugin:80 - create IPUIPlugin
2025-01-04 13:26:31,906 [INFO] PluginManager:220 - loadIPPluginJar : add gtzc
2025-01-04 13:26:32,022 [INFO] IPUIPlugin:80 - create IPUIPlugin
2025-01-04 13:26:32,023 [INFO] PluginManager:220 - loadIPPluginJar : add hash
2025-01-04 13:26:32,179 [INFO] IPUIPlugin:80 - create IPUIPlugin
2025-01-04 13:26:32,180 [INFO] PluginManager:220 - loadIPPluginJar : add i2c
2025-01-04 13:26:32,280 [INFO] IPUIPlugin:80 - create IPUIPlugin
2025-01-04 13:26:32,280 [INFO] PluginManager:220 - loadIPPluginJar : add i2s
2025-01-04 13:26:32,368 [INFO] IPUIPlugin:80 - create IPUIPlugin
2025-01-04 13:26:32,369 [INFO] PluginManager:220 - loadIPPluginJar : add i3c
2025-01-04 13:26:32,611 [INFO] IPUIPlugin:80 - create IPUIPlugin
2025-01-04 13:26:32,611 [INFO] PluginManager:220 - loadIPPluginJar : add ipddr
2025-01-04 13:26:32,849 [INFO] IPUIPlugin:80 - create IPUIPlugin
2025-01-04 13:26:32,850 [INFO] PluginManager:220 - loadIPPluginJar : add linkedlist
2025-01-04 13:26:32,927 [INFO] IPUIPlugin:80 - create IPUIPlugin
2025-01-04 13:26:32,927 [INFO] PluginManager:220 - loadIPPluginJar : add lorawan
2025-01-04 13:26:33,005 [INFO] IPUIPlugin:80 - create IPUIPlugin
2025-01-04 13:26:33,005 [INFO] PluginManager:220 - loadIPPluginJar : add ltdc
2025-01-04 13:26:33,032 [INFO] IPUIPlugin:80 - create IPUIPlugin
2025-01-04 13:26:33,032 [INFO] PluginManager:220 - loadIPPluginJar : add mdma
2025-01-04 13:26:33,065 [INFO] IPUIPlugin:80 - create IPUIPlugin
2025-01-04 13:26:33,066 [INFO] PluginManager:220 - loadIPPluginJar : add nvic
2025-01-04 13:26:33,223 [INFO] IPUIPlugin:80 - create IPUIPlugin
2025-01-04 13:26:33,223 [INFO] PluginManager:220 - loadIPPluginJar : add opamp
2025-01-04 13:26:33,410 [INFO] IPUIPlugin:80 - create IPUIPlugin
2025-01-04 13:26:33,411 [INFO] PluginManager:220 - loadIPPluginJar : add openamp
2025-01-04 13:26:33,686 [INFO] ThirdPartyUpdaterWithRetryManager:70 - Updater plugin not ready yet. [3/15]
2025-01-04 13:26:33,905 [INFO] IPUIPlugin:80 - create IPUIPlugin
2025-01-04 13:26:33,906 [INFO] PluginManager:220 - loadIPPluginJar : add pdm2pcm
2025-01-04 13:26:34,074 [INFO] IPUIPlugin:80 - create IPUIPlugin
2025-01-04 13:26:34,079 [INFO] PluginManager:220 - loadIPPluginJar : add plateformsettings
2025-01-04 13:26:34,426 [INFO] IPUIPlugin:80 - create IPUIPlugin
2025-01-04 13:26:34,426 [INFO] PluginManager:220 - loadIPPluginJar : add quadspi
2025-01-04 13:26:34,918 [INFO] IPUIPlugin:80 - create IPUIPlugin
2025-01-04 13:26:34,919 [INFO] PluginManager:220 - loadIPPluginJar : add radio
2025-01-04 13:26:35,272 [INFO] IPUIPlugin:80 - create IPUIPlugin
2025-01-04 13:26:35,273 [INFO] PluginManager:220 - loadIPPluginJar : add resmgrutility
2025-01-04 13:26:35,477 [INFO] IPUIPlugin:80 - create IPUIPlugin
2025-01-04 13:26:35,477 [INFO] PluginManager:220 - loadIPPluginJar : add sai
2025-01-04 13:26:36,135 [INFO] IPUIPlugin:80 - create IPUIPlugin
2025-01-04 13:26:36,135 [INFO] PluginManager:220 - loadIPPluginJar : add spi
2025-01-04 13:26:36,689 [INFO] ThirdPartyUpdaterWithRetryManager:70 - Updater plugin not ready yet. [4/15]
2025-01-04 13:26:37,054 [INFO] IPUIPlugin:80 - create IPUIPlugin
2025-01-04 13:26:37,054 [INFO] PluginManager:220 - loadIPPluginJar : add stm32_wpan
2025-01-04 13:26:37,260 [INFO] IPUIPlugin:80 - create IPUIPlugin
2025-01-04 13:26:37,261 [INFO] PluginManager:220 - loadIPPluginJar : add tim
2025-01-04 13:26:37,437 [INFO] IPUIPlugin:80 - create IPUIPlugin
2025-01-04 13:26:37,437 [INFO] PluginManager:220 - loadIPPluginJar : add touchsensing
2025-01-04 13:26:37,492 [INFO] IPUIPlugin:80 - create IPUIPlugin
2025-01-04 13:26:37,493 [INFO] PluginManager:220 - loadIPPluginJar : add tracer_emb
2025-01-04 13:26:37,546 [INFO] IPUIPlugin:80 - create IPUIPlugin
2025-01-04 13:26:37,546 [INFO] PluginManager:220 - loadIPPluginJar : add ts
2025-01-04 13:26:37,602 [INFO] IPUIPlugin:80 - create IPUIPlugin
2025-01-04 13:26:37,602 [INFO] PluginManager:220 - loadIPPluginJar : add tsc
2025-01-04 13:26:37,650 [INFO] IPUIPlugin:80 - create IPUIPlugin
2025-01-04 13:26:37,651 [INFO] PluginManager:220 - loadIPPluginJar : add ucpd
2025-01-04 13:26:37,744 [INFO] IPUIPlugin:80 - create IPUIPlugin
2025-01-04 13:26:37,744 [INFO] PluginManager:220 - loadIPPluginJar : add usart
2025-01-04 13:26:37,844 [INFO] IPUIPlugin:80 - create IPUIPlugin
2025-01-04 13:26:37,845 [INFO] PluginManager:220 - loadIPPluginJar : add usbx
2025-01-04 13:26:38,049 [FATAL] Updater:351 - Updater called before beeing initialized
2025-01-04 13:26:38,301 [INFO] RulesReader:64 - Compatibility file has been processed (297 Rules)
2025-01-04 13:26:38,337 [INFO] RulesReader:64 - Compatibility file has been processed (297 Rules)
2025-01-04 13:26:38,352 [INFO] CADModel:165 - CPN selected for project level
2025-01-04 13:26:38,353 [INFO] CADModel:114 - Register for checkConnection events
2025-01-04 13:26:38,353 [FATAL] Updater:351 - Updater called before beeing initialized
2025-01-04 13:26:38,353 [ERROR] CADModel:125 - Updater not yet initialized, retry later 
2025-01-04 13:26:38,674 [FATAL] Updater:351 - Updater called before beeing initialized
2025-01-04 13:26:38,677 [INFO] CADModel:165 - CPN selected for project level
2025-01-04 13:26:38,677 [INFO] CADModel:114 - Register for checkConnection events
2025-01-04 13:26:38,678 [FATAL] Updater:351 - Updater called before beeing initialized
2025-01-04 13:26:38,678 [ERROR] CADModel:125 - Updater not yet initialized, retry later 
2025-01-04 13:26:38,686 [FATAL] Updater:351 - Updater called before beeing initialized
2025-01-04 13:26:38,955 [FATAL] Updater:351 - Updater called before beeing initialized
2025-01-04 13:26:38,980 [INFO] DbMcusAds:53 - JSON generation date=Fri Sep 20 18:34:23 IST 2024 (1726837463113)
2025-01-04 13:26:38,981 [FATAL] Updater:351 - Updater called before beeing initialized
2025-01-04 13:26:39,153 [WARN] DetailPanel:346 - Failed to get advertising image, set to default
2025-01-04 13:26:39,690 [INFO] ThirdPartyUpdaterWithRetryManager:70 - Updater plugin not ready yet. [5/15]
2025-01-04 13:26:39,715 [FATAL] Updater:351 - Updater called before beeing initialized
2025-01-04 13:26:39,718 [FATAL] Updater:351 - Updater called before beeing initialized
2025-01-04 13:26:39,719 [FATAL] Updater:351 - Updater called before beeing initialized
2025-01-04 13:26:39,719 [WARN] DetailPanel:346 - Failed to get advertising image, set to default
2025-01-04 13:26:39,720 [FATAL] Updater:351 - Updater called before beeing initialized
2025-01-04 13:26:39,871 [ERROR] Updater:1198 - MainUpdater not yet initialized. External WinMGr cannot be set.
2025-01-04 13:26:39,894 [INFO] Updater:1134 - Updater Version found : 6.13.0
2025-01-04 13:26:39,929 [INFO] ApplicationProperties:184 - Using Application install path: D:\STM32CubeIDE_1.15.0\STM32CubeIDE\plugins\com.st.stm32cube.common.mx_6.13.0.202411220809
2025-01-04 13:26:41,574 [ERROR] LogOutputStream:75 - [STDERR_REDIRECT] Jan 04, 2025 1:26:41 PM java.util.prefs.WindowsPreferences <init>
2025-01-04 13:26:41,579 [ERROR] LogOutputStream:75 - [STDERR_REDIRECT] WARNING: Could not open/create prefs root node Software\JavaSoft\Prefs at root 0xffffffff80000002. Windows RegCreateKeyEx(...) returned error code 5.
2025-01-04 13:26:41,582 [ERROR] LogOutputStream:75 - [STDERR_REDIRECT] 
2025-01-04 13:26:42,445 [INFO] MainUpdater:2872 - connection check result : 10
2025-01-04 13:26:42,447 [INFO] MainUpdater:289 - Updater Check For Update Now.
2025-01-04 13:26:42,447 [INFO] MicroXplorer:498 - Change Database Version : DB.6.0.130
2025-01-04 13:26:42,519 [INFO] McuFinderGlobals:63 - Set McuFinder mode to 2 (CubeIDE integrated)
2025-01-04 13:26:42,520 [INFO] UserAuth:171 - activating auth plugin
2025-01-04 13:26:42,576 [INFO] UserAuth:486 - Internet connection configuration mode: 1
2025-01-04 13:26:42,650 [INFO] JxBrowserEngine:152 - Initiate JxBrowser Engine with user profile folder
2025-01-04 13:26:42,696 [WARN] MainUpdater:1193 - Updater busy. Cannot search thirdparties
2025-01-04 13:26:42,701 [INFO] ThirdPartyUpdaterWithRetryManager:96 - Updater plugin is busy. [1/15]
2025-01-04 13:26:43,421 [INFO] CheckServerUpdateThread:120 - End of CheckServer Thread
2025-01-04 13:26:47,771 [INFO] WebApp:168 - Instantiating new browser for Auth
2025-01-04 13:26:49,460 [WARN] PackLoader:240 - Cannot read IP mode file for STMicroelectronics.FP-SNS-MOTENVWB1.1.4.0
2025-01-04 13:26:49,849 [WARN] PackLoader:240 - Cannot read IP mode file for STMicroelectronics.FP-ATR-ASTRA1.2.0.1
2025-01-04 13:26:49,894 [WARN] PackLoader:240 - Cannot read IP mode file for STMicroelectronics.X-CUBE-SMBUS.2.1.0
2025-01-04 13:26:49,944 [WARN] PackLoader:240 - Cannot read IP mode file for STMicroelectronics.X-CUBE-WB05N.1.1.0
2025-01-04 13:26:50,000 [WARN] PackLoader:240 - Cannot read IP mode file for STMicroelectronics.X-CUBE-TOUCHGFX.4.23.2
2025-01-04 13:26:50,166 [WARN] PackLoader:240 - Cannot read IP mode file for STMicroelectronics.X-CUBE-AZRTOS-F7.1.1.0
2025-01-04 13:26:50,691 [WARN] PackLoader:240 - Cannot read IP mode file for STMicroelectronics.X-CUBE-MEMS1.11.0.0
2025-01-04 13:26:51,789 [WARN] PackLoader:240 - Cannot read IP mode file for STMicroelectronics.FP-SNS-FLIGHT1.5.0.2
2025-01-04 13:26:51,964 [WARN] PackLoader:240 - Cannot read IP mode file for STMicroelectronics.X-CUBE-DISPLAY.3.0.0
2025-01-04 13:26:52,202 [WARN] PackLoader:240 - Cannot read IP mode file for STMicroelectronics.X-CUBE-BLE1.7.0.0
2025-01-04 13:26:52,302 [WARN] PackLoader:240 - Cannot read IP mode file for STMicroelectronics.X-CUBE-NFC10.1.0.0
2025-01-04 13:26:52,432 [WARN] PackLoader:240 - Cannot read IP mode file for STMicroelectronics.X-CUBE-BLEMGR.4.0.0
2025-01-04 13:26:52,506 [WARN] PackLoader:240 - Cannot read IP mode file for emotas.I-CUBE-CANOPEN.1.3.0
2025-01-04 13:26:52,615 [WARN] PackLoader:240 - Cannot read IP mode file for STMicroelectronics.X-CUBE-BLEMGR.3.1.0
2025-01-04 13:26:52,748 [INFO] WebApp:449 - Apply proxy settings
2025-01-04 13:26:52,748 [INFO] WebApp:534 - Chromium requires no authentication
2025-01-04 13:26:52,772 [INFO] WebApp:477 - Direct internet connection detected
2025-01-04 13:26:52,993 [WARN] PackLoader:240 - Cannot read IP mode file for STMicroelectronics.FP-SNS-SMARTAG2.1.2.0
2025-01-04 13:26:53,436 [INFO] WebApp:880 - Register for checkConnection events
2025-01-04 13:26:53,436 [INFO] WebApp:449 - Apply proxy settings
2025-01-04 13:26:53,436 [INFO] WebApp:534 - Chromium requires no authentication
2025-01-04 13:26:53,437 [INFO] WebApp:477 - Direct internet connection detected
2025-01-04 13:26:53,778 [WARN] PackLoader:240 - Cannot read IP mode file for STMicroelectronics.X-CUBE-MEMS1.11.1.0
2025-01-04 13:26:56,394 [INFO] LogOutputStream:77 - [STDOUT_REDIRECT] 1 : Invalid condition id : UX_CORESTACK_Condition cause : null
2025-01-04 13:26:56,419 [INFO] LogOutputStream:77 - [STDOUT_REDIRECT] 1 : Invalid condition id : UX_CORESTACK_Condition cause : null
2025-01-04 13:26:56,433 [INFO] LogOutputStream:77 - [STDOUT_REDIRECT] 1 : Invalid condition id : UX_CORESTACK_Condition cause : null
2025-01-04 13:26:56,436 [INFO] LogOutputStream:77 - [STDOUT_REDIRECT] 1 : Invalid condition id : UX_CORESTACK_Condition cause : null
2025-01-04 13:26:56,439 [INFO] LogOutputStream:77 - [STDOUT_REDIRECT] 1 : Invalid condition id : UX_CORESTACK_Condition cause : null
2025-01-04 13:26:56,450 [WARN] PackLoader:240 - Cannot read IP mode file for STMicroelectronics.X-CUBE-AZRTOS-WL.2.0.0
2025-01-04 13:26:56,973 [WARN] PackLoader:240 - Cannot read IP mode file for STMicroelectronics.FP-SNS-MOTENV1.5.0.0
2025-01-04 13:26:57,854 [WARN] PackLoader:240 - Cannot read IP mode file for wolfSSL.I-CUBE-wolfMQTT.1.19.0
2025-01-04 13:26:57,935 [WARN] PackLoader:240 - Cannot read IP mode file for WES.I-CUBE-Cesium.1.3.0
2025-01-04 13:26:57,970 [INFO] WebApp:221 - Starting web application
2025-01-04 13:26:57,971 [INFO] WebApp:579 - Web application path used D:\STM32CubeIDE_1.15.0\STM32CubeIDE\plugins\com.st.stm32cube.common.mx_6.13.0.202411220809\db\plugins\mcufinder\reactClient1\index.html
2025-01-04 13:26:59,324 [INFO] WebApp:187 - Connection restablished
2025-01-04 13:26:59,661 [WARN] PackLoader:240 - Cannot read IP mode file for STMicroelectronics.X-CUBE-BLE2.3.3.0
2025-01-04 13:27:00,245 [WARN] PackLoader:240 - Cannot read IP mode file for STMicroelectronics.X-CUBE-NFC9.1.0.0
2025-01-04 13:27:01,096 [WARN] PackLoader:240 - Cannot read IP mode file for STMicroelectronics.X-CUBE-TCPP.4.1.0
2025-01-04 13:27:01,325 [WARN] PackLoader:240 - Cannot read IP mode file for STMicroelectronics.X-CUBE-AZRTOS-G0.1.1.0
2025-01-04 13:27:01,880 [WARN] PackLoader:240 - Cannot read IP mode file for STMicroelectronics.X-CUBE-SAFEA1.1.2.2
2025-01-04 13:27:02,034 [WARN] PackLoader:240 - Cannot read IP mode file for STMicroelectronics.X-CUBE-NFC4.3.0.0
2025-01-04 13:27:02,170 [WARN] PackLoader:240 - Cannot read IP mode file for EmbeddedOffice.I-CUBE-FS-RTOS.1.0.1
2025-01-04 13:27:02,419 [WARN] PackLoader:240 - Cannot read IP mode file for STMicroelectronics.X-CUBE-TCPP.4.2.0
2025-01-04 13:27:03,009 [WARN] PackLoader:240 - Cannot read IP mode file for RealThread.X-CUBE-RT-Thread_Nano.4.1.1
2025-01-04 13:27:03,054 [WARN] PackLoader:240 - Cannot read IP mode file for wolfSSL.I-CUBE-wolfSSL.5.7.0
2025-01-04 13:27:03,167 [WARN] PackLoader:240 - Cannot read IP mode file for STMicroelectronics.FP-ATR-SIGFOX1.3.2.0
2025-01-04 13:27:03,319 [WARN] ConditionMgr:438 - getConditionDescription Invalid condition id : Cortex-A Device cause : null
2025-01-04 13:27:03,431 [WARN] ConditionMgr:1044 - genDependencies : Invalid condition id : Cortex-A Device cause : null
2025-01-04 13:27:03,437 [WARN] ConditionMgr:1044 - genDependencies : Invalid condition id : Cortex-A Device cause : null
2025-01-04 13:27:03,438 [WARN] ConditionMgr:1044 - genDependencies : Invalid condition id : Cortex-A Device cause : null
2025-01-04 13:27:03,538 [WARN] PackLoader:240 - Cannot read IP mode file for STMicroelectronics.X-CUBE-EEPRMA1.5.1.0
2025-01-04 13:27:03,606 [WARN] PackLoader:240 - Cannot read IP mode file for ITTIA_DB.I-CUBE-ITTIADB.8.9.0
2025-01-04 13:27:03,830 [WARN] PackLoader:240 - Cannot read IP mode file for SEGGER.I-CUBE-embOS.1.3.1
2025-01-04 13:27:03,996 [WARN] PackLoader:240 - Cannot read IP mode file for STMicroelectronics.X-CUBE-ALGOBUILD.1.4.0
2025-01-04 13:27:04,489 [WARN] PackLoader:240 - Cannot read IP mode file for STMicroelectronics.X-CUBE-AI.9.1.0
2025-01-04 13:27:04,593 [WARN] PackLoader:240 - Cannot read IP mode file for STMicroelectronics.X-CUBE-GNSS1.6.0.0
2025-01-04 13:27:04,703 [WARN] PackLoader:240 - Cannot read IP mode file for STMicroelectronics.X-CUBE-AZRTOS-F4.1.1.0
2025-01-04 13:27:04,844 [WARN] PackLoader:240 - Cannot read IP mode file for STMicroelectronics.X-CUBE-ISPU.2.1.0
2025-01-04 13:27:04,923 [WARN] PackLoader:240 - Cannot read IP mode file for STMicroelectronics.X-CUBE-FREERTOS.1.2.0
2025-01-04 13:27:05,003 [WARN] PackLoader:240 - Cannot read IP mode file for STMicroelectronics.X-CUBE-AZRTOS-L5.2.0.0
2025-01-04 13:27:05,078 [WARN] PackLoader:240 - Cannot read IP mode file for STMicroelectronics.X-CUBE-NFC6.3.1.0
2025-01-04 13:27:05,131 [WARN] PackLoader:240 - Cannot read IP mode file for STMicroelectronics.X-CUBE-DPower.1.2.0
2025-01-04 13:27:05,333 [WARN] PackLoader:240 - Cannot read IP mode file for STMicroelectronics.X-CUBE-AI.9.0.0
2025-01-04 13:27:05,551 [WARN] PackLoader:240 - Cannot read IP mode file for STMicroelectronics.X-CUBE-FREERTOS.1.3.0
2025-01-04 13:27:05,715 [WARN] PackLoader:240 - Cannot read IP mode file for STMicroelectronics.X-CUBE-NFC7.1.0.1
2025-01-04 13:27:05,752 [WARN] PackLoader:240 - Cannot read IP mode file for wolfSSL.I-CUBE-wolfTPM.3.2.0
2025-01-04 13:27:05,956 [WARN] ConditionMgr:438 - getConditionDescription Invalid condition id : LAN8742 Phy interface Condition cause : null
2025-01-04 13:27:05,959 [WARN] PackLoader:240 - Cannot read IP mode file for STMicroelectronics.X-CUBE-AZRTOS-L4.2.0.0
2025-01-04 13:27:05,964 [WARN] ConditionMgr:1044 - genDependencies : Invalid condition id : LAN8742 Phy interface Condition cause : null
2025-01-04 13:27:05,965 [WARN] ConditionMgr:1044 - genDependencies : Invalid condition id : LAN8742 Phy interface Condition cause : null
2025-01-04 13:27:05,968 [WARN] ConditionMgr:1044 - genDependencies : Invalid condition id : LAN8742 Phy interface Condition cause : null
2025-01-04 13:27:06,098 [WARN] PackLoader:240 - Cannot read IP mode file for STMicroelectronics.X-CUBE-SFXS2LP1.4.0.0
2025-01-04 13:27:06,226 [WARN] PackLoader:240 - Cannot read IP mode file for STMicroelectronics.X-CUBE-AZRTOS-H7.3.3.0
2025-01-04 13:27:06,293 [WARN] PackLoader:240 - Cannot read IP mode file for STMicroelectronics.X-CUBE-IPS.3.0.0
2025-01-04 13:27:06,375 [WARN] ConditionMgr:438 - getConditionDescription Invalid condition id : UX DEVICE CLASS RTOS Condition cause : null
2025-01-04 13:27:06,376 [WARN] ConditionMgr:438 - getConditionDescription Invalid condition id : UX DEVICE CLASS RTOS Condition cause : null
2025-01-04 13:27:06,381 [WARN] PackLoader:240 - Cannot read IP mode file for STMicroelectronics.X-CUBE-AZRTOS-WB.2.0.0
2025-01-04 13:27:06,382 [WARN] ConditionMgr:1044 - genDependencies : Invalid condition id : UX DEVICE CLASS RTOS Condition cause : null
2025-01-04 13:27:06,382 [WARN] ConditionMgr:1044 - genDependencies : Invalid condition id : UX DEVICE CLASS RTOS Condition cause : null
2025-01-04 13:27:06,383 [WARN] ConditionMgr:1044 - genDependencies : Invalid condition id : UX DEVICE CLASS RTOS Condition cause : null
2025-01-04 13:27:06,384 [WARN] ConditionMgr:1044 - genDependencies : Invalid condition id : UX DEVICE CLASS RTOS Condition cause : null
2025-01-04 13:27:06,384 [WARN] ConditionMgr:1044 - genDependencies : Invalid condition id : UX DEVICE CLASS RTOS Condition cause : null
2025-01-04 13:27:06,440 [WARN] PackLoader:240 - Cannot read IP mode file for STMicroelectronics.X-CUBE-GNSS1.7.0.0
2025-01-04 13:27:06,479 [WARN] PackLoader:240 - Cannot read IP mode file for STMicroelectronics.X-CUBE-GNSS1.7.0.1
2025-01-04 13:27:06,524 [WARN] PackLoader:240 - Cannot read IP mode file for STMicroelectronics.FP-SNS-STBOX1.2.0.0
2025-01-04 13:27:06,583 [WARN] PackLoader:240 - Cannot read IP mode file for STMicroelectronics.X-CUBE-SUBG2.5.0.0
2025-01-04 13:27:06,670 [WARN] PackLoader:240 - Cannot read IP mode file for Cesanta.I-CUBE-Mongoose.7.13.0
2025-01-04 13:27:06,746 [WARN] PackLoader:240 - Cannot read IP mode file for STMicroelectronics.X-CUBE-AZRTOS-G4.2.0.0
2025-01-04 13:27:07,135 [WARN] PackLoader:240 - Cannot read IP mode file for STMicroelectronics.X-CUBE-ISPU.2.0.0
2025-01-04 13:27:07,659 [WARN] PackLoader:240 - Cannot read IP mode file for STMicroelectronics.X-CUBE-ALS.1.0.2
2025-01-04 13:27:08,292 [WARN] PackLoader:240 - Cannot read IP mode file for STMicroelectronics.X-CUBE-MEMS1.10.0.0
2025-01-04 13:27:09,150 [WARN] PackLoader:240 - Cannot read IP mode file for STMicroelectronics.X-CUBE-TOUCHGFX.4.24.0
2025-01-04 13:27:09,759 [WARN] PackLoader:240 - Cannot read IP mode file for STMicroelectronics.X-CUBE-TOUCHGFX.4.24.1
2025-01-04 13:27:09,993 [WARN] PackLoader:240 - Cannot read IP mode file for portGmbH.I-Cube-SoM-uGOAL.1.1.0
2025-01-04 13:27:10,072 [WARN] PackLoader:240 - Cannot read IP mode file for STMicroelectronics.X-CUBE-AZRTOS-H7RS.1.0.0
2025-01-04 13:27:10,240 [WARN] PackLoader:240 - Cannot read IP mode file for STMicroelectronics.FP-ATR-ASTRA1.2.0.0
2025-01-04 13:27:10,356 [WARN] PackLoader:240 - Cannot read IP mode file for STMicroelectronics.X-CUBE-TOF1.3.4.2
2025-01-04 13:27:10,456 [WARN] PackLoader:240 - Cannot read IP mode file for STMicroelectronics.X-CUBE-TOF1.3.4.1
2025-01-04 13:27:10,572 [WARN] PackLoader:240 - Cannot read IP mode file for STMicroelectronics.X-CUBE-AZRTOS-H7.3.2.0
2025-01-04 13:27:10,677 [WARN] PackLoader:240 - Cannot read IP mode file for Infineon.AIROC-Wi-Fi-Bluetooth-STM32.1.6.0
2025-01-04 13:27:10,755 [WARN] PackLoader:240 - Cannot read IP mode file for wolfSSL.I-CUBE-wolfSSH.1.4.17
2025-01-04 13:27:10,760 [INFO] ThirdParty:978 - Integrity check success = true
2025-01-04 13:27:10,762 [INFO] IntegrityCheckThread:100 - exiting critical section [integrity check]
2025-01-04 13:27:10,763 [INFO] IntegrityCheckThread:103 - End integrity checks thread
2025-01-04 18:24:17,850 [INFO] WebApp:190 - Connection lost
2025-01-04 19:06:51,952 [INFO] WebApp:187 - Connection restablished
2025-01-04 19:57:22,441 [INFO] WebApp:190 - Connection lost
2025-01-04 20:51:02,683 [INFO] WebApp:187 - Connection restablished
2025-01-04 20:51:59,808 [INFO] WebApp:190 - Connection lost
2025-01-04 20:52:00,196 [INFO] WebApp:187 - Connection restablished
2025-01-04 21:01:16,704 [ERROR] LogOutputStream:75 - [STDERR_REDIRECT] 
