2024-12-19 18:13:21,672 [INFO] Activator:176 - 


2024-12-19 18:13:21,676 [INFO] Activator:177 - !SESSION log4j initialized
2024-12-19 18:13:31,202 [INFO] LogOutputStream:77 - [STDOUT_REDIRECT] 
2024-12-19 18:13:41,528 [INFO] ApplicationProperties:184 - Using Application install path: D:\STM32CubeIDE_1.15.0\STM32CubeIDE\plugins\com.st.stm32cube.common.mx_6.13.0.202411220809
2024-12-19 18:13:41,587 [INFO] DbMcusXml:78 - Set database path to: D:\STM32CubeIDE_1.15.0\STM32CubeIDE\plugins\com.st.stm32cube.common.mx_6.13.0.202411220809\\db\/mcu/
2024-12-19 18:13:41,588 [INFO] ApiDb:274 - Set plugin database path to: D:\STM32CubeIDE_1.15.0\STM32CubeIDE\plugins\com.st.stm32cube.common.mx_6.13.0.202411220809\\db\/plugins/boardmanager/
2024-12-19 18:13:41,590 [WARN] ApiDb:259 - Overriding images path with different value:  => D:\STM32CubeIDE_1.15.0\STM32CubeIDE\plugins\com.st.stm32cube.common.mx_6.13.0.202411220809\\db\/plugins/mcufinder/images/
2024-12-19 18:13:41,616 [INFO] ApiDb:250 - Set database path to: C:\Users\hp\.stmcufinder\plugins\mcufinder//mcu/
2024-12-19 18:13:41,620 [INFO] DbMcusAds:125 - Set database path to: C:\Users\hp\.stmcufinder\plugins\mcufinder//mcu/
2024-12-19 18:13:41,630 [INFO] CrossReferenceDbSqlite:203 - Set database path to: C:\Users\hp\.stmcufinder\plugins\mcufinder//mcu/cs/
2024-12-19 18:13:42,411 [INFO] RulesReader:64 - Compatibility file has been processed (297 Rules)
2024-12-19 18:13:42,632 [INFO] DbMcusXml:78 - Set database path to: D:\STM32CubeIDE_1.15.0\STM32CubeIDE\plugins\com.st.stm32cube.common.mx_6.13.0.202411220809\\db\/mcu/
2024-12-19 18:13:42,633 [INFO] ApiDb:274 - Set plugin database path to: D:\STM32CubeIDE_1.15.0\STM32CubeIDE\plugins\com.st.stm32cube.common.mx_6.13.0.202411220809\\db\/plugins/boardmanager/
2024-12-19 18:13:42,633 [INFO] ApiDb:261 - Set plugin images path to: D:\STM32CubeIDE_1.15.0\STM32CubeIDE\plugins\com.st.stm32cube.common.mx_6.13.0.202411220809\\db\/plugins/mcufinder/images/
2024-12-19 18:13:42,633 [WARN] DbFile:41 - Overriding database path with different value: C:\Users\hp\.stmcufinder\plugins\mcufinder/ => C:\Users\hp\.stmcufinder\plugins\mcufinder
2024-12-19 18:13:42,634 [INFO] ApiDb:250 - Set database path to: C:\Users\hp\.stmcufinder\plugins\mcufinder//mcu/
2024-12-19 18:13:42,634 [WARN] DbFile:41 - Overriding database path with different value: C:\Users\hp\.stmcufinder\plugins\mcufinder/ => C:\Users\hp\.stmcufinder\plugins\mcufinder
2024-12-19 18:13:42,634 [INFO] DbMcusAds:125 - Set database path to: C:\Users\hp\.stmcufinder\plugins\mcufinder//mcu/
2024-12-19 18:13:42,634 [WARN] DbFile:41 - Overriding database path with different value: C:\Users\hp\.stmcufinder\plugins\mcufinder/ => C:\Users\hp\.stmcufinder\plugins\mcufinder
2024-12-19 18:13:42,634 [WARN] DbFile:41 - Overriding database path with different value: C:\Users\hp\.stmcufinder\plugins\mcufinder/ => C:\Users\hp\.stmcufinder\plugins\mcufinder
2024-12-19 18:13:42,639 [INFO] CrossReferenceDbSqlite:203 - Set database path to: C:\Users\hp\.stmcufinder\plugins\mcufinder//mcu/cs/
2024-12-19 18:13:42,785 [INFO] MainPanel:272 - HeapMemory: 268435456
2024-12-19 18:13:43,036 [INFO] DbMcusXml:78 - Set database path to: D:\STM32CubeIDE_1.15.0\STM32CubeIDE\plugins\com.st.stm32cube.common.mx_6.13.0.202411220809\\db\/mcu/
2024-12-19 18:13:43,037 [INFO] ApiDb:274 - Set plugin database path to: D:\STM32CubeIDE_1.15.0\STM32CubeIDE\plugins\com.st.stm32cube.common.mx_6.13.0.202411220809\\db\/plugins/boardmanager/
2024-12-19 18:13:43,037 [INFO] ApiDb:261 - Set plugin images path to: D:\STM32CubeIDE_1.15.0\STM32CubeIDE\plugins\com.st.stm32cube.common.mx_6.13.0.202411220809\\db\/plugins/mcufinder/images/
2024-12-19 18:13:43,038 [WARN] DbFile:41 - Overriding database path with different value: C:\Users\hp\.stmcufinder\plugins\mcufinder/ => C:\Users\hp\.stmcufinder\plugins\mcufinder
2024-12-19 18:13:43,039 [INFO] ApiDb:250 - Set database path to: C:\Users\hp\.stmcufinder\plugins\mcufinder//mcu/
2024-12-19 18:13:43,039 [WARN] DbFile:41 - Overriding database path with different value: C:\Users\hp\.stmcufinder\plugins\mcufinder/ => C:\Users\hp\.stmcufinder\plugins\mcufinder
2024-12-19 18:13:43,039 [INFO] DbMcusAds:125 - Set database path to: C:\Users\hp\.stmcufinder\plugins\mcufinder//mcu/
2024-12-19 18:13:43,039 [WARN] DbFile:41 - Overriding database path with different value: C:\Users\hp\.stmcufinder\plugins\mcufinder/ => C:\Users\hp\.stmcufinder\plugins\mcufinder
2024-12-19 18:13:43,040 [WARN] DbFile:41 - Overriding database path with different value: C:\Users\hp\.stmcufinder\plugins\mcufinder/ => C:\Users\hp\.stmcufinder\plugins\mcufinder
2024-12-19 18:13:43,040 [INFO] CrossReferenceDbSqlite:203 - Set database path to: C:\Users\hp\.stmcufinder\plugins\mcufinder//mcu/cs/
2024-12-19 18:13:43,079 [INFO] ApplicationProperties:184 - Using Application install path: D:\STM32CubeIDE_1.15.0\STM32CubeIDE\plugins\com.st.stm32cube.common.mx_6.13.0.202411220809
2024-12-19 18:13:43,082 [INFO] PluginManage:196 - Search for loadable plugins [exclusion list=, ]
2024-12-19 18:13:43,269 [INFO] PluginManage:310 - Check plugin analytics
2024-12-19 18:13:44,157 [INFO] McuFinderGlobals:63 - Set McuFinder mode to 2 (CubeIDE integrated)
2024-12-19 18:13:48,259 [INFO] AnalyticsPlugin:253 - Accepted Software Licenses: 
2024-12-19 18:13:48,260 [INFO] AnalyticsPlugin:255 - Accepted CMSIS Pack Licenses: 
2024-12-19 18:13:48,260 [INFO] AnalyticsPlugin:257 - Accepted Firmware Licenses: 
2024-12-19 18:13:48,267 [INFO] PluginManage:359 - Loaded plugin analytics (category:tool,tabindex:-1)
2024-12-19 18:13:48,267 [INFO] PluginManage:310 - Check plugin cadmodel
2024-12-19 18:13:48,309 [INFO] CADModel:105 - Init CAD model plugin
2024-12-19 18:13:48,309 [INFO] PluginManage:359 - Loaded plugin cadmodel (category:power,tabindex:5)
2024-12-19 18:13:48,310 [INFO] PluginManage:310 - Check plugin clock
2024-12-19 18:13:48,350 [INFO] PluginManage:359 - Loaded plugin clock (category:base,tabindex:2)
2024-12-19 18:13:48,350 [INFO] PluginManage:310 - Check plugin ddr
2024-12-19 18:13:48,357 [INFO] PluginManage:359 - Loaded plugin ddr (category:tool,tabindex:6)
2024-12-19 18:13:48,357 [INFO] PluginManage:310 - Check plugin filemanager
2024-12-19 18:13:48,642 [INFO] PluginManage:359 - Loaded plugin filemanager (category:base,tabindex:10)
2024-12-19 18:13:48,642 [INFO] PluginManage:310 - Check plugin ipmanager
2024-12-19 18:13:48,656 [INFO] PluginManage:359 - Loaded plugin ipmanager (category:base,tabindex:5)
2024-12-19 18:13:48,657 [INFO] PluginManage:310 - Check plugin lpbam
2024-12-19 18:13:48,689 [INFO] PluginManage:359 - Loaded plugin lpbam (category:base,tabindex:0)
2024-12-19 18:13:48,689 [INFO] PluginManage:310 - Check plugin memorymap
2024-12-19 18:13:48,733 [INFO] PluginManage:359 - Loaded plugin memorymap (category:base,tabindex:4)
2024-12-19 18:13:48,733 [INFO] PluginManage:310 - Check plugin pinoutandconfiguration
2024-12-19 18:13:48,767 [INFO] PluginManage:359 - Loaded plugin pinoutandconfiguration (category:base,tabindex:1)
2024-12-19 18:13:48,768 [INFO] PluginManage:310 - Check plugin pinoutconfig
2024-12-19 18:13:48,948 [WARN] SupportedApi:132 - Cannot load RTOS API schema: s4s-elt-must-match.1: The content of 'definitions' must match (annotation?, (simpleType | complexType)?, (unique | key | keyref)*)). A problem was found starting at: attribute.
2024-12-19 18:13:49,218 [INFO] PluginManage:359 - Loaded plugin pinoutconfig (category:base,tabindex:0)
2024-12-19 18:13:49,219 [INFO] PluginManage:310 - Check plugin power
2024-12-19 18:13:49,263 [INFO] PluginManage:359 - Loaded plugin power (category:power,tabindex:4)
2024-12-19 18:13:49,263 [INFO] PluginManage:310 - Check plugin projectmanager
2024-12-19 18:13:49,332 [INFO] PluginManage:359 - Loaded plugin projectmanager (category:projectmanager,tabindex:4)
2024-12-19 18:13:49,333 [INFO] PluginManage:310 - Check plugin rif
2024-12-19 18:13:49,378 [INFO] PluginManage:359 - Loaded plugin rif (category:base,tabindex:3)
2024-12-19 18:13:49,379 [INFO] PluginManage:310 - Check plugin thirdparty
2024-12-19 18:13:50,134 [INFO] PluginManage:359 - Loaded plugin thirdparty (category:base,tabindex:-1)
2024-12-19 18:13:50,135 [INFO] PluginManage:310 - Check plugin tools
2024-12-19 18:13:50,134 [WARN] IntegrityCheckThread:84 - waiting for thirdparty lock release [integrity check]
2024-12-19 18:13:50,136 [INFO] IntegrityCheckThread:86 - entering critical section [integrity check]
2024-12-19 18:13:50,139 [INFO] ThirdPartyUpdaterWithRetryManager:70 - Updater plugin not ready yet. [1/15]
2024-12-19 18:13:50,243 [INFO] PluginManage:359 - Loaded plugin tools (category:base,tabindex:7)
2024-12-19 18:13:50,243 [INFO] PluginManage:310 - Check plugin tutovideos
2024-12-19 18:13:50,629 [INFO] PluginManage:359 - Loaded plugin tutovideos (category:base,tabindex:-1)
2024-12-19 18:13:50,630 [INFO] PluginManage:310 - Check plugin updater
2024-12-19 18:13:50,671 [INFO] PluginManage:359 - Loaded plugin updater (category:base,tabindex:12)
2024-12-19 18:13:50,671 [INFO] PluginManage:310 - Check plugin userauth
2024-12-19 18:13:50,679 [INFO] UserAuth:118 - Init User Auth plugin
2024-12-19 18:13:50,682 [INFO] PluginManage:359 - Loaded plugin userauth (category:base,tabindex:14)
2024-12-19 18:13:50,683 [INFO] PluginManage:283 - PluginManage : Loaded plugins [18]
2024-12-19 18:13:51,223 [INFO] PinOutPanel:1589 - setPackage(No Configuration,No Configuration)
2024-12-19 18:13:51,517 [INFO] CADModel:165 - CPN selected for project level
2024-12-19 18:13:51,517 [INFO] CADModel:114 - Register for checkConnection events
2024-12-19 18:13:51,711 [INFO] IPUIPlugin:80 - create IPUIPlugin
2024-12-19 18:13:51,711 [INFO] PluginManager:220 - loadIPPluginJar : add adc
2024-12-19 18:13:51,791 [INFO] IPUIPlugin:80 - create IPUIPlugin
2024-12-19 18:13:51,791 [INFO] PluginManager:220 - loadIPPluginJar : add aes
2024-12-19 18:13:51,902 [INFO] IPUIPlugin:80 - create IPUIPlugin
2024-12-19 18:13:51,902 [INFO] PluginManager:220 - loadIPPluginJar : add can
2024-12-19 18:13:51,953 [INFO] IPUIPlugin:80 - create IPUIPlugin
2024-12-19 18:13:51,953 [INFO] PluginManager:220 - loadIPPluginJar : add comp
2024-12-19 18:13:52,032 [INFO] IPUIPlugin:80 - create IPUIPlugin
2024-12-19 18:13:52,032 [INFO] PluginManager:220 - loadIPPluginJar : add cryp
2024-12-19 18:13:52,058 [INFO] IPUIPlugin:80 - create IPUIPlugin
2024-12-19 18:13:52,059 [INFO] PluginManager:220 - loadIPPluginJar : add ddr_ctrl_phy
2024-12-19 18:13:52,117 [INFO] IPUIPlugin:80 - create IPUIPlugin
2024-12-19 18:13:52,117 [INFO] PluginManager:220 - loadIPPluginJar : add dfsdm
2024-12-19 18:13:52,141 [INFO] IPUIPlugin:80 - create IPUIPlugin
2024-12-19 18:13:52,142 [INFO] PluginManager:220 - loadIPPluginJar : add dma
2024-12-19 18:13:52,219 [INFO] IPUIPlugin:80 - create IPUIPlugin
2024-12-19 18:13:52,219 [INFO] PluginManager:220 - loadIPPluginJar : add dma3
2024-12-19 18:13:52,308 [INFO] IPUIPlugin:80 - create IPUIPlugin
2024-12-19 18:13:52,309 [INFO] PluginManager:220 - loadIPPluginJar : add extmemmanager
2024-12-19 18:13:52,347 [INFO] IPUIPlugin:80 - create IPUIPlugin
2024-12-19 18:13:52,347 [INFO] PluginManager:220 - loadIPPluginJar : add fatfs
2024-12-19 18:13:52,442 [INFO] IPUIPlugin:80 - create IPUIPlugin
2024-12-19 18:13:52,443 [INFO] PluginManager:220 - loadIPPluginJar : add fmc
2024-12-19 18:13:52,476 [INFO] IPUIPlugin:80 - create IPUIPlugin
2024-12-19 18:13:52,476 [INFO] PluginManager:220 - loadIPPluginJar : add freertos
2024-12-19 18:13:52,521 [INFO] IPUIPlugin:80 - create IPUIPlugin
2024-12-19 18:13:52,522 [INFO] PluginManager:220 - loadIPPluginJar : add genericplugin
2024-12-19 18:13:52,711 [INFO] IPUIPlugin:80 - create IPUIPlugin
2024-12-19 18:13:52,712 [INFO] PluginManager:220 - loadIPPluginJar : add gfxmmu
2024-12-19 18:13:53,104 [INFO] IPUIPlugin:80 - create IPUIPlugin
2024-12-19 18:13:53,104 [INFO] PluginManager:220 - loadIPPluginJar : add gic
2024-12-19 18:13:53,141 [INFO] ThirdPartyUpdaterWithRetryManager:70 - Updater plugin not ready yet. [2/15]
2024-12-19 18:13:53,144 [INFO] IPUIPlugin:80 - create IPUIPlugin
2024-12-19 18:13:53,145 [INFO] PluginManager:220 - loadIPPluginJar : add gpio
2024-12-19 18:13:53,359 [INFO] IPUIPlugin:80 - create IPUIPlugin
2024-12-19 18:13:53,360 [INFO] PluginManager:220 - loadIPPluginJar : add gtzc
2024-12-19 18:13:53,430 [INFO] IPUIPlugin:80 - create IPUIPlugin
2024-12-19 18:13:53,431 [INFO] PluginManager:220 - loadIPPluginJar : add hash
2024-12-19 18:13:53,547 [INFO] IPUIPlugin:80 - create IPUIPlugin
2024-12-19 18:13:53,547 [INFO] PluginManager:220 - loadIPPluginJar : add i2c
2024-12-19 18:13:53,626 [INFO] IPUIPlugin:80 - create IPUIPlugin
2024-12-19 18:13:53,626 [INFO] PluginManager:220 - loadIPPluginJar : add i2s
2024-12-19 18:13:53,706 [INFO] IPUIPlugin:80 - create IPUIPlugin
2024-12-19 18:13:53,706 [INFO] PluginManager:220 - loadIPPluginJar : add i3c
2024-12-19 18:13:53,963 [INFO] IPUIPlugin:80 - create IPUIPlugin
2024-12-19 18:13:53,963 [INFO] PluginManager:220 - loadIPPluginJar : add ipddr
2024-12-19 18:13:54,167 [INFO] IPUIPlugin:80 - create IPUIPlugin
2024-12-19 18:13:54,167 [INFO] PluginManager:220 - loadIPPluginJar : add linkedlist
2024-12-19 18:13:54,236 [INFO] IPUIPlugin:80 - create IPUIPlugin
2024-12-19 18:13:54,236 [INFO] PluginManager:220 - loadIPPluginJar : add lorawan
2024-12-19 18:13:54,316 [INFO] IPUIPlugin:80 - create IPUIPlugin
2024-12-19 18:13:54,317 [INFO] PluginManager:220 - loadIPPluginJar : add ltdc
2024-12-19 18:13:54,343 [INFO] IPUIPlugin:80 - create IPUIPlugin
2024-12-19 18:13:54,343 [INFO] PluginManager:220 - loadIPPluginJar : add mdma
2024-12-19 18:13:54,367 [INFO] IPUIPlugin:80 - create IPUIPlugin
2024-12-19 18:13:54,367 [INFO] PluginManager:220 - loadIPPluginJar : add nvic
2024-12-19 18:13:54,458 [INFO] IPUIPlugin:80 - create IPUIPlugin
2024-12-19 18:13:54,458 [INFO] PluginManager:220 - loadIPPluginJar : add opamp
2024-12-19 18:13:54,607 [INFO] IPUIPlugin:80 - create IPUIPlugin
2024-12-19 18:13:54,607 [INFO] PluginManager:220 - loadIPPluginJar : add openamp
2024-12-19 18:13:54,729 [INFO] IPUIPlugin:80 - create IPUIPlugin
2024-12-19 18:13:54,729 [INFO] PluginManager:220 - loadIPPluginJar : add pdm2pcm
2024-12-19 18:13:54,762 [INFO] IPUIPlugin:80 - create IPUIPlugin
2024-12-19 18:13:54,766 [INFO] PluginManager:220 - loadIPPluginJar : add plateformsettings
2024-12-19 18:13:54,827 [INFO] IPUIPlugin:80 - create IPUIPlugin
2024-12-19 18:13:54,828 [INFO] PluginManager:220 - loadIPPluginJar : add quadspi
2024-12-19 18:13:54,904 [INFO] IPUIPlugin:80 - create IPUIPlugin
2024-12-19 18:13:54,906 [INFO] PluginManager:220 - loadIPPluginJar : add radio
2024-12-19 18:13:54,936 [INFO] IPUIPlugin:80 - create IPUIPlugin
2024-12-19 18:13:54,936 [INFO] PluginManager:220 - loadIPPluginJar : add resmgrutility
2024-12-19 18:13:55,050 [INFO] IPUIPlugin:80 - create IPUIPlugin
2024-12-19 18:13:55,050 [INFO] PluginManager:220 - loadIPPluginJar : add sai
2024-12-19 18:13:55,153 [INFO] IPUIPlugin:80 - create IPUIPlugin
2024-12-19 18:13:55,153 [INFO] PluginManager:220 - loadIPPluginJar : add spi
2024-12-19 18:13:55,328 [INFO] IPUIPlugin:80 - create IPUIPlugin
2024-12-19 18:13:55,329 [INFO] PluginManager:220 - loadIPPluginJar : add stm32_wpan
2024-12-19 18:13:55,382 [INFO] IPUIPlugin:80 - create IPUIPlugin
2024-12-19 18:13:55,383 [INFO] PluginManager:220 - loadIPPluginJar : add tim
2024-12-19 18:13:55,645 [INFO] IPUIPlugin:80 - create IPUIPlugin
2024-12-19 18:13:55,645 [INFO] PluginManager:220 - loadIPPluginJar : add touchsensing
2024-12-19 18:13:55,716 [INFO] IPUIPlugin:80 - create IPUIPlugin
2024-12-19 18:13:55,717 [INFO] PluginManager:220 - loadIPPluginJar : add tracer_emb
2024-12-19 18:13:55,856 [INFO] IPUIPlugin:80 - create IPUIPlugin
2024-12-19 18:13:55,857 [INFO] PluginManager:220 - loadIPPluginJar : add ts
2024-12-19 18:13:55,940 [INFO] IPUIPlugin:80 - create IPUIPlugin
2024-12-19 18:13:55,941 [INFO] PluginManager:220 - loadIPPluginJar : add tsc
2024-12-19 18:13:56,013 [INFO] IPUIPlugin:80 - create IPUIPlugin
2024-12-19 18:13:56,013 [INFO] PluginManager:220 - loadIPPluginJar : add ucpd
2024-12-19 18:13:56,121 [INFO] IPUIPlugin:80 - create IPUIPlugin
2024-12-19 18:13:56,121 [INFO] PluginManager:220 - loadIPPluginJar : add usart
2024-12-19 18:13:56,142 [INFO] ThirdPartyUpdaterWithRetryManager:70 - Updater plugin not ready yet. [3/15]
2024-12-19 18:13:56,232 [INFO] IPUIPlugin:80 - create IPUIPlugin
2024-12-19 18:13:56,232 [INFO] PluginManager:220 - loadIPPluginJar : add usbx
2024-12-19 18:13:56,446 [FATAL] Updater:351 - Updater called before beeing initialized
2024-12-19 18:13:56,511 [INFO] RulesReader:64 - Compatibility file has been processed (297 Rules)
2024-12-19 18:13:56,546 [INFO] RulesReader:64 - Compatibility file has been processed (297 Rules)
2024-12-19 18:13:56,562 [INFO] CADModel:165 - CPN selected for project level
2024-12-19 18:13:56,563 [INFO] CADModel:114 - Register for checkConnection events
2024-12-19 18:13:56,563 [FATAL] Updater:351 - Updater called before beeing initialized
2024-12-19 18:13:56,563 [ERROR] CADModel:125 - Updater not yet initialized, retry later 
2024-12-19 18:13:56,919 [FATAL] Updater:351 - Updater called before beeing initialized
2024-12-19 18:13:56,922 [INFO] CADModel:165 - CPN selected for project level
2024-12-19 18:13:56,922 [INFO] CADModel:114 - Register for checkConnection events
2024-12-19 18:13:56,923 [FATAL] Updater:351 - Updater called before beeing initialized
2024-12-19 18:13:56,923 [ERROR] CADModel:125 - Updater not yet initialized, retry later 
2024-12-19 18:13:56,928 [FATAL] Updater:351 - Updater called before beeing initialized
2024-12-19 18:13:57,176 [FATAL] Updater:351 - Updater called before beeing initialized
2024-12-19 18:13:57,205 [INFO] DbMcusAds:53 - JSON generation date=Fri Sep 20 18:34:23 IST 2024 (1726837463113)
2024-12-19 18:13:57,206 [FATAL] Updater:351 - Updater called before beeing initialized
2024-12-19 18:13:57,427 [WARN] DetailPanel:346 - Failed to get advertising image, set to default
2024-12-19 18:13:58,076 [FATAL] Updater:351 - Updater called before beeing initialized
2024-12-19 18:13:58,081 [FATAL] Updater:351 - Updater called before beeing initialized
2024-12-19 18:13:58,082 [FATAL] Updater:351 - Updater called before beeing initialized
2024-12-19 18:13:58,082 [WARN] DetailPanel:346 - Failed to get advertising image, set to default
2024-12-19 18:13:58,084 [FATAL] Updater:351 - Updater called before beeing initialized
2024-12-19 18:13:58,266 [ERROR] Updater:1198 - MainUpdater not yet initialized. External WinMGr cannot be set.
2024-12-19 18:13:58,328 [INFO] Updater:1134 - Updater Version found : 6.13.0
2024-12-19 18:13:58,371 [INFO] ApplicationProperties:184 - Using Application install path: D:\STM32CubeIDE_1.15.0\STM32CubeIDE\plugins\com.st.stm32cube.common.mx_6.13.0.202411220809
2024-12-19 18:13:59,143 [INFO] ThirdPartyUpdaterWithRetryManager:70 - Updater plugin not ready yet. [4/15]
2024-12-19 18:14:00,007 [ERROR] LogOutputStream:75 - [STDERR_REDIRECT] Dec 19, 2024 6:13:59 PM java.util.prefs.WindowsPreferences <init>
2024-12-19 18:14:00,010 [ERROR] LogOutputStream:75 - [STDERR_REDIRECT] WARNING: Could not open/create prefs root node Software\JavaSoft\Prefs at root 0xffffffff80000002. Windows RegCreateKeyEx(...) returned error code 5.
2024-12-19 18:14:00,011 [ERROR] LogOutputStream:75 - [STDERR_REDIRECT] 
2024-12-19 18:14:00,770 [INFO] MainUpdater:2872 - connection check result : 10
2024-12-19 18:14:00,770 [INFO] MainUpdater:3566 - Updater definition file requires update
2024-12-19 18:14:00,773 [INFO] MainUpdater:289 - Updater Check For Update Now.
2024-12-19 18:14:00,773 [INFO] MicroXplorer:498 - Change Database Version : DB.6.0.130
2024-12-19 18:14:00,849 [INFO] McuFinderGlobals:63 - Set McuFinder mode to 2 (CubeIDE integrated)
2024-12-19 18:14:00,850 [INFO] UserAuth:171 - activating auth plugin
2024-12-19 18:14:00,861 [INFO] UserAuth:486 - Internet connection configuration mode: 1
2024-12-19 18:14:00,943 [INFO] JxBrowserEngine:152 - Initiate JxBrowser Engine with user profile folder
2024-12-19 18:14:02,144 [WARN] MainUpdater:1193 - Updater busy. Cannot search thirdparties
2024-12-19 18:14:02,145 [INFO] ThirdPartyUpdaterWithRetryManager:96 - Updater plugin is busy. [1/15]
2024-12-19 18:14:03,902 [INFO] ServerAccessManage:473 - Download File updaters.zip
2024-12-19 18:14:05,150 [WARN] MainUpdater:1193 - Updater busy. Cannot search thirdparties
2024-12-19 18:14:05,151 [INFO] ThirdPartyUpdaterWithRetryManager:96 - Updater plugin is busy. [2/15]
2024-12-19 18:14:05,273 [INFO] FileExtend:240 - Unzip File : updaters.zip
2024-12-19 18:14:05,274 [INFO] FileExtend:255 - Standard Zip Deflate
2024-12-19 18:14:08,190 [WARN] MainUpdater:1193 - Updater busy. Cannot search thirdparties
2024-12-19 18:14:08,191 [INFO] ThirdPartyUpdaterWithRetryManager:96 - Updater plugin is busy. [3/15]
2024-12-19 18:14:08,696 [INFO] WebApp:168 - Instantiating new browser for Auth
2024-12-19 18:14:08,877 [INFO] ServerAccessManage:473 - Download File PacksControlFlags.xml
2024-12-19 18:14:10,263 [INFO] ServerAccessManage:473 - Download File cubemx.pidx
2024-12-19 18:14:11,264 [WARN] MainUpdater:1193 - Updater busy. Cannot search thirdparties
2024-12-19 18:14:11,265 [INFO] ThirdPartyUpdaterWithRetryManager:96 - Updater plugin is busy. [4/15]
2024-12-19 18:14:14,367 [WARN] MainUpdater:1193 - Updater busy. Cannot search thirdparties
2024-12-19 18:14:14,367 [INFO] ThirdPartyUpdaterWithRetryManager:96 - Updater plugin is busy. [5/15]
2024-12-19 18:14:16,323 [INFO] WebApp:449 - Apply proxy settings
2024-12-19 18:14:16,324 [INFO] WebApp:534 - Chromium requires no authentication
2024-12-19 18:14:16,934 [INFO] WebApp:477 - Direct internet connection detected
2024-12-19 18:14:17,287 [INFO] ServerAccessManage:473 - Download File STMicroelectronics.X-CUBE-FREERTOS.pdsc
2024-12-19 18:14:17,368 [WARN] MainUpdater:1193 - Updater busy. Cannot search thirdparties
2024-12-19 18:14:17,368 [INFO] ThirdPartyUpdaterWithRetryManager:96 - Updater plugin is busy. [6/15]
2024-12-19 18:14:18,653 [INFO] WebApp:880 - Register for checkConnection events
2024-12-19 18:14:18,653 [INFO] WebApp:449 - Apply proxy settings
2024-12-19 18:14:18,653 [INFO] WebApp:534 - Chromium requires no authentication
2024-12-19 18:14:18,654 [INFO] WebApp:477 - Direct internet connection detected
2024-12-19 18:14:19,862 [INFO] ServerAccessManage:473 - Download File STMicroelectronics.X-CUBE-GNSS1.pdsc
2024-12-19 18:14:20,386 [WARN] MainUpdater:1193 - Updater busy. Cannot search thirdparties
2024-12-19 18:14:20,387 [INFO] ThirdPartyUpdaterWithRetryManager:96 - Updater plugin is busy. [7/15]
2024-12-19 18:14:21,456 [ERROR] ServerAccessManage:1089 - Problem, file not found on Server
2024-12-19 18:14:22,057 [ERROR] ServerAccessManage:1089 - Problem, file not found on Server
2024-12-19 18:14:22,681 [ERROR] ServerAccessManage:1089 - Problem, file not found on Server
2024-12-19 18:14:23,244 [ERROR] ServerAccessManage:1089 - Problem, file not found on Server
2024-12-19 18:14:23,317 [INFO] MainUpdater:2872 - connection check result : 10
2024-12-19 18:14:23,389 [WARN] MainUpdater:1193 - Updater busy. Cannot search thirdparties
2024-12-19 18:14:23,389 [INFO] ThirdPartyUpdaterWithRetryManager:96 - Updater plugin is busy. [8/15]
2024-12-19 18:14:23,842 [ERROR] ServerAccessManage:1089 - Problem, file not found on Server
2024-12-19 18:14:24,430 [ERROR] ServerAccessManage:1089 - Problem, file not found on Server
2024-12-19 18:14:24,662 [INFO] WebApp:187 - Connection restablished
2024-12-19 18:14:24,665 [INFO] WebApp:221 - Starting web application
2024-12-19 18:14:24,665 [INFO] WebApp:579 - Web application path used D:\STM32CubeIDE_1.15.0\STM32CubeIDE\plugins\com.st.stm32cube.common.mx_6.13.0.202411220809\db\plugins\mcufinder\reactClient1\index.html
2024-12-19 18:14:26,372 [INFO] ServerAccessManage:473 - Download File STMicroelectronics.X-CUBE-MEMS1.pdsc
2024-12-19 18:14:26,390 [WARN] MainUpdater:1193 - Updater busy. Cannot search thirdparties
2024-12-19 18:14:26,390 [INFO] ThirdPartyUpdaterWithRetryManager:96 - Updater plugin is busy. [9/15]
2024-12-19 18:14:29,393 [WARN] MainUpdater:1193 - Updater busy. Cannot search thirdparties
2024-12-19 18:14:29,394 [INFO] ThirdPartyUpdaterWithRetryManager:96 - Updater plugin is busy. [10/15]
2024-12-19 18:14:32,395 [WARN] MainUpdater:1193 - Updater busy. Cannot search thirdparties
2024-12-19 18:14:32,395 [INFO] ThirdPartyUpdaterWithRetryManager:96 - Updater plugin is busy. [11/15]
2024-12-19 18:14:39,955 [WARN] MainUpdater:1193 - Updater busy. Cannot search thirdparties
2024-12-19 18:14:39,958 [INFO] ThirdPartyUpdaterWithRetryManager:96 - Updater plugin is busy. [12/15]
2024-12-19 18:14:42,959 [WARN] MainUpdater:1193 - Updater busy. Cannot search thirdparties
2024-12-19 18:14:42,959 [INFO] ThirdPartyUpdaterWithRetryManager:96 - Updater plugin is busy. [13/15]
2024-12-19 18:14:48,398 [WARN] MainUpdater:1193 - Updater busy. Cannot search thirdparties
2024-12-19 18:14:48,399 [INFO] ServerAccessManage:473 - Download File STMicroelectronics.X-CUBE-TCPP.pdsc
2024-12-19 18:14:48,400 [INFO] ThirdPartyUpdaterWithRetryManager:96 - Updater plugin is busy. [14/15]
2024-12-19 18:14:51,401 [WARN] MainUpdater:1193 - Updater busy. Cannot search thirdparties
2024-12-19 18:14:51,402 [INFO] ThirdPartyUpdaterWithRetryManager:96 - Updater plugin is busy. [15/15]
2024-12-19 18:14:51,417 [ERROR] IntegrityCheckThread:130 - Cannot retrieve database content from updater: error -1
2024-12-19 18:14:51,420 [INFO] ThirdParty:978 - Integrity check success = false
2024-12-19 18:14:51,421 [INFO] IntegrityCheckThread:100 - exiting critical section [integrity check]
2024-12-19 18:14:51,421 [INFO] IntegrityCheckThread:103 - End integrity checks thread
2024-12-19 18:15:01,477 [INFO] ApiDb:581 - Connected to CubeFinder SQLite database (C:\Users\hp\.stmcufinder\plugins\mcufinder\mcu\cube-finder-db.db)
2024-12-19 18:15:01,896 [INFO] ApiDb:668 - CubeFinder database Data Model version=2.1
2024-12-19 18:15:01,896 [INFO] ApiDb:669 - CubeFinder database Configuration version=3.0.39
2024-12-19 18:15:01,897 [INFO] ApiDb:670 - CubeFinder database generation date=2024-11-21 (1732182206)
2024-12-19 18:15:01,897 [INFO] ApiDb:671 - CubeFinder database FW Pack versions=[FP-ATR-ASTRA1_V2.0.0, FP-SNS-FLIGHT1_V5.0.2, FP-SNS-MOTENV1_V5.0.0, FP-SNS-MOTENVWB1_V1.4.0, FP-SNS-SMARTAG2_V1.2.0, FP-SNS-STBOX1_V2.0.0, STM32Cube_FW_C0_V1.3.0, STM32Cube_FW_F4_V1.28.1, STM32Cube_FW_F7_V1.17.2, STM32Cube_FW_G0_V1.6.2, STM32Cube_FW_G4_V1.6.1, STM32Cube_FW_H5_V1.4.0, STM32Cube_FW_H7RS_V1.1.0, STM32Cube_FW_H7_V1.12.0, STM32Cube_FW_L0_V1.12.2, STM32Cube_FW_L4_V1.18.1, STM32Cube_FW_L5_V1.5.1, STM32Cube_FW_N6_V1.0.0, STM32Cube_FW_U0_V1.2.0, STM32Cube_FW_U3_V1.0.0, STM32Cube_FW_U5_V1.7.0, STM32Cube_FW_WB0_V1.1.0, STM32Cube_FW_WBA_V1.5.0, STM32Cube_FW_WB_V1.21.0, STM32Cube_FW_WL3_V1.0.0, STM32Cube_FW_WL_V1.3.0, X-CUBE-ALGOBUILD_V1.4.0, X-CUBE-ALS_V1.0.2, X-CUBE-AZRTOS-F4_V1.1.0, X-CUBE-AZRTOS-F7_V1.1.0, X-CUBE-AZRTOS-G0_V1.1.0, X-CUBE-AZRTOS-G4_V2.0.0, X-CUBE-AZRTOS-H7RS_V1.0.0, X-CUBE-AZRTOS-H7_V3.3.0, X-CUBE-AZRTOS-L4_V2.0.0, X-CUBE-AZRTOS-L5_V2.0.0, X-CUBE-AZRTOS-WB_V2.0.0, X-CUBE-AZRTOS-WL_V2.0.0, X-CUBE-BLE1_V7.0.0, X-CUBE-BLE2_V3.3.0, X-CUBE-BLEMGR_V3.1.0, X-CUBE-EEPRMA1_V5.1.0, X-CUBE-FREERTOS_V1.2.0, X-CUBE-GNSS1_V6.0.0, X-CUBE-MEMS1_V11.0.0, X-CUBE-NFC4_V3.0.0, X-CUBE-NFC7_V1.0.1, X-CUBE-SFXS2LP1_V4.0.0, X-CUBE-SUBG2_V5.0.0, X-CUBE-TOF1_V3.4.2]
2024-12-19 18:15:02,275 [WARN] PackLoader:240 - Cannot read IP mode file for STMicroelectronics.X-CUBE-FREERTOS.1.3.0
2024-12-19 18:15:02,360 [WARN] PackLoader:240 - Cannot read IP mode file for STMicroelectronics.X-CUBE-GNSS1.7.0.1
2024-12-19 18:15:02,521 [INFO] DbBoardsSqlite:226 - include board P-NUCLEO-WB55-NUCLEO as a kit item of type 'Nucleo-64'
2024-12-19 18:15:02,522 [INFO] DbBoardsSqlite:226 - include board P-NUCLEO-WB55-USBDONGLE as a kit item of type 'Nucleo USB Dongle'
2024-12-19 18:15:02,525 [INFO] DbBoardsSqlite:226 - include board STEVAL-IDP005V1 as a kit item of type 'Evaluation Board'
2024-12-19 18:15:02,526 [INFO] DbBoardsSqlite:226 - include board STEVAL-IDP005V2 as a kit item of type 'Evaluation Board'
2024-12-19 18:15:02,916 [WARN] PackLoader:240 - Cannot read IP mode file for STMicroelectronics.X-CUBE-MEMS1.11.1.0
2024-12-19 18:15:02,988 [INFO] CheckServerUpdateThread:120 - End of CheckServer Thread
2024-12-19 18:15:04,003 [WARN] PackLoader:240 - Cannot read IP mode file for STMicroelectronics.X-CUBE-TCPP.4.2.0
2024-12-19 18:15:04,012 [INFO] PopulateThirdPartyThread:66 - Ending populate Thread
2024-12-19 18:15:04,019 [INFO] ThirdParty:1030 - CMSIS Pack Vendor :STMicroelectronics X-CUBE-FREERTOS 1.3.0
2024-12-19 18:15:04,020 [INFO] ThirdParty:1030 - CMSIS Pack Vendor :STMicroelectronics X-CUBE-GNSS1 7.0.1
2024-12-19 18:15:04,020 [INFO] ThirdParty:1030 - CMSIS Pack Vendor :STMicroelectronics X-CUBE-MEMS1 11.1.0
2024-12-19 18:15:04,020 [INFO] ThirdParty:1030 - CMSIS Pack Vendor :STMicroelectronics X-CUBE-TCPP 4.2.0
2024-12-19 18:15:04,020 [INFO] LoadServerUpdatesThread:375 - End of LoadServerUpdate Thread
2024-12-19 18:15:05,251 [INFO] ApiDb:240 - Found 858 in-development CPN: [B-G473E-ZEST1S, B-WB1M-WPAN1, B-WBA5M-WPAN, B-WL5M-SUBG1, NUCLEO-C031C6, NUCLEO-C051C8, NUCLEO-C071RB, NUCLEO-C092RC, NUCLEO-H503RB, NUCLEO-H533RE, NUCLEO-H563ZI, NUCLEO-H7S3L8, NUCLEO-N657X0-Q, NUCLEO-U031R8, NUCLEO-U083RC, NUCLEO-U385RG-Q, NUCLEO-U545RE-Q, NUCLEO-U5A5ZJ-Q, NUCLEO-WB05KZ, NUCLEO-WB07CC, NUCLEO-WB09KE, NUCLEO-WBA52CG, NUCLEO-WBA55CG, NUCLEO-WL33CC1, NUCLEO-WL33CC2, STEVAL-PROTEUS1, STEVAL-SMARTAG2, STEVAL-STWINBX1, STM320518-EVAL, STM32C0116-DK, STM32C011D6Y3TR, STM32C011D6Y6TR, STM32C011F4P3, STM32C011F4P6, STM32C011F4U3, STM32C011F4U6TR, STM32C011F6P3, STM32C011F6P6, STM32C011F6U3, STM32C011F6U6TR, STM32C011J4M3, STM32C011J4M6, STM32C011J6M3, STM32C011J6M6, STM32C0316-DK, STM32C031C4T3, STM32C031C4T6, STM32C031C4U3, STM32C031C4U6, STM32C031C6T3, STM32C031C6T6, STM32C031C6U3, STM32C031C6U6, STM32C031F4P3, STM32C031F4P6, STM32C031F6P3, STM32C031F6P6, STM32C031G4U3, STM32C031G4U6, STM32C031G6U3, STM32C031G6U6, STM32C031K4T3, STM32C031K4T6, STM32C031K4U3, STM32C031K4U6, STM32C031K6T3, STM32C031K6T6, STM32C031K6U3, STM32C031K6U6, STM32C051C6T6, STM32C051C6U6, STM32C051C8T6, STM32C051C8U6, STM32C051D8Y6TR, STM32C051F6P6, STM32C051F8P6, STM32C051G6U6, STM32C051G8U6, STM32C051K6T6, STM32C051K6U6, STM32C051K8T6, STM32C071C8T6, STM32C071C8T6N, STM32C071C8U6, STM32C071C8U6N, STM32C071CBT6, STM32C071CBT6N, STM32C071CBU6, STM32C071CBU6N, STM32C071F8P6, STM32C071F8P6N, STM32C071FBP6, STM32C071FBP6N, STM32C071FBY6TR, STM32C071G8U6, STM32C071G8U6N, STM32C071GBU6, STM32C071GBU6N, STM32C071K8T6, STM32C071K8T6N, STM32C071K8U6, STM32C071K8U6N, STM32C071KBT6, STM32C071KBT6N, STM32C071KBU6, STM32C071KBU6N, STM32C071R8T6, STM32C071R8T6N, STM32C071RBI6N, STM32C071RBT6, STM32C071RBT6N, STM32C091CBT6, STM32C091CBU6, STM32C091CCT6, STM32C091CCU6, STM32C091ECY6TR, STM32C091FBP6, STM32C091FCP6, STM32C091GBU6, STM32C091GCU6, STM32C091KBT6, STM32C091KBU6, STM32C091KCT6, STM32C091KCU6, STM32C091RBT6, STM32C091RCI6, STM32C091RCT6, STM32C092CBT6, STM32C092CBU6, STM32C092CCT6, STM32C092CCU6, STM32C092ECY6TR, STM32C092FBP6, STM32C092FCP6, STM32C092GBU6, STM32C092GCU6, STM32C092KBT6, STM32C092KBU6, STM32C092KCT6, STM32C092KCU6, STM32C092RBT6, STM32C092RCI6, STM32C092RCT6, STM32G071K8TXN, STM32G071K8UXN, STM32G081GBU6N, STM32G081KBT6N, STM32G081KBUXN, STM32G0B1CCT6N, STM32G0B1KCT6, STM32G0B1NEY6TR, STM32G0B1RCT6N, STM32G0C1CCT6, STM32G0C1CCT6N, STM32G0C1CCU6N, STM32G0C1CET6N, STM32G0C1CEU6N, STM32G0C1KCT6, STM32G0C1NEY6TR, STM32G0C1RCI6N, STM32G0C1RCT6N, STM32G0C1REI6N, STM32G0C1RET6N, STM32G0C1VCI6, STM32G0C1VEI6, STM32G411C6T3, STM32G411C6T6, STM32G411C6U3, STM32G411C6U6, STM32G411C8T3, STM32G411C8T6, STM32G411C8U3, STM32G411C8U6, STM32G411CBT3, STM32G411CBT6, STM32G411CBU3, STM32G411CBU6, STM32G411CCT3, STM32G411CCT6, STM32G411CCU3, STM32G411CCU6, STM32G411K6T3, STM32G411K6T6, STM32G411K6U3, STM32G411K6U6, STM32G411K8T3, STM32G411K8T6, STM32G411K8U3, STM32G411K8U6, STM32G411KBT3, STM32G411KBT6, STM32G411KBU3, STM32G411KBU6, STM32G411M6T3, STM32G411M6T6, STM32G411M8T3, STM32G411M8T6, STM32G411MBT3, STM32G411MBT6, STM32G411MCT3, STM32G411MCT6, STM32G411R6T3, STM32G411R6T6, STM32G411R8T3, STM32G411R8T6, STM32G411RBT3, STM32G411RBT6, STM32G411RCT3, STM32G411RCT6, STM32G414CBT3, STM32G414CBT6, STM32G414CBU3, STM32G414CBU6, STM32G414CCT3, STM32G414CCT6, STM32G414CCU3, STM32G414CCU6, STM32G414MBT3, STM32G414MBT6, STM32G414MCT3, STM32G414MCT6, STM32G414RBT3, STM32G414RBT6, STM32G414RCT3, STM32G414RCT6, STM32G414VBT3, STM32G414VBT6, STM32G414VCT3, STM32G414VCT6, STM32G431CBT3Z, STM32G431RBT3Z, STM32G471CCT6, STM32G471CCU6, STM32G471CET3, STM32G471CET6, STM32G471CEU3, STM32G471CEU6, STM32G471MCT6, STM32G471MET3, STM32G471MET6, STM32G471MEY6TR, STM32G471QCT6, STM32G471QET3, STM32G471RCT6, STM32G471RET3, STM32G471RET6, STM32G471VCH6, STM32G471VCI6, STM32G471VCT6, STM32G471VEH3, STM32G471VEH6, STM32G471VEI3, STM32G471VEI6, STM32G471VET3, STM32G471VET6, STM32G473QET3Z, STM32G473RET3Z, STM32G474CCT6, STM32G491RET3Z, STM32H503CBT6, STM32H503CBU6, STM32H503EBY6TR, STM32H503KBU6, STM32H503RBT6, STM32H523CCT6, STM32H523CCU6, STM32H523CET6, STM32H523CEU6, STM32H523HEY6TR, STM32H523RCT6, STM32H523RET6, STM32H523VCI6, STM32H523VCT6, STM32H523VEI6, STM32H523VET6, STM32H523ZCJ6, STM32H523ZCT6, STM32H523ZEJ6, STM32H523ZET6, STM32H533CET6, STM32H533CEU6, STM32H533HEY6TR, STM32H533RET6, STM32H533VEI6, STM32H533VET6, STM32H533ZEJ6, STM32H533ZET6, STM32H562AGI6, STM32H562AII6, STM32H562IGK6, STM32H562IGT6, STM32H562IIK6, STM32H562IIT6, STM32H562RGT6, STM32H562RGV6, STM32H562RIT6, STM32H562RIV6, STM32H562VGT6, STM32H562VIT6, STM32H562ZGT6, STM32H562ZIT6, STM32H563AGI6, STM32H563AII3Q, STM32H563AII6, STM32H563IGK6, STM32H563IGT6, STM32H563IIK3Q, STM32H563IIK6, STM32H563IIT3Q, STM32H563IIT6, STM32H563MIY3QTR, STM32H563RGT6, STM32H563RGV6, STM32H563RIT6, STM32H563RIV6, STM32H563VGT6, STM32H563VIT3Q, STM32H563VIT6, STM32H563ZGT6, STM32H563ZIT3Q, STM32H563ZIT6, STM32H573AII3Q, STM32H573AII6, STM32H573I-DK, STM32H573IIK3Q, STM32H573IIK6, STM32H573IIT3Q, STM32H573IIT6, STM32H573MIY3QTR, STM32H573RIT6, STM32H573RIV6, STM32H573VIT3Q, STM32H573VIT6, STM32H573ZIT3Q, STM32H573ZIT6, STM32H7R3A8I6, STM32H7R3I8K6, STM32H7R3I8T6, STM32H7R3L8H6, STM32H7R3L8H6H, STM32H7R3R8V6, STM32H7R3V8H6, STM32H7R3V8T6, STM32H7R3V8Y6TR, STM32H7R3Z8J6, STM32H7R3Z8T6, STM32H7R7A8I6, STM32H7R7I8K6, STM32H7R7I8T6, STM32H7R7L8H6, STM32H7R7L8H6H, STM32H7R7Z8J6, STM32H7S3A8I6, STM32H7S3I8K6, STM32H7S3I8T6, STM32H7S3L8H6, STM32H7S3L8H6H, STM32H7S3R8V6, STM32H7S3V8H6, STM32H7S3V8T6, STM32H7S3V8Y6TR, STM32H7S3Z8J6, STM32H7S3Z8T6, STM32H7S78-DK, STM32H7S7A8I6, STM32H7S7I8K6, STM32H7S7I8T6, STM32H7S7L8H6, STM32H7S7L8H6H, STM32H7S7Z8J6, STM32L4R5QGI6STR, STM32MP131AAE3, STM32MP131AAF3, STM32MP131AAG3, STM32MP131CAE3, STM32MP131CAF3, STM32MP131CAG3, STM32MP131DAE7, STM32MP131DAF7, STM32MP131DAG7, STM32MP131FAE7, STM32MP131FAF7, STM32MP131FAG7, STM32MP133AAE3, STM32MP133AAF3, STM32MP133AAG3, STM32MP133CAE3, STM32MP133CAF3, STM32MP133CAG3, STM32MP133DAE7, STM32MP133DAF7, STM32MP133DAG7, STM32MP133FAE7, STM32MP133FAF7, STM32MP133FAG7, STM32MP135AAE3, STM32MP135AAF3, STM32MP135AAG3, STM32MP135CAE3, STM32MP135CAF3, STM32MP135CAG3, STM32MP135DAE7, STM32MP135DAF7, STM32MP135DAG7, STM32MP135F-DK, STM32MP135FAE7, STM32MP135FAF7, STM32MP135FAF7T, STM32MP135FAF7U, STM32MP135FAG7, STM32MP231AAJ3, STM32MP231AAK3, STM32MP231AAL3, STM32MP231CAJ3, STM32MP231CAK3, STM32MP231CAL3, STM32MP231DAJ3, STM32MP231DAK3, STM32MP231DAL3, STM32MP231FAJ3, STM32MP231FAK3, STM32MP231FAL3, STM32MP233AAJ3, STM32MP233AAK3, STM32MP233AAL3, STM32MP233CAJ3, STM32MP233CAK3, STM32MP233CAL3, STM32MP233DAJ3, STM32MP233DAK3, STM32MP233DAL3, STM32MP233FAJ3, STM32MP233FAK3, STM32MP233FAL3, STM32MP235AAJ3, STM32MP235AAK3, STM32MP235AAL3, STM32MP235CAJ3, STM32MP235CAK3, STM32MP235CAL3, STM32MP235DAJ3, STM32MP235DAK3, STM32MP235DAL3, STM32MP235FAJ3, STM32MP235FAK3, STM32MP235FAL3, STM32MP251AAI3, STM32MP251AAJ3, STM32MP251AAK3, STM32MP251AAL3, STM32MP251CAI3, STM32MP251CAJ3, STM32MP251CAK3, STM32MP251CAL3, STM32MP251DAI3, STM32MP251DAJ3, STM32MP251DAK3, STM32MP251DAL3, STM32MP251FAI3, STM32MP251FAJ3, STM32MP251FAK3, STM32MP251FAL3, STM32MP253AAI3, STM32MP253AAJ3, STM32MP253AAK3, STM32MP253AAL3, STM32MP253CAI3, STM32MP253CAJ3, STM32MP253CAK3, STM32MP253CAL3, STM32MP253DAI3, STM32MP253DAJ3, STM32MP253DAK3, STM32MP253DAL3, STM32MP253FAI3, STM32MP253FAJ3, STM32MP253FAK3, STM32MP253FAL3, STM32MP255AAI3, STM32MP255AAJ3, STM32MP255AAK3, STM32MP255AAL3, STM32MP255CAI3, STM32MP255CAJ3, STM32MP255CAK3, STM32MP255CAL3, STM32MP255DAI3, STM32MP255DAJ3, STM32MP255DAK3, STM32MP255DAL3, STM32MP255FAI3, STM32MP255FAJ3, STM32MP255FAK3, STM32MP255FAL3, STM32MP257AAI3, STM32MP257AAJ3, STM32MP257AAK3, STM32MP257AAL3, STM32MP257CAI3, STM32MP257CAJ3, STM32MP257CAK3, STM32MP257CAL3, STM32MP257DAI3, STM32MP257DAJ3, STM32MP257DAK3, STM32MP257DAL3, STM32MP257F-DK, STM32MP257F-EV1, STM32MP257FAI3, STM32MP257FAJ3, STM32MP257FAK3, STM32MP257FAL3, STM32N645A0H3Q, STM32N645B0H3Q, STM32N645I0H3Q, STM32N645L0H3Q, STM32N645X0H3Q, STM32N645Z0H3Q, STM32N647A0H3Q, STM32N647B0H3Q, STM32N647I0H3Q, STM32N647L0H3Q, STM32N647X0H3Q, STM32N647Z0H3Q, STM32N655A0H3Q, STM32N655B0H3Q, STM32N655I0H3Q, STM32N655L0H3Q, STM32N655X0H3Q, STM32N655Z0H3Q, STM32N6570-DK, STM32N657A0H3Q, STM32N657B0H3Q, STM32N657I0H3Q, STM32N657L0H3Q, STM32N657X0H3Q, STM32N657Z0H3Q, STM32U031C6T6, STM32U031C6U6, STM32U031C8T6, STM32U031C8U6, STM32U031F4P6, STM32U031F6P6, STM32U031F8P6, STM32U031G6Y6TR, STM32U031G8Y6TR, STM32U031K4U6, STM32U031K6U6, STM32U031K8U6, STM32U031R6I6, STM32U031R6T6, STM32U031R8I6, STM32U031R8T6, STM32U073C8T6, STM32U073C8U6, STM32U073CBT6, STM32U073CBU6, STM32U073CCT6, STM32U073CCU6, STM32U073H8Y6TR, STM32U073HBY6TR, STM32U073HCY6TR, STM32U073K8U6, STM32U073KBU6, STM32U073KCU6, STM32U073M8I6, STM32U073M8T6, STM32U073MBI6, STM32U073MBT6, STM32U073MCI6, STM32U073MCT6, STM32U073R8I6, STM32U073R8T6, STM32U073RBI6, STM32U073RBT6, STM32U073RCI6, STM32U073RCT6, STM32U083C-DK, STM32U083CCT6, STM32U083CCU6, STM32U083HCY6TR, STM32U083KCU6, STM32U083MCI6, STM32U083MCT6, STM32U083RCI6, STM32U083RCT6, STM32U375CET6, STM32U375CET6Q, STM32U375CEU6, STM32U375CEU6Q, STM32U375CEY6QTR, STM32U375CGT6, STM32U375CGT6Q, STM32U375CGU6, STM32U375CGU6Q, STM32U375CGY6QTR, STM32U375KEU6, STM32U375KGU6, STM32U375REI6, STM32U375REI6Q, STM32U375RET6, STM32U375RET6Q, STM32U375REY6GTR, STM32U375REY6QTR, STM32U375RGI6, STM32U375RGI6Q, STM32U375RGT6, STM32U375RGT6Q, STM32U375RGY6GTR, STM32U375RGY6QTR, STM32U375VEI6, STM32U375VEI6Q, STM32U375VET6, STM32U375VET6Q, STM32U375VGI6, STM32U375VGI6Q, STM32U375VGT6, STM32U375VGT6Q, STM32U385CGT6, STM32U385CGT6Q, STM32U385CGU6, STM32U385CGU6Q, STM32U385CGY6QTR, STM32U385KGU6, STM32U385RGI6, STM32U385RGI6Q, STM32U385RGT6, STM32U385RGT6Q, STM32U385RGY6GTR, STM32U385RGY6QTR, STM32U385VGI6, STM32U385VGI6Q, STM32U385VGT6, STM32U385VGT6Q, STM32U535CBT6, STM32U535CBT6Q, STM32U535CBU6, STM32U535CBU6Q, STM32U535CCT6, STM32U535CCT6Q, STM32U535CCU6, STM32U535CCU6Q, STM32U535CET6, STM32U535CET6Q, STM32U535CEU6, STM32U535CEU6Q, STM32U535JEY6QTR, STM32U535NCY6QTR, STM32U535NEY6QTR, STM32U535RBI6, STM32U535RBI6Q, STM32U535RBT6, STM32U535RBT6Q, STM32U535RCI6, STM32U535RCI6Q, STM32U535RCT6, STM32U535RCT6Q, STM32U535REI6, STM32U535REI6Q, STM32U535RET6, STM32U535RET6Q, STM32U535VCI6, STM32U535VCI6Q, STM32U535VCT6, STM32U535VCT6Q, STM32U535VEI6, STM32U535VEI6Q, STM32U535VET6, STM32U535VET6Q, STM32U545CET6, STM32U545CET6Q, STM32U545CEU6, STM32U545CEU6Q, STM32U545JEY6QTR, STM32U545NEY6QTR, STM32U545REI6, STM32U545REI6Q, STM32U545RET6, STM32U545RET6Q, STM32U545VEI6, STM32U545VEI6Q, STM32U545VET6, STM32U545VET6Q, STM32U595AIH6, STM32U595AIH6Q, STM32U595AJH6, STM32U595AJH6Q, STM32U595QII6, STM32U595QII6Q, STM32U595QJI6, STM32U595QJI6Q, STM32U595RIT6, STM32U595RIT6Q, STM32U595RJT6, STM32U595RJT6Q, STM32U595VIT6, STM32U595VIT6Q, STM32U595VJT6, STM32U595VJT6Q, STM32U595ZIT6, STM32U595ZIT6Q, STM32U595ZIY6QTR, STM32U595ZJT6, STM32U595ZJT6Q, STM32U595ZJY6QTR, STM32U599BJY6QTR, STM32U599NIH6Q, STM32U599NJH6Q, STM32U599VIT6Q, STM32U599VJT6, STM32U599VJT6Q, STM32U599ZIT6Q, STM32U599ZIY6QTR, STM32U599ZJT6Q, STM32U599ZJY6QTR, STM32U5A5AJH6, STM32U5A5AJH6Q, STM32U5A5QII3Q , STM32U5A5QJI6, STM32U5A5QJI6Q, STM32U5A5RJT6, STM32U5A5RJT6Q, STM32U5A5VJT6, STM32U5A5VJT6Q, STM32U5A5ZJT6, STM32U5A5ZJT6Q, STM32U5A5ZJY6QTR, STM32U5A9BJY6QTR, STM32U5A9J-DK, STM32U5A9NJH6Q, STM32U5A9VJT6Q, STM32U5A9ZJT6Q, STM32U5A9ZJY6QTR, STM32U5F7VIT6, STM32U5F7VIT6Q, STM32U5F7VJT6, STM32U5F7VJT6Q, STM32U5F9BJY6QTR, STM32U5F9NJH6Q, STM32U5F9VIT6Q, STM32U5F9VJT6Q, STM32U5F9ZIJ6QTR, STM32U5F9ZIT6Q, STM32U5F9ZJJ6QTR, STM32U5F9ZJT6Q, STM32U5G7VJT6, STM32U5G7VJT6Q, STM32U5G9BJY6QTR, STM32U5G9J-DK1, STM32U5G9J-DK2, STM32U5G9NJH6Q, STM32U5G9VJT6Q, STM32U5G9ZJJ6QTR, STM32U5G9ZJT6Q, STM32WB05KZV6TR, STM32WB05KZV7TR, STM32WB05TZF6TR, STM32WB05TZF7TR, STM32WB06CCF6TR, STM32WB06CCF7TR, STM32WB06CCV6TR, STM32WB06CCV7TR, STM32WB06KCV6TR, STM32WB06KCV7TR, STM32WB07CCF6TR, STM32WB07CCF7TR, STM32WB07CCV6TR, STM32WB07CCV7TR, STM32WB07KCV6TR, STM32WB07KCV7TR, STM32WB09KEV6TR, STM32WB09KEV7TR, STM32WB09TEF6TR, STM32WB09TEF7TR, STM32WB1MMCH6, STM32WBA50KGU6, STM32WBA50KGU6TR, STM32WBA52CEU6, STM32WBA52CEU6TR, STM32WBA52CEU7, STM32WBA52CEU7TR, STM32WBA52CGU6, STM32WBA52CGU6TR, STM32WBA52CGU6U, STM32WBA52CGU7, STM32WBA52CGU7TR, STM32WBA52KEU6, STM32WBA52KEU6TR, STM32WBA52KGU6, STM32WBA52KGU6TR, STM32WBA54CEU6, STM32WBA54CEU6TR, STM32WBA54CEU7, STM32WBA54CEU7TR, STM32WBA54CGU6, STM32WBA54CGU6TR, STM32WBA54CGU7, STM32WBA54CGU7TR, STM32WBA54KEU6, STM32WBA54KEU6TR, STM32WBA54KEU7, STM32WBA54KEU7TR, STM32WBA54KGU6, STM32WBA54KGU6TR, STM32WBA54KGU7, STM32WBA54KGU7TR, STM32WBA55CEU6, STM32WBA55CEU6TR, STM32WBA55CEU7, STM32WBA55CEU7TR, STM32WBA55CGU6, STM32WBA55CGU6TR, STM32WBA55CGU6U, STM32WBA55CGU7, STM32WBA55CGU7TR, STM32WBA55G-DK1, STM32WBA55HEF6, STM32WBA55HEF7, STM32WBA55HGF6, STM32WBA55HGF7, STM32WBA55UEI6, STM32WBA55UEI6TR, STM32WBA55UEI7, STM32WBA55UEI7TR, STM32WBA55UGI6, STM32WBA55UGI6TR, STM32WBA55UGI7, STM32WBA55UGI7TR, STM32WBA5MJGH6TR, STM32WBA5MJGH6U, STM32WL33C8V6, STM32WL33C8V6TR, STM32WL33C8V7, STM32WL33C8V7TR, STM32WL33CBV6, STM32WL33CBV6TR, STM32WL33CBV7, STM32WL33CBV7TR, STM32WL33CCV6, STM32WL33CCV6TR, STM32WL33CCV7, STM32WL33CCV7A, STM32WL33CCV7ATR, STM32WL33CCV7TR, STM32WL33K8V6, STM32WL33K8V6TR, STM32WL33K8V7, STM32WL33K8V7TR, STM32WL33KBV6, STM32WL33KBV6TR, STM32WL33KBV7, STM32WL33KBV7TR, STM32WL33KCV6, STM32WL33KCV6TR, STM32WL33KCV7, STM32WL33KCV7TR, STM32WL5MOCH6, STM32WL5MOCH6TR]
2024-12-19 18:15:05,617 [INFO] BoardInfo:889 - No configuration file found for board P-NUCLEO-WB55
2024-12-19 18:15:05,618 [INFO] DbBoards:161 - Kit is not supported: P-NUCLEO-WB55
2024-12-19 18:15:05,629 [INFO] BoardInfo:889 - No configuration file found for board STEVAL-BFA001V1B
2024-12-19 18:15:05,629 [INFO] DbBoards:161 - Kit is not supported: STEVAL-BFA001V1B
2024-12-19 18:15:05,630 [INFO] BoardInfo:889 - No configuration file found for board STEVAL-BFA001V2B
2024-12-19 18:15:05,631 [INFO] DbBoards:161 - Kit is not supported: STEVAL-BFA001V2B
2024-12-19 18:15:05,925 [INFO] DbBoards:168 - Found 209 boards, 206 are supported
2024-12-19 18:15:05,928 [INFO] DbBoards:169 - Found 209 boards, 42 of them is supported for  Bsp
2024-12-19 18:15:05,940 [INFO] ApiDb:668 - CubeFinder database Data Model version=2.1
2024-12-19 18:15:05,941 [INFO] ApiDb:669 - CubeFinder database Configuration version=3.0.39
2024-12-19 18:15:05,942 [INFO] ApiDb:670 - CubeFinder database generation date=2024-11-21 (1732182206)
2024-12-19 18:15:05,942 [INFO] ApiDb:671 - CubeFinder database FW Pack versions=[FP-ATR-ASTRA1_V2.0.0, FP-SNS-FLIGHT1_V5.0.2, FP-SNS-MOTENV1_V5.0.0, FP-SNS-MOTENVWB1_V1.4.0, FP-SNS-SMARTAG2_V1.2.0, FP-SNS-STBOX1_V2.0.0, STM32Cube_FW_C0_V1.3.0, STM32Cube_FW_F4_V1.28.1, STM32Cube_FW_F7_V1.17.2, STM32Cube_FW_G0_V1.6.2, STM32Cube_FW_G4_V1.6.1, STM32Cube_FW_H5_V1.4.0, STM32Cube_FW_H7RS_V1.1.0, STM32Cube_FW_H7_V1.12.0, STM32Cube_FW_L0_V1.12.2, STM32Cube_FW_L4_V1.18.1, STM32Cube_FW_L5_V1.5.1, STM32Cube_FW_N6_V1.0.0, STM32Cube_FW_U0_V1.2.0, STM32Cube_FW_U3_V1.0.0, STM32Cube_FW_U5_V1.7.0, STM32Cube_FW_WB0_V1.1.0, STM32Cube_FW_WBA_V1.5.0, STM32Cube_FW_WB_V1.21.0, STM32Cube_FW_WL3_V1.0.0, STM32Cube_FW_WL_V1.3.0, X-CUBE-ALGOBUILD_V1.4.0, X-CUBE-ALS_V1.0.2, X-CUBE-AZRTOS-F4_V1.1.0, X-CUBE-AZRTOS-F7_V1.1.0, X-CUBE-AZRTOS-G0_V1.1.0, X-CUBE-AZRTOS-G4_V2.0.0, X-CUBE-AZRTOS-H7RS_V1.0.0, X-CUBE-AZRTOS-H7_V3.3.0, X-CUBE-AZRTOS-L4_V2.0.0, X-CUBE-AZRTOS-L5_V2.0.0, X-CUBE-AZRTOS-WB_V2.0.0, X-CUBE-AZRTOS-WL_V2.0.0, X-CUBE-BLE1_V7.0.0, X-CUBE-BLE2_V3.3.0, X-CUBE-BLEMGR_V3.1.0, X-CUBE-EEPRMA1_V5.1.0, X-CUBE-FREERTOS_V1.2.0, X-CUBE-GNSS1_V6.0.0, X-CUBE-MEMS1_V11.0.0, X-CUBE-NFC4_V3.0.0, X-CUBE-NFC7_V1.0.1, X-CUBE-SFXS2LP1_V4.0.0, X-CUBE-SUBG2_V5.0.0, X-CUBE-TOF1_V3.4.2]
2024-12-19 18:15:13,394 [INFO] ApiDb:240 - Found 858 in-development CPN: [B-G473E-ZEST1S, B-WB1M-WPAN1, B-WBA5M-WPAN, B-WL5M-SUBG1, NUCLEO-C031C6, NUCLEO-C051C8, NUCLEO-C071RB, NUCLEO-C092RC, NUCLEO-H503RB, NUCLEO-H533RE, NUCLEO-H563ZI, NUCLEO-H7S3L8, NUCLEO-N657X0-Q, NUCLEO-U031R8, NUCLEO-U083RC, NUCLEO-U385RG-Q, NUCLEO-U545RE-Q, NUCLEO-U5A5ZJ-Q, NUCLEO-WB05KZ, NUCLEO-WB07CC, NUCLEO-WB09KE, NUCLEO-WBA52CG, NUCLEO-WBA55CG, NUCLEO-WL33CC1, NUCLEO-WL33CC2, STEVAL-PROTEUS1, STEVAL-SMARTAG2, STEVAL-STWINBX1, STM320518-EVAL, STM32C0116-DK, STM32C011D6Y3TR, STM32C011D6Y6TR, STM32C011F4P3, STM32C011F4P6, STM32C011F4U3, STM32C011F4U6TR, STM32C011F6P3, STM32C011F6P6, STM32C011F6U3, STM32C011F6U6TR, STM32C011J4M3, STM32C011J4M6, STM32C011J6M3, STM32C011J6M6, STM32C0316-DK, STM32C031C4T3, STM32C031C4T6, STM32C031C4U3, STM32C031C4U6, STM32C031C6T3, STM32C031C6T6, STM32C031C6U3, STM32C031C6U6, STM32C031F4P3, STM32C031F4P6, STM32C031F6P3, STM32C031F6P6, STM32C031G4U3, STM32C031G4U6, STM32C031G6U3, STM32C031G6U6, STM32C031K4T3, STM32C031K4T6, STM32C031K4U3, STM32C031K4U6, STM32C031K6T3, STM32C031K6T6, STM32C031K6U3, STM32C031K6U6, STM32C051C6T6, STM32C051C6U6, STM32C051C8T6, STM32C051C8U6, STM32C051D8Y6TR, STM32C051F6P6, STM32C051F8P6, STM32C051G6U6, STM32C051G8U6, STM32C051K6T6, STM32C051K6U6, STM32C051K8T6, STM32C071C8T6, STM32C071C8T6N, STM32C071C8U6, STM32C071C8U6N, STM32C071CBT6, STM32C071CBT6N, STM32C071CBU6, STM32C071CBU6N, STM32C071F8P6, STM32C071F8P6N, STM32C071FBP6, STM32C071FBP6N, STM32C071FBY6TR, STM32C071G8U6, STM32C071G8U6N, STM32C071GBU6, STM32C071GBU6N, STM32C071K8T6, STM32C071K8T6N, STM32C071K8U6, STM32C071K8U6N, STM32C071KBT6, STM32C071KBT6N, STM32C071KBU6, STM32C071KBU6N, STM32C071R8T6, STM32C071R8T6N, STM32C071RBI6N, STM32C071RBT6, STM32C071RBT6N, STM32C091CBT6, STM32C091CBU6, STM32C091CCT6, STM32C091CCU6, STM32C091ECY6TR, STM32C091FBP6, STM32C091FCP6, STM32C091GBU6, STM32C091GCU6, STM32C091KBT6, STM32C091KBU6, STM32C091KCT6, STM32C091KCU6, STM32C091RBT6, STM32C091RCI6, STM32C091RCT6, STM32C092CBT6, STM32C092CBU6, STM32C092CCT6, STM32C092CCU6, STM32C092ECY6TR, STM32C092FBP6, STM32C092FCP6, STM32C092GBU6, STM32C092GCU6, STM32C092KBT6, STM32C092KBU6, STM32C092KCT6, STM32C092KCU6, STM32C092RBT6, STM32C092RCI6, STM32C092RCT6, STM32G071K8TXN, STM32G071K8UXN, STM32G081GBU6N, STM32G081KBT6N, STM32G081KBUXN, STM32G0B1CCT6N, STM32G0B1KCT6, STM32G0B1NEY6TR, STM32G0B1RCT6N, STM32G0C1CCT6, STM32G0C1CCT6N, STM32G0C1CCU6N, STM32G0C1CET6N, STM32G0C1CEU6N, STM32G0C1KCT6, STM32G0C1NEY6TR, STM32G0C1RCI6N, STM32G0C1RCT6N, STM32G0C1REI6N, STM32G0C1RET6N, STM32G0C1VCI6, STM32G0C1VEI6, STM32G411C6T3, STM32G411C6T6, STM32G411C6U3, STM32G411C6U6, STM32G411C8T3, STM32G411C8T6, STM32G411C8U3, STM32G411C8U6, STM32G411CBT3, STM32G411CBT6, STM32G411CBU3, STM32G411CBU6, STM32G411CCT3, STM32G411CCT6, STM32G411CCU3, STM32G411CCU6, STM32G411K6T3, STM32G411K6T6, STM32G411K6U3, STM32G411K6U6, STM32G411K8T3, STM32G411K8T6, STM32G411K8U3, STM32G411K8U6, STM32G411KBT3, STM32G411KBT6, STM32G411KBU3, STM32G411KBU6, STM32G411M6T3, STM32G411M6T6, STM32G411M8T3, STM32G411M8T6, STM32G411MBT3, STM32G411MBT6, STM32G411MCT3, STM32G411MCT6, STM32G411R6T3, STM32G411R6T6, STM32G411R8T3, STM32G411R8T6, STM32G411RBT3, STM32G411RBT6, STM32G411RCT3, STM32G411RCT6, STM32G414CBT3, STM32G414CBT6, STM32G414CBU3, STM32G414CBU6, STM32G414CCT3, STM32G414CCT6, STM32G414CCU3, STM32G414CCU6, STM32G414MBT3, STM32G414MBT6, STM32G414MCT3, STM32G414MCT6, STM32G414RBT3, STM32G414RBT6, STM32G414RCT3, STM32G414RCT6, STM32G414VBT3, STM32G414VBT6, STM32G414VCT3, STM32G414VCT6, STM32G431CBT3Z, STM32G431RBT3Z, STM32G471CCT6, STM32G471CCU6, STM32G471CET3, STM32G471CET6, STM32G471CEU3, STM32G471CEU6, STM32G471MCT6, STM32G471MET3, STM32G471MET6, STM32G471MEY6TR, STM32G471QCT6, STM32G471QET3, STM32G471RCT6, STM32G471RET3, STM32G471RET6, STM32G471VCH6, STM32G471VCI6, STM32G471VCT6, STM32G471VEH3, STM32G471VEH6, STM32G471VEI3, STM32G471VEI6, STM32G471VET3, STM32G471VET6, STM32G473QET3Z, STM32G473RET3Z, STM32G474CCT6, STM32G491RET3Z, STM32H503CBT6, STM32H503CBU6, STM32H503EBY6TR, STM32H503KBU6, STM32H503RBT6, STM32H523CCT6, STM32H523CCU6, STM32H523CET6, STM32H523CEU6, STM32H523HEY6TR, STM32H523RCT6, STM32H523RET6, STM32H523VCI6, STM32H523VCT6, STM32H523VEI6, STM32H523VET6, STM32H523ZCJ6, STM32H523ZCT6, STM32H523ZEJ6, STM32H523ZET6, STM32H533CET6, STM32H533CEU6, STM32H533HEY6TR, STM32H533RET6, STM32H533VEI6, STM32H533VET6, STM32H533ZEJ6, STM32H533ZET6, STM32H562AGI6, STM32H562AII6, STM32H562IGK6, STM32H562IGT6, STM32H562IIK6, STM32H562IIT6, STM32H562RGT6, STM32H562RGV6, STM32H562RIT6, STM32H562RIV6, STM32H562VGT6, STM32H562VIT6, STM32H562ZGT6, STM32H562ZIT6, STM32H563AGI6, STM32H563AII3Q, STM32H563AII6, STM32H563IGK6, STM32H563IGT6, STM32H563IIK3Q, STM32H563IIK6, STM32H563IIT3Q, STM32H563IIT6, STM32H563MIY3QTR, STM32H563RGT6, STM32H563RGV6, STM32H563RIT6, STM32H563RIV6, STM32H563VGT6, STM32H563VIT3Q, STM32H563VIT6, STM32H563ZGT6, STM32H563ZIT3Q, STM32H563ZIT6, STM32H573AII3Q, STM32H573AII6, STM32H573I-DK, STM32H573IIK3Q, STM32H573IIK6, STM32H573IIT3Q, STM32H573IIT6, STM32H573MIY3QTR, STM32H573RIT6, STM32H573RIV6, STM32H573VIT3Q, STM32H573VIT6, STM32H573ZIT3Q, STM32H573ZIT6, STM32H7R3A8I6, STM32H7R3I8K6, STM32H7R3I8T6, STM32H7R3L8H6, STM32H7R3L8H6H, STM32H7R3R8V6, STM32H7R3V8H6, STM32H7R3V8T6, STM32H7R3V8Y6TR, STM32H7R3Z8J6, STM32H7R3Z8T6, STM32H7R7A8I6, STM32H7R7I8K6, STM32H7R7I8T6, STM32H7R7L8H6, STM32H7R7L8H6H, STM32H7R7Z8J6, STM32H7S3A8I6, STM32H7S3I8K6, STM32H7S3I8T6, STM32H7S3L8H6, STM32H7S3L8H6H, STM32H7S3R8V6, STM32H7S3V8H6, STM32H7S3V8T6, STM32H7S3V8Y6TR, STM32H7S3Z8J6, STM32H7S3Z8T6, STM32H7S78-DK, STM32H7S7A8I6, STM32H7S7I8K6, STM32H7S7I8T6, STM32H7S7L8H6, STM32H7S7L8H6H, STM32H7S7Z8J6, STM32L4R5QGI6STR, STM32MP131AAE3, STM32MP131AAF3, STM32MP131AAG3, STM32MP131CAE3, STM32MP131CAF3, STM32MP131CAG3, STM32MP131DAE7, STM32MP131DAF7, STM32MP131DAG7, STM32MP131FAE7, STM32MP131FAF7, STM32MP131FAG7, STM32MP133AAE3, STM32MP133AAF3, STM32MP133AAG3, STM32MP133CAE3, STM32MP133CAF3, STM32MP133CAG3, STM32MP133DAE7, STM32MP133DAF7, STM32MP133DAG7, STM32MP133FAE7, STM32MP133FAF7, STM32MP133FAG7, STM32MP135AAE3, STM32MP135AAF3, STM32MP135AAG3, STM32MP135CAE3, STM32MP135CAF3, STM32MP135CAG3, STM32MP135DAE7, STM32MP135DAF7, STM32MP135DAG7, STM32MP135F-DK, STM32MP135FAE7, STM32MP135FAF7, STM32MP135FAF7T, STM32MP135FAF7U, STM32MP135FAG7, STM32MP231AAJ3, STM32MP231AAK3, STM32MP231AAL3, STM32MP231CAJ3, STM32MP231CAK3, STM32MP231CAL3, STM32MP231DAJ3, STM32MP231DAK3, STM32MP231DAL3, STM32MP231FAJ3, STM32MP231FAK3, STM32MP231FAL3, STM32MP233AAJ3, STM32MP233AAK3, STM32MP233AAL3, STM32MP233CAJ3, STM32MP233CAK3, STM32MP233CAL3, STM32MP233DAJ3, STM32MP233DAK3, STM32MP233DAL3, STM32MP233FAJ3, STM32MP233FAK3, STM32MP233FAL3, STM32MP235AAJ3, STM32MP235AAK3, STM32MP235AAL3, STM32MP235CAJ3, STM32MP235CAK3, STM32MP235CAL3, STM32MP235DAJ3, STM32MP235DAK3, STM32MP235DAL3, STM32MP235FAJ3, STM32MP235FAK3, STM32MP235FAL3, STM32MP251AAI3, STM32MP251AAJ3, STM32MP251AAK3, STM32MP251AAL3, STM32MP251CAI3, STM32MP251CAJ3, STM32MP251CAK3, STM32MP251CAL3, STM32MP251DAI3, STM32MP251DAJ3, STM32MP251DAK3, STM32MP251DAL3, STM32MP251FAI3, STM32MP251FAJ3, STM32MP251FAK3, STM32MP251FAL3, STM32MP253AAI3, STM32MP253AAJ3, STM32MP253AAK3, STM32MP253AAL3, STM32MP253CAI3, STM32MP253CAJ3, STM32MP253CAK3, STM32MP253CAL3, STM32MP253DAI3, STM32MP253DAJ3, STM32MP253DAK3, STM32MP253DAL3, STM32MP253FAI3, STM32MP253FAJ3, STM32MP253FAK3, STM32MP253FAL3, STM32MP255AAI3, STM32MP255AAJ3, STM32MP255AAK3, STM32MP255AAL3, STM32MP255CAI3, STM32MP255CAJ3, STM32MP255CAK3, STM32MP255CAL3, STM32MP255DAI3, STM32MP255DAJ3, STM32MP255DAK3, STM32MP255DAL3, STM32MP255FAI3, STM32MP255FAJ3, STM32MP255FAK3, STM32MP255FAL3, STM32MP257AAI3, STM32MP257AAJ3, STM32MP257AAK3, STM32MP257AAL3, STM32MP257CAI3, STM32MP257CAJ3, STM32MP257CAK3, STM32MP257CAL3, STM32MP257DAI3, STM32MP257DAJ3, STM32MP257DAK3, STM32MP257DAL3, STM32MP257F-DK, STM32MP257F-EV1, STM32MP257FAI3, STM32MP257FAJ3, STM32MP257FAK3, STM32MP257FAL3, STM32N645A0H3Q, STM32N645B0H3Q, STM32N645I0H3Q, STM32N645L0H3Q, STM32N645X0H3Q, STM32N645Z0H3Q, STM32N647A0H3Q, STM32N647B0H3Q, STM32N647I0H3Q, STM32N647L0H3Q, STM32N647X0H3Q, STM32N647Z0H3Q, STM32N655A0H3Q, STM32N655B0H3Q, STM32N655I0H3Q, STM32N655L0H3Q, STM32N655X0H3Q, STM32N655Z0H3Q, STM32N6570-DK, STM32N657A0H3Q, STM32N657B0H3Q, STM32N657I0H3Q, STM32N657L0H3Q, STM32N657X0H3Q, STM32N657Z0H3Q, STM32U031C6T6, STM32U031C6U6, STM32U031C8T6, STM32U031C8U6, STM32U031F4P6, STM32U031F6P6, STM32U031F8P6, STM32U031G6Y6TR, STM32U031G8Y6TR, STM32U031K4U6, STM32U031K6U6, STM32U031K8U6, STM32U031R6I6, STM32U031R6T6, STM32U031R8I6, STM32U031R8T6, STM32U073C8T6, STM32U073C8U6, STM32U073CBT6, STM32U073CBU6, STM32U073CCT6, STM32U073CCU6, STM32U073H8Y6TR, STM32U073HBY6TR, STM32U073HCY6TR, STM32U073K8U6, STM32U073KBU6, STM32U073KCU6, STM32U073M8I6, STM32U073M8T6, STM32U073MBI6, STM32U073MBT6, STM32U073MCI6, STM32U073MCT6, STM32U073R8I6, STM32U073R8T6, STM32U073RBI6, STM32U073RBT6, STM32U073RCI6, STM32U073RCT6, STM32U083C-DK, STM32U083CCT6, STM32U083CCU6, STM32U083HCY6TR, STM32U083KCU6, STM32U083MCI6, STM32U083MCT6, STM32U083RCI6, STM32U083RCT6, STM32U375CET6, STM32U375CET6Q, STM32U375CEU6, STM32U375CEU6Q, STM32U375CEY6QTR, STM32U375CGT6, STM32U375CGT6Q, STM32U375CGU6, STM32U375CGU6Q, STM32U375CGY6QTR, STM32U375KEU6, STM32U375KGU6, STM32U375REI6, STM32U375REI6Q, STM32U375RET6, STM32U375RET6Q, STM32U375REY6GTR, STM32U375REY6QTR, STM32U375RGI6, STM32U375RGI6Q, STM32U375RGT6, STM32U375RGT6Q, STM32U375RGY6GTR, STM32U375RGY6QTR, STM32U375VEI6, STM32U375VEI6Q, STM32U375VET6, STM32U375VET6Q, STM32U375VGI6, STM32U375VGI6Q, STM32U375VGT6, STM32U375VGT6Q, STM32U385CGT6, STM32U385CGT6Q, STM32U385CGU6, STM32U385CGU6Q, STM32U385CGY6QTR, STM32U385KGU6, STM32U385RGI6, STM32U385RGI6Q, STM32U385RGT6, STM32U385RGT6Q, STM32U385RGY6GTR, STM32U385RGY6QTR, STM32U385VGI6, STM32U385VGI6Q, STM32U385VGT6, STM32U385VGT6Q, STM32U535CBT6, STM32U535CBT6Q, STM32U535CBU6, STM32U535CBU6Q, STM32U535CCT6, STM32U535CCT6Q, STM32U535CCU6, STM32U535CCU6Q, STM32U535CET6, STM32U535CET6Q, STM32U535CEU6, STM32U535CEU6Q, STM32U535JEY6QTR, STM32U535NCY6QTR, STM32U535NEY6QTR, STM32U535RBI6, STM32U535RBI6Q, STM32U535RBT6, STM32U535RBT6Q, STM32U535RCI6, STM32U535RCI6Q, STM32U535RCT6, STM32U535RCT6Q, STM32U535REI6, STM32U535REI6Q, STM32U535RET6, STM32U535RET6Q, STM32U535VCI6, STM32U535VCI6Q, STM32U535VCT6, STM32U535VCT6Q, STM32U535VEI6, STM32U535VEI6Q, STM32U535VET6, STM32U535VET6Q, STM32U545CET6, STM32U545CET6Q, STM32U545CEU6, STM32U545CEU6Q, STM32U545JEY6QTR, STM32U545NEY6QTR, STM32U545REI6, STM32U545REI6Q, STM32U545RET6, STM32U545RET6Q, STM32U545VEI6, STM32U545VEI6Q, STM32U545VET6, STM32U545VET6Q, STM32U595AIH6, STM32U595AIH6Q, STM32U595AJH6, STM32U595AJH6Q, STM32U595QII6, STM32U595QII6Q, STM32U595QJI6, STM32U595QJI6Q, STM32U595RIT6, STM32U595RIT6Q, STM32U595RJT6, STM32U595RJT6Q, STM32U595VIT6, STM32U595VIT6Q, STM32U595VJT6, STM32U595VJT6Q, STM32U595ZIT6, STM32U595ZIT6Q, STM32U595ZIY6QTR, STM32U595ZJT6, STM32U595ZJT6Q, STM32U595ZJY6QTR, STM32U599BJY6QTR, STM32U599NIH6Q, STM32U599NJH6Q, STM32U599VIT6Q, STM32U599VJT6, STM32U599VJT6Q, STM32U599ZIT6Q, STM32U599ZIY6QTR, STM32U599ZJT6Q, STM32U599ZJY6QTR, STM32U5A5AJH6, STM32U5A5AJH6Q, STM32U5A5QII3Q , STM32U5A5QJI6, STM32U5A5QJI6Q, STM32U5A5RJT6, STM32U5A5RJT6Q, STM32U5A5VJT6, STM32U5A5VJT6Q, STM32U5A5ZJT6, STM32U5A5ZJT6Q, STM32U5A5ZJY6QTR, STM32U5A9BJY6QTR, STM32U5A9J-DK, STM32U5A9NJH6Q, STM32U5A9VJT6Q, STM32U5A9ZJT6Q, STM32U5A9ZJY6QTR, STM32U5F7VIT6, STM32U5F7VIT6Q, STM32U5F7VJT6, STM32U5F7VJT6Q, STM32U5F9BJY6QTR, STM32U5F9NJH6Q, STM32U5F9VIT6Q, STM32U5F9VJT6Q, STM32U5F9ZIJ6QTR, STM32U5F9ZIT6Q, STM32U5F9ZJJ6QTR, STM32U5F9ZJT6Q, STM32U5G7VJT6, STM32U5G7VJT6Q, STM32U5G9BJY6QTR, STM32U5G9J-DK1, STM32U5G9J-DK2, STM32U5G9NJH6Q, STM32U5G9VJT6Q, STM32U5G9ZJJ6QTR, STM32U5G9ZJT6Q, STM32WB05KZV6TR, STM32WB05KZV7TR, STM32WB05TZF6TR, STM32WB05TZF7TR, STM32WB06CCF6TR, STM32WB06CCF7TR, STM32WB06CCV6TR, STM32WB06CCV7TR, STM32WB06KCV6TR, STM32WB06KCV7TR, STM32WB07CCF6TR, STM32WB07CCF7TR, STM32WB07CCV6TR, STM32WB07CCV7TR, STM32WB07KCV6TR, STM32WB07KCV7TR, STM32WB09KEV6TR, STM32WB09KEV7TR, STM32WB09TEF6TR, STM32WB09TEF7TR, STM32WB1MMCH6, STM32WBA50KGU6, STM32WBA50KGU6TR, STM32WBA52CEU6, STM32WBA52CEU6TR, STM32WBA52CEU7, STM32WBA52CEU7TR, STM32WBA52CGU6, STM32WBA52CGU6TR, STM32WBA52CGU6U, STM32WBA52CGU7, STM32WBA52CGU7TR, STM32WBA52KEU6, STM32WBA52KEU6TR, STM32WBA52KGU6, STM32WBA52KGU6TR, STM32WBA54CEU6, STM32WBA54CEU6TR, STM32WBA54CEU7, STM32WBA54CEU7TR, STM32WBA54CGU6, STM32WBA54CGU6TR, STM32WBA54CGU7, STM32WBA54CGU7TR, STM32WBA54KEU6, STM32WBA54KEU6TR, STM32WBA54KEU7, STM32WBA54KEU7TR, STM32WBA54KGU6, STM32WBA54KGU6TR, STM32WBA54KGU7, STM32WBA54KGU7TR, STM32WBA55CEU6, STM32WBA55CEU6TR, STM32WBA55CEU7, STM32WBA55CEU7TR, STM32WBA55CGU6, STM32WBA55CGU6TR, STM32WBA55CGU6U, STM32WBA55CGU7, STM32WBA55CGU7TR, STM32WBA55G-DK1, STM32WBA55HEF6, STM32WBA55HEF7, STM32WBA55HGF6, STM32WBA55HGF7, STM32WBA55UEI6, STM32WBA55UEI6TR, STM32WBA55UEI7, STM32WBA55UEI7TR, STM32WBA55UGI6, STM32WBA55UGI6TR, STM32WBA55UGI7, STM32WBA55UGI7TR, STM32WBA5MJGH6TR, STM32WBA5MJGH6U, STM32WL33C8V6, STM32WL33C8V6TR, STM32WL33C8V7, STM32WL33C8V7TR, STM32WL33CBV6, STM32WL33CBV6TR, STM32WL33CBV7, STM32WL33CBV7TR, STM32WL33CCV6, STM32WL33CCV6TR, STM32WL33CCV7, STM32WL33CCV7A, STM32WL33CCV7ATR, STM32WL33CCV7TR, STM32WL33K8V6, STM32WL33K8V6TR, STM32WL33K8V7, STM32WL33K8V7TR, STM32WL33KBV6, STM32WL33KBV6TR, STM32WL33KBV7, STM32WL33KBV7TR, STM32WL33KCV6, STM32WL33KCV6TR, STM32WL33KCV7, STM32WL33KCV7TR, STM32WL5MOCH6, STM32WL5MOCH6TR]
2024-12-19 18:15:13,404 [INFO] DbMcus:218 - Found 4542 MCUs, 4542 are supported
2024-12-19 18:15:13,407 [INFO] ApiDb:423 - Load user favorites file C:\Users\hp/.stm32cubeide/favorites.mcus.txt: 0 item(s)
2024-12-19 18:15:13,407 [INFO] ApiDb:427 - User favorites MCUs=[]
2024-12-19 18:15:13,408 [INFO] DbMcus:224 - Set 0 / 0 favorites MCUs
2024-12-19 18:15:14,470 [INFO] ApiDb:423 - Load user favorites file C:\Users\hp/.stm32cubeide/favorites.boards.txt: 0 item(s)
2024-12-19 18:15:14,470 [INFO] ApiDb:427 - User favorites Boards=[]
2024-12-19 18:15:14,471 [INFO] DbBoards:198 - Set 0 / 0 favorites Boards
2024-12-19 18:15:14,471 [INFO] McuFinderGlobals:76 - Set McuFinderConnectedMode to true
2024-12-19 18:15:14,487 [INFO] MultiScanPanel:200 - Auto-refresh data requested => check proxy status ongoing
2024-12-19 18:15:14,493 [INFO] FinderPluginLoader:95 - Searching for filters in installed packs
2024-12-19 18:15:20,315 [INFO] LoadUrlFilesThread:185 - End of LoadServerUrlFiles without Thread
2024-12-19 18:15:20,830 [INFO] DetailPanel:341 - Set advertising image to C:/Users/hp/STM32Cube/Repository/\en.prom-stm32c071-usb-memories-mcu-finder.png
2024-12-19 18:15:54,558 [INFO] MultiScanPanel:200 - Auto-refresh data requested => check proxy status ongoing
2024-12-19 18:15:55,025 [INFO] LoadUrlFilesThread:185 - End of LoadServerUrlFiles without Thread
2024-12-19 18:15:55,026 [INFO] DetailPanel:341 - Set advertising image to C:/Users/hp/STM32Cube/Repository/\en.prom-stm32c071-usb-memories-mcu-finder.png
2024-12-19 18:15:55,060 [INFO] DbBoards:642 - Loading board mini-images...
2024-12-19 18:15:56,464 [ERROR] DbBoards:659 - Image file not found for board B-WBA5M-WPAN: C:\Users\hp\.stmcufinder\plugins\mcufinder//mcu//boards_images/B-WBA5M-WPAN.jpg
2024-12-19 18:16:02,608 [ERROR] DbBoards:659 - Image file not found for board NUCLEO-U385RG-Q: C:\Users\hp\.stmcufinder\plugins\mcufinder//mcu//boards_images/NUCLEO-U385RG-Q.jpg
2024-12-19 18:16:03,197 [ERROR] DbBoards:659 - Image file not found for board NUCLEO-WB05KZ: C:\Users\hp\.stmcufinder\plugins\mcufinder//mcu//boards_images/NUCLEO-WB05KZ.jpg
2024-12-19 18:16:04,592 [ERROR] DbBoards:659 - Image file not found for board NUCLEO-WL33CC1: C:\Users\hp\.stmcufinder\plugins\mcufinder//mcu//boards_images/NUCLEO-WL33CC1.jpg
2024-12-19 18:16:04,592 [ERROR] DbBoards:659 - Image file not found for board NUCLEO-WL33CC2: C:\Users\hp\.stmcufinder\plugins\mcufinder//mcu//boards_images/NUCLEO-WL33CC2.jpg
2024-12-19 18:16:12,262 [INFO] DbBoards:665 - Loaded 204 board mini-images
2024-12-19 18:17:53,770 [INFO] ServerAccessManage:473 - Download File 
2024-12-19 18:17:53,864 [INFO] LoadUrlFilesThread:185 - End of LoadServerUrlFiles without Thread
2024-12-19 18:17:53,937 [INFO] BoardAction:170 - Large Picture
2024-12-19 18:17:55,271 [INFO] BoardAction:75 - Docs & Resources
2024-12-19 18:18:48,349 [INFO] ServerAccessManage:473 - Download File DB2196.pdf
2024-12-19 18:18:49,011 [INFO] LoadUrlFilesThread:156 - End of LoadUrlFiles Thread
2024-12-19 18:18:49,186 [INFO] GuiUtils:266 - Cannot open the file :C:/Users/hp/STM32Cube/Repository/\/DB2196.pdf using Desktop.
2024-12-19 18:18:49,625 [INFO] BoardAction:139 - Datasheet
2024-12-19 18:19:32,885 [INFO] GuiUtils:266 - Cannot open the file :C:/Users/hp/STM32Cube/Repository/\/DB2196.pdf using Desktop.
2024-12-19 18:19:32,978 [INFO] BoardAction:139 - Datasheet
2024-12-19 18:20:30,040 [INFO] McuFinderGlobals:76 - Set McuFinderConnectedMode to true
2024-12-19 18:20:30,073 [INFO] ApiDb:448 - Save user favorites file C:\Users\hp/.stm32cubeide/favorites.mcus.txt: 0 item(s)
2024-12-19 18:20:30,075 [INFO] ApiDb:452 - User favorites MCUs=[]
2024-12-19 18:20:30,104 [INFO] ApiDb:448 - Save user favorites file C:\Users\hp/.stm32cubeide/favorites.boards.txt: 0 item(s)
2024-12-19 18:20:30,105 [INFO] ApiDb:452 - User favorites Boards=[]
2024-12-19 18:50:32,441 [INFO] WebApp:190 - Connection lost
2024-12-19 18:50:33,289 [INFO] WebApp:187 - Connection restablished
2024-12-19 22:46:00,829 [ERROR] LogOutputStream:75 - [STDERR_REDIRECT] 
