2025-01-20 11:32:56,113 [INFO] Activator:176 - 


2025-01-20 11:32:56,128 [INFO] Activator:177 - !SESSION log4j initialized
2025-01-20 11:33:03,268 [INFO] LogOutputStream:77 - [STDOUT_REDIRECT] 
2025-01-20 11:33:12,550 [INFO] ApplicationProperties:184 - Using Application install path: D:\STM32CubeIDE_1.15.0\STM32CubeIDE\plugins\com.st.stm32cube.common.mx_6.13.0.202411220809
2025-01-20 11:33:12,583 [INFO] DbMcusXml:78 - Set database path to: D:\STM32CubeIDE_1.15.0\STM32CubeIDE\plugins\com.st.stm32cube.common.mx_6.13.0.202411220809\\db\/mcu/
2025-01-20 11:33:12,584 [INFO] ApiDb:274 - Set plugin database path to: D:\STM32CubeIDE_1.15.0\STM32CubeIDE\plugins\com.st.stm32cube.common.mx_6.13.0.202411220809\\db\/plugins/boardmanager/
2025-01-20 11:33:12,585 [WARN] ApiDb:259 - Overriding images path with different value:  => D:\STM32CubeIDE_1.15.0\STM32CubeIDE\plugins\com.st.stm32cube.common.mx_6.13.0.202411220809\\db\/plugins/mcufinder/images/
2025-01-20 11:33:12,605 [INFO] ApiDb:250 - Set database path to: C:\Users\hp\.stmcufinder\plugins\mcufinder//mcu/
2025-01-20 11:33:12,608 [INFO] DbMcusAds:125 - Set database path to: C:\Users\hp\.stmcufinder\plugins\mcufinder//mcu/
2025-01-20 11:33:12,612 [INFO] CrossReferenceDbSqlite:203 - Set database path to: C:\Users\hp\.stmcufinder\plugins\mcufinder//mcu/cs/
2025-01-20 11:33:12,860 [INFO] RulesReader:64 - Compatibility file has been processed (297 Rules)
2025-01-20 11:33:13,017 [INFO] DbMcusXml:78 - Set database path to: D:\STM32CubeIDE_1.15.0\STM32CubeIDE\plugins\com.st.stm32cube.common.mx_6.13.0.202411220809\\db\/mcu/
2025-01-20 11:33:13,017 [INFO] ApiDb:274 - Set plugin database path to: D:\STM32CubeIDE_1.15.0\STM32CubeIDE\plugins\com.st.stm32cube.common.mx_6.13.0.202411220809\\db\/plugins/boardmanager/
2025-01-20 11:33:13,018 [INFO] ApiDb:261 - Set plugin images path to: D:\STM32CubeIDE_1.15.0\STM32CubeIDE\plugins\com.st.stm32cube.common.mx_6.13.0.202411220809\\db\/plugins/mcufinder/images/
2025-01-20 11:33:13,019 [WARN] DbFile:41 - Overriding database path with different value: C:\Users\hp\.stmcufinder\plugins\mcufinder/ => C:\Users\hp\.stmcufinder\plugins\mcufinder
2025-01-20 11:33:13,019 [INFO] ApiDb:250 - Set database path to: C:\Users\hp\.stmcufinder\plugins\mcufinder//mcu/
2025-01-20 11:33:13,019 [WARN] DbFile:41 - Overriding database path with different value: C:\Users\hp\.stmcufinder\plugins\mcufinder/ => C:\Users\hp\.stmcufinder\plugins\mcufinder
2025-01-20 11:33:13,019 [INFO] DbMcusAds:125 - Set database path to: C:\Users\hp\.stmcufinder\plugins\mcufinder//mcu/
2025-01-20 11:33:13,020 [WARN] DbFile:41 - Overriding database path with different value: C:\Users\hp\.stmcufinder\plugins\mcufinder/ => C:\Users\hp\.stmcufinder\plugins\mcufinder
2025-01-20 11:33:13,020 [WARN] DbFile:41 - Overriding database path with different value: C:\Users\hp\.stmcufinder\plugins\mcufinder/ => C:\Users\hp\.stmcufinder\plugins\mcufinder
2025-01-20 11:33:13,020 [INFO] CrossReferenceDbSqlite:203 - Set database path to: C:\Users\hp\.stmcufinder\plugins\mcufinder//mcu/cs/
2025-01-20 11:33:13,173 [INFO] MainPanel:272 - HeapMemory: 268435456
2025-01-20 11:33:13,365 [INFO] DbMcusXml:78 - Set database path to: D:\STM32CubeIDE_1.15.0\STM32CubeIDE\plugins\com.st.stm32cube.common.mx_6.13.0.202411220809\\db\/mcu/
2025-01-20 11:33:13,365 [INFO] ApiDb:274 - Set plugin database path to: D:\STM32CubeIDE_1.15.0\STM32CubeIDE\plugins\com.st.stm32cube.common.mx_6.13.0.202411220809\\db\/plugins/boardmanager/
2025-01-20 11:33:13,365 [INFO] ApiDb:261 - Set plugin images path to: D:\STM32CubeIDE_1.15.0\STM32CubeIDE\plugins\com.st.stm32cube.common.mx_6.13.0.202411220809\\db\/plugins/mcufinder/images/
2025-01-20 11:33:13,366 [WARN] DbFile:41 - Overriding database path with different value: C:\Users\hp\.stmcufinder\plugins\mcufinder/ => C:\Users\hp\.stmcufinder\plugins\mcufinder
2025-01-20 11:33:13,366 [INFO] ApiDb:250 - Set database path to: C:\Users\hp\.stmcufinder\plugins\mcufinder//mcu/
2025-01-20 11:33:13,367 [WARN] DbFile:41 - Overriding database path with different value: C:\Users\hp\.stmcufinder\plugins\mcufinder/ => C:\Users\hp\.stmcufinder\plugins\mcufinder
2025-01-20 11:33:13,368 [INFO] DbMcusAds:125 - Set database path to: C:\Users\hp\.stmcufinder\plugins\mcufinder//mcu/
2025-01-20 11:33:13,368 [WARN] DbFile:41 - Overriding database path with different value: C:\Users\hp\.stmcufinder\plugins\mcufinder/ => C:\Users\hp\.stmcufinder\plugins\mcufinder
2025-01-20 11:33:13,368 [WARN] DbFile:41 - Overriding database path with different value: C:\Users\hp\.stmcufinder\plugins\mcufinder/ => C:\Users\hp\.stmcufinder\plugins\mcufinder
2025-01-20 11:33:13,368 [INFO] CrossReferenceDbSqlite:203 - Set database path to: C:\Users\hp\.stmcufinder\plugins\mcufinder//mcu/cs/
2025-01-20 11:33:13,404 [INFO] ApplicationProperties:184 - Using Application install path: D:\STM32CubeIDE_1.15.0\STM32CubeIDE\plugins\com.st.stm32cube.common.mx_6.13.0.202411220809
2025-01-20 11:33:13,406 [INFO] PluginManage:196 - Search for loadable plugins [exclusion list=, ]
2025-01-20 11:33:13,409 [INFO] PluginManage:310 - Check plugin analytics
2025-01-20 11:33:18,317 [INFO] AnalyticsPlugin:253 - Accepted Software Licenses: 
2025-01-20 11:33:18,318 [INFO] AnalyticsPlugin:255 - Accepted CMSIS Pack Licenses: 
2025-01-20 11:33:18,319 [INFO] AnalyticsPlugin:257 - Accepted Firmware Licenses: 
2025-01-20 11:33:18,325 [INFO] PluginManage:359 - Loaded plugin analytics (category:tool,tabindex:-1)
2025-01-20 11:33:18,325 [INFO] PluginManage:310 - Check plugin cadmodel
2025-01-20 11:33:18,356 [INFO] CADModel:105 - Init CAD model plugin
2025-01-20 11:33:18,356 [INFO] PluginManage:359 - Loaded plugin cadmodel (category:power,tabindex:5)
2025-01-20 11:33:18,356 [INFO] PluginManage:310 - Check plugin clock
2025-01-20 11:33:18,392 [INFO] PluginManage:359 - Loaded plugin clock (category:base,tabindex:2)
2025-01-20 11:33:18,392 [INFO] PluginManage:310 - Check plugin ddr
2025-01-20 11:33:18,396 [INFO] PluginManage:359 - Loaded plugin ddr (category:tool,tabindex:6)
2025-01-20 11:33:18,396 [INFO] PluginManage:310 - Check plugin filemanager
2025-01-20 11:33:18,873 [INFO] PluginManage:359 - Loaded plugin filemanager (category:base,tabindex:10)
2025-01-20 11:33:18,873 [INFO] PluginManage:310 - Check plugin ipmanager
2025-01-20 11:33:18,891 [INFO] PluginManage:359 - Loaded plugin ipmanager (category:base,tabindex:5)
2025-01-20 11:33:18,891 [INFO] PluginManage:310 - Check plugin lpbam
2025-01-20 11:33:18,938 [INFO] PluginManage:359 - Loaded plugin lpbam (category:base,tabindex:0)
2025-01-20 11:33:18,938 [INFO] PluginManage:310 - Check plugin memorymap
2025-01-20 11:33:18,992 [INFO] PluginManage:359 - Loaded plugin memorymap (category:base,tabindex:4)
2025-01-20 11:33:18,992 [INFO] PluginManage:310 - Check plugin pinoutandconfiguration
2025-01-20 11:33:19,024 [INFO] PluginManage:359 - Loaded plugin pinoutandconfiguration (category:base,tabindex:1)
2025-01-20 11:33:19,025 [INFO] PluginManage:310 - Check plugin pinoutconfig
2025-01-20 11:33:19,255 [WARN] SupportedApi:132 - Cannot load RTOS API schema: s4s-elt-must-match.1: The content of 'definitions' must match (annotation?, (simpleType | complexType)?, (unique | key | keyref)*)). A problem was found starting at: attribute.
2025-01-20 11:33:19,495 [INFO] PluginManage:359 - Loaded plugin pinoutconfig (category:base,tabindex:0)
2025-01-20 11:33:19,495 [INFO] PluginManage:310 - Check plugin power
2025-01-20 11:33:19,551 [INFO] PluginManage:359 - Loaded plugin power (category:power,tabindex:4)
2025-01-20 11:33:19,551 [INFO] PluginManage:310 - Check plugin projectmanager
2025-01-20 11:33:19,594 [INFO] PluginManage:359 - Loaded plugin projectmanager (category:projectmanager,tabindex:4)
2025-01-20 11:33:19,594 [INFO] PluginManage:310 - Check plugin rif
2025-01-20 11:33:19,630 [INFO] PluginManage:359 - Loaded plugin rif (category:base,tabindex:3)
2025-01-20 11:33:19,630 [INFO] PluginManage:310 - Check plugin thirdparty
2025-01-20 11:33:20,368 [INFO] PluginManage:359 - Loaded plugin thirdparty (category:base,tabindex:-1)
2025-01-20 11:33:20,367 [WARN] IntegrityCheckThread:84 - waiting for thirdparty lock release [integrity check]
2025-01-20 11:33:20,369 [INFO] PluginManage:310 - Check plugin tools
2025-01-20 11:33:20,369 [INFO] IntegrityCheckThread:86 - entering critical section [integrity check]
2025-01-20 11:33:20,370 [INFO] ThirdPartyUpdaterWithRetryManager:70 - Updater plugin not ready yet. [1/15]
2025-01-20 11:33:20,495 [INFO] PluginManage:359 - Loaded plugin tools (category:base,tabindex:7)
2025-01-20 11:33:20,495 [INFO] PluginManage:310 - Check plugin tutovideos
2025-01-20 11:33:20,966 [INFO] PluginManage:359 - Loaded plugin tutovideos (category:base,tabindex:-1)
2025-01-20 11:33:20,966 [INFO] PluginManage:310 - Check plugin updater
2025-01-20 11:33:21,028 [INFO] PluginManage:359 - Loaded plugin updater (category:base,tabindex:12)
2025-01-20 11:33:21,029 [INFO] PluginManage:310 - Check plugin userauth
2025-01-20 11:33:21,039 [INFO] UserAuth:118 - Init User Auth plugin
2025-01-20 11:33:21,041 [INFO] PluginManage:359 - Loaded plugin userauth (category:base,tabindex:14)
2025-01-20 11:33:21,042 [INFO] PluginManage:283 - PluginManage : Loaded plugins [18]
2025-01-20 11:33:21,754 [INFO] PinOutPanel:1589 - setPackage(No Configuration,No Configuration)
2025-01-20 11:33:21,945 [INFO] CADModel:165 - CPN selected for project level
2025-01-20 11:33:21,945 [INFO] CADModel:114 - Register for checkConnection events
2025-01-20 11:33:21,999 [INFO] IPUIPlugin:80 - create IPUIPlugin
2025-01-20 11:33:21,999 [INFO] PluginManager:220 - loadIPPluginJar : add adc
2025-01-20 11:33:22,091 [INFO] IPUIPlugin:80 - create IPUIPlugin
2025-01-20 11:33:22,091 [INFO] PluginManager:220 - loadIPPluginJar : add aes
2025-01-20 11:33:22,198 [INFO] IPUIPlugin:80 - create IPUIPlugin
2025-01-20 11:33:22,198 [INFO] PluginManager:220 - loadIPPluginJar : add can
2025-01-20 11:33:22,249 [INFO] IPUIPlugin:80 - create IPUIPlugin
2025-01-20 11:33:22,250 [INFO] PluginManager:220 - loadIPPluginJar : add comp
2025-01-20 11:33:22,324 [INFO] IPUIPlugin:80 - create IPUIPlugin
2025-01-20 11:33:22,325 [INFO] PluginManager:220 - loadIPPluginJar : add cryp
2025-01-20 11:33:22,347 [INFO] IPUIPlugin:80 - create IPUIPlugin
2025-01-20 11:33:22,348 [INFO] PluginManager:220 - loadIPPluginJar : add ddr_ctrl_phy
2025-01-20 11:33:22,411 [INFO] IPUIPlugin:80 - create IPUIPlugin
2025-01-20 11:33:22,412 [INFO] PluginManager:220 - loadIPPluginJar : add dfsdm
2025-01-20 11:33:22,439 [INFO] IPUIPlugin:80 - create IPUIPlugin
2025-01-20 11:33:22,440 [INFO] PluginManager:220 - loadIPPluginJar : add dma
2025-01-20 11:33:22,530 [INFO] IPUIPlugin:80 - create IPUIPlugin
2025-01-20 11:33:22,530 [INFO] PluginManager:220 - loadIPPluginJar : add dma3
2025-01-20 11:33:22,623 [INFO] IPUIPlugin:80 - create IPUIPlugin
2025-01-20 11:33:22,624 [INFO] PluginManager:220 - loadIPPluginJar : add extmemmanager
2025-01-20 11:33:22,666 [INFO] IPUIPlugin:80 - create IPUIPlugin
2025-01-20 11:33:22,667 [INFO] PluginManager:220 - loadIPPluginJar : add fatfs
2025-01-20 11:33:22,774 [INFO] IPUIPlugin:80 - create IPUIPlugin
2025-01-20 11:33:22,774 [INFO] PluginManager:220 - loadIPPluginJar : add fmc
2025-01-20 11:33:22,807 [INFO] IPUIPlugin:80 - create IPUIPlugin
2025-01-20 11:33:22,808 [INFO] PluginManager:220 - loadIPPluginJar : add freertos
2025-01-20 11:33:22,866 [INFO] IPUIPlugin:80 - create IPUIPlugin
2025-01-20 11:33:22,867 [INFO] PluginManager:220 - loadIPPluginJar : add genericplugin
2025-01-20 11:33:23,167 [INFO] IPUIPlugin:80 - create IPUIPlugin
2025-01-20 11:33:23,168 [INFO] PluginManager:220 - loadIPPluginJar : add gfxmmu
2025-01-20 11:33:23,373 [INFO] ThirdPartyUpdaterWithRetryManager:70 - Updater plugin not ready yet. [2/15]
2025-01-20 11:33:23,596 [INFO] IPUIPlugin:80 - create IPUIPlugin
2025-01-20 11:33:23,597 [INFO] PluginManager:220 - loadIPPluginJar : add gic
2025-01-20 11:33:23,629 [INFO] IPUIPlugin:80 - create IPUIPlugin
2025-01-20 11:33:23,630 [INFO] PluginManager:220 - loadIPPluginJar : add gpio
2025-01-20 11:33:23,908 [INFO] IPUIPlugin:80 - create IPUIPlugin
2025-01-20 11:33:23,908 [INFO] PluginManager:220 - loadIPPluginJar : add gtzc
2025-01-20 11:33:24,024 [INFO] IPUIPlugin:80 - create IPUIPlugin
2025-01-20 11:33:24,025 [INFO] PluginManager:220 - loadIPPluginJar : add hash
2025-01-20 11:33:24,161 [INFO] IPUIPlugin:80 - create IPUIPlugin
2025-01-20 11:33:24,162 [INFO] PluginManager:220 - loadIPPluginJar : add i2c
2025-01-20 11:33:24,253 [INFO] IPUIPlugin:80 - create IPUIPlugin
2025-01-20 11:33:24,253 [INFO] PluginManager:220 - loadIPPluginJar : add i2s
2025-01-20 11:33:24,353 [INFO] IPUIPlugin:80 - create IPUIPlugin
2025-01-20 11:33:24,353 [INFO] PluginManager:220 - loadIPPluginJar : add i3c
2025-01-20 11:33:24,658 [INFO] IPUIPlugin:80 - create IPUIPlugin
2025-01-20 11:33:24,658 [INFO] PluginManager:220 - loadIPPluginJar : add ipddr
2025-01-20 11:33:24,941 [INFO] IPUIPlugin:80 - create IPUIPlugin
2025-01-20 11:33:24,942 [INFO] PluginManager:220 - loadIPPluginJar : add linkedlist
2025-01-20 11:33:25,031 [INFO] IPUIPlugin:80 - create IPUIPlugin
2025-01-20 11:33:25,032 [INFO] PluginManager:220 - loadIPPluginJar : add lorawan
2025-01-20 11:33:25,109 [INFO] IPUIPlugin:80 - create IPUIPlugin
2025-01-20 11:33:25,109 [INFO] PluginManager:220 - loadIPPluginJar : add ltdc
2025-01-20 11:33:25,139 [INFO] IPUIPlugin:80 - create IPUIPlugin
2025-01-20 11:33:25,140 [INFO] PluginManager:220 - loadIPPluginJar : add mdma
2025-01-20 11:33:25,164 [INFO] IPUIPlugin:80 - create IPUIPlugin
2025-01-20 11:33:25,164 [INFO] PluginManager:220 - loadIPPluginJar : add nvic
2025-01-20 11:33:25,242 [INFO] IPUIPlugin:80 - create IPUIPlugin
2025-01-20 11:33:25,242 [INFO] PluginManager:220 - loadIPPluginJar : add opamp
2025-01-20 11:33:25,371 [INFO] IPUIPlugin:80 - create IPUIPlugin
2025-01-20 11:33:25,371 [INFO] PluginManager:220 - loadIPPluginJar : add openamp
2025-01-20 11:33:25,465 [INFO] IPUIPlugin:80 - create IPUIPlugin
2025-01-20 11:33:25,466 [INFO] PluginManager:220 - loadIPPluginJar : add pdm2pcm
2025-01-20 11:33:25,499 [INFO] IPUIPlugin:80 - create IPUIPlugin
2025-01-20 11:33:25,503 [INFO] PluginManager:220 - loadIPPluginJar : add plateformsettings
2025-01-20 11:33:25,563 [INFO] IPUIPlugin:80 - create IPUIPlugin
2025-01-20 11:33:25,563 [INFO] PluginManager:220 - loadIPPluginJar : add quadspi
2025-01-20 11:33:25,630 [INFO] IPUIPlugin:80 - create IPUIPlugin
2025-01-20 11:33:25,631 [INFO] PluginManager:220 - loadIPPluginJar : add radio
2025-01-20 11:33:25,663 [INFO] IPUIPlugin:80 - create IPUIPlugin
2025-01-20 11:33:25,664 [INFO] PluginManager:220 - loadIPPluginJar : add resmgrutility
2025-01-20 11:33:25,804 [INFO] IPUIPlugin:80 - create IPUIPlugin
2025-01-20 11:33:25,804 [INFO] PluginManager:220 - loadIPPluginJar : add sai
2025-01-20 11:33:25,903 [INFO] IPUIPlugin:80 - create IPUIPlugin
2025-01-20 11:33:25,904 [INFO] PluginManager:220 - loadIPPluginJar : add spi
2025-01-20 11:33:26,050 [INFO] IPUIPlugin:80 - create IPUIPlugin
2025-01-20 11:33:26,050 [INFO] PluginManager:220 - loadIPPluginJar : add stm32_wpan
2025-01-20 11:33:26,098 [INFO] IPUIPlugin:80 - create IPUIPlugin
2025-01-20 11:33:26,098 [INFO] PluginManager:220 - loadIPPluginJar : add tim
2025-01-20 11:33:26,224 [INFO] IPUIPlugin:80 - create IPUIPlugin
2025-01-20 11:33:26,225 [INFO] PluginManager:220 - loadIPPluginJar : add touchsensing
2025-01-20 11:33:26,270 [INFO] IPUIPlugin:80 - create IPUIPlugin
2025-01-20 11:33:26,271 [INFO] PluginManager:220 - loadIPPluginJar : add tracer_emb
2025-01-20 11:33:26,319 [INFO] IPUIPlugin:80 - create IPUIPlugin
2025-01-20 11:33:26,319 [INFO] PluginManager:220 - loadIPPluginJar : add ts
2025-01-20 11:33:26,368 [INFO] IPUIPlugin:80 - create IPUIPlugin
2025-01-20 11:33:26,368 [INFO] PluginManager:220 - loadIPPluginJar : add tsc
2025-01-20 11:33:26,374 [INFO] ThirdPartyUpdaterWithRetryManager:70 - Updater plugin not ready yet. [3/15]
2025-01-20 11:33:26,417 [INFO] IPUIPlugin:80 - create IPUIPlugin
2025-01-20 11:33:26,417 [INFO] PluginManager:220 - loadIPPluginJar : add ucpd
2025-01-20 11:33:26,545 [INFO] IPUIPlugin:80 - create IPUIPlugin
2025-01-20 11:33:26,545 [INFO] PluginManager:220 - loadIPPluginJar : add usart
2025-01-20 11:33:26,679 [INFO] IPUIPlugin:80 - create IPUIPlugin
2025-01-20 11:33:26,680 [INFO] PluginManager:220 - loadIPPluginJar : add usbx
2025-01-20 11:33:26,893 [FATAL] Updater:351 - Updater called before beeing initialized
2025-01-20 11:33:26,946 [INFO] RulesReader:64 - Compatibility file has been processed (297 Rules)
2025-01-20 11:33:26,964 [INFO] RulesReader:64 - Compatibility file has been processed (297 Rules)
2025-01-20 11:33:26,977 [INFO] CADModel:165 - CPN selected for project level
2025-01-20 11:33:26,978 [INFO] CADModel:114 - Register for checkConnection events
2025-01-20 11:33:26,978 [FATAL] Updater:351 - Updater called before beeing initialized
2025-01-20 11:33:26,978 [ERROR] CADModel:125 - Updater not yet initialized, retry later 
2025-01-20 11:33:27,245 [FATAL] Updater:351 - Updater called before beeing initialized
2025-01-20 11:33:27,249 [INFO] CADModel:165 - CPN selected for project level
2025-01-20 11:33:27,249 [INFO] CADModel:114 - Register for checkConnection events
2025-01-20 11:33:27,249 [FATAL] Updater:351 - Updater called before beeing initialized
2025-01-20 11:33:27,249 [ERROR] CADModel:125 - Updater not yet initialized, retry later 
2025-01-20 11:33:27,256 [FATAL] Updater:351 - Updater called before beeing initialized
2025-01-20 11:33:27,500 [FATAL] Updater:351 - Updater called before beeing initialized
2025-01-20 11:33:27,532 [INFO] DbMcusAds:53 - JSON generation date=Fri Sep 20 18:34:23 IST 2024 (1726837463113)
2025-01-20 11:33:27,532 [FATAL] Updater:351 - Updater called before beeing initialized
2025-01-20 11:33:27,816 [WARN] DetailPanel:346 - Failed to get advertising image, set to default
2025-01-20 11:33:28,518 [FATAL] Updater:351 - Updater called before beeing initialized
2025-01-20 11:33:28,522 [FATAL] Updater:351 - Updater called before beeing initialized
2025-01-20 11:33:28,523 [FATAL] Updater:351 - Updater called before beeing initialized
2025-01-20 11:33:28,523 [WARN] DetailPanel:346 - Failed to get advertising image, set to default
2025-01-20 11:33:28,525 [FATAL] Updater:351 - Updater called before beeing initialized
2025-01-20 11:33:28,678 [ERROR] Updater:1198 - MainUpdater not yet initialized. External WinMGr cannot be set.
2025-01-20 11:33:28,706 [INFO] Updater:1134 - Updater Version found : 6.13.0
2025-01-20 11:33:28,780 [INFO] ApplicationProperties:184 - Using Application install path: D:\STM32CubeIDE_1.15.0\STM32CubeIDE\plugins\com.st.stm32cube.common.mx_6.13.0.202411220809
2025-01-20 11:33:29,376 [INFO] ThirdPartyUpdaterWithRetryManager:70 - Updater plugin not ready yet. [4/15]
2025-01-20 11:33:30,396 [ERROR] LogOutputStream:75 - [STDERR_REDIRECT] Jan 20, 2025 11:33:30 AM java.util.prefs.WindowsPreferences <init>
2025-01-20 11:33:30,401 [ERROR] LogOutputStream:75 - [STDERR_REDIRECT] WARNING: Could not open/create prefs root node Software\JavaSoft\Prefs at root 0xffffffff80000002. Windows RegCreateKeyEx(...) returned error code 5.
2025-01-20 11:33:30,402 [ERROR] LogOutputStream:75 - [STDERR_REDIRECT] 
2025-01-20 11:33:31,309 [INFO] MainUpdater:2872 - connection check result : 10
2025-01-20 11:33:31,311 [INFO] MainUpdater:289 - Updater Check For Update Now.
2025-01-20 11:33:31,311 [INFO] MicroXplorer:498 - Change Database Version : DB.6.0.130
2025-01-20 11:33:31,350 [INFO] McuFinderGlobals:63 - Set McuFinder mode to 2 (CubeIDE integrated)
2025-01-20 11:33:31,351 [INFO] UserAuth:171 - activating auth plugin
2025-01-20 11:33:31,370 [INFO] UserAuth:486 - Internet connection configuration mode: 1
2025-01-20 11:33:31,501 [INFO] JxBrowserEngine:152 - Initiate JxBrowser Engine with user profile folder
2025-01-20 11:33:31,932 [INFO] CheckServerUpdateThread:120 - End of CheckServer Thread
2025-01-20 11:33:33,080 [WARN] PackLoader:240 - Cannot read IP mode file for STMicroelectronics.FP-SNS-MOTENVWB1.1.4.0
2025-01-20 11:33:33,125 [WARN] PackLoader:240 - Cannot read IP mode file for STMicroelectronics.FP-ATR-ASTRA1.2.0.1
2025-01-20 11:33:33,172 [WARN] PackLoader:240 - Cannot read IP mode file for STMicroelectronics.X-CUBE-SMBUS.2.1.0
2025-01-20 11:33:33,903 [WARN] PackLoader:240 - Cannot read IP mode file for STMicroelectronics.X-CUBE-WB05N.1.1.0
2025-01-20 11:33:34,003 [WARN] PackLoader:240 - Cannot read IP mode file for STMicroelectronics.X-CUBE-TOUCHGFX.4.23.2
2025-01-20 11:33:34,169 [WARN] PackLoader:240 - Cannot read IP mode file for STMicroelectronics.X-CUBE-AZRTOS-F7.1.1.0
2025-01-20 11:33:34,522 [WARN] PackLoader:240 - Cannot read IP mode file for STMicroelectronics.X-CUBE-MEMS1.11.0.0
2025-01-20 11:33:35,002 [WARN] PackLoader:240 - Cannot read IP mode file for STMicroelectronics.FP-SNS-FLIGHT1.5.0.2
2025-01-20 11:33:35,049 [WARN] PackLoader:240 - Cannot read IP mode file for STMicroelectronics.X-CUBE-DISPLAY.3.0.0
2025-01-20 11:33:35,104 [WARN] PackLoader:240 - Cannot read IP mode file for STMicroelectronics.X-CUBE-BLE1.7.0.0
2025-01-20 11:33:35,155 [WARN] PackLoader:240 - Cannot read IP mode file for STMicroelectronics.X-CUBE-NFC10.1.0.0
2025-01-20 11:33:35,223 [WARN] PackLoader:240 - Cannot read IP mode file for STMicroelectronics.X-CUBE-BLEMGR.4.0.0
2025-01-20 11:33:35,275 [WARN] PackLoader:240 - Cannot read IP mode file for emotas.I-CUBE-CANOPEN.1.3.0
2025-01-20 11:33:35,380 [WARN] PackLoader:240 - Cannot read IP mode file for STMicroelectronics.X-CUBE-BLEMGR.3.1.0
2025-01-20 11:33:35,428 [WARN] PackLoader:240 - Cannot read IP mode file for STMicroelectronics.FP-SNS-SMARTAG2.1.2.0
2025-01-20 11:33:35,714 [WARN] PackLoader:240 - Cannot read IP mode file for STMicroelectronics.X-CUBE-MEMS1.11.1.0
2025-01-20 11:33:36,988 [INFO] LogOutputStream:77 - [STDOUT_REDIRECT] 1 : Invalid condition id : UX_CORESTACK_Condition cause : null
2025-01-20 11:33:36,990 [INFO] LogOutputStream:77 - [STDOUT_REDIRECT] 1 : Invalid condition id : UX_CORESTACK_Condition cause : null
2025-01-20 11:33:36,998 [INFO] LogOutputStream:77 - [STDOUT_REDIRECT] 1 : Invalid condition id : UX_CORESTACK_Condition cause : null
2025-01-20 11:33:37,002 [INFO] LogOutputStream:77 - [STDOUT_REDIRECT] 1 : Invalid condition id : UX_CORESTACK_Condition cause : null
2025-01-20 11:33:37,006 [INFO] LogOutputStream:77 - [STDOUT_REDIRECT] 1 : Invalid condition id : UX_CORESTACK_Condition cause : null
2025-01-20 11:33:37,014 [WARN] PackLoader:240 - Cannot read IP mode file for STMicroelectronics.X-CUBE-AZRTOS-WL.2.0.0
2025-01-20 11:33:37,054 [WARN] PackLoader:240 - Cannot read IP mode file for STMicroelectronics.FP-SNS-MOTENV1.5.0.0
2025-01-20 11:33:37,113 [WARN] PackLoader:240 - Cannot read IP mode file for wolfSSL.I-CUBE-wolfMQTT.1.19.0
2025-01-20 11:33:37,163 [WARN] PackLoader:240 - Cannot read IP mode file for WES.I-CUBE-Cesium.1.3.0
2025-01-20 11:33:37,211 [WARN] PackLoader:240 - Cannot read IP mode file for STMicroelectronics.X-CUBE-BLE2.3.3.0
2025-01-20 11:33:37,254 [WARN] PackLoader:240 - Cannot read IP mode file for STMicroelectronics.X-CUBE-NFC9.1.0.0
2025-01-20 11:33:37,296 [WARN] PackLoader:240 - Cannot read IP mode file for STMicroelectronics.X-CUBE-TCPP.4.1.0
2025-01-20 11:33:37,852 [WARN] PackLoader:240 - Cannot read IP mode file for STMicroelectronics.X-CUBE-AZRTOS-G0.1.1.0
2025-01-20 11:33:37,914 [WARN] PackLoader:240 - Cannot read IP mode file for STMicroelectronics.X-CUBE-SAFEA1.1.2.2
2025-01-20 11:33:37,960 [WARN] PackLoader:240 - Cannot read IP mode file for STMicroelectronics.X-CUBE-NFC4.3.0.0
2025-01-20 11:33:38,015 [WARN] PackLoader:240 - Cannot read IP mode file for EmbeddedOffice.I-CUBE-FS-RTOS.1.0.1
2025-01-20 11:33:38,051 [WARN] PackLoader:240 - Cannot read IP mode file for STMicroelectronics.X-CUBE-TCPP.4.2.0
2025-01-20 11:33:38,115 [WARN] PackLoader:240 - Cannot read IP mode file for RealThread.X-CUBE-RT-Thread_Nano.4.1.1
2025-01-20 11:33:38,169 [WARN] PackLoader:240 - Cannot read IP mode file for wolfSSL.I-CUBE-wolfSSL.5.7.0
2025-01-20 11:33:38,201 [WARN] PackLoader:240 - Cannot read IP mode file for STMicroelectronics.FP-ATR-SIGFOX1.3.2.0
2025-01-20 11:33:38,235 [WARN] ConditionMgr:438 - getConditionDescription Invalid condition id : Cortex-A Device cause : null
2025-01-20 11:33:38,285 [WARN] ConditionMgr:1044 - genDependencies : Invalid condition id : Cortex-A Device cause : null
2025-01-20 11:33:38,286 [WARN] ConditionMgr:1044 - genDependencies : Invalid condition id : Cortex-A Device cause : null
2025-01-20 11:33:38,286 [WARN] ConditionMgr:1044 - genDependencies : Invalid condition id : Cortex-A Device cause : null
2025-01-20 11:33:38,333 [WARN] PackLoader:240 - Cannot read IP mode file for STMicroelectronics.X-CUBE-EEPRMA1.5.1.0
2025-01-20 11:33:38,387 [WARN] PackLoader:240 - Cannot read IP mode file for ITTIA_DB.I-CUBE-ITTIADB.8.9.0
2025-01-20 11:33:38,532 [WARN] PackLoader:240 - Cannot read IP mode file for SEGGER.I-CUBE-embOS.1.3.1
2025-01-20 11:33:38,762 [WARN] PackLoader:240 - Cannot read IP mode file for STMicroelectronics.X-CUBE-ALGOBUILD.1.4.0
2025-01-20 11:33:38,801 [WARN] PackLoader:240 - Cannot read IP mode file for STMicroelectronics.X-CUBE-AI.9.1.0
2025-01-20 11:33:38,843 [WARN] PackLoader:240 - Cannot read IP mode file for STMicroelectronics.X-CUBE-GNSS1.6.0.0
2025-01-20 11:33:38,939 [WARN] PackLoader:240 - Cannot read IP mode file for STMicroelectronics.X-CUBE-AZRTOS-F4.1.1.0
2025-01-20 11:33:38,983 [WARN] PackLoader:240 - Cannot read IP mode file for STMicroelectronics.X-CUBE-ISPU.2.1.0
2025-01-20 11:33:39,021 [WARN] PackLoader:240 - Cannot read IP mode file for STMicroelectronics.X-CUBE-FREERTOS.1.2.0
2025-01-20 11:33:39,102 [WARN] PackLoader:240 - Cannot read IP mode file for STMicroelectronics.X-CUBE-AZRTOS-L5.2.0.0
2025-01-20 11:33:39,198 [WARN] PackLoader:240 - Cannot read IP mode file for STMicroelectronics.X-CUBE-NFC6.3.1.0
2025-01-20 11:33:39,731 [WARN] PackLoader:240 - Cannot read IP mode file for STMicroelectronics.X-CUBE-DPower.1.2.0
2025-01-20 11:33:39,766 [WARN] PackLoader:240 - Cannot read IP mode file for STMicroelectronics.X-CUBE-AI.9.0.0
2025-01-20 11:33:39,798 [WARN] PackLoader:240 - Cannot read IP mode file for STMicroelectronics.X-CUBE-FREERTOS.1.3.0
2025-01-20 11:33:39,839 [WARN] PackLoader:240 - Cannot read IP mode file for STMicroelectronics.X-CUBE-NFC7.1.0.1
2025-01-20 11:33:39,890 [WARN] PackLoader:240 - Cannot read IP mode file for wolfSSL.I-CUBE-wolfTPM.3.2.0
2025-01-20 11:33:39,923 [INFO] WebApp:168 - Instantiating new browser for Auth
2025-01-20 11:33:40,045 [WARN] ConditionMgr:438 - getConditionDescription Invalid condition id : LAN8742 Phy interface Condition cause : null
2025-01-20 11:33:40,046 [WARN] PackLoader:240 - Cannot read IP mode file for STMicroelectronics.X-CUBE-AZRTOS-L4.2.0.0
2025-01-20 11:33:40,051 [WARN] ConditionMgr:1044 - genDependencies : Invalid condition id : LAN8742 Phy interface Condition cause : null
2025-01-20 11:33:40,052 [WARN] ConditionMgr:1044 - genDependencies : Invalid condition id : LAN8742 Phy interface Condition cause : null
2025-01-20 11:33:40,053 [WARN] ConditionMgr:1044 - genDependencies : Invalid condition id : LAN8742 Phy interface Condition cause : null
2025-01-20 11:33:40,145 [WARN] PackLoader:240 - Cannot read IP mode file for STMicroelectronics.X-CUBE-SFXS2LP1.4.0.0
2025-01-20 11:33:40,517 [WARN] PackLoader:240 - Cannot read IP mode file for STMicroelectronics.X-CUBE-AZRTOS-H7.3.3.0
2025-01-20 11:33:40,603 [WARN] PackLoader:240 - Cannot read IP mode file for STMicroelectronics.X-CUBE-IPS.3.0.0
2025-01-20 11:33:40,780 [WARN] ConditionMgr:438 - getConditionDescription Invalid condition id : UX DEVICE CLASS RTOS Condition cause : null
2025-01-20 11:33:40,781 [WARN] ConditionMgr:438 - getConditionDescription Invalid condition id : UX DEVICE CLASS RTOS Condition cause : null
2025-01-20 11:33:40,786 [WARN] PackLoader:240 - Cannot read IP mode file for STMicroelectronics.X-CUBE-AZRTOS-WB.2.0.0
2025-01-20 11:33:40,787 [WARN] ConditionMgr:1044 - genDependencies : Invalid condition id : UX DEVICE CLASS RTOS Condition cause : null
2025-01-20 11:33:40,787 [WARN] ConditionMgr:1044 - genDependencies : Invalid condition id : UX DEVICE CLASS RTOS Condition cause : null
2025-01-20 11:33:40,789 [WARN] ConditionMgr:1044 - genDependencies : Invalid condition id : UX DEVICE CLASS RTOS Condition cause : null
2025-01-20 11:33:40,789 [WARN] ConditionMgr:1044 - genDependencies : Invalid condition id : UX DEVICE CLASS RTOS Condition cause : null
2025-01-20 11:33:40,790 [WARN] ConditionMgr:1044 - genDependencies : Invalid condition id : UX DEVICE CLASS RTOS Condition cause : null
2025-01-20 11:33:40,832 [WARN] PackLoader:240 - Cannot read IP mode file for STMicroelectronics.X-CUBE-GNSS1.7.0.0
2025-01-20 11:33:40,884 [WARN] PackLoader:240 - Cannot read IP mode file for STMicroelectronics.X-CUBE-GNSS1.7.0.1
2025-01-20 11:33:40,929 [WARN] PackLoader:240 - Cannot read IP mode file for STMicroelectronics.FP-SNS-STBOX1.2.0.0
2025-01-20 11:33:40,987 [WARN] PackLoader:240 - Cannot read IP mode file for STMicroelectronics.X-CUBE-SUBG2.5.0.0
2025-01-20 11:33:41,056 [WARN] PackLoader:240 - Cannot read IP mode file for Cesanta.I-CUBE-Mongoose.7.13.0
2025-01-20 11:33:41,167 [WARN] PackLoader:240 - Cannot read IP mode file for STMicroelectronics.X-CUBE-AZRTOS-G4.2.0.0
2025-01-20 11:33:41,215 [WARN] PackLoader:240 - Cannot read IP mode file for STMicroelectronics.X-CUBE-ISPU.2.0.0
2025-01-20 11:33:41,290 [WARN] PackLoader:240 - Cannot read IP mode file for STMicroelectronics.X-CUBE-IPS.3.1.0
2025-01-20 11:33:41,349 [WARN] PackLoader:240 - Cannot read IP mode file for STMicroelectronics.X-CUBE-ALS.1.0.2
2025-01-20 11:33:41,514 [WARN] PackLoader:240 - Cannot read IP mode file for STMicroelectronics.X-CUBE-MEMS1.10.0.0
2025-01-20 11:33:42,031 [WARN] PackLoader:240 - Cannot read IP mode file for STMicroelectronics.X-CUBE-TOUCHGFX.4.24.0
2025-01-20 11:33:42,206 [WARN] PackLoader:240 - Cannot read IP mode file for STMicroelectronics.X-CUBE-TOUCHGFX.4.24.2
2025-01-20 11:33:42,275 [WARN] PackLoader:240 - Cannot read IP mode file for STMicroelectronics.X-CUBE-TOUCHGFX.4.24.1
2025-01-20 11:33:42,330 [WARN] PackLoader:240 - Cannot read IP mode file for portGmbH.I-Cube-SoM-uGOAL.1.1.0
2025-01-20 11:33:42,419 [WARN] PackLoader:240 - Cannot read IP mode file for STMicroelectronics.X-CUBE-AZRTOS-H7RS.1.0.0
2025-01-20 11:33:42,532 [WARN] PackLoader:240 - Cannot read IP mode file for STMicroelectronics.FP-ATR-ASTRA1.2.0.0
2025-01-20 11:33:42,659 [WARN] PackLoader:240 - Cannot read IP mode file for STMicroelectronics.X-CUBE-TOF1.3.4.2
2025-01-20 11:33:42,753 [WARN] PackLoader:240 - Cannot read IP mode file for STMicroelectronics.X-CUBE-TOF1.3.4.1
2025-01-20 11:33:43,215 [WARN] PackLoader:240 - Cannot read IP mode file for STMicroelectronics.X-CUBE-AZRTOS-H7.3.2.0
2025-01-20 11:33:43,314 [WARN] PackLoader:240 - Cannot read IP mode file for Infineon.AIROC-Wi-Fi-Bluetooth-STM32.1.6.0
2025-01-20 11:33:43,353 [WARN] PackLoader:240 - Cannot read IP mode file for wolfSSL.I-CUBE-wolfSSH.1.4.17
2025-01-20 11:33:43,358 [INFO] ThirdParty:978 - Integrity check success = true
2025-01-20 11:33:43,359 [INFO] IntegrityCheckThread:100 - exiting critical section [integrity check]
2025-01-20 11:33:43,359 [INFO] IntegrityCheckThread:103 - End integrity checks thread
2025-01-20 11:33:46,441 [INFO] WebApp:449 - Apply proxy settings
2025-01-20 11:33:46,442 [INFO] WebApp:534 - Chromium requires no authentication
2025-01-20 11:33:46,480 [INFO] WebApp:477 - Direct internet connection detected
2025-01-20 11:33:46,664 [INFO] WebApp:880 - Register for checkConnection events
2025-01-20 11:33:46,665 [INFO] WebApp:449 - Apply proxy settings
2025-01-20 11:33:46,665 [INFO] WebApp:534 - Chromium requires no authentication
2025-01-20 11:33:46,672 [INFO] WebApp:477 - Direct internet connection detected
2025-01-20 11:33:47,704 [INFO] WebApp:221 - Starting web application
2025-01-20 11:33:47,705 [INFO] WebApp:579 - Web application path used D:\STM32CubeIDE_1.15.0\STM32CubeIDE\plugins\com.st.stm32cube.common.mx_6.13.0.202411220809\db\plugins\mcufinder\reactClient1\index.html
2025-01-20 11:33:52,203 [INFO] WebApp:187 - Connection restablished
2025-01-20 11:45:22,086 [INFO] WebApp:190 - Connection lost
2025-01-20 14:05:40,666 [INFO] WebApp:187 - Connection restablished
2025-01-20 14:05:43,434 [INFO] WebApp:190 - Connection lost
2025-01-20 14:05:43,760 [INFO] WebApp:187 - Connection restablished
2025-01-20 17:09:20,702 [ERROR] LogOutputStream:75 - [STDERR_REDIRECT] 
