2025-01-16 18:57:32,373 [INFO] Activator:176 - 


2025-01-16 18:57:32,385 [INFO] Activator:177 - !SESSION log4j initialized
2025-01-16 18:57:40,918 [INFO] LogOutputStream:77 - [STDOUT_REDIRECT] 
2025-01-16 18:57:49,777 [INFO] ApplicationProperties:184 - Using Application install path: D:\STM32CubeIDE_1.15.0\STM32CubeIDE\plugins\com.st.stm32cube.common.mx_6.13.0.202411220809
2025-01-16 18:57:49,815 [INFO] DbMcusXml:78 - Set database path to: D:\STM32CubeIDE_1.15.0\STM32CubeIDE\plugins\com.st.stm32cube.common.mx_6.13.0.202411220809\\db\/mcu/
2025-01-16 18:57:49,815 [INFO] ApiDb:274 - Set plugin database path to: D:\STM32CubeIDE_1.15.0\STM32CubeIDE\plugins\com.st.stm32cube.common.mx_6.13.0.202411220809\\db\/plugins/boardmanager/
2025-01-16 18:57:49,817 [WARN] ApiDb:259 - Overriding images path with different value:  => D:\STM32CubeIDE_1.15.0\STM32CubeIDE\plugins\com.st.stm32cube.common.mx_6.13.0.202411220809\\db\/plugins/mcufinder/images/
2025-01-16 18:57:49,845 [INFO] ApiDb:250 - Set database path to: C:\Users\hp\.stmcufinder\plugins\mcufinder//mcu/
2025-01-16 18:57:49,847 [INFO] DbMcusAds:125 - Set database path to: C:\Users\hp\.stmcufinder\plugins\mcufinder//mcu/
2025-01-16 18:57:49,852 [INFO] CrossReferenceDbSqlite:203 - Set database path to: C:\Users\hp\.stmcufinder\plugins\mcufinder//mcu/cs/
2025-01-16 18:57:50,275 [INFO] RulesReader:64 - Compatibility file has been processed (297 Rules)
2025-01-16 18:57:50,506 [INFO] DbMcusXml:78 - Set database path to: D:\STM32CubeIDE_1.15.0\STM32CubeIDE\plugins\com.st.stm32cube.common.mx_6.13.0.202411220809\\db\/mcu/
2025-01-16 18:57:50,506 [INFO] ApiDb:274 - Set plugin database path to: D:\STM32CubeIDE_1.15.0\STM32CubeIDE\plugins\com.st.stm32cube.common.mx_6.13.0.202411220809\\db\/plugins/boardmanager/
2025-01-16 18:57:50,508 [INFO] ApiDb:261 - Set plugin images path to: D:\STM32CubeIDE_1.15.0\STM32CubeIDE\plugins\com.st.stm32cube.common.mx_6.13.0.202411220809\\db\/plugins/mcufinder/images/
2025-01-16 18:57:50,511 [WARN] DbFile:41 - Overriding database path with different value: C:\Users\hp\.stmcufinder\plugins\mcufinder/ => C:\Users\hp\.stmcufinder\plugins\mcufinder
2025-01-16 18:57:50,512 [INFO] ApiDb:250 - Set database path to: C:\Users\hp\.stmcufinder\plugins\mcufinder//mcu/
2025-01-16 18:57:50,512 [WARN] DbFile:41 - Overriding database path with different value: C:\Users\hp\.stmcufinder\plugins\mcufinder/ => C:\Users\hp\.stmcufinder\plugins\mcufinder
2025-01-16 18:57:50,513 [INFO] DbMcusAds:125 - Set database path to: C:\Users\hp\.stmcufinder\plugins\mcufinder//mcu/
2025-01-16 18:57:50,513 [WARN] DbFile:41 - Overriding database path with different value: C:\Users\hp\.stmcufinder\plugins\mcufinder/ => C:\Users\hp\.stmcufinder\plugins\mcufinder
2025-01-16 18:57:50,513 [WARN] DbFile:41 - Overriding database path with different value: C:\Users\hp\.stmcufinder\plugins\mcufinder/ => C:\Users\hp\.stmcufinder\plugins\mcufinder
2025-01-16 18:57:50,514 [INFO] CrossReferenceDbSqlite:203 - Set database path to: C:\Users\hp\.stmcufinder\plugins\mcufinder//mcu/cs/
2025-01-16 18:57:50,721 [INFO] MainPanel:272 - HeapMemory: 268435456
2025-01-16 18:57:51,109 [INFO] DbMcusXml:78 - Set database path to: D:\STM32CubeIDE_1.15.0\STM32CubeIDE\plugins\com.st.stm32cube.common.mx_6.13.0.202411220809\\db\/mcu/
2025-01-16 18:57:51,109 [INFO] ApiDb:274 - Set plugin database path to: D:\STM32CubeIDE_1.15.0\STM32CubeIDE\plugins\com.st.stm32cube.common.mx_6.13.0.202411220809\\db\/plugins/boardmanager/
2025-01-16 18:57:51,109 [INFO] ApiDb:261 - Set plugin images path to: D:\STM32CubeIDE_1.15.0\STM32CubeIDE\plugins\com.st.stm32cube.common.mx_6.13.0.202411220809\\db\/plugins/mcufinder/images/
2025-01-16 18:57:51,110 [WARN] DbFile:41 - Overriding database path with different value: C:\Users\hp\.stmcufinder\plugins\mcufinder/ => C:\Users\hp\.stmcufinder\plugins\mcufinder
2025-01-16 18:57:51,110 [INFO] ApiDb:250 - Set database path to: C:\Users\hp\.stmcufinder\plugins\mcufinder//mcu/
2025-01-16 18:57:51,110 [WARN] DbFile:41 - Overriding database path with different value: C:\Users\hp\.stmcufinder\plugins\mcufinder/ => C:\Users\hp\.stmcufinder\plugins\mcufinder
2025-01-16 18:57:51,111 [INFO] DbMcusAds:125 - Set database path to: C:\Users\hp\.stmcufinder\plugins\mcufinder//mcu/
2025-01-16 18:57:51,111 [WARN] DbFile:41 - Overriding database path with different value: C:\Users\hp\.stmcufinder\plugins\mcufinder/ => C:\Users\hp\.stmcufinder\plugins\mcufinder
2025-01-16 18:57:51,111 [WARN] DbFile:41 - Overriding database path with different value: C:\Users\hp\.stmcufinder\plugins\mcufinder/ => C:\Users\hp\.stmcufinder\plugins\mcufinder
2025-01-16 18:57:51,111 [INFO] CrossReferenceDbSqlite:203 - Set database path to: C:\Users\hp\.stmcufinder\plugins\mcufinder//mcu/cs/
2025-01-16 18:57:51,186 [INFO] ApplicationProperties:184 - Using Application install path: D:\STM32CubeIDE_1.15.0\STM32CubeIDE\plugins\com.st.stm32cube.common.mx_6.13.0.202411220809
2025-01-16 18:57:51,188 [INFO] PluginManage:196 - Search for loadable plugins [exclusion list=, ]
2025-01-16 18:57:51,193 [INFO] PluginManage:310 - Check plugin analytics
2025-01-16 18:57:56,311 [INFO] AnalyticsPlugin:253 - Accepted Software Licenses: 
2025-01-16 18:57:56,312 [INFO] AnalyticsPlugin:255 - Accepted CMSIS Pack Licenses: 
2025-01-16 18:57:56,313 [INFO] AnalyticsPlugin:257 - Accepted Firmware Licenses: 
2025-01-16 18:57:56,331 [INFO] PluginManage:359 - Loaded plugin analytics (category:tool,tabindex:-1)
2025-01-16 18:57:56,333 [INFO] PluginManage:310 - Check plugin cadmodel
2025-01-16 18:57:56,392 [INFO] CADModel:105 - Init CAD model plugin
2025-01-16 18:57:56,393 [INFO] PluginManage:359 - Loaded plugin cadmodel (category:power,tabindex:5)
2025-01-16 18:57:56,393 [INFO] PluginManage:310 - Check plugin clock
2025-01-16 18:57:56,454 [INFO] PluginManage:359 - Loaded plugin clock (category:base,tabindex:2)
2025-01-16 18:57:56,454 [INFO] PluginManage:310 - Check plugin ddr
2025-01-16 18:57:56,461 [INFO] PluginManage:359 - Loaded plugin ddr (category:tool,tabindex:6)
2025-01-16 18:57:56,462 [INFO] PluginManage:310 - Check plugin filemanager
2025-01-16 18:57:57,279 [INFO] PluginManage:359 - Loaded plugin filemanager (category:base,tabindex:10)
2025-01-16 18:57:57,280 [INFO] PluginManage:310 - Check plugin ipmanager
2025-01-16 18:57:57,353 [INFO] PluginManage:359 - Loaded plugin ipmanager (category:base,tabindex:5)
2025-01-16 18:57:57,354 [INFO] PluginManage:310 - Check plugin lpbam
2025-01-16 18:57:57,456 [INFO] PluginManage:359 - Loaded plugin lpbam (category:base,tabindex:0)
2025-01-16 18:57:57,456 [INFO] PluginManage:310 - Check plugin memorymap
2025-01-16 18:57:57,550 [INFO] PluginManage:359 - Loaded plugin memorymap (category:base,tabindex:4)
2025-01-16 18:57:57,550 [INFO] PluginManage:310 - Check plugin pinoutandconfiguration
2025-01-16 18:57:57,619 [INFO] PluginManage:359 - Loaded plugin pinoutandconfiguration (category:base,tabindex:1)
2025-01-16 18:57:57,620 [INFO] PluginManage:310 - Check plugin pinoutconfig
2025-01-16 18:57:58,086 [WARN] SupportedApi:132 - Cannot load RTOS API schema: s4s-elt-must-match.1: The content of 'definitions' must match (annotation?, (simpleType | complexType)?, (unique | key | keyref)*)). A problem was found starting at: attribute.
2025-01-16 18:57:58,759 [INFO] PluginManage:359 - Loaded plugin pinoutconfig (category:base,tabindex:0)
2025-01-16 18:57:58,759 [INFO] PluginManage:310 - Check plugin power
2025-01-16 18:57:58,828 [INFO] PluginManage:359 - Loaded plugin power (category:power,tabindex:4)
2025-01-16 18:57:58,828 [INFO] PluginManage:310 - Check plugin projectmanager
2025-01-16 18:57:58,872 [INFO] PluginManage:359 - Loaded plugin projectmanager (category:projectmanager,tabindex:4)
2025-01-16 18:57:58,872 [INFO] PluginManage:310 - Check plugin rif
2025-01-16 18:57:58,933 [INFO] PluginManage:359 - Loaded plugin rif (category:base,tabindex:3)
2025-01-16 18:57:58,934 [INFO] PluginManage:310 - Check plugin thirdparty
2025-01-16 18:57:59,744 [INFO] PluginManage:359 - Loaded plugin thirdparty (category:base,tabindex:-1)
2025-01-16 18:57:59,746 [INFO] PluginManage:310 - Check plugin tools
2025-01-16 18:57:59,748 [WARN] IntegrityCheckThread:84 - waiting for thirdparty lock release [integrity check]
2025-01-16 18:57:59,760 [INFO] IntegrityCheckThread:86 - entering critical section [integrity check]
2025-01-16 18:57:59,763 [INFO] ThirdPartyUpdaterWithRetryManager:70 - Updater plugin not ready yet. [1/15]
2025-01-16 18:57:59,852 [INFO] PluginManage:359 - Loaded plugin tools (category:base,tabindex:7)
2025-01-16 18:57:59,853 [INFO] PluginManage:310 - Check plugin tutovideos
2025-01-16 18:58:00,263 [INFO] PluginManage:359 - Loaded plugin tutovideos (category:base,tabindex:-1)
2025-01-16 18:58:00,263 [INFO] PluginManage:310 - Check plugin updater
2025-01-16 18:58:00,340 [INFO] PluginManage:359 - Loaded plugin updater (category:base,tabindex:12)
2025-01-16 18:58:00,341 [INFO] PluginManage:310 - Check plugin userauth
2025-01-16 18:58:00,349 [INFO] UserAuth:118 - Init User Auth plugin
2025-01-16 18:58:00,351 [INFO] PluginManage:359 - Loaded plugin userauth (category:base,tabindex:14)
2025-01-16 18:58:00,352 [INFO] PluginManage:283 - PluginManage : Loaded plugins [18]
2025-01-16 18:58:00,986 [INFO] PinOutPanel:1589 - setPackage(No Configuration,No Configuration)
2025-01-16 18:58:01,177 [INFO] CADModel:165 - CPN selected for project level
2025-01-16 18:58:01,177 [INFO] CADModel:114 - Register for checkConnection events
2025-01-16 18:58:01,228 [INFO] IPUIPlugin:80 - create IPUIPlugin
2025-01-16 18:58:01,228 [INFO] PluginManager:220 - loadIPPluginJar : add adc
2025-01-16 18:58:01,310 [INFO] IPUIPlugin:80 - create IPUIPlugin
2025-01-16 18:58:01,311 [INFO] PluginManager:220 - loadIPPluginJar : add aes
2025-01-16 18:58:01,438 [INFO] IPUIPlugin:80 - create IPUIPlugin
2025-01-16 18:58:01,438 [INFO] PluginManager:220 - loadIPPluginJar : add can
2025-01-16 18:58:01,500 [INFO] IPUIPlugin:80 - create IPUIPlugin
2025-01-16 18:58:01,500 [INFO] PluginManager:220 - loadIPPluginJar : add comp
2025-01-16 18:58:01,615 [INFO] IPUIPlugin:80 - create IPUIPlugin
2025-01-16 18:58:01,616 [INFO] PluginManager:220 - loadIPPluginJar : add cryp
2025-01-16 18:58:01,664 [INFO] IPUIPlugin:80 - create IPUIPlugin
2025-01-16 18:58:01,665 [INFO] PluginManager:220 - loadIPPluginJar : add ddr_ctrl_phy
2025-01-16 18:58:01,758 [INFO] IPUIPlugin:80 - create IPUIPlugin
2025-01-16 18:58:01,758 [INFO] PluginManager:220 - loadIPPluginJar : add dfsdm
2025-01-16 18:58:01,789 [INFO] IPUIPlugin:80 - create IPUIPlugin
2025-01-16 18:58:01,790 [INFO] PluginManager:220 - loadIPPluginJar : add dma
2025-01-16 18:58:01,935 [INFO] IPUIPlugin:80 - create IPUIPlugin
2025-01-16 18:58:01,935 [INFO] PluginManager:220 - loadIPPluginJar : add dma3
2025-01-16 18:58:02,092 [INFO] IPUIPlugin:80 - create IPUIPlugin
2025-01-16 18:58:02,093 [INFO] PluginManager:220 - loadIPPluginJar : add extmemmanager
2025-01-16 18:58:02,321 [INFO] IPUIPlugin:80 - create IPUIPlugin
2025-01-16 18:58:02,321 [INFO] PluginManager:220 - loadIPPluginJar : add fatfs
2025-01-16 18:58:02,460 [INFO] IPUIPlugin:80 - create IPUIPlugin
2025-01-16 18:58:02,461 [INFO] PluginManager:220 - loadIPPluginJar : add fmc
2025-01-16 18:58:02,505 [INFO] IPUIPlugin:80 - create IPUIPlugin
2025-01-16 18:58:02,534 [INFO] PluginManager:220 - loadIPPluginJar : add freertos
2025-01-16 18:58:02,609 [INFO] IPUIPlugin:80 - create IPUIPlugin
2025-01-16 18:58:02,610 [INFO] PluginManager:220 - loadIPPluginJar : add genericplugin
2025-01-16 18:58:02,766 [INFO] ThirdPartyUpdaterWithRetryManager:70 - Updater plugin not ready yet. [2/15]
2025-01-16 18:58:02,874 [INFO] IPUIPlugin:80 - create IPUIPlugin
2025-01-16 18:58:02,874 [INFO] PluginManager:220 - loadIPPluginJar : add gfxmmu
2025-01-16 18:58:03,201 [INFO] IPUIPlugin:80 - create IPUIPlugin
2025-01-16 18:58:03,201 [INFO] PluginManager:220 - loadIPPluginJar : add gic
2025-01-16 18:58:03,233 [INFO] IPUIPlugin:80 - create IPUIPlugin
2025-01-16 18:58:03,233 [INFO] PluginManager:220 - loadIPPluginJar : add gpio
2025-01-16 18:58:03,502 [INFO] IPUIPlugin:80 - create IPUIPlugin
2025-01-16 18:58:03,502 [INFO] PluginManager:220 - loadIPPluginJar : add gtzc
2025-01-16 18:58:03,618 [INFO] IPUIPlugin:80 - create IPUIPlugin
2025-01-16 18:58:03,618 [INFO] PluginManager:220 - loadIPPluginJar : add hash
2025-01-16 18:58:03,787 [INFO] IPUIPlugin:80 - create IPUIPlugin
2025-01-16 18:58:03,788 [INFO] PluginManager:220 - loadIPPluginJar : add i2c
2025-01-16 18:58:03,924 [INFO] IPUIPlugin:80 - create IPUIPlugin
2025-01-16 18:58:03,924 [INFO] PluginManager:220 - loadIPPluginJar : add i2s
2025-01-16 18:58:04,052 [INFO] IPUIPlugin:80 - create IPUIPlugin
2025-01-16 18:58:04,052 [INFO] PluginManager:220 - loadIPPluginJar : add i3c
2025-01-16 18:58:04,307 [INFO] IPUIPlugin:80 - create IPUIPlugin
2025-01-16 18:58:04,308 [INFO] PluginManager:220 - loadIPPluginJar : add ipddr
2025-01-16 18:58:04,518 [INFO] IPUIPlugin:80 - create IPUIPlugin
2025-01-16 18:58:04,519 [INFO] PluginManager:220 - loadIPPluginJar : add linkedlist
2025-01-16 18:58:04,604 [INFO] IPUIPlugin:80 - create IPUIPlugin
2025-01-16 18:58:04,604 [INFO] PluginManager:220 - loadIPPluginJar : add lorawan
2025-01-16 18:58:04,692 [INFO] IPUIPlugin:80 - create IPUIPlugin
2025-01-16 18:58:04,692 [INFO] PluginManager:220 - loadIPPluginJar : add ltdc
2025-01-16 18:58:04,724 [INFO] IPUIPlugin:80 - create IPUIPlugin
2025-01-16 18:58:04,725 [INFO] PluginManager:220 - loadIPPluginJar : add mdma
2025-01-16 18:58:04,756 [INFO] IPUIPlugin:80 - create IPUIPlugin
2025-01-16 18:58:04,756 [INFO] PluginManager:220 - loadIPPluginJar : add nvic
2025-01-16 18:58:04,858 [INFO] IPUIPlugin:80 - create IPUIPlugin
2025-01-16 18:58:04,858 [INFO] PluginManager:220 - loadIPPluginJar : add opamp
2025-01-16 18:58:04,991 [INFO] IPUIPlugin:80 - create IPUIPlugin
2025-01-16 18:58:04,991 [INFO] PluginManager:220 - loadIPPluginJar : add openamp
2025-01-16 18:58:05,083 [INFO] IPUIPlugin:80 - create IPUIPlugin
2025-01-16 18:58:05,083 [INFO] PluginManager:220 - loadIPPluginJar : add pdm2pcm
2025-01-16 18:58:05,110 [INFO] IPUIPlugin:80 - create IPUIPlugin
2025-01-16 18:58:05,114 [INFO] PluginManager:220 - loadIPPluginJar : add plateformsettings
2025-01-16 18:58:05,158 [INFO] IPUIPlugin:80 - create IPUIPlugin
2025-01-16 18:58:05,159 [INFO] PluginManager:220 - loadIPPluginJar : add quadspi
2025-01-16 18:58:05,216 [INFO] IPUIPlugin:80 - create IPUIPlugin
2025-01-16 18:58:05,218 [INFO] PluginManager:220 - loadIPPluginJar : add radio
2025-01-16 18:58:05,245 [INFO] IPUIPlugin:80 - create IPUIPlugin
2025-01-16 18:58:05,245 [INFO] PluginManager:220 - loadIPPluginJar : add resmgrutility
2025-01-16 18:58:05,364 [INFO] IPUIPlugin:80 - create IPUIPlugin
2025-01-16 18:58:05,365 [INFO] PluginManager:220 - loadIPPluginJar : add sai
2025-01-16 18:58:05,455 [INFO] IPUIPlugin:80 - create IPUIPlugin
2025-01-16 18:58:05,455 [INFO] PluginManager:220 - loadIPPluginJar : add spi
2025-01-16 18:58:05,671 [INFO] IPUIPlugin:80 - create IPUIPlugin
2025-01-16 18:58:05,671 [INFO] PluginManager:220 - loadIPPluginJar : add stm32_wpan
2025-01-16 18:58:05,721 [INFO] IPUIPlugin:80 - create IPUIPlugin
2025-01-16 18:58:05,721 [INFO] PluginManager:220 - loadIPPluginJar : add tim
2025-01-16 18:58:05,768 [INFO] ThirdPartyUpdaterWithRetryManager:70 - Updater plugin not ready yet. [3/15]
2025-01-16 18:58:05,848 [INFO] IPUIPlugin:80 - create IPUIPlugin
2025-01-16 18:58:05,849 [INFO] PluginManager:220 - loadIPPluginJar : add touchsensing
2025-01-16 18:58:05,898 [INFO] IPUIPlugin:80 - create IPUIPlugin
2025-01-16 18:58:05,898 [INFO] PluginManager:220 - loadIPPluginJar : add tracer_emb
2025-01-16 18:58:05,950 [INFO] IPUIPlugin:80 - create IPUIPlugin
2025-01-16 18:58:05,950 [INFO] PluginManager:220 - loadIPPluginJar : add ts
2025-01-16 18:58:06,019 [INFO] IPUIPlugin:80 - create IPUIPlugin
2025-01-16 18:58:06,020 [INFO] PluginManager:220 - loadIPPluginJar : add tsc
2025-01-16 18:58:06,080 [INFO] IPUIPlugin:80 - create IPUIPlugin
2025-01-16 18:58:06,081 [INFO] PluginManager:220 - loadIPPluginJar : add ucpd
2025-01-16 18:58:06,186 [INFO] IPUIPlugin:80 - create IPUIPlugin
2025-01-16 18:58:06,187 [INFO] PluginManager:220 - loadIPPluginJar : add usart
2025-01-16 18:58:06,293 [INFO] IPUIPlugin:80 - create IPUIPlugin
2025-01-16 18:58:06,294 [INFO] PluginManager:220 - loadIPPluginJar : add usbx
2025-01-16 18:58:06,572 [FATAL] Updater:351 - Updater called before beeing initialized
2025-01-16 18:58:06,643 [INFO] RulesReader:64 - Compatibility file has been processed (297 Rules)
2025-01-16 18:58:06,662 [INFO] RulesReader:64 - Compatibility file has been processed (297 Rules)
2025-01-16 18:58:06,678 [INFO] CADModel:165 - CPN selected for project level
2025-01-16 18:58:06,678 [INFO] CADModel:114 - Register for checkConnection events
2025-01-16 18:58:06,678 [FATAL] Updater:351 - Updater called before beeing initialized
2025-01-16 18:58:06,679 [ERROR] CADModel:125 - Updater not yet initialized, retry later 
2025-01-16 18:58:07,298 [FATAL] Updater:351 - Updater called before beeing initialized
2025-01-16 18:58:07,302 [INFO] CADModel:165 - CPN selected for project level
2025-01-16 18:58:07,303 [INFO] CADModel:114 - Register for checkConnection events
2025-01-16 18:58:07,303 [FATAL] Updater:351 - Updater called before beeing initialized
2025-01-16 18:58:07,303 [ERROR] CADModel:125 - Updater not yet initialized, retry later 
2025-01-16 18:58:07,324 [FATAL] Updater:351 - Updater called before beeing initialized
2025-01-16 18:58:07,725 [FATAL] Updater:351 - Updater called before beeing initialized
2025-01-16 18:58:07,750 [INFO] DbMcusAds:53 - JSON generation date=Fri Sep 20 18:34:23 IST 2024 (1726837463113)
2025-01-16 18:58:07,750 [FATAL] Updater:351 - Updater called before beeing initialized
2025-01-16 18:58:07,925 [WARN] DetailPanel:346 - Failed to get advertising image, set to default
2025-01-16 18:58:08,670 [FATAL] Updater:351 - Updater called before beeing initialized
2025-01-16 18:58:08,674 [FATAL] Updater:351 - Updater called before beeing initialized
2025-01-16 18:58:08,675 [FATAL] Updater:351 - Updater called before beeing initialized
2025-01-16 18:58:08,675 [WARN] DetailPanel:346 - Failed to get advertising image, set to default
2025-01-16 18:58:08,677 [FATAL] Updater:351 - Updater called before beeing initialized
2025-01-16 18:58:08,770 [INFO] ThirdPartyUpdaterWithRetryManager:70 - Updater plugin not ready yet. [4/15]
2025-01-16 18:58:08,856 [ERROR] Updater:1198 - MainUpdater not yet initialized. External WinMGr cannot be set.
2025-01-16 18:58:08,886 [INFO] Updater:1134 - Updater Version found : 6.13.0
2025-01-16 18:58:08,921 [INFO] ApplicationProperties:184 - Using Application install path: D:\STM32CubeIDE_1.15.0\STM32CubeIDE\plugins\com.st.stm32cube.common.mx_6.13.0.202411220809
2025-01-16 18:58:10,543 [ERROR] LogOutputStream:75 - [STDERR_REDIRECT] Jan 16, 2025 6:58:10 PM java.util.prefs.WindowsPreferences <init>
2025-01-16 18:58:10,546 [ERROR] LogOutputStream:75 - [STDERR_REDIRECT] WARNING: Could not open/create prefs root node Software\JavaSoft\Prefs at root 0xffffffff80000002. Windows RegCreateKeyEx(...) returned error code 5.
2025-01-16 18:58:10,547 [ERROR] LogOutputStream:75 - [STDERR_REDIRECT] 
2025-01-16 18:58:11,365 [INFO] MainUpdater:2872 - connection check result : 10
2025-01-16 18:58:11,366 [INFO] MainUpdater:289 - Updater Check For Update Now.
2025-01-16 18:58:11,367 [INFO] MicroXplorer:498 - Change Database Version : DB.6.0.130
2025-01-16 18:58:11,474 [INFO] McuFinderGlobals:63 - Set McuFinder mode to 2 (CubeIDE integrated)
2025-01-16 18:58:11,475 [INFO] UserAuth:171 - activating auth plugin
2025-01-16 18:58:11,532 [INFO] UserAuth:486 - Internet connection configuration mode: 1
2025-01-16 18:58:11,702 [INFO] JxBrowserEngine:152 - Initiate JxBrowser Engine with user profile folder
2025-01-16 18:58:11,777 [WARN] MainUpdater:1193 - Updater busy. Cannot search thirdparties
2025-01-16 18:58:11,777 [INFO] ThirdPartyUpdaterWithRetryManager:96 - Updater plugin is busy. [1/15]
2025-01-16 18:58:12,217 [INFO] CheckServerUpdateThread:120 - End of CheckServer Thread
2025-01-16 18:58:16,955 [INFO] WebApp:168 - Instantiating new browser for Auth
2025-01-16 18:58:17,393 [WARN] PackLoader:240 - Cannot read IP mode file for STMicroelectronics.FP-SNS-MOTENVWB1.1.4.0
2025-01-16 18:58:17,466 [WARN] PackLoader:240 - Cannot read IP mode file for STMicroelectronics.FP-ATR-ASTRA1.2.0.1
2025-01-16 18:58:17,523 [WARN] PackLoader:240 - Cannot read IP mode file for STMicroelectronics.X-CUBE-SMBUS.2.1.0
2025-01-16 18:58:17,594 [WARN] PackLoader:240 - Cannot read IP mode file for STMicroelectronics.X-CUBE-WB05N.1.1.0
2025-01-16 18:58:17,646 [WARN] PackLoader:240 - Cannot read IP mode file for STMicroelectronics.X-CUBE-TOUCHGFX.4.23.2
2025-01-16 18:58:17,770 [WARN] PackLoader:240 - Cannot read IP mode file for STMicroelectronics.X-CUBE-AZRTOS-F7.1.1.0
2025-01-16 18:58:18,110 [WARN] PackLoader:240 - Cannot read IP mode file for STMicroelectronics.X-CUBE-MEMS1.11.0.0
2025-01-16 18:58:19,879 [WARN] PackLoader:240 - Cannot read IP mode file for STMicroelectronics.FP-SNS-FLIGHT1.5.0.2
2025-01-16 18:58:19,931 [WARN] PackLoader:240 - Cannot read IP mode file for STMicroelectronics.X-CUBE-DISPLAY.3.0.0
2025-01-16 18:58:19,985 [WARN] PackLoader:240 - Cannot read IP mode file for STMicroelectronics.X-CUBE-BLE1.7.0.0
2025-01-16 18:58:20,033 [WARN] PackLoader:240 - Cannot read IP mode file for STMicroelectronics.X-CUBE-NFC10.1.0.0
2025-01-16 18:58:20,102 [WARN] PackLoader:240 - Cannot read IP mode file for STMicroelectronics.X-CUBE-BLEMGR.4.0.0
2025-01-16 18:58:20,159 [WARN] PackLoader:240 - Cannot read IP mode file for emotas.I-CUBE-CANOPEN.1.3.0
2025-01-16 18:58:20,214 [WARN] PackLoader:240 - Cannot read IP mode file for STMicroelectronics.X-CUBE-BLEMGR.3.1.0
2025-01-16 18:58:20,275 [WARN] PackLoader:240 - Cannot read IP mode file for STMicroelectronics.FP-SNS-SMARTAG2.1.2.0
2025-01-16 18:58:21,400 [INFO] WebApp:449 - Apply proxy settings
2025-01-16 18:58:21,400 [INFO] WebApp:534 - Chromium requires no authentication
2025-01-16 18:58:21,418 [WARN] PackLoader:240 - Cannot read IP mode file for STMicroelectronics.X-CUBE-MEMS1.11.1.0
2025-01-16 18:58:21,424 [INFO] WebApp:477 - Direct internet connection detected
2025-01-16 18:58:21,520 [INFO] WebApp:880 - Register for checkConnection events
2025-01-16 18:58:21,520 [INFO] WebApp:449 - Apply proxy settings
2025-01-16 18:58:21,521 [INFO] WebApp:534 - Chromium requires no authentication
2025-01-16 18:58:21,522 [INFO] WebApp:477 - Direct internet connection detected
2025-01-16 18:58:22,205 [INFO] LogOutputStream:77 - [STDOUT_REDIRECT] 1 : Invalid condition id : UX_CORESTACK_Condition cause : null
2025-01-16 18:58:22,207 [INFO] LogOutputStream:77 - [STDOUT_REDIRECT] 1 : Invalid condition id : UX_CORESTACK_Condition cause : null
2025-01-16 18:58:22,211 [INFO] LogOutputStream:77 - [STDOUT_REDIRECT] 1 : Invalid condition id : UX_CORESTACK_Condition cause : null
2025-01-16 18:58:22,215 [INFO] LogOutputStream:77 - [STDOUT_REDIRECT] 1 : Invalid condition id : UX_CORESTACK_Condition cause : null
2025-01-16 18:58:22,218 [INFO] LogOutputStream:77 - [STDOUT_REDIRECT] 1 : Invalid condition id : UX_CORESTACK_Condition cause : null
2025-01-16 18:58:22,237 [WARN] PackLoader:240 - Cannot read IP mode file for STMicroelectronics.X-CUBE-AZRTOS-WL.2.0.0
2025-01-16 18:58:22,317 [WARN] PackLoader:240 - Cannot read IP mode file for STMicroelectronics.FP-SNS-MOTENV1.5.0.0
2025-01-16 18:58:22,350 [WARN] PackLoader:240 - Cannot read IP mode file for wolfSSL.I-CUBE-wolfMQTT.1.19.0
2025-01-16 18:58:22,488 [WARN] PackLoader:240 - Cannot read IP mode file for WES.I-CUBE-Cesium.1.3.0
2025-01-16 18:58:22,562 [WARN] PackLoader:240 - Cannot read IP mode file for STMicroelectronics.X-CUBE-BLE2.3.3.0
2025-01-16 18:58:22,602 [INFO] WebApp:221 - Starting web application
2025-01-16 18:58:22,602 [INFO] WebApp:579 - Web application path used D:\STM32CubeIDE_1.15.0\STM32CubeIDE\plugins\com.st.stm32cube.common.mx_6.13.0.202411220809\db\plugins\mcufinder\reactClient1\index.html
2025-01-16 18:58:22,628 [WARN] PackLoader:240 - Cannot read IP mode file for STMicroelectronics.X-CUBE-NFC9.1.0.0
2025-01-16 18:58:22,688 [WARN] PackLoader:240 - Cannot read IP mode file for STMicroelectronics.X-CUBE-TCPP.4.1.0
2025-01-16 18:58:22,782 [WARN] PackLoader:240 - Cannot read IP mode file for STMicroelectronics.X-CUBE-AZRTOS-G0.1.1.0
2025-01-16 18:58:22,845 [WARN] PackLoader:240 - Cannot read IP mode file for STMicroelectronics.X-CUBE-SAFEA1.1.2.2
2025-01-16 18:58:22,945 [WARN] PackLoader:240 - Cannot read IP mode file for STMicroelectronics.X-CUBE-NFC4.3.0.0
2025-01-16 18:58:23,054 [WARN] PackLoader:240 - Cannot read IP mode file for EmbeddedOffice.I-CUBE-FS-RTOS.1.0.1
2025-01-16 18:58:23,134 [WARN] PackLoader:240 - Cannot read IP mode file for STMicroelectronics.X-CUBE-TCPP.4.2.0
2025-01-16 18:58:23,183 [WARN] PackLoader:240 - Cannot read IP mode file for RealThread.X-CUBE-RT-Thread_Nano.4.1.1
2025-01-16 18:58:23,220 [WARN] PackLoader:240 - Cannot read IP mode file for wolfSSL.I-CUBE-wolfSSL.5.7.0
2025-01-16 18:58:23,850 [WARN] PackLoader:240 - Cannot read IP mode file for STMicroelectronics.FP-ATR-SIGFOX1.3.2.0
2025-01-16 18:58:23,882 [WARN] ConditionMgr:438 - getConditionDescription Invalid condition id : Cortex-A Device cause : null
2025-01-16 18:58:24,132 [WARN] ConditionMgr:1044 - genDependencies : Invalid condition id : Cortex-A Device cause : null
2025-01-16 18:58:24,132 [WARN] ConditionMgr:1044 - genDependencies : Invalid condition id : Cortex-A Device cause : null
2025-01-16 18:58:24,134 [WARN] ConditionMgr:1044 - genDependencies : Invalid condition id : Cortex-A Device cause : null
2025-01-16 18:58:24,342 [WARN] PackLoader:240 - Cannot read IP mode file for STMicroelectronics.X-CUBE-EEPRMA1.5.1.0
2025-01-16 18:58:24,359 [INFO] WebApp:187 - Connection restablished
2025-01-16 18:58:24,606 [WARN] PackLoader:240 - Cannot read IP mode file for ITTIA_DB.I-CUBE-ITTIADB.8.9.0
2025-01-16 18:58:24,879 [WARN] PackLoader:240 - Cannot read IP mode file for SEGGER.I-CUBE-embOS.1.3.1
2025-01-16 18:58:25,447 [WARN] PackLoader:240 - Cannot read IP mode file for STMicroelectronics.X-CUBE-ALGOBUILD.1.4.0
2025-01-16 18:58:25,542 [WARN] PackLoader:240 - Cannot read IP mode file for STMicroelectronics.X-CUBE-AI.9.1.0
2025-01-16 18:58:25,591 [WARN] PackLoader:240 - Cannot read IP mode file for STMicroelectronics.X-CUBE-GNSS1.6.0.0
2025-01-16 18:58:25,993 [WARN] PackLoader:240 - Cannot read IP mode file for STMicroelectronics.X-CUBE-AZRTOS-F4.1.1.0
2025-01-16 18:58:26,067 [WARN] PackLoader:240 - Cannot read IP mode file for STMicroelectronics.X-CUBE-ISPU.2.1.0
2025-01-16 18:58:26,105 [WARN] PackLoader:240 - Cannot read IP mode file for STMicroelectronics.X-CUBE-FREERTOS.1.2.0
2025-01-16 18:58:26,453 [WARN] PackLoader:240 - Cannot read IP mode file for STMicroelectronics.X-CUBE-AZRTOS-L5.2.0.0
2025-01-16 18:58:26,697 [WARN] PackLoader:240 - Cannot read IP mode file for STMicroelectronics.X-CUBE-NFC6.3.1.0
2025-01-16 18:58:26,747 [WARN] PackLoader:240 - Cannot read IP mode file for STMicroelectronics.X-CUBE-DPower.1.2.0
2025-01-16 18:58:26,798 [WARN] PackLoader:240 - Cannot read IP mode file for STMicroelectronics.X-CUBE-AI.9.0.0
2025-01-16 18:58:26,874 [WARN] PackLoader:240 - Cannot read IP mode file for STMicroelectronics.X-CUBE-FREERTOS.1.3.0
2025-01-16 18:58:26,928 [WARN] PackLoader:240 - Cannot read IP mode file for STMicroelectronics.X-CUBE-NFC7.1.0.1
2025-01-16 18:58:27,000 [WARN] PackLoader:240 - Cannot read IP mode file for wolfSSL.I-CUBE-wolfTPM.3.2.0
2025-01-16 18:58:27,107 [WARN] ConditionMgr:438 - getConditionDescription Invalid condition id : LAN8742 Phy interface Condition cause : null
2025-01-16 18:58:27,108 [WARN] PackLoader:240 - Cannot read IP mode file for STMicroelectronics.X-CUBE-AZRTOS-L4.2.0.0
2025-01-16 18:58:27,111 [WARN] ConditionMgr:1044 - genDependencies : Invalid condition id : LAN8742 Phy interface Condition cause : null
2025-01-16 18:58:27,111 [WARN] ConditionMgr:1044 - genDependencies : Invalid condition id : LAN8742 Phy interface Condition cause : null
2025-01-16 18:58:27,112 [WARN] ConditionMgr:1044 - genDependencies : Invalid condition id : LAN8742 Phy interface Condition cause : null
2025-01-16 18:58:27,189 [WARN] PackLoader:240 - Cannot read IP mode file for STMicroelectronics.X-CUBE-SFXS2LP1.4.0.0
2025-01-16 18:58:27,405 [WARN] PackLoader:240 - Cannot read IP mode file for STMicroelectronics.X-CUBE-AZRTOS-H7.3.3.0
2025-01-16 18:58:27,488 [WARN] PackLoader:240 - Cannot read IP mode file for STMicroelectronics.X-CUBE-IPS.3.0.0
2025-01-16 18:58:27,590 [WARN] ConditionMgr:438 - getConditionDescription Invalid condition id : UX DEVICE CLASS RTOS Condition cause : null
2025-01-16 18:58:27,590 [WARN] ConditionMgr:438 - getConditionDescription Invalid condition id : UX DEVICE CLASS RTOS Condition cause : null
2025-01-16 18:58:27,594 [WARN] PackLoader:240 - Cannot read IP mode file for STMicroelectronics.X-CUBE-AZRTOS-WB.2.0.0
2025-01-16 18:58:27,595 [WARN] ConditionMgr:1044 - genDependencies : Invalid condition id : UX DEVICE CLASS RTOS Condition cause : null
2025-01-16 18:58:27,596 [WARN] ConditionMgr:1044 - genDependencies : Invalid condition id : UX DEVICE CLASS RTOS Condition cause : null
2025-01-16 18:58:27,597 [WARN] ConditionMgr:1044 - genDependencies : Invalid condition id : UX DEVICE CLASS RTOS Condition cause : null
2025-01-16 18:58:27,598 [WARN] ConditionMgr:1044 - genDependencies : Invalid condition id : UX DEVICE CLASS RTOS Condition cause : null
2025-01-16 18:58:27,598 [WARN] ConditionMgr:1044 - genDependencies : Invalid condition id : UX DEVICE CLASS RTOS Condition cause : null
2025-01-16 18:58:27,645 [WARN] PackLoader:240 - Cannot read IP mode file for STMicroelectronics.X-CUBE-GNSS1.7.0.0
2025-01-16 18:58:27,725 [WARN] PackLoader:240 - Cannot read IP mode file for STMicroelectronics.X-CUBE-GNSS1.7.0.1
2025-01-16 18:58:27,787 [WARN] PackLoader:240 - Cannot read IP mode file for STMicroelectronics.FP-SNS-STBOX1.2.0.0
2025-01-16 18:58:27,858 [WARN] PackLoader:240 - Cannot read IP mode file for STMicroelectronics.X-CUBE-SUBG2.5.0.0
2025-01-16 18:58:27,905 [WARN] PackLoader:240 - Cannot read IP mode file for Cesanta.I-CUBE-Mongoose.7.13.0
2025-01-16 18:58:27,979 [WARN] PackLoader:240 - Cannot read IP mode file for STMicroelectronics.X-CUBE-AZRTOS-G4.2.0.0
2025-01-16 18:58:28,014 [WARN] PackLoader:240 - Cannot read IP mode file for STMicroelectronics.X-CUBE-ISPU.2.0.0
2025-01-16 18:58:28,065 [WARN] PackLoader:240 - Cannot read IP mode file for STMicroelectronics.X-CUBE-IPS.3.1.0
2025-01-16 18:58:28,108 [WARN] PackLoader:240 - Cannot read IP mode file for STMicroelectronics.X-CUBE-ALS.1.0.2
2025-01-16 18:58:28,304 [WARN] PackLoader:240 - Cannot read IP mode file for STMicroelectronics.X-CUBE-MEMS1.10.0.0
2025-01-16 18:58:29,100 [WARN] PackLoader:240 - Cannot read IP mode file for STMicroelectronics.X-CUBE-TOUCHGFX.4.24.0
2025-01-16 18:58:29,143 [WARN] PackLoader:240 - Cannot read IP mode file for STMicroelectronics.X-CUBE-TOUCHGFX.4.24.2
2025-01-16 18:58:29,179 [WARN] PackLoader:240 - Cannot read IP mode file for STMicroelectronics.X-CUBE-TOUCHGFX.4.24.1
2025-01-16 18:58:29,221 [WARN] PackLoader:240 - Cannot read IP mode file for portGmbH.I-Cube-SoM-uGOAL.1.1.0
2025-01-16 18:58:29,300 [WARN] PackLoader:240 - Cannot read IP mode file for STMicroelectronics.X-CUBE-AZRTOS-H7RS.1.0.0
2025-01-16 18:58:29,323 [WARN] PackLoader:240 - Cannot read IP mode file for STMicroelectronics.FP-ATR-ASTRA1.2.0.0
2025-01-16 18:58:29,367 [WARN] PackLoader:240 - Cannot read IP mode file for STMicroelectronics.X-CUBE-TOF1.3.4.2
2025-01-16 18:58:29,414 [WARN] PackLoader:240 - Cannot read IP mode file for STMicroelectronics.X-CUBE-TOF1.3.4.1
2025-01-16 18:58:29,484 [WARN] PackLoader:240 - Cannot read IP mode file for STMicroelectronics.X-CUBE-AZRTOS-H7.3.2.0
2025-01-16 18:58:29,575 [WARN] PackLoader:240 - Cannot read IP mode file for Infineon.AIROC-Wi-Fi-Bluetooth-STM32.1.6.0
2025-01-16 18:58:29,604 [WARN] PackLoader:240 - Cannot read IP mode file for wolfSSL.I-CUBE-wolfSSH.1.4.17
2025-01-16 18:58:29,605 [INFO] ThirdParty:978 - Integrity check success = true
2025-01-16 18:58:29,605 [INFO] IntegrityCheckThread:100 - exiting critical section [integrity check]
2025-01-16 18:58:29,605 [INFO] IntegrityCheckThread:103 - End integrity checks thread
2025-01-16 21:27:35,022 [ERROR] LogOutputStream:75 - [STDERR_REDIRECT] 
