2025-01-10 14:40:16,047 [INFO] Activator:176 - 


2025-01-10 14:40:16,061 [INFO] Activator:177 - !SESSION log4j initialized
2025-01-10 14:40:24,204 [INFO] LogOutputStream:77 - [STDOUT_REDIRECT] 
2025-01-10 14:40:33,570 [INFO] ApplicationProperties:184 - Using Application install path: D:\STM32CubeIDE_1.15.0\STM32CubeIDE\plugins\com.st.stm32cube.common.mx_6.13.0.202411220809
2025-01-10 14:40:33,598 [INFO] DbMcusXml:78 - Set database path to: D:\STM32CubeIDE_1.15.0\STM32CubeIDE\plugins\com.st.stm32cube.common.mx_6.13.0.202411220809\\db\/mcu/
2025-01-10 14:40:33,599 [INFO] ApiDb:274 - Set plugin database path to: D:\STM32CubeIDE_1.15.0\STM32CubeIDE\plugins\com.st.stm32cube.common.mx_6.13.0.202411220809\\db\/plugins/boardmanager/
2025-01-10 14:40:33,600 [WARN] ApiDb:259 - Overriding images path with different value:  => D:\STM32CubeIDE_1.15.0\STM32CubeIDE\plugins\com.st.stm32cube.common.mx_6.13.0.202411220809\\db\/plugins/mcufinder/images/
2025-01-10 14:40:33,618 [INFO] ApiDb:250 - Set database path to: C:\Users\hp\.stmcufinder\plugins\mcufinder//mcu/
2025-01-10 14:40:33,620 [INFO] DbMcusAds:125 - Set database path to: C:\Users\hp\.stmcufinder\plugins\mcufinder//mcu/
2025-01-10 14:40:33,624 [INFO] CrossReferenceDbSqlite:203 - Set database path to: C:\Users\hp\.stmcufinder\plugins\mcufinder//mcu/cs/
2025-01-10 14:40:33,838 [INFO] RulesReader:64 - Compatibility file has been processed (297 Rules)
2025-01-10 14:40:33,991 [INFO] DbMcusXml:78 - Set database path to: D:\STM32CubeIDE_1.15.0\STM32CubeIDE\plugins\com.st.stm32cube.common.mx_6.13.0.202411220809\\db\/mcu/
2025-01-10 14:40:33,991 [INFO] ApiDb:274 - Set plugin database path to: D:\STM32CubeIDE_1.15.0\STM32CubeIDE\plugins\com.st.stm32cube.common.mx_6.13.0.202411220809\\db\/plugins/boardmanager/
2025-01-10 14:40:33,992 [INFO] ApiDb:261 - Set plugin images path to: D:\STM32CubeIDE_1.15.0\STM32CubeIDE\plugins\com.st.stm32cube.common.mx_6.13.0.202411220809\\db\/plugins/mcufinder/images/
2025-01-10 14:40:33,992 [WARN] DbFile:41 - Overriding database path with different value: C:\Users\hp\.stmcufinder\plugins\mcufinder/ => C:\Users\hp\.stmcufinder\plugins\mcufinder
2025-01-10 14:40:33,993 [INFO] ApiDb:250 - Set database path to: C:\Users\hp\.stmcufinder\plugins\mcufinder//mcu/
2025-01-10 14:40:33,993 [WARN] DbFile:41 - Overriding database path with different value: C:\Users\hp\.stmcufinder\plugins\mcufinder/ => C:\Users\hp\.stmcufinder\plugins\mcufinder
2025-01-10 14:40:33,993 [INFO] DbMcusAds:125 - Set database path to: C:\Users\hp\.stmcufinder\plugins\mcufinder//mcu/
2025-01-10 14:40:33,994 [WARN] DbFile:41 - Overriding database path with different value: C:\Users\hp\.stmcufinder\plugins\mcufinder/ => C:\Users\hp\.stmcufinder\plugins\mcufinder
2025-01-10 14:40:33,994 [WARN] DbFile:41 - Overriding database path with different value: C:\Users\hp\.stmcufinder\plugins\mcufinder/ => C:\Users\hp\.stmcufinder\plugins\mcufinder
2025-01-10 14:40:33,994 [INFO] CrossReferenceDbSqlite:203 - Set database path to: C:\Users\hp\.stmcufinder\plugins\mcufinder//mcu/cs/
2025-01-10 14:40:34,140 [INFO] MainPanel:272 - HeapMemory: 268435456
2025-01-10 14:40:34,338 [INFO] DbMcusXml:78 - Set database path to: D:\STM32CubeIDE_1.15.0\STM32CubeIDE\plugins\com.st.stm32cube.common.mx_6.13.0.202411220809\\db\/mcu/
2025-01-10 14:40:34,338 [INFO] ApiDb:274 - Set plugin database path to: D:\STM32CubeIDE_1.15.0\STM32CubeIDE\plugins\com.st.stm32cube.common.mx_6.13.0.202411220809\\db\/plugins/boardmanager/
2025-01-10 14:40:34,338 [INFO] ApiDb:261 - Set plugin images path to: D:\STM32CubeIDE_1.15.0\STM32CubeIDE\plugins\com.st.stm32cube.common.mx_6.13.0.202411220809\\db\/plugins/mcufinder/images/
2025-01-10 14:40:34,339 [WARN] DbFile:41 - Overriding database path with different value: C:\Users\hp\.stmcufinder\plugins\mcufinder/ => C:\Users\hp\.stmcufinder\plugins\mcufinder
2025-01-10 14:40:34,339 [INFO] ApiDb:250 - Set database path to: C:\Users\hp\.stmcufinder\plugins\mcufinder//mcu/
2025-01-10 14:40:34,339 [WARN] DbFile:41 - Overriding database path with different value: C:\Users\hp\.stmcufinder\plugins\mcufinder/ => C:\Users\hp\.stmcufinder\plugins\mcufinder
2025-01-10 14:40:34,340 [INFO] DbMcusAds:125 - Set database path to: C:\Users\hp\.stmcufinder\plugins\mcufinder//mcu/
2025-01-10 14:40:34,340 [WARN] DbFile:41 - Overriding database path with different value: C:\Users\hp\.stmcufinder\plugins\mcufinder/ => C:\Users\hp\.stmcufinder\plugins\mcufinder
2025-01-10 14:40:34,340 [WARN] DbFile:41 - Overriding database path with different value: C:\Users\hp\.stmcufinder\plugins\mcufinder/ => C:\Users\hp\.stmcufinder\plugins\mcufinder
2025-01-10 14:40:34,340 [INFO] CrossReferenceDbSqlite:203 - Set database path to: C:\Users\hp\.stmcufinder\plugins\mcufinder//mcu/cs/
2025-01-10 14:40:34,372 [INFO] ApplicationProperties:184 - Using Application install path: D:\STM32CubeIDE_1.15.0\STM32CubeIDE\plugins\com.st.stm32cube.common.mx_6.13.0.202411220809
2025-01-10 14:40:34,374 [INFO] PluginManage:196 - Search for loadable plugins [exclusion list=, ]
2025-01-10 14:40:34,377 [INFO] PluginManage:310 - Check plugin analytics
2025-01-10 14:40:39,347 [INFO] AnalyticsPlugin:253 - Accepted Software Licenses: 
2025-01-10 14:40:39,348 [INFO] AnalyticsPlugin:255 - Accepted CMSIS Pack Licenses: 
2025-01-10 14:40:39,349 [INFO] AnalyticsPlugin:257 - Accepted Firmware Licenses: 
2025-01-10 14:40:39,356 [INFO] PluginManage:359 - Loaded plugin analytics (category:tool,tabindex:-1)
2025-01-10 14:40:39,358 [INFO] PluginManage:310 - Check plugin cadmodel
2025-01-10 14:40:39,403 [INFO] CADModel:105 - Init CAD model plugin
2025-01-10 14:40:39,403 [INFO] PluginManage:359 - Loaded plugin cadmodel (category:power,tabindex:5)
2025-01-10 14:40:39,404 [INFO] PluginManage:310 - Check plugin clock
2025-01-10 14:40:39,453 [INFO] PluginManage:359 - Loaded plugin clock (category:base,tabindex:2)
2025-01-10 14:40:39,454 [INFO] PluginManage:310 - Check plugin ddr
2025-01-10 14:40:39,459 [INFO] PluginManage:359 - Loaded plugin ddr (category:tool,tabindex:6)
2025-01-10 14:40:39,459 [INFO] PluginManage:310 - Check plugin filemanager
2025-01-10 14:40:40,026 [INFO] PluginManage:359 - Loaded plugin filemanager (category:base,tabindex:10)
2025-01-10 14:40:40,026 [INFO] PluginManage:310 - Check plugin ipmanager
2025-01-10 14:40:40,053 [INFO] PluginManage:359 - Loaded plugin ipmanager (category:base,tabindex:5)
2025-01-10 14:40:40,054 [INFO] PluginManage:310 - Check plugin lpbam
2025-01-10 14:40:40,131 [INFO] PluginManage:359 - Loaded plugin lpbam (category:base,tabindex:0)
2025-01-10 14:40:40,131 [INFO] PluginManage:310 - Check plugin memorymap
2025-01-10 14:40:40,201 [INFO] PluginManage:359 - Loaded plugin memorymap (category:base,tabindex:4)
2025-01-10 14:40:40,202 [INFO] PluginManage:310 - Check plugin pinoutandconfiguration
2025-01-10 14:40:40,259 [INFO] PluginManage:359 - Loaded plugin pinoutandconfiguration (category:base,tabindex:1)
2025-01-10 14:40:40,259 [INFO] PluginManage:310 - Check plugin pinoutconfig
2025-01-10 14:40:40,556 [WARN] SupportedApi:132 - Cannot load RTOS API schema: s4s-elt-must-match.1: The content of 'definitions' must match (annotation?, (simpleType | complexType)?, (unique | key | keyref)*)). A problem was found starting at: attribute.
2025-01-10 14:40:40,898 [INFO] PluginManage:359 - Loaded plugin pinoutconfig (category:base,tabindex:0)
2025-01-10 14:40:40,898 [INFO] PluginManage:310 - Check plugin power
2025-01-10 14:40:40,992 [INFO] PluginManage:359 - Loaded plugin power (category:power,tabindex:4)
2025-01-10 14:40:40,993 [INFO] PluginManage:310 - Check plugin projectmanager
2025-01-10 14:40:41,105 [INFO] PluginManage:359 - Loaded plugin projectmanager (category:projectmanager,tabindex:4)
2025-01-10 14:40:41,106 [INFO] PluginManage:310 - Check plugin rif
2025-01-10 14:40:41,185 [INFO] PluginManage:359 - Loaded plugin rif (category:base,tabindex:3)
2025-01-10 14:40:41,185 [INFO] PluginManage:310 - Check plugin thirdparty
2025-01-10 14:40:42,409 [INFO] PluginManage:359 - Loaded plugin thirdparty (category:base,tabindex:-1)
2025-01-10 14:40:42,410 [INFO] PluginManage:310 - Check plugin tools
2025-01-10 14:40:42,412 [WARN] IntegrityCheckThread:84 - waiting for thirdparty lock release [integrity check]
2025-01-10 14:40:42,464 [INFO] IntegrityCheckThread:86 - entering critical section [integrity check]
2025-01-10 14:40:42,465 [INFO] ThirdPartyUpdaterWithRetryManager:70 - Updater plugin not ready yet. [1/15]
2025-01-10 14:40:42,546 [INFO] PluginManage:359 - Loaded plugin tools (category:base,tabindex:7)
2025-01-10 14:40:42,547 [INFO] PluginManage:310 - Check plugin tutovideos
2025-01-10 14:40:43,352 [INFO] PluginManage:359 - Loaded plugin tutovideos (category:base,tabindex:-1)
2025-01-10 14:40:43,353 [INFO] PluginManage:310 - Check plugin updater
2025-01-10 14:40:43,460 [INFO] PluginManage:359 - Loaded plugin updater (category:base,tabindex:12)
2025-01-10 14:40:43,460 [INFO] PluginManage:310 - Check plugin userauth
2025-01-10 14:40:43,470 [INFO] UserAuth:118 - Init User Auth plugin
2025-01-10 14:40:43,472 [INFO] PluginManage:359 - Loaded plugin userauth (category:base,tabindex:14)
2025-01-10 14:40:43,473 [INFO] PluginManage:283 - PluginManage : Loaded plugins [18]
2025-01-10 14:40:44,765 [INFO] PinOutPanel:1589 - setPackage(No Configuration,No Configuration)
2025-01-10 14:40:45,005 [INFO] CADModel:165 - CPN selected for project level
2025-01-10 14:40:45,006 [INFO] CADModel:114 - Register for checkConnection events
2025-01-10 14:40:45,075 [INFO] IPUIPlugin:80 - create IPUIPlugin
2025-01-10 14:40:45,075 [INFO] PluginManager:220 - loadIPPluginJar : add adc
2025-01-10 14:40:45,249 [INFO] IPUIPlugin:80 - create IPUIPlugin
2025-01-10 14:40:45,250 [INFO] PluginManager:220 - loadIPPluginJar : add aes
2025-01-10 14:40:45,466 [INFO] ThirdPartyUpdaterWithRetryManager:70 - Updater plugin not ready yet. [2/15]
2025-01-10 14:40:45,472 [INFO] IPUIPlugin:80 - create IPUIPlugin
2025-01-10 14:40:45,473 [INFO] PluginManager:220 - loadIPPluginJar : add can
2025-01-10 14:40:45,566 [INFO] IPUIPlugin:80 - create IPUIPlugin
2025-01-10 14:40:45,566 [INFO] PluginManager:220 - loadIPPluginJar : add comp
2025-01-10 14:40:45,694 [INFO] IPUIPlugin:80 - create IPUIPlugin
2025-01-10 14:40:45,697 [INFO] PluginManager:220 - loadIPPluginJar : add cryp
2025-01-10 14:40:45,742 [INFO] IPUIPlugin:80 - create IPUIPlugin
2025-01-10 14:40:45,742 [INFO] PluginManager:220 - loadIPPluginJar : add ddr_ctrl_phy
2025-01-10 14:40:45,863 [INFO] IPUIPlugin:80 - create IPUIPlugin
2025-01-10 14:40:45,863 [INFO] PluginManager:220 - loadIPPluginJar : add dfsdm
2025-01-10 14:40:45,909 [INFO] IPUIPlugin:80 - create IPUIPlugin
2025-01-10 14:40:45,911 [INFO] PluginManager:220 - loadIPPluginJar : add dma
2025-01-10 14:40:46,071 [INFO] IPUIPlugin:80 - create IPUIPlugin
2025-01-10 14:40:46,071 [INFO] PluginManager:220 - loadIPPluginJar : add dma3
2025-01-10 14:40:46,210 [INFO] IPUIPlugin:80 - create IPUIPlugin
2025-01-10 14:40:46,210 [INFO] PluginManager:220 - loadIPPluginJar : add extmemmanager
2025-01-10 14:40:46,280 [INFO] IPUIPlugin:80 - create IPUIPlugin
2025-01-10 14:40:46,280 [INFO] PluginManager:220 - loadIPPluginJar : add fatfs
2025-01-10 14:40:46,458 [INFO] IPUIPlugin:80 - create IPUIPlugin
2025-01-10 14:40:46,458 [INFO] PluginManager:220 - loadIPPluginJar : add fmc
2025-01-10 14:40:46,516 [INFO] IPUIPlugin:80 - create IPUIPlugin
2025-01-10 14:40:46,517 [INFO] PluginManager:220 - loadIPPluginJar : add freertos
2025-01-10 14:40:46,587 [INFO] IPUIPlugin:80 - create IPUIPlugin
2025-01-10 14:40:46,588 [INFO] PluginManager:220 - loadIPPluginJar : add genericplugin
2025-01-10 14:40:46,908 [INFO] IPUIPlugin:80 - create IPUIPlugin
2025-01-10 14:40:46,908 [INFO] PluginManager:220 - loadIPPluginJar : add gfxmmu
2025-01-10 14:40:47,219 [INFO] IPUIPlugin:80 - create IPUIPlugin
2025-01-10 14:40:47,219 [INFO] PluginManager:220 - loadIPPluginJar : add gic
2025-01-10 14:40:47,243 [INFO] IPUIPlugin:80 - create IPUIPlugin
2025-01-10 14:40:47,243 [INFO] PluginManager:220 - loadIPPluginJar : add gpio
2025-01-10 14:40:47,493 [INFO] IPUIPlugin:80 - create IPUIPlugin
2025-01-10 14:40:47,493 [INFO] PluginManager:220 - loadIPPluginJar : add gtzc
2025-01-10 14:40:47,581 [INFO] IPUIPlugin:80 - create IPUIPlugin
2025-01-10 14:40:47,582 [INFO] PluginManager:220 - loadIPPluginJar : add hash
2025-01-10 14:40:47,755 [INFO] IPUIPlugin:80 - create IPUIPlugin
2025-01-10 14:40:47,756 [INFO] PluginManager:220 - loadIPPluginJar : add i2c
2025-01-10 14:40:47,869 [INFO] IPUIPlugin:80 - create IPUIPlugin
2025-01-10 14:40:47,870 [INFO] PluginManager:220 - loadIPPluginJar : add i2s
2025-01-10 14:40:47,979 [INFO] IPUIPlugin:80 - create IPUIPlugin
2025-01-10 14:40:47,980 [INFO] PluginManager:220 - loadIPPluginJar : add i3c
2025-01-10 14:40:48,215 [INFO] IPUIPlugin:80 - create IPUIPlugin
2025-01-10 14:40:48,215 [INFO] PluginManager:220 - loadIPPluginJar : add ipddr
2025-01-10 14:40:48,420 [INFO] IPUIPlugin:80 - create IPUIPlugin
2025-01-10 14:40:48,420 [INFO] PluginManager:220 - loadIPPluginJar : add linkedlist
2025-01-10 14:40:48,469 [INFO] ThirdPartyUpdaterWithRetryManager:70 - Updater plugin not ready yet. [3/15]
2025-01-10 14:40:48,498 [INFO] IPUIPlugin:80 - create IPUIPlugin
2025-01-10 14:40:48,499 [INFO] PluginManager:220 - loadIPPluginJar : add lorawan
2025-01-10 14:40:48,586 [INFO] IPUIPlugin:80 - create IPUIPlugin
2025-01-10 14:40:48,586 [INFO] PluginManager:220 - loadIPPluginJar : add ltdc
2025-01-10 14:40:48,617 [INFO] IPUIPlugin:80 - create IPUIPlugin
2025-01-10 14:40:48,617 [INFO] PluginManager:220 - loadIPPluginJar : add mdma
2025-01-10 14:40:48,644 [INFO] IPUIPlugin:80 - create IPUIPlugin
2025-01-10 14:40:48,644 [INFO] PluginManager:220 - loadIPPluginJar : add nvic
2025-01-10 14:40:48,723 [INFO] IPUIPlugin:80 - create IPUIPlugin
2025-01-10 14:40:48,724 [INFO] PluginManager:220 - loadIPPluginJar : add opamp
2025-01-10 14:40:48,857 [INFO] IPUIPlugin:80 - create IPUIPlugin
2025-01-10 14:40:48,858 [INFO] PluginManager:220 - loadIPPluginJar : add openamp
2025-01-10 14:40:48,954 [INFO] IPUIPlugin:80 - create IPUIPlugin
2025-01-10 14:40:48,954 [INFO] PluginManager:220 - loadIPPluginJar : add pdm2pcm
2025-01-10 14:40:48,982 [INFO] IPUIPlugin:80 - create IPUIPlugin
2025-01-10 14:40:48,987 [INFO] PluginManager:220 - loadIPPluginJar : add plateformsettings
2025-01-10 14:40:49,039 [INFO] IPUIPlugin:80 - create IPUIPlugin
2025-01-10 14:40:49,039 [INFO] PluginManager:220 - loadIPPluginJar : add quadspi
2025-01-10 14:40:49,096 [INFO] IPUIPlugin:80 - create IPUIPlugin
2025-01-10 14:40:49,097 [INFO] PluginManager:220 - loadIPPluginJar : add radio
2025-01-10 14:40:49,122 [INFO] IPUIPlugin:80 - create IPUIPlugin
2025-01-10 14:40:49,122 [INFO] PluginManager:220 - loadIPPluginJar : add resmgrutility
2025-01-10 14:40:49,226 [INFO] IPUIPlugin:80 - create IPUIPlugin
2025-01-10 14:40:49,226 [INFO] PluginManager:220 - loadIPPluginJar : add sai
2025-01-10 14:40:49,305 [INFO] IPUIPlugin:80 - create IPUIPlugin
2025-01-10 14:40:49,306 [INFO] PluginManager:220 - loadIPPluginJar : add spi
2025-01-10 14:40:49,458 [INFO] IPUIPlugin:80 - create IPUIPlugin
2025-01-10 14:40:49,458 [INFO] PluginManager:220 - loadIPPluginJar : add stm32_wpan
2025-01-10 14:40:49,509 [INFO] IPUIPlugin:80 - create IPUIPlugin
2025-01-10 14:40:49,509 [INFO] PluginManager:220 - loadIPPluginJar : add tim
2025-01-10 14:40:49,639 [INFO] IPUIPlugin:80 - create IPUIPlugin
2025-01-10 14:40:49,640 [INFO] PluginManager:220 - loadIPPluginJar : add touchsensing
2025-01-10 14:40:49,691 [INFO] IPUIPlugin:80 - create IPUIPlugin
2025-01-10 14:40:49,691 [INFO] PluginManager:220 - loadIPPluginJar : add tracer_emb
2025-01-10 14:40:49,749 [INFO] IPUIPlugin:80 - create IPUIPlugin
2025-01-10 14:40:49,749 [INFO] PluginManager:220 - loadIPPluginJar : add ts
2025-01-10 14:40:49,798 [INFO] IPUIPlugin:80 - create IPUIPlugin
2025-01-10 14:40:49,798 [INFO] PluginManager:220 - loadIPPluginJar : add tsc
2025-01-10 14:40:49,842 [INFO] IPUIPlugin:80 - create IPUIPlugin
2025-01-10 14:40:49,843 [INFO] PluginManager:220 - loadIPPluginJar : add ucpd
2025-01-10 14:40:49,937 [INFO] IPUIPlugin:80 - create IPUIPlugin
2025-01-10 14:40:49,937 [INFO] PluginManager:220 - loadIPPluginJar : add usart
2025-01-10 14:40:50,033 [INFO] IPUIPlugin:80 - create IPUIPlugin
2025-01-10 14:40:50,034 [INFO] PluginManager:220 - loadIPPluginJar : add usbx
2025-01-10 14:40:50,226 [FATAL] Updater:351 - Updater called before beeing initialized
2025-01-10 14:40:50,281 [INFO] RulesReader:64 - Compatibility file has been processed (297 Rules)
2025-01-10 14:40:50,302 [INFO] RulesReader:64 - Compatibility file has been processed (297 Rules)
2025-01-10 14:40:50,315 [INFO] CADModel:165 - CPN selected for project level
2025-01-10 14:40:50,315 [INFO] CADModel:114 - Register for checkConnection events
2025-01-10 14:40:50,315 [FATAL] Updater:351 - Updater called before beeing initialized
2025-01-10 14:40:50,316 [ERROR] CADModel:125 - Updater not yet initialized, retry later 
2025-01-10 14:40:50,581 [FATAL] Updater:351 - Updater called before beeing initialized
2025-01-10 14:40:50,585 [INFO] CADModel:165 - CPN selected for project level
2025-01-10 14:40:50,585 [INFO] CADModel:114 - Register for checkConnection events
2025-01-10 14:40:50,585 [FATAL] Updater:351 - Updater called before beeing initialized
2025-01-10 14:40:50,586 [ERROR] CADModel:125 - Updater not yet initialized, retry later 
2025-01-10 14:40:50,591 [FATAL] Updater:351 - Updater called before beeing initialized
2025-01-10 14:40:50,801 [FATAL] Updater:351 - Updater called before beeing initialized
2025-01-10 14:40:50,820 [INFO] DbMcusAds:53 - JSON generation date=Fri Sep 20 18:34:23 IST 2024 (1726837463113)
2025-01-10 14:40:50,821 [FATAL] Updater:351 - Updater called before beeing initialized
2025-01-10 14:40:51,020 [WARN] DetailPanel:346 - Failed to get advertising image, set to default
2025-01-10 14:40:51,470 [INFO] ThirdPartyUpdaterWithRetryManager:70 - Updater plugin not ready yet. [4/15]
2025-01-10 14:40:51,556 [FATAL] Updater:351 - Updater called before beeing initialized
2025-01-10 14:40:51,560 [FATAL] Updater:351 - Updater called before beeing initialized
2025-01-10 14:40:51,561 [FATAL] Updater:351 - Updater called before beeing initialized
2025-01-10 14:40:51,561 [WARN] DetailPanel:346 - Failed to get advertising image, set to default
2025-01-10 14:40:51,563 [FATAL] Updater:351 - Updater called before beeing initialized
2025-01-10 14:40:51,714 [ERROR] Updater:1198 - MainUpdater not yet initialized. External WinMGr cannot be set.
2025-01-10 14:40:51,745 [INFO] Updater:1134 - Updater Version found : 6.13.0
2025-01-10 14:40:51,795 [INFO] ApplicationProperties:184 - Using Application install path: D:\STM32CubeIDE_1.15.0\STM32CubeIDE\plugins\com.st.stm32cube.common.mx_6.13.0.202411220809
2025-01-10 14:40:53,419 [ERROR] LogOutputStream:75 - [STDERR_REDIRECT] Jan 10, 2025 2:40:53 PM java.util.prefs.WindowsPreferences <init>
2025-01-10 14:40:53,424 [ERROR] LogOutputStream:75 - [STDERR_REDIRECT] WARNING: Could not open/create prefs root node Software\JavaSoft\Prefs at root 0xffffffff80000002. Windows RegCreateKeyEx(...) returned error code 5.
2025-01-10 14:40:53,424 [ERROR] LogOutputStream:75 - [STDERR_REDIRECT] 
2025-01-10 14:40:54,246 [INFO] MainUpdater:2872 - connection check result : 10
2025-01-10 14:40:54,248 [INFO] MainUpdater:289 - Updater Check For Update Now.
2025-01-10 14:40:54,248 [INFO] MicroXplorer:498 - Change Database Version : DB.6.0.130
2025-01-10 14:40:54,286 [INFO] McuFinderGlobals:63 - Set McuFinder mode to 2 (CubeIDE integrated)
2025-01-10 14:40:54,287 [INFO] UserAuth:171 - activating auth plugin
2025-01-10 14:40:54,355 [INFO] UserAuth:486 - Internet connection configuration mode: 1
2025-01-10 14:40:54,414 [INFO] JxBrowserEngine:152 - Initiate JxBrowser Engine with user profile folder
2025-01-10 14:40:54,478 [WARN] MainUpdater:1193 - Updater busy. Cannot search thirdparties
2025-01-10 14:40:54,479 [INFO] ThirdPartyUpdaterWithRetryManager:96 - Updater plugin is busy. [1/15]
2025-01-10 14:40:54,841 [INFO] CheckServerUpdateThread:120 - End of CheckServer Thread
2025-01-10 14:41:01,238 [WARN] PackLoader:240 - Cannot read IP mode file for STMicroelectronics.FP-SNS-MOTENVWB1.1.4.0
2025-01-10 14:41:01,294 [WARN] PackLoader:240 - Cannot read IP mode file for STMicroelectronics.FP-ATR-ASTRA1.2.0.1
2025-01-10 14:41:01,345 [WARN] PackLoader:240 - Cannot read IP mode file for STMicroelectronics.X-CUBE-SMBUS.2.1.0
2025-01-10 14:41:01,404 [WARN] PackLoader:240 - Cannot read IP mode file for STMicroelectronics.X-CUBE-WB05N.1.1.0
2025-01-10 14:41:02,157 [WARN] PackLoader:240 - Cannot read IP mode file for STMicroelectronics.X-CUBE-TOUCHGFX.4.23.2
2025-01-10 14:41:02,387 [WARN] PackLoader:240 - Cannot read IP mode file for STMicroelectronics.X-CUBE-AZRTOS-F7.1.1.0
2025-01-10 14:41:02,664 [INFO] WebApp:168 - Instantiating new browser for Auth
2025-01-10 14:41:02,890 [WARN] PackLoader:240 - Cannot read IP mode file for STMicroelectronics.X-CUBE-MEMS1.11.0.0
2025-01-10 14:41:03,516 [WARN] PackLoader:240 - Cannot read IP mode file for STMicroelectronics.FP-SNS-FLIGHT1.5.0.2
2025-01-10 14:41:03,605 [WARN] PackLoader:240 - Cannot read IP mode file for STMicroelectronics.X-CUBE-DISPLAY.3.0.0
2025-01-10 14:41:03,707 [WARN] PackLoader:240 - Cannot read IP mode file for STMicroelectronics.X-CUBE-BLE1.7.0.0
2025-01-10 14:41:03,761 [WARN] PackLoader:240 - Cannot read IP mode file for STMicroelectronics.X-CUBE-NFC10.1.0.0
2025-01-10 14:41:03,822 [WARN] PackLoader:240 - Cannot read IP mode file for STMicroelectronics.X-CUBE-BLEMGR.4.0.0
2025-01-10 14:41:03,904 [WARN] PackLoader:240 - Cannot read IP mode file for emotas.I-CUBE-CANOPEN.1.3.0
2025-01-10 14:41:03,951 [WARN] PackLoader:240 - Cannot read IP mode file for STMicroelectronics.X-CUBE-BLEMGR.3.1.0
2025-01-10 14:41:03,996 [WARN] PackLoader:240 - Cannot read IP mode file for STMicroelectronics.FP-SNS-SMARTAG2.1.2.0
2025-01-10 14:41:04,418 [WARN] PackLoader:240 - Cannot read IP mode file for STMicroelectronics.X-CUBE-MEMS1.11.1.0
2025-01-10 14:41:05,586 [INFO] LogOutputStream:77 - [STDOUT_REDIRECT] 1 : Invalid condition id : UX_CORESTACK_Condition cause : null
2025-01-10 14:41:05,587 [INFO] LogOutputStream:77 - [STDOUT_REDIRECT] 1 : Invalid condition id : UX_CORESTACK_Condition cause : null
2025-01-10 14:41:05,591 [INFO] LogOutputStream:77 - [STDOUT_REDIRECT] 1 : Invalid condition id : UX_CORESTACK_Condition cause : null
2025-01-10 14:41:05,594 [INFO] LogOutputStream:77 - [STDOUT_REDIRECT] 1 : Invalid condition id : UX_CORESTACK_Condition cause : null
2025-01-10 14:41:05,598 [INFO] LogOutputStream:77 - [STDOUT_REDIRECT] 1 : Invalid condition id : UX_CORESTACK_Condition cause : null
2025-01-10 14:41:05,606 [WARN] PackLoader:240 - Cannot read IP mode file for STMicroelectronics.X-CUBE-AZRTOS-WL.2.0.0
2025-01-10 14:41:05,655 [WARN] PackLoader:240 - Cannot read IP mode file for STMicroelectronics.FP-SNS-MOTENV1.5.0.0
2025-01-10 14:41:05,692 [WARN] PackLoader:240 - Cannot read IP mode file for wolfSSL.I-CUBE-wolfMQTT.1.19.0
2025-01-10 14:41:05,735 [WARN] PackLoader:240 - Cannot read IP mode file for WES.I-CUBE-Cesium.1.3.0
2025-01-10 14:41:05,808 [WARN] PackLoader:240 - Cannot read IP mode file for STMicroelectronics.X-CUBE-BLE2.3.3.0
2025-01-10 14:41:06,601 [WARN] PackLoader:240 - Cannot read IP mode file for STMicroelectronics.X-CUBE-NFC9.1.0.0
2025-01-10 14:41:06,657 [WARN] PackLoader:240 - Cannot read IP mode file for STMicroelectronics.X-CUBE-TCPP.4.1.0
2025-01-10 14:41:06,745 [WARN] PackLoader:240 - Cannot read IP mode file for STMicroelectronics.X-CUBE-AZRTOS-G0.1.1.0
2025-01-10 14:41:06,820 [WARN] PackLoader:240 - Cannot read IP mode file for STMicroelectronics.X-CUBE-SAFEA1.1.2.2
2025-01-10 14:41:06,879 [WARN] PackLoader:240 - Cannot read IP mode file for STMicroelectronics.X-CUBE-NFC4.3.0.0
2025-01-10 14:41:06,938 [WARN] PackLoader:240 - Cannot read IP mode file for EmbeddedOffice.I-CUBE-FS-RTOS.1.0.1
2025-01-10 14:41:06,974 [WARN] PackLoader:240 - Cannot read IP mode file for STMicroelectronics.X-CUBE-TCPP.4.2.0
2025-01-10 14:41:07,028 [WARN] PackLoader:240 - Cannot read IP mode file for RealThread.X-CUBE-RT-Thread_Nano.4.1.1
2025-01-10 14:41:07,074 [WARN] PackLoader:240 - Cannot read IP mode file for wolfSSL.I-CUBE-wolfSSL.5.7.0
2025-01-10 14:41:07,130 [WARN] PackLoader:240 - Cannot read IP mode file for STMicroelectronics.FP-ATR-SIGFOX1.3.2.0
2025-01-10 14:41:07,185 [WARN] ConditionMgr:438 - getConditionDescription Invalid condition id : Cortex-A Device cause : null
2025-01-10 14:41:07,242 [WARN] ConditionMgr:1044 - genDependencies : Invalid condition id : Cortex-A Device cause : null
2025-01-10 14:41:07,242 [WARN] ConditionMgr:1044 - genDependencies : Invalid condition id : Cortex-A Device cause : null
2025-01-10 14:41:07,243 [WARN] ConditionMgr:1044 - genDependencies : Invalid condition id : Cortex-A Device cause : null
2025-01-10 14:41:07,283 [WARN] PackLoader:240 - Cannot read IP mode file for STMicroelectronics.X-CUBE-EEPRMA1.5.1.0
2025-01-10 14:41:07,352 [WARN] PackLoader:240 - Cannot read IP mode file for ITTIA_DB.I-CUBE-ITTIADB.8.9.0
2025-01-10 14:41:07,499 [WARN] PackLoader:240 - Cannot read IP mode file for SEGGER.I-CUBE-embOS.1.3.1
2025-01-10 14:41:07,630 [WARN] PackLoader:240 - Cannot read IP mode file for STMicroelectronics.X-CUBE-ALGOBUILD.1.4.0
2025-01-10 14:41:07,666 [WARN] PackLoader:240 - Cannot read IP mode file for STMicroelectronics.X-CUBE-AI.9.1.0
2025-01-10 14:41:07,709 [WARN] PackLoader:240 - Cannot read IP mode file for STMicroelectronics.X-CUBE-GNSS1.6.0.0
2025-01-10 14:41:07,815 [WARN] PackLoader:240 - Cannot read IP mode file for STMicroelectronics.X-CUBE-AZRTOS-F4.1.1.0
2025-01-10 14:41:07,866 [WARN] PackLoader:240 - Cannot read IP mode file for STMicroelectronics.X-CUBE-ISPU.2.1.0
2025-01-10 14:41:07,903 [WARN] PackLoader:240 - Cannot read IP mode file for STMicroelectronics.X-CUBE-FREERTOS.1.2.0
2025-01-10 14:41:08,000 [WARN] PackLoader:240 - Cannot read IP mode file for STMicroelectronics.X-CUBE-AZRTOS-L5.2.0.0
2025-01-10 14:41:08,056 [WARN] PackLoader:240 - Cannot read IP mode file for STMicroelectronics.X-CUBE-NFC6.3.1.0
2025-01-10 14:41:08,117 [WARN] PackLoader:240 - Cannot read IP mode file for STMicroelectronics.X-CUBE-DPower.1.2.0
2025-01-10 14:41:08,156 [WARN] PackLoader:240 - Cannot read IP mode file for STMicroelectronics.X-CUBE-AI.9.0.0
2025-01-10 14:41:08,192 [WARN] PackLoader:240 - Cannot read IP mode file for STMicroelectronics.X-CUBE-FREERTOS.1.3.0
2025-01-10 14:41:08,233 [WARN] PackLoader:240 - Cannot read IP mode file for STMicroelectronics.X-CUBE-NFC7.1.0.1
2025-01-10 14:41:08,273 [WARN] PackLoader:240 - Cannot read IP mode file for wolfSSL.I-CUBE-wolfTPM.3.2.0
2025-01-10 14:41:08,380 [WARN] ConditionMgr:438 - getConditionDescription Invalid condition id : LAN8742 Phy interface Condition cause : null
2025-01-10 14:41:08,382 [WARN] PackLoader:240 - Cannot read IP mode file for STMicroelectronics.X-CUBE-AZRTOS-L4.2.0.0
2025-01-10 14:41:08,384 [WARN] ConditionMgr:1044 - genDependencies : Invalid condition id : LAN8742 Phy interface Condition cause : null
2025-01-10 14:41:08,385 [WARN] ConditionMgr:1044 - genDependencies : Invalid condition id : LAN8742 Phy interface Condition cause : null
2025-01-10 14:41:08,387 [WARN] ConditionMgr:1044 - genDependencies : Invalid condition id : LAN8742 Phy interface Condition cause : null
2025-01-10 14:41:08,442 [WARN] PackLoader:240 - Cannot read IP mode file for STMicroelectronics.X-CUBE-SFXS2LP1.4.0.0
2025-01-10 14:41:08,539 [WARN] PackLoader:240 - Cannot read IP mode file for STMicroelectronics.X-CUBE-AZRTOS-H7.3.3.0
2025-01-10 14:41:08,631 [WARN] PackLoader:240 - Cannot read IP mode file for STMicroelectronics.X-CUBE-IPS.3.0.0
2025-01-10 14:41:08,716 [WARN] ConditionMgr:438 - getConditionDescription Invalid condition id : UX DEVICE CLASS RTOS Condition cause : null
2025-01-10 14:41:08,717 [WARN] ConditionMgr:438 - getConditionDescription Invalid condition id : UX DEVICE CLASS RTOS Condition cause : null
2025-01-10 14:41:08,722 [WARN] PackLoader:240 - Cannot read IP mode file for STMicroelectronics.X-CUBE-AZRTOS-WB.2.0.0
2025-01-10 14:41:08,723 [WARN] ConditionMgr:1044 - genDependencies : Invalid condition id : UX DEVICE CLASS RTOS Condition cause : null
2025-01-10 14:41:08,724 [WARN] ConditionMgr:1044 - genDependencies : Invalid condition id : UX DEVICE CLASS RTOS Condition cause : null
2025-01-10 14:41:08,725 [WARN] ConditionMgr:1044 - genDependencies : Invalid condition id : UX DEVICE CLASS RTOS Condition cause : null
2025-01-10 14:41:08,725 [WARN] ConditionMgr:1044 - genDependencies : Invalid condition id : UX DEVICE CLASS RTOS Condition cause : null
2025-01-10 14:41:08,726 [WARN] ConditionMgr:1044 - genDependencies : Invalid condition id : UX DEVICE CLASS RTOS Condition cause : null
2025-01-10 14:41:08,784 [WARN] PackLoader:240 - Cannot read IP mode file for STMicroelectronics.X-CUBE-GNSS1.7.0.0
2025-01-10 14:41:08,830 [WARN] PackLoader:240 - Cannot read IP mode file for STMicroelectronics.X-CUBE-GNSS1.7.0.1
2025-01-10 14:41:08,902 [WARN] PackLoader:240 - Cannot read IP mode file for STMicroelectronics.FP-SNS-STBOX1.2.0.0
2025-01-10 14:41:09,350 [WARN] PackLoader:240 - Cannot read IP mode file for STMicroelectronics.X-CUBE-SUBG2.5.0.0
2025-01-10 14:41:09,722 [WARN] PackLoader:240 - Cannot read IP mode file for Cesanta.I-CUBE-Mongoose.7.13.0
2025-01-10 14:41:09,844 [INFO] WebApp:449 - Apply proxy settings
2025-01-10 14:41:09,848 [INFO] WebApp:534 - Chromium requires no authentication
2025-01-10 14:41:10,224 [INFO] WebApp:477 - Direct internet connection detected
2025-01-10 14:41:10,665 [WARN] PackLoader:240 - Cannot read IP mode file for STMicroelectronics.X-CUBE-AZRTOS-G4.2.0.0
2025-01-10 14:41:11,136 [WARN] PackLoader:240 - Cannot read IP mode file for STMicroelectronics.X-CUBE-ISPU.2.0.0
2025-01-10 14:41:11,236 [WARN] PackLoader:240 - Cannot read IP mode file for STMicroelectronics.X-CUBE-ALS.1.0.2
2025-01-10 14:41:11,547 [WARN] PackLoader:240 - Cannot read IP mode file for STMicroelectronics.X-CUBE-MEMS1.10.0.0
2025-01-10 14:41:12,031 [WARN] PackLoader:240 - Cannot read IP mode file for STMicroelectronics.X-CUBE-TOUCHGFX.4.24.0
2025-01-10 14:41:12,082 [INFO] WebApp:880 - Register for checkConnection events
2025-01-10 14:41:12,082 [INFO] WebApp:449 - Apply proxy settings
2025-01-10 14:41:12,083 [INFO] WebApp:534 - Chromium requires no authentication
2025-01-10 14:41:12,085 [INFO] WebApp:477 - Direct internet connection detected
2025-01-10 14:41:12,106 [WARN] PackLoader:240 - Cannot read IP mode file for STMicroelectronics.X-CUBE-TOUCHGFX.4.24.1
2025-01-10 14:41:12,175 [WARN] PackLoader:240 - Cannot read IP mode file for portGmbH.I-Cube-SoM-uGOAL.1.1.0
2025-01-10 14:41:12,300 [WARN] PackLoader:240 - Cannot read IP mode file for STMicroelectronics.X-CUBE-AZRTOS-H7RS.1.0.0
2025-01-10 14:41:12,366 [WARN] PackLoader:240 - Cannot read IP mode file for STMicroelectronics.FP-ATR-ASTRA1.2.0.0
2025-01-10 14:41:12,433 [WARN] PackLoader:240 - Cannot read IP mode file for STMicroelectronics.X-CUBE-TOF1.3.4.2
2025-01-10 14:41:12,516 [WARN] PackLoader:240 - Cannot read IP mode file for STMicroelectronics.X-CUBE-TOF1.3.4.1
2025-01-10 14:41:12,660 [WARN] PackLoader:240 - Cannot read IP mode file for STMicroelectronics.X-CUBE-AZRTOS-H7.3.2.0
2025-01-10 14:41:12,818 [WARN] PackLoader:240 - Cannot read IP mode file for Infineon.AIROC-Wi-Fi-Bluetooth-STM32.1.6.0
2025-01-10 14:41:12,963 [WARN] PackLoader:240 - Cannot read IP mode file for wolfSSL.I-CUBE-wolfSSH.1.4.17
2025-01-10 14:41:12,966 [INFO] ThirdParty:978 - Integrity check success = true
2025-01-10 14:41:12,966 [INFO] IntegrityCheckThread:100 - exiting critical section [integrity check]
2025-01-10 14:41:12,966 [INFO] IntegrityCheckThread:103 - End integrity checks thread
2025-01-10 14:41:13,104 [INFO] WebApp:221 - Starting web application
2025-01-10 14:41:13,105 [INFO] WebApp:579 - Web application path used D:\STM32CubeIDE_1.15.0\STM32CubeIDE\plugins\com.st.stm32cube.common.mx_6.13.0.202411220809\db\plugins\mcufinder\reactClient1\index.html
2025-01-10 14:41:14,592 [INFO] WebApp:187 - Connection restablished
