2025-01-09 13:35:55,141 [INFO] Activator:176 - 


2025-01-09 13:35:55,153 [INFO] Activator:177 - !SESSION log4j initialized
2025-01-09 13:36:05,340 [INFO] LogOutputStream:77 - [STDOUT_REDIRECT] 
2025-01-09 13:36:15,813 [INFO] ApplicationProperties:184 - Using Application install path: D:\STM32CubeIDE_1.15.0\STM32CubeIDE\plugins\com.st.stm32cube.common.mx_6.13.0.202411220809
2025-01-09 13:36:15,847 [INFO] DbMcusXml:78 - Set database path to: D:\STM32CubeIDE_1.15.0\STM32CubeIDE\plugins\com.st.stm32cube.common.mx_6.13.0.202411220809\\db\/mcu/
2025-01-09 13:36:15,847 [INFO] ApiDb:274 - Set plugin database path to: D:\STM32CubeIDE_1.15.0\STM32CubeIDE\plugins\com.st.stm32cube.common.mx_6.13.0.202411220809\\db\/plugins/boardmanager/
2025-01-09 13:36:15,849 [WARN] ApiDb:259 - Overriding images path with different value:  => D:\STM32CubeIDE_1.15.0\STM32CubeIDE\plugins\com.st.stm32cube.common.mx_6.13.0.202411220809\\db\/plugins/mcufinder/images/
2025-01-09 13:36:15,867 [INFO] ApiDb:250 - Set database path to: C:\Users\hp\.stmcufinder\plugins\mcufinder//mcu/
2025-01-09 13:36:15,870 [INFO] DbMcusAds:125 - Set database path to: C:\Users\hp\.stmcufinder\plugins\mcufinder//mcu/
2025-01-09 13:36:15,875 [INFO] CrossReferenceDbSqlite:203 - Set database path to: C:\Users\hp\.stmcufinder\plugins\mcufinder//mcu/cs/
2025-01-09 13:36:16,157 [INFO] RulesReader:64 - Compatibility file has been processed (297 Rules)
2025-01-09 13:36:16,316 [INFO] DbMcusXml:78 - Set database path to: D:\STM32CubeIDE_1.15.0\STM32CubeIDE\plugins\com.st.stm32cube.common.mx_6.13.0.202411220809\\db\/mcu/
2025-01-09 13:36:16,316 [INFO] ApiDb:274 - Set plugin database path to: D:\STM32CubeIDE_1.15.0\STM32CubeIDE\plugins\com.st.stm32cube.common.mx_6.13.0.202411220809\\db\/plugins/boardmanager/
2025-01-09 13:36:16,317 [INFO] ApiDb:261 - Set plugin images path to: D:\STM32CubeIDE_1.15.0\STM32CubeIDE\plugins\com.st.stm32cube.common.mx_6.13.0.202411220809\\db\/plugins/mcufinder/images/
2025-01-09 13:36:16,317 [WARN] DbFile:41 - Overriding database path with different value: C:\Users\hp\.stmcufinder\plugins\mcufinder/ => C:\Users\hp\.stmcufinder\plugins\mcufinder
2025-01-09 13:36:16,317 [INFO] ApiDb:250 - Set database path to: C:\Users\hp\.stmcufinder\plugins\mcufinder//mcu/
2025-01-09 13:36:16,318 [WARN] DbFile:41 - Overriding database path with different value: C:\Users\hp\.stmcufinder\plugins\mcufinder/ => C:\Users\hp\.stmcufinder\plugins\mcufinder
2025-01-09 13:36:16,318 [INFO] DbMcusAds:125 - Set database path to: C:\Users\hp\.stmcufinder\plugins\mcufinder//mcu/
2025-01-09 13:36:16,318 [WARN] DbFile:41 - Overriding database path with different value: C:\Users\hp\.stmcufinder\plugins\mcufinder/ => C:\Users\hp\.stmcufinder\plugins\mcufinder
2025-01-09 13:36:16,318 [WARN] DbFile:41 - Overriding database path with different value: C:\Users\hp\.stmcufinder\plugins\mcufinder/ => C:\Users\hp\.stmcufinder\plugins\mcufinder
2025-01-09 13:36:16,319 [INFO] CrossReferenceDbSqlite:203 - Set database path to: C:\Users\hp\.stmcufinder\plugins\mcufinder//mcu/cs/
2025-01-09 13:36:16,476 [INFO] MainPanel:272 - HeapMemory: 268435456
2025-01-09 13:36:16,658 [INFO] DbMcusXml:78 - Set database path to: D:\STM32CubeIDE_1.15.0\STM32CubeIDE\plugins\com.st.stm32cube.common.mx_6.13.0.202411220809\\db\/mcu/
2025-01-09 13:36:16,659 [INFO] ApiDb:274 - Set plugin database path to: D:\STM32CubeIDE_1.15.0\STM32CubeIDE\plugins\com.st.stm32cube.common.mx_6.13.0.202411220809\\db\/plugins/boardmanager/
2025-01-09 13:36:16,659 [INFO] ApiDb:261 - Set plugin images path to: D:\STM32CubeIDE_1.15.0\STM32CubeIDE\plugins\com.st.stm32cube.common.mx_6.13.0.202411220809\\db\/plugins/mcufinder/images/
2025-01-09 13:36:16,659 [WARN] DbFile:41 - Overriding database path with different value: C:\Users\hp\.stmcufinder\plugins\mcufinder/ => C:\Users\hp\.stmcufinder\plugins\mcufinder
2025-01-09 13:36:16,660 [INFO] ApiDb:250 - Set database path to: C:\Users\hp\.stmcufinder\plugins\mcufinder//mcu/
2025-01-09 13:36:16,660 [WARN] DbFile:41 - Overriding database path with different value: C:\Users\hp\.stmcufinder\plugins\mcufinder/ => C:\Users\hp\.stmcufinder\plugins\mcufinder
2025-01-09 13:36:16,661 [INFO] DbMcusAds:125 - Set database path to: C:\Users\hp\.stmcufinder\plugins\mcufinder//mcu/
2025-01-09 13:36:16,661 [WARN] DbFile:41 - Overriding database path with different value: C:\Users\hp\.stmcufinder\plugins\mcufinder/ => C:\Users\hp\.stmcufinder\plugins\mcufinder
2025-01-09 13:36:16,661 [WARN] DbFile:41 - Overriding database path with different value: C:\Users\hp\.stmcufinder\plugins\mcufinder/ => C:\Users\hp\.stmcufinder\plugins\mcufinder
2025-01-09 13:36:16,684 [INFO] CrossReferenceDbSqlite:203 - Set database path to: C:\Users\hp\.stmcufinder\plugins\mcufinder//mcu/cs/
2025-01-09 13:36:16,718 [INFO] ApplicationProperties:184 - Using Application install path: D:\STM32CubeIDE_1.15.0\STM32CubeIDE\plugins\com.st.stm32cube.common.mx_6.13.0.202411220809
2025-01-09 13:36:16,720 [INFO] PluginManage:196 - Search for loadable plugins [exclusion list=, ]
2025-01-09 13:36:16,723 [INFO] PluginManage:310 - Check plugin analytics
2025-01-09 13:36:21,905 [INFO] AnalyticsPlugin:253 - Accepted Software Licenses: 
2025-01-09 13:36:21,906 [INFO] AnalyticsPlugin:255 - Accepted CMSIS Pack Licenses: 
2025-01-09 13:36:21,906 [INFO] AnalyticsPlugin:257 - Accepted Firmware Licenses: 
2025-01-09 13:36:21,908 [INFO] PluginManage:359 - Loaded plugin analytics (category:tool,tabindex:-1)
2025-01-09 13:36:21,908 [INFO] PluginManage:310 - Check plugin cadmodel
2025-01-09 13:36:21,959 [INFO] CADModel:105 - Init CAD model plugin
2025-01-09 13:36:21,960 [INFO] PluginManage:359 - Loaded plugin cadmodel (category:power,tabindex:5)
2025-01-09 13:36:21,960 [INFO] PluginManage:310 - Check plugin clock
2025-01-09 13:36:22,004 [INFO] PluginManage:359 - Loaded plugin clock (category:base,tabindex:2)
2025-01-09 13:36:22,004 [INFO] PluginManage:310 - Check plugin ddr
2025-01-09 13:36:22,008 [INFO] PluginManage:359 - Loaded plugin ddr (category:tool,tabindex:6)
2025-01-09 13:36:22,009 [INFO] PluginManage:310 - Check plugin filemanager
2025-01-09 13:36:22,290 [INFO] PluginManage:359 - Loaded plugin filemanager (category:base,tabindex:10)
2025-01-09 13:36:22,290 [INFO] PluginManage:310 - Check plugin ipmanager
2025-01-09 13:36:22,308 [INFO] PluginManage:359 - Loaded plugin ipmanager (category:base,tabindex:5)
2025-01-09 13:36:22,308 [INFO] PluginManage:310 - Check plugin lpbam
2025-01-09 13:36:22,343 [INFO] PluginManage:359 - Loaded plugin lpbam (category:base,tabindex:0)
2025-01-09 13:36:22,343 [INFO] PluginManage:310 - Check plugin memorymap
2025-01-09 13:36:22,390 [INFO] PluginManage:359 - Loaded plugin memorymap (category:base,tabindex:4)
2025-01-09 13:36:22,390 [INFO] PluginManage:310 - Check plugin pinoutandconfiguration
2025-01-09 13:36:22,427 [INFO] PluginManage:359 - Loaded plugin pinoutandconfiguration (category:base,tabindex:1)
2025-01-09 13:36:22,427 [INFO] PluginManage:310 - Check plugin pinoutconfig
2025-01-09 13:36:22,609 [WARN] SupportedApi:132 - Cannot load RTOS API schema: s4s-elt-must-match.1: The content of 'definitions' must match (annotation?, (simpleType | complexType)?, (unique | key | keyref)*)). A problem was found starting at: attribute.
2025-01-09 13:36:22,925 [INFO] PluginManage:359 - Loaded plugin pinoutconfig (category:base,tabindex:0)
2025-01-09 13:36:22,925 [INFO] PluginManage:310 - Check plugin power
2025-01-09 13:36:22,969 [INFO] PluginManage:359 - Loaded plugin power (category:power,tabindex:4)
2025-01-09 13:36:22,969 [INFO] PluginManage:310 - Check plugin projectmanager
2025-01-09 13:36:23,024 [INFO] PluginManage:359 - Loaded plugin projectmanager (category:projectmanager,tabindex:4)
2025-01-09 13:36:23,025 [INFO] PluginManage:310 - Check plugin rif
2025-01-09 13:36:23,073 [INFO] PluginManage:359 - Loaded plugin rif (category:base,tabindex:3)
2025-01-09 13:36:23,073 [INFO] PluginManage:310 - Check plugin thirdparty
2025-01-09 13:36:23,775 [WARN] IntegrityCheckThread:84 - waiting for thirdparty lock release [integrity check]
2025-01-09 13:36:23,775 [INFO] IntegrityCheckThread:86 - entering critical section [integrity check]
2025-01-09 13:36:23,776 [INFO] PluginManage:359 - Loaded plugin thirdparty (category:base,tabindex:-1)
2025-01-09 13:36:23,777 [INFO] PluginManage:310 - Check plugin tools
2025-01-09 13:36:23,777 [INFO] ThirdPartyUpdaterWithRetryManager:70 - Updater plugin not ready yet. [1/15]
2025-01-09 13:36:23,870 [INFO] PluginManage:359 - Loaded plugin tools (category:base,tabindex:7)
2025-01-09 13:36:23,870 [INFO] PluginManage:310 - Check plugin tutovideos
2025-01-09 13:36:24,254 [INFO] PluginManage:359 - Loaded plugin tutovideos (category:base,tabindex:-1)
2025-01-09 13:36:24,254 [INFO] PluginManage:310 - Check plugin updater
2025-01-09 13:36:24,299 [INFO] PluginManage:359 - Loaded plugin updater (category:base,tabindex:12)
2025-01-09 13:36:24,299 [INFO] PluginManage:310 - Check plugin userauth
2025-01-09 13:36:24,307 [INFO] UserAuth:118 - Init User Auth plugin
2025-01-09 13:36:24,309 [INFO] PluginManage:359 - Loaded plugin userauth (category:base,tabindex:14)
2025-01-09 13:36:24,310 [INFO] PluginManage:283 - PluginManage : Loaded plugins [18]
2025-01-09 13:36:24,811 [INFO] PinOutPanel:1589 - setPackage(No Configuration,No Configuration)
2025-01-09 13:36:25,025 [INFO] CADModel:165 - CPN selected for project level
2025-01-09 13:36:25,025 [INFO] CADModel:114 - Register for checkConnection events
2025-01-09 13:36:25,077 [INFO] IPUIPlugin:80 - create IPUIPlugin
2025-01-09 13:36:25,077 [INFO] PluginManager:220 - loadIPPluginJar : add adc
2025-01-09 13:36:25,188 [INFO] IPUIPlugin:80 - create IPUIPlugin
2025-01-09 13:36:25,188 [INFO] PluginManager:220 - loadIPPluginJar : add aes
2025-01-09 13:36:25,288 [INFO] IPUIPlugin:80 - create IPUIPlugin
2025-01-09 13:36:25,288 [INFO] PluginManager:220 - loadIPPluginJar : add can
2025-01-09 13:36:25,344 [INFO] IPUIPlugin:80 - create IPUIPlugin
2025-01-09 13:36:25,344 [INFO] PluginManager:220 - loadIPPluginJar : add comp
2025-01-09 13:36:25,424 [INFO] IPUIPlugin:80 - create IPUIPlugin
2025-01-09 13:36:25,424 [INFO] PluginManager:220 - loadIPPluginJar : add cryp
2025-01-09 13:36:25,456 [INFO] IPUIPlugin:80 - create IPUIPlugin
2025-01-09 13:36:25,456 [INFO] PluginManager:220 - loadIPPluginJar : add ddr_ctrl_phy
2025-01-09 13:36:25,518 [INFO] IPUIPlugin:80 - create IPUIPlugin
2025-01-09 13:36:25,518 [INFO] PluginManager:220 - loadIPPluginJar : add dfsdm
2025-01-09 13:36:25,553 [INFO] IPUIPlugin:80 - create IPUIPlugin
2025-01-09 13:36:25,554 [INFO] PluginManager:220 - loadIPPluginJar : add dma
2025-01-09 13:36:25,633 [INFO] IPUIPlugin:80 - create IPUIPlugin
2025-01-09 13:36:25,633 [INFO] PluginManager:220 - loadIPPluginJar : add dma3
2025-01-09 13:36:25,733 [INFO] IPUIPlugin:80 - create IPUIPlugin
2025-01-09 13:36:25,733 [INFO] PluginManager:220 - loadIPPluginJar : add extmemmanager
2025-01-09 13:36:25,797 [INFO] IPUIPlugin:80 - create IPUIPlugin
2025-01-09 13:36:25,797 [INFO] PluginManager:220 - loadIPPluginJar : add fatfs
2025-01-09 13:36:25,932 [INFO] IPUIPlugin:80 - create IPUIPlugin
2025-01-09 13:36:25,933 [INFO] PluginManager:220 - loadIPPluginJar : add fmc
2025-01-09 13:36:25,989 [INFO] IPUIPlugin:80 - create IPUIPlugin
2025-01-09 13:36:25,990 [INFO] PluginManager:220 - loadIPPluginJar : add freertos
2025-01-09 13:36:26,059 [INFO] IPUIPlugin:80 - create IPUIPlugin
2025-01-09 13:36:26,059 [INFO] PluginManager:220 - loadIPPluginJar : add genericplugin
2025-01-09 13:36:26,292 [INFO] IPUIPlugin:80 - create IPUIPlugin
2025-01-09 13:36:26,292 [INFO] PluginManager:220 - loadIPPluginJar : add gfxmmu
2025-01-09 13:36:26,605 [INFO] IPUIPlugin:80 - create IPUIPlugin
2025-01-09 13:36:26,605 [INFO] PluginManager:220 - loadIPPluginJar : add gic
2025-01-09 13:36:26,629 [INFO] IPUIPlugin:80 - create IPUIPlugin
2025-01-09 13:36:26,629 [INFO] PluginManager:220 - loadIPPluginJar : add gpio
2025-01-09 13:36:26,779 [INFO] ThirdPartyUpdaterWithRetryManager:70 - Updater plugin not ready yet. [2/15]
2025-01-09 13:36:26,839 [INFO] IPUIPlugin:80 - create IPUIPlugin
2025-01-09 13:36:26,839 [INFO] PluginManager:220 - loadIPPluginJar : add gtzc
2025-01-09 13:36:26,924 [INFO] IPUIPlugin:80 - create IPUIPlugin
2025-01-09 13:36:26,924 [INFO] PluginManager:220 - loadIPPluginJar : add hash
2025-01-09 13:36:27,084 [INFO] IPUIPlugin:80 - create IPUIPlugin
2025-01-09 13:36:27,084 [INFO] PluginManager:220 - loadIPPluginJar : add i2c
2025-01-09 13:36:27,181 [INFO] IPUIPlugin:80 - create IPUIPlugin
2025-01-09 13:36:27,181 [INFO] PluginManager:220 - loadIPPluginJar : add i2s
2025-01-09 13:36:27,285 [INFO] IPUIPlugin:80 - create IPUIPlugin
2025-01-09 13:36:27,285 [INFO] PluginManager:220 - loadIPPluginJar : add i3c
2025-01-09 13:36:27,519 [INFO] IPUIPlugin:80 - create IPUIPlugin
2025-01-09 13:36:27,520 [INFO] PluginManager:220 - loadIPPluginJar : add ipddr
2025-01-09 13:36:27,716 [INFO] IPUIPlugin:80 - create IPUIPlugin
2025-01-09 13:36:27,716 [INFO] PluginManager:220 - loadIPPluginJar : add linkedlist
2025-01-09 13:36:27,805 [INFO] IPUIPlugin:80 - create IPUIPlugin
2025-01-09 13:36:27,806 [INFO] PluginManager:220 - loadIPPluginJar : add lorawan
2025-01-09 13:36:27,929 [INFO] IPUIPlugin:80 - create IPUIPlugin
2025-01-09 13:36:27,929 [INFO] PluginManager:220 - loadIPPluginJar : add ltdc
2025-01-09 13:36:27,974 [INFO] IPUIPlugin:80 - create IPUIPlugin
2025-01-09 13:36:27,974 [INFO] PluginManager:220 - loadIPPluginJar : add mdma
2025-01-09 13:36:28,000 [INFO] IPUIPlugin:80 - create IPUIPlugin
2025-01-09 13:36:28,000 [INFO] PluginManager:220 - loadIPPluginJar : add nvic
2025-01-09 13:36:28,088 [INFO] IPUIPlugin:80 - create IPUIPlugin
2025-01-09 13:36:28,089 [INFO] PluginManager:220 - loadIPPluginJar : add opamp
2025-01-09 13:36:28,343 [INFO] IPUIPlugin:80 - create IPUIPlugin
2025-01-09 13:36:28,344 [INFO] PluginManager:220 - loadIPPluginJar : add openamp
2025-01-09 13:36:28,488 [INFO] IPUIPlugin:80 - create IPUIPlugin
2025-01-09 13:36:28,488 [INFO] PluginManager:220 - loadIPPluginJar : add pdm2pcm
2025-01-09 13:36:28,546 [INFO] IPUIPlugin:80 - create IPUIPlugin
2025-01-09 13:36:28,553 [INFO] PluginManager:220 - loadIPPluginJar : add plateformsettings
2025-01-09 13:36:28,632 [INFO] IPUIPlugin:80 - create IPUIPlugin
2025-01-09 13:36:28,633 [INFO] PluginManager:220 - loadIPPluginJar : add quadspi
2025-01-09 13:36:28,720 [INFO] IPUIPlugin:80 - create IPUIPlugin
2025-01-09 13:36:28,721 [INFO] PluginManager:220 - loadIPPluginJar : add radio
2025-01-09 13:36:28,759 [INFO] IPUIPlugin:80 - create IPUIPlugin
2025-01-09 13:36:28,759 [INFO] PluginManager:220 - loadIPPluginJar : add resmgrutility
2025-01-09 13:36:28,894 [INFO] IPUIPlugin:80 - create IPUIPlugin
2025-01-09 13:36:28,895 [INFO] PluginManager:220 - loadIPPluginJar : add sai
2025-01-09 13:36:28,990 [INFO] IPUIPlugin:80 - create IPUIPlugin
2025-01-09 13:36:28,991 [INFO] PluginManager:220 - loadIPPluginJar : add spi
2025-01-09 13:36:29,221 [INFO] IPUIPlugin:80 - create IPUIPlugin
2025-01-09 13:36:29,222 [INFO] PluginManager:220 - loadIPPluginJar : add stm32_wpan
2025-01-09 13:36:29,302 [INFO] IPUIPlugin:80 - create IPUIPlugin
2025-01-09 13:36:29,303 [INFO] PluginManager:220 - loadIPPluginJar : add tim
2025-01-09 13:36:29,524 [INFO] IPUIPlugin:80 - create IPUIPlugin
2025-01-09 13:36:29,524 [INFO] PluginManager:220 - loadIPPluginJar : add touchsensing
2025-01-09 13:36:29,780 [INFO] ThirdPartyUpdaterWithRetryManager:70 - Updater plugin not ready yet. [3/15]
2025-01-09 13:36:29,994 [INFO] IPUIPlugin:80 - create IPUIPlugin
2025-01-09 13:36:29,995 [INFO] PluginManager:220 - loadIPPluginJar : add tracer_emb
2025-01-09 13:36:30,077 [INFO] IPUIPlugin:80 - create IPUIPlugin
2025-01-09 13:36:30,078 [INFO] PluginManager:220 - loadIPPluginJar : add ts
2025-01-09 13:36:30,217 [INFO] IPUIPlugin:80 - create IPUIPlugin
2025-01-09 13:36:30,218 [INFO] PluginManager:220 - loadIPPluginJar : add tsc
2025-01-09 13:36:30,295 [INFO] IPUIPlugin:80 - create IPUIPlugin
2025-01-09 13:36:30,295 [INFO] PluginManager:220 - loadIPPluginJar : add ucpd
2025-01-09 13:36:30,452 [INFO] IPUIPlugin:80 - create IPUIPlugin
2025-01-09 13:36:30,452 [INFO] PluginManager:220 - loadIPPluginJar : add usart
2025-01-09 13:36:30,573 [INFO] IPUIPlugin:80 - create IPUIPlugin
2025-01-09 13:36:30,577 [INFO] PluginManager:220 - loadIPPluginJar : add usbx
2025-01-09 13:36:30,773 [FATAL] Updater:351 - Updater called before beeing initialized
2025-01-09 13:36:30,847 [INFO] RulesReader:64 - Compatibility file has been processed (297 Rules)
2025-01-09 13:36:30,871 [INFO] RulesReader:64 - Compatibility file has been processed (297 Rules)
2025-01-09 13:36:30,889 [INFO] CADModel:165 - CPN selected for project level
2025-01-09 13:36:30,889 [INFO] CADModel:114 - Register for checkConnection events
2025-01-09 13:36:30,889 [FATAL] Updater:351 - Updater called before beeing initialized
2025-01-09 13:36:30,890 [ERROR] CADModel:125 - Updater not yet initialized, retry later 
2025-01-09 13:36:31,196 [FATAL] Updater:351 - Updater called before beeing initialized
2025-01-09 13:36:31,200 [INFO] CADModel:165 - CPN selected for project level
2025-01-09 13:36:31,200 [INFO] CADModel:114 - Register for checkConnection events
2025-01-09 13:36:31,200 [FATAL] Updater:351 - Updater called before beeing initialized
2025-01-09 13:36:31,200 [ERROR] CADModel:125 - Updater not yet initialized, retry later 
2025-01-09 13:36:31,208 [FATAL] Updater:351 - Updater called before beeing initialized
2025-01-09 13:36:31,441 [FATAL] Updater:351 - Updater called before beeing initialized
2025-01-09 13:36:31,463 [INFO] DbMcusAds:53 - JSON generation date=Fri Sep 20 18:34:23 IST 2024 (1726837463113)
2025-01-09 13:36:31,463 [FATAL] Updater:351 - Updater called before beeing initialized
2025-01-09 13:36:31,774 [WARN] DetailPanel:346 - Failed to get advertising image, set to default
2025-01-09 13:36:32,582 [FATAL] Updater:351 - Updater called before beeing initialized
2025-01-09 13:36:32,587 [FATAL] Updater:351 - Updater called before beeing initialized
2025-01-09 13:36:32,587 [FATAL] Updater:351 - Updater called before beeing initialized
2025-01-09 13:36:32,587 [WARN] DetailPanel:346 - Failed to get advertising image, set to default
2025-01-09 13:36:32,589 [FATAL] Updater:351 - Updater called before beeing initialized
2025-01-09 13:36:32,743 [ERROR] Updater:1198 - MainUpdater not yet initialized. External WinMGr cannot be set.
2025-01-09 13:36:32,769 [INFO] Updater:1134 - Updater Version found : 6.13.0
2025-01-09 13:36:32,781 [INFO] ThirdPartyUpdaterWithRetryManager:70 - Updater plugin not ready yet. [4/15]
2025-01-09 13:36:32,804 [INFO] ApplicationProperties:184 - Using Application install path: D:\STM32CubeIDE_1.15.0\STM32CubeIDE\plugins\com.st.stm32cube.common.mx_6.13.0.202411220809
2025-01-09 13:36:34,415 [ERROR] LogOutputStream:75 - [STDERR_REDIRECT] Jan 09, 2025 1:36:34 PM java.util.prefs.WindowsPreferences <init>
2025-01-09 13:36:34,419 [ERROR] LogOutputStream:75 - [STDERR_REDIRECT] WARNING: Could not open/create prefs root node Software\JavaSoft\Prefs at root 0xffffffff80000002. Windows RegCreateKeyEx(...) returned error code 5.
2025-01-09 13:36:34,419 [ERROR] LogOutputStream:75 - [STDERR_REDIRECT] 
2025-01-09 13:36:35,181 [INFO] MainUpdater:2872 - connection check result : 10
2025-01-09 13:36:35,222 [INFO] MainUpdater:289 - Updater Check For Update Now.
2025-01-09 13:36:35,222 [INFO] MicroXplorer:498 - Change Database Version : DB.6.0.130
2025-01-09 13:36:35,267 [INFO] McuFinderGlobals:63 - Set McuFinder mode to 2 (CubeIDE integrated)
2025-01-09 13:36:35,268 [INFO] UserAuth:171 - activating auth plugin
2025-01-09 13:36:35,371 [INFO] UserAuth:486 - Internet connection configuration mode: 1
2025-01-09 13:36:35,443 [INFO] JxBrowserEngine:152 - Initiate JxBrowser Engine with user profile folder
2025-01-09 13:36:35,715 [INFO] CheckServerUpdateThread:120 - End of CheckServer Thread
2025-01-09 13:36:36,556 [WARN] PackLoader:240 - Cannot read IP mode file for STMicroelectronics.FP-SNS-MOTENVWB1.1.4.0
2025-01-09 13:36:36,637 [WARN] PackLoader:240 - Cannot read IP mode file for STMicroelectronics.FP-ATR-ASTRA1.2.0.1
2025-01-09 13:36:36,681 [WARN] PackLoader:240 - Cannot read IP mode file for STMicroelectronics.X-CUBE-SMBUS.2.1.0
2025-01-09 13:36:36,729 [WARN] PackLoader:240 - Cannot read IP mode file for STMicroelectronics.X-CUBE-WB05N.1.1.0
2025-01-09 13:36:36,768 [WARN] PackLoader:240 - Cannot read IP mode file for STMicroelectronics.X-CUBE-TOUCHGFX.4.23.2
2025-01-09 13:36:36,910 [WARN] PackLoader:240 - Cannot read IP mode file for STMicroelectronics.X-CUBE-AZRTOS-F7.1.1.0
2025-01-09 13:36:37,202 [WARN] PackLoader:240 - Cannot read IP mode file for STMicroelectronics.X-CUBE-MEMS1.11.0.0
2025-01-09 13:36:37,880 [WARN] PackLoader:240 - Cannot read IP mode file for STMicroelectronics.FP-SNS-FLIGHT1.5.0.2
2025-01-09 13:36:37,923 [WARN] PackLoader:240 - Cannot read IP mode file for STMicroelectronics.X-CUBE-DISPLAY.3.0.0
2025-01-09 13:36:37,979 [WARN] PackLoader:240 - Cannot read IP mode file for STMicroelectronics.X-CUBE-BLE1.7.0.0
2025-01-09 13:36:38,027 [WARN] PackLoader:240 - Cannot read IP mode file for STMicroelectronics.X-CUBE-NFC10.1.0.0
2025-01-09 13:36:38,091 [WARN] PackLoader:240 - Cannot read IP mode file for STMicroelectronics.X-CUBE-BLEMGR.4.0.0
2025-01-09 13:36:38,143 [WARN] PackLoader:240 - Cannot read IP mode file for emotas.I-CUBE-CANOPEN.1.3.0
2025-01-09 13:36:38,193 [WARN] PackLoader:240 - Cannot read IP mode file for STMicroelectronics.X-CUBE-BLEMGR.3.1.0
2025-01-09 13:36:38,241 [WARN] PackLoader:240 - Cannot read IP mode file for STMicroelectronics.FP-SNS-SMARTAG2.1.2.0
2025-01-09 13:36:38,740 [WARN] PackLoader:240 - Cannot read IP mode file for STMicroelectronics.X-CUBE-MEMS1.11.1.0
2025-01-09 13:36:39,529 [INFO] LogOutputStream:77 - [STDOUT_REDIRECT] 1 : Invalid condition id : UX_CORESTACK_Condition cause : null
2025-01-09 13:36:39,531 [INFO] LogOutputStream:77 - [STDOUT_REDIRECT] 1 : Invalid condition id : UX_CORESTACK_Condition cause : null
2025-01-09 13:36:39,535 [INFO] LogOutputStream:77 - [STDOUT_REDIRECT] 1 : Invalid condition id : UX_CORESTACK_Condition cause : null
2025-01-09 13:36:39,538 [INFO] LogOutputStream:77 - [STDOUT_REDIRECT] 1 : Invalid condition id : UX_CORESTACK_Condition cause : null
2025-01-09 13:36:39,542 [INFO] LogOutputStream:77 - [STDOUT_REDIRECT] 1 : Invalid condition id : UX_CORESTACK_Condition cause : null
2025-01-09 13:36:39,551 [WARN] PackLoader:240 - Cannot read IP mode file for STMicroelectronics.X-CUBE-AZRTOS-WL.2.0.0
2025-01-09 13:36:39,786 [WARN] PackLoader:240 - Cannot read IP mode file for STMicroelectronics.FP-SNS-MOTENV1.5.0.0
2025-01-09 13:36:39,821 [WARN] PackLoader:240 - Cannot read IP mode file for wolfSSL.I-CUBE-wolfMQTT.1.19.0
2025-01-09 13:36:41,229 [WARN] PackLoader:240 - Cannot read IP mode file for WES.I-CUBE-Cesium.1.3.0
2025-01-09 13:36:41,276 [WARN] PackLoader:240 - Cannot read IP mode file for STMicroelectronics.X-CUBE-BLE2.3.3.0
2025-01-09 13:36:41,585 [WARN] PackLoader:240 - Cannot read IP mode file for STMicroelectronics.X-CUBE-NFC9.1.0.0
2025-01-09 13:36:41,819 [WARN] PackLoader:240 - Cannot read IP mode file for STMicroelectronics.X-CUBE-TCPP.4.1.0
2025-01-09 13:36:42,275 [WARN] PackLoader:240 - Cannot read IP mode file for STMicroelectronics.X-CUBE-AZRTOS-G0.1.1.0
2025-01-09 13:36:42,349 [WARN] PackLoader:240 - Cannot read IP mode file for STMicroelectronics.X-CUBE-SAFEA1.1.2.2
2025-01-09 13:36:42,659 [WARN] PackLoader:240 - Cannot read IP mode file for STMicroelectronics.X-CUBE-NFC4.3.0.0
2025-01-09 13:36:42,713 [WARN] PackLoader:240 - Cannot read IP mode file for EmbeddedOffice.I-CUBE-FS-RTOS.1.0.1
2025-01-09 13:36:43,211 [WARN] PackLoader:240 - Cannot read IP mode file for STMicroelectronics.X-CUBE-TCPP.4.2.0
2025-01-09 13:36:43,504 [WARN] PackLoader:240 - Cannot read IP mode file for RealThread.X-CUBE-RT-Thread_Nano.4.1.1
2025-01-09 13:36:43,758 [WARN] PackLoader:240 - Cannot read IP mode file for wolfSSL.I-CUBE-wolfSSL.5.7.0
2025-01-09 13:36:43,790 [WARN] PackLoader:240 - Cannot read IP mode file for STMicroelectronics.FP-ATR-SIGFOX1.3.2.0
2025-01-09 13:36:43,822 [WARN] ConditionMgr:438 - getConditionDescription Invalid condition id : Cortex-A Device cause : null
2025-01-09 13:36:43,909 [WARN] ConditionMgr:1044 - genDependencies : Invalid condition id : Cortex-A Device cause : null
2025-01-09 13:36:43,909 [WARN] ConditionMgr:1044 - genDependencies : Invalid condition id : Cortex-A Device cause : null
2025-01-09 13:36:43,910 [WARN] ConditionMgr:1044 - genDependencies : Invalid condition id : Cortex-A Device cause : null
2025-01-09 13:36:43,965 [WARN] PackLoader:240 - Cannot read IP mode file for STMicroelectronics.X-CUBE-EEPRMA1.5.1.0
2025-01-09 13:36:44,018 [WARN] PackLoader:240 - Cannot read IP mode file for ITTIA_DB.I-CUBE-ITTIADB.8.9.0
2025-01-09 13:36:44,403 [WARN] PackLoader:240 - Cannot read IP mode file for SEGGER.I-CUBE-embOS.1.3.1
2025-01-09 13:36:44,645 [WARN] PackLoader:240 - Cannot read IP mode file for STMicroelectronics.X-CUBE-ALGOBUILD.1.4.0
2025-01-09 13:36:45,125 [WARN] PackLoader:240 - Cannot read IP mode file for STMicroelectronics.X-CUBE-AI.9.1.0
2025-01-09 13:36:45,181 [WARN] PackLoader:240 - Cannot read IP mode file for STMicroelectronics.X-CUBE-GNSS1.6.0.0
2025-01-09 13:36:45,528 [WARN] PackLoader:240 - Cannot read IP mode file for STMicroelectronics.X-CUBE-AZRTOS-F4.1.1.0
2025-01-09 13:36:45,569 [INFO] WebApp:168 - Instantiating new browser for Auth
2025-01-09 13:36:45,573 [WARN] PackLoader:240 - Cannot read IP mode file for STMicroelectronics.X-CUBE-ISPU.2.1.0
2025-01-09 13:36:45,606 [WARN] PackLoader:240 - Cannot read IP mode file for STMicroelectronics.X-CUBE-FREERTOS.1.2.0
2025-01-09 13:36:45,694 [WARN] PackLoader:240 - Cannot read IP mode file for STMicroelectronics.X-CUBE-AZRTOS-L5.2.0.0
2025-01-09 13:36:45,754 [WARN] PackLoader:240 - Cannot read IP mode file for STMicroelectronics.X-CUBE-NFC6.3.1.0
2025-01-09 13:36:45,793 [WARN] PackLoader:240 - Cannot read IP mode file for STMicroelectronics.X-CUBE-DPower.1.2.0
2025-01-09 13:36:45,833 [WARN] PackLoader:240 - Cannot read IP mode file for STMicroelectronics.X-CUBE-AI.9.0.0
2025-01-09 13:36:46,087 [WARN] PackLoader:240 - Cannot read IP mode file for STMicroelectronics.X-CUBE-FREERTOS.1.3.0
2025-01-09 13:36:46,123 [WARN] PackLoader:240 - Cannot read IP mode file for STMicroelectronics.X-CUBE-NFC7.1.0.1
2025-01-09 13:36:46,382 [WARN] PackLoader:240 - Cannot read IP mode file for wolfSSL.I-CUBE-wolfTPM.3.2.0
2025-01-09 13:36:46,714 [WARN] ConditionMgr:438 - getConditionDescription Invalid condition id : LAN8742 Phy interface Condition cause : null
2025-01-09 13:36:46,715 [WARN] PackLoader:240 - Cannot read IP mode file for STMicroelectronics.X-CUBE-AZRTOS-L4.2.0.0
2025-01-09 13:36:46,718 [WARN] ConditionMgr:1044 - genDependencies : Invalid condition id : LAN8742 Phy interface Condition cause : null
2025-01-09 13:36:46,718 [WARN] ConditionMgr:1044 - genDependencies : Invalid condition id : LAN8742 Phy interface Condition cause : null
2025-01-09 13:36:46,719 [WARN] ConditionMgr:1044 - genDependencies : Invalid condition id : LAN8742 Phy interface Condition cause : null
2025-01-09 13:36:47,234 [WARN] PackLoader:240 - Cannot read IP mode file for STMicroelectronics.X-CUBE-SFXS2LP1.4.0.0
2025-01-09 13:36:47,349 [WARN] PackLoader:240 - Cannot read IP mode file for STMicroelectronics.X-CUBE-AZRTOS-H7.3.3.0
2025-01-09 13:36:47,434 [WARN] PackLoader:240 - Cannot read IP mode file for STMicroelectronics.X-CUBE-IPS.3.0.0
2025-01-09 13:36:47,834 [WARN] ConditionMgr:438 - getConditionDescription Invalid condition id : UX DEVICE CLASS RTOS Condition cause : null
2025-01-09 13:36:47,835 [WARN] ConditionMgr:438 - getConditionDescription Invalid condition id : UX DEVICE CLASS RTOS Condition cause : null
2025-01-09 13:36:47,840 [WARN] PackLoader:240 - Cannot read IP mode file for STMicroelectronics.X-CUBE-AZRTOS-WB.2.0.0
2025-01-09 13:36:47,841 [WARN] ConditionMgr:1044 - genDependencies : Invalid condition id : UX DEVICE CLASS RTOS Condition cause : null
2025-01-09 13:36:47,841 [WARN] ConditionMgr:1044 - genDependencies : Invalid condition id : UX DEVICE CLASS RTOS Condition cause : null
2025-01-09 13:36:47,842 [WARN] ConditionMgr:1044 - genDependencies : Invalid condition id : UX DEVICE CLASS RTOS Condition cause : null
2025-01-09 13:36:47,843 [WARN] ConditionMgr:1044 - genDependencies : Invalid condition id : UX DEVICE CLASS RTOS Condition cause : null
2025-01-09 13:36:47,843 [WARN] ConditionMgr:1044 - genDependencies : Invalid condition id : UX DEVICE CLASS RTOS Condition cause : null
2025-01-09 13:36:47,885 [WARN] PackLoader:240 - Cannot read IP mode file for STMicroelectronics.X-CUBE-GNSS1.7.0.0
2025-01-09 13:36:47,944 [WARN] PackLoader:240 - Cannot read IP mode file for STMicroelectronics.X-CUBE-GNSS1.7.0.1
2025-01-09 13:36:47,986 [WARN] PackLoader:240 - Cannot read IP mode file for STMicroelectronics.FP-SNS-STBOX1.2.0.0
2025-01-09 13:36:49,097 [WARN] PackLoader:240 - Cannot read IP mode file for STMicroelectronics.X-CUBE-SUBG2.5.0.0
2025-01-09 13:36:49,159 [WARN] PackLoader:240 - Cannot read IP mode file for Cesanta.I-CUBE-Mongoose.7.13.0
2025-01-09 13:36:49,262 [WARN] PackLoader:240 - Cannot read IP mode file for STMicroelectronics.X-CUBE-AZRTOS-G4.2.0.0
2025-01-09 13:36:49,298 [WARN] PackLoader:240 - Cannot read IP mode file for STMicroelectronics.X-CUBE-ISPU.2.0.0
2025-01-09 13:36:49,346 [WARN] PackLoader:240 - Cannot read IP mode file for STMicroelectronics.X-CUBE-ALS.1.0.2
2025-01-09 13:36:49,518 [WARN] PackLoader:240 - Cannot read IP mode file for STMicroelectronics.X-CUBE-MEMS1.10.0.0
2025-01-09 13:36:49,812 [WARN] PackLoader:240 - Cannot read IP mode file for STMicroelectronics.X-CUBE-TOUCHGFX.4.24.0
2025-01-09 13:36:49,843 [WARN] PackLoader:240 - Cannot read IP mode file for STMicroelectronics.X-CUBE-TOUCHGFX.4.24.1
2025-01-09 13:36:49,879 [WARN] PackLoader:240 - Cannot read IP mode file for portGmbH.I-Cube-SoM-uGOAL.1.1.0
2025-01-09 13:36:50,600 [WARN] PackLoader:240 - Cannot read IP mode file for STMicroelectronics.X-CUBE-AZRTOS-H7RS.1.0.0
2025-01-09 13:36:50,636 [WARN] PackLoader:240 - Cannot read IP mode file for STMicroelectronics.FP-ATR-ASTRA1.2.0.0
2025-01-09 13:36:50,685 [WARN] PackLoader:240 - Cannot read IP mode file for STMicroelectronics.X-CUBE-TOF1.3.4.2
2025-01-09 13:36:50,772 [WARN] PackLoader:240 - Cannot read IP mode file for STMicroelectronics.X-CUBE-TOF1.3.4.1
2025-01-09 13:36:50,945 [WARN] PackLoader:240 - Cannot read IP mode file for STMicroelectronics.X-CUBE-AZRTOS-H7.3.2.0
2025-01-09 13:36:51,067 [WARN] PackLoader:240 - Cannot read IP mode file for Infineon.AIROC-Wi-Fi-Bluetooth-STM32.1.6.0
2025-01-09 13:36:51,106 [WARN] PackLoader:240 - Cannot read IP mode file for wolfSSL.I-CUBE-wolfSSH.1.4.17
2025-01-09 13:36:51,116 [INFO] ThirdParty:978 - Integrity check success = true
2025-01-09 13:36:51,119 [INFO] IntegrityCheckThread:100 - exiting critical section [integrity check]
2025-01-09 13:36:51,119 [INFO] IntegrityCheckThread:103 - End integrity checks thread
2025-01-09 13:36:52,999 [INFO] WebApp:449 - Apply proxy settings
2025-01-09 13:36:53,000 [INFO] WebApp:534 - Chromium requires no authentication
2025-01-09 13:36:53,059 [INFO] WebApp:477 - Direct internet connection detected
2025-01-09 13:36:53,943 [INFO] WebApp:880 - Register for checkConnection events
2025-01-09 13:36:53,943 [INFO] WebApp:449 - Apply proxy settings
2025-01-09 13:36:53,944 [INFO] WebApp:534 - Chromium requires no authentication
2025-01-09 13:36:53,945 [INFO] WebApp:477 - Direct internet connection detected
2025-01-09 13:36:54,801 [INFO] WebApp:221 - Starting web application
2025-01-09 13:36:54,802 [INFO] WebApp:579 - Web application path used D:\STM32CubeIDE_1.15.0\STM32CubeIDE\plugins\com.st.stm32cube.common.mx_6.13.0.202411220809\db\plugins\mcufinder\reactClient1\index.html
2025-01-09 13:36:55,747 [INFO] WebApp:187 - Connection restablished
2025-01-09 13:47:37,597 [ERROR] LogOutputStream:75 - [STDERR_REDIRECT] 
2025-01-09 13:48:00,373 [INFO] Activator:176 - 


2025-01-09 13:48:00,377 [INFO] Activator:177 - !SESSION log4j initialized
2025-01-09 13:48:05,937 [INFO] LogOutputStream:77 - [STDOUT_REDIRECT] 
2025-01-09 13:48:15,477 [INFO] ApplicationProperties:184 - Using Application install path: D:\STM32CubeIDE_1.15.0\STM32CubeIDE\plugins\com.st.stm32cube.common.mx_6.13.0.202411220809
2025-01-09 13:48:15,503 [INFO] DbMcusXml:78 - Set database path to: D:\STM32CubeIDE_1.15.0\STM32CubeIDE\plugins\com.st.stm32cube.common.mx_6.13.0.202411220809\\db\/mcu/
2025-01-09 13:48:15,504 [INFO] ApiDb:274 - Set plugin database path to: D:\STM32CubeIDE_1.15.0\STM32CubeIDE\plugins\com.st.stm32cube.common.mx_6.13.0.202411220809\\db\/plugins/boardmanager/
2025-01-09 13:48:15,504 [WARN] ApiDb:259 - Overriding images path with different value:  => D:\STM32CubeIDE_1.15.0\STM32CubeIDE\plugins\com.st.stm32cube.common.mx_6.13.0.202411220809\\db\/plugins/mcufinder/images/
2025-01-09 13:48:15,516 [INFO] ApiDb:250 - Set database path to: C:\Users\hp\.stmcufinder\plugins\mcufinder//mcu/
2025-01-09 13:48:15,518 [INFO] DbMcusAds:125 - Set database path to: C:\Users\hp\.stmcufinder\plugins\mcufinder//mcu/
2025-01-09 13:48:15,522 [INFO] CrossReferenceDbSqlite:203 - Set database path to: C:\Users\hp\.stmcufinder\plugins\mcufinder//mcu/cs/
2025-01-09 13:48:15,758 [INFO] RulesReader:64 - Compatibility file has been processed (297 Rules)
2025-01-09 13:48:15,917 [INFO] DbMcusXml:78 - Set database path to: D:\STM32CubeIDE_1.15.0\STM32CubeIDE\plugins\com.st.stm32cube.common.mx_6.13.0.202411220809\\db\/mcu/
2025-01-09 13:48:15,918 [INFO] ApiDb:274 - Set plugin database path to: D:\STM32CubeIDE_1.15.0\STM32CubeIDE\plugins\com.st.stm32cube.common.mx_6.13.0.202411220809\\db\/plugins/boardmanager/
2025-01-09 13:48:15,918 [INFO] ApiDb:261 - Set plugin images path to: D:\STM32CubeIDE_1.15.0\STM32CubeIDE\plugins\com.st.stm32cube.common.mx_6.13.0.202411220809\\db\/plugins/mcufinder/images/
2025-01-09 13:48:15,919 [WARN] DbFile:41 - Overriding database path with different value: C:\Users\hp\.stmcufinder\plugins\mcufinder/ => C:\Users\hp\.stmcufinder\plugins\mcufinder
2025-01-09 13:48:15,919 [INFO] ApiDb:250 - Set database path to: C:\Users\hp\.stmcufinder\plugins\mcufinder//mcu/
2025-01-09 13:48:15,919 [WARN] DbFile:41 - Overriding database path with different value: C:\Users\hp\.stmcufinder\plugins\mcufinder/ => C:\Users\hp\.stmcufinder\plugins\mcufinder
2025-01-09 13:48:15,920 [INFO] DbMcusAds:125 - Set database path to: C:\Users\hp\.stmcufinder\plugins\mcufinder//mcu/
2025-01-09 13:48:15,920 [WARN] DbFile:41 - Overriding database path with different value: C:\Users\hp\.stmcufinder\plugins\mcufinder/ => C:\Users\hp\.stmcufinder\plugins\mcufinder
2025-01-09 13:48:15,920 [WARN] DbFile:41 - Overriding database path with different value: C:\Users\hp\.stmcufinder\plugins\mcufinder/ => C:\Users\hp\.stmcufinder\plugins\mcufinder
2025-01-09 13:48:15,920 [INFO] CrossReferenceDbSqlite:203 - Set database path to: C:\Users\hp\.stmcufinder\plugins\mcufinder//mcu/cs/
2025-01-09 13:48:16,071 [INFO] MainPanel:272 - HeapMemory: 268435456
2025-01-09 13:48:16,359 [INFO] DbMcusXml:78 - Set database path to: D:\STM32CubeIDE_1.15.0\STM32CubeIDE\plugins\com.st.stm32cube.common.mx_6.13.0.202411220809\\db\/mcu/
2025-01-09 13:48:16,359 [INFO] ApiDb:274 - Set plugin database path to: D:\STM32CubeIDE_1.15.0\STM32CubeIDE\plugins\com.st.stm32cube.common.mx_6.13.0.202411220809\\db\/plugins/boardmanager/
2025-01-09 13:48:16,359 [INFO] ApiDb:261 - Set plugin images path to: D:\STM32CubeIDE_1.15.0\STM32CubeIDE\plugins\com.st.stm32cube.common.mx_6.13.0.202411220809\\db\/plugins/mcufinder/images/
2025-01-09 13:48:16,360 [WARN] DbFile:41 - Overriding database path with different value: C:\Users\hp\.stmcufinder\plugins\mcufinder/ => C:\Users\hp\.stmcufinder\plugins\mcufinder
2025-01-09 13:48:16,361 [INFO] ApiDb:250 - Set database path to: C:\Users\hp\.stmcufinder\plugins\mcufinder//mcu/
2025-01-09 13:48:16,361 [WARN] DbFile:41 - Overriding database path with different value: C:\Users\hp\.stmcufinder\plugins\mcufinder/ => C:\Users\hp\.stmcufinder\plugins\mcufinder
2025-01-09 13:48:16,361 [INFO] DbMcusAds:125 - Set database path to: C:\Users\hp\.stmcufinder\plugins\mcufinder//mcu/
2025-01-09 13:48:16,362 [WARN] DbFile:41 - Overriding database path with different value: C:\Users\hp\.stmcufinder\plugins\mcufinder/ => C:\Users\hp\.stmcufinder\plugins\mcufinder
2025-01-09 13:48:16,362 [WARN] DbFile:41 - Overriding database path with different value: C:\Users\hp\.stmcufinder\plugins\mcufinder/ => C:\Users\hp\.stmcufinder\plugins\mcufinder
2025-01-09 13:48:16,362 [INFO] CrossReferenceDbSqlite:203 - Set database path to: C:\Users\hp\.stmcufinder\plugins\mcufinder//mcu/cs/
2025-01-09 13:48:16,412 [INFO] ApplicationProperties:184 - Using Application install path: D:\STM32CubeIDE_1.15.0\STM32CubeIDE\plugins\com.st.stm32cube.common.mx_6.13.0.202411220809
2025-01-09 13:48:16,415 [INFO] PluginManage:196 - Search for loadable plugins [exclusion list=, ]
2025-01-09 13:48:16,419 [INFO] PluginManage:310 - Check plugin analytics
2025-01-09 13:48:21,449 [INFO] AnalyticsPlugin:253 - Accepted Software Licenses: 
2025-01-09 13:48:21,450 [INFO] AnalyticsPlugin:255 - Accepted CMSIS Pack Licenses: 
2025-01-09 13:48:21,451 [INFO] AnalyticsPlugin:257 - Accepted Firmware Licenses: 
2025-01-09 13:48:21,460 [INFO] PluginManage:359 - Loaded plugin analytics (category:tool,tabindex:-1)
2025-01-09 13:48:21,461 [INFO] PluginManage:310 - Check plugin cadmodel
2025-01-09 13:48:21,472 [INFO] CADModel:105 - Init CAD model plugin
2025-01-09 13:48:21,472 [INFO] PluginManage:359 - Loaded plugin cadmodel (category:power,tabindex:5)
2025-01-09 13:48:21,472 [INFO] PluginManage:310 - Check plugin clock
2025-01-09 13:48:21,492 [INFO] PluginManage:359 - Loaded plugin clock (category:base,tabindex:2)
2025-01-09 13:48:21,492 [INFO] PluginManage:310 - Check plugin ddr
2025-01-09 13:48:21,498 [INFO] PluginManage:359 - Loaded plugin ddr (category:tool,tabindex:6)
2025-01-09 13:48:21,499 [INFO] PluginManage:310 - Check plugin filemanager
2025-01-09 13:48:21,742 [INFO] PluginManage:359 - Loaded plugin filemanager (category:base,tabindex:10)
2025-01-09 13:48:21,743 [INFO] PluginManage:310 - Check plugin ipmanager
2025-01-09 13:48:21,757 [INFO] PluginManage:359 - Loaded plugin ipmanager (category:base,tabindex:5)
2025-01-09 13:48:21,758 [INFO] PluginManage:310 - Check plugin lpbam
2025-01-09 13:48:21,770 [INFO] PluginManage:359 - Loaded plugin lpbam (category:base,tabindex:0)
2025-01-09 13:48:21,771 [INFO] PluginManage:310 - Check plugin memorymap
2025-01-09 13:48:21,792 [INFO] PluginManage:359 - Loaded plugin memorymap (category:base,tabindex:4)
2025-01-09 13:48:21,792 [INFO] PluginManage:310 - Check plugin pinoutandconfiguration
2025-01-09 13:48:21,806 [INFO] PluginManage:359 - Loaded plugin pinoutandconfiguration (category:base,tabindex:1)
2025-01-09 13:48:21,807 [INFO] PluginManage:310 - Check plugin pinoutconfig
2025-01-09 13:48:21,969 [WARN] SupportedApi:132 - Cannot load RTOS API schema: s4s-elt-must-match.1: The content of 'definitions' must match (annotation?, (simpleType | complexType)?, (unique | key | keyref)*)). A problem was found starting at: attribute.
2025-01-09 13:48:22,249 [INFO] PluginManage:359 - Loaded plugin pinoutconfig (category:base,tabindex:0)
2025-01-09 13:48:22,249 [INFO] PluginManage:310 - Check plugin power
2025-01-09 13:48:22,270 [INFO] PluginManage:359 - Loaded plugin power (category:power,tabindex:4)
2025-01-09 13:48:22,270 [INFO] PluginManage:310 - Check plugin projectmanager
2025-01-09 13:48:22,304 [INFO] PluginManage:359 - Loaded plugin projectmanager (category:projectmanager,tabindex:4)
2025-01-09 13:48:22,304 [INFO] PluginManage:310 - Check plugin rif
2025-01-09 13:48:22,318 [INFO] PluginManage:359 - Loaded plugin rif (category:base,tabindex:3)
2025-01-09 13:48:22,319 [INFO] PluginManage:310 - Check plugin thirdparty
2025-01-09 13:48:22,583 [INFO] PluginManage:359 - Loaded plugin thirdparty (category:base,tabindex:-1)
2025-01-09 13:48:22,583 [INFO] PluginManage:310 - Check plugin tools
2025-01-09 13:48:22,584 [WARN] IntegrityCheckThread:84 - waiting for thirdparty lock release [integrity check]
2025-01-09 13:48:22,585 [INFO] IntegrityCheckThread:86 - entering critical section [integrity check]
2025-01-09 13:48:22,587 [INFO] ThirdPartyUpdaterWithRetryManager:70 - Updater plugin not ready yet. [1/15]
2025-01-09 13:48:22,589 [INFO] PluginManage:359 - Loaded plugin tools (category:base,tabindex:7)
2025-01-09 13:48:22,590 [INFO] PluginManage:310 - Check plugin tutovideos
2025-01-09 13:48:22,908 [INFO] PluginManage:359 - Loaded plugin tutovideos (category:base,tabindex:-1)
2025-01-09 13:48:22,908 [INFO] PluginManage:310 - Check plugin updater
2025-01-09 13:48:22,949 [INFO] PluginManage:359 - Loaded plugin updater (category:base,tabindex:12)
2025-01-09 13:48:22,950 [INFO] PluginManage:310 - Check plugin userauth
2025-01-09 13:48:22,957 [INFO] UserAuth:118 - Init User Auth plugin
2025-01-09 13:48:22,958 [INFO] PluginManage:359 - Loaded plugin userauth (category:base,tabindex:14)
2025-01-09 13:48:22,959 [INFO] PluginManage:283 - PluginManage : Loaded plugins [18]
2025-01-09 13:48:23,556 [INFO] PinOutPanel:1589 - setPackage(No Configuration,No Configuration)
2025-01-09 13:48:23,885 [INFO] CADModel:165 - CPN selected for project level
2025-01-09 13:48:23,886 [INFO] CADModel:114 - Register for checkConnection events
2025-01-09 13:48:23,973 [INFO] IPUIPlugin:80 - create IPUIPlugin
2025-01-09 13:48:23,974 [INFO] PluginManager:220 - loadIPPluginJar : add adc
2025-01-09 13:48:23,984 [INFO] IPUIPlugin:80 - create IPUIPlugin
2025-01-09 13:48:23,984 [INFO] PluginManager:220 - loadIPPluginJar : add aes
2025-01-09 13:48:23,991 [INFO] IPUIPlugin:80 - create IPUIPlugin
2025-01-09 13:48:23,992 [INFO] PluginManager:220 - loadIPPluginJar : add can
2025-01-09 13:48:23,996 [INFO] IPUIPlugin:80 - create IPUIPlugin
2025-01-09 13:48:24,001 [INFO] PluginManager:220 - loadIPPluginJar : add comp
2025-01-09 13:48:24,008 [INFO] IPUIPlugin:80 - create IPUIPlugin
2025-01-09 13:48:24,008 [INFO] PluginManager:220 - loadIPPluginJar : add cryp
2025-01-09 13:48:24,015 [INFO] IPUIPlugin:80 - create IPUIPlugin
2025-01-09 13:48:24,015 [INFO] PluginManager:220 - loadIPPluginJar : add ddr_ctrl_phy
2025-01-09 13:48:24,021 [INFO] IPUIPlugin:80 - create IPUIPlugin
2025-01-09 13:48:24,021 [INFO] PluginManager:220 - loadIPPluginJar : add dfsdm
2025-01-09 13:48:24,033 [INFO] IPUIPlugin:80 - create IPUIPlugin
2025-01-09 13:48:24,034 [INFO] PluginManager:220 - loadIPPluginJar : add dma
2025-01-09 13:48:24,040 [INFO] IPUIPlugin:80 - create IPUIPlugin
2025-01-09 13:48:24,041 [INFO] PluginManager:220 - loadIPPluginJar : add dma3
2025-01-09 13:48:24,047 [INFO] IPUIPlugin:80 - create IPUIPlugin
2025-01-09 13:48:24,047 [INFO] PluginManager:220 - loadIPPluginJar : add extmemmanager
2025-01-09 13:48:24,051 [INFO] IPUIPlugin:80 - create IPUIPlugin
2025-01-09 13:48:24,051 [INFO] PluginManager:220 - loadIPPluginJar : add fatfs
2025-01-09 13:48:24,061 [INFO] IPUIPlugin:80 - create IPUIPlugin
2025-01-09 13:48:24,062 [INFO] PluginManager:220 - loadIPPluginJar : add fmc
2025-01-09 13:48:24,075 [INFO] IPUIPlugin:80 - create IPUIPlugin
2025-01-09 13:48:24,075 [INFO] PluginManager:220 - loadIPPluginJar : add freertos
2025-01-09 13:48:24,079 [INFO] IPUIPlugin:80 - create IPUIPlugin
2025-01-09 13:48:24,080 [INFO] PluginManager:220 - loadIPPluginJar : add genericplugin
2025-01-09 13:48:24,086 [INFO] IPUIPlugin:80 - create IPUIPlugin
2025-01-09 13:48:24,086 [INFO] PluginManager:220 - loadIPPluginJar : add gfxmmu
2025-01-09 13:48:24,100 [INFO] IPUIPlugin:80 - create IPUIPlugin
2025-01-09 13:48:24,100 [INFO] PluginManager:220 - loadIPPluginJar : add gic
2025-01-09 13:48:24,109 [INFO] IPUIPlugin:80 - create IPUIPlugin
2025-01-09 13:48:24,110 [INFO] PluginManager:220 - loadIPPluginJar : add gpio
2025-01-09 13:48:24,116 [INFO] IPUIPlugin:80 - create IPUIPlugin
2025-01-09 13:48:24,116 [INFO] PluginManager:220 - loadIPPluginJar : add gtzc
2025-01-09 13:48:24,121 [INFO] IPUIPlugin:80 - create IPUIPlugin
2025-01-09 13:48:24,122 [INFO] PluginManager:220 - loadIPPluginJar : add hash
2025-01-09 13:48:24,129 [INFO] IPUIPlugin:80 - create IPUIPlugin
2025-01-09 13:48:24,129 [INFO] PluginManager:220 - loadIPPluginJar : add i2c
2025-01-09 13:48:24,135 [INFO] IPUIPlugin:80 - create IPUIPlugin
2025-01-09 13:48:24,135 [INFO] PluginManager:220 - loadIPPluginJar : add i2s
2025-01-09 13:48:24,142 [INFO] IPUIPlugin:80 - create IPUIPlugin
2025-01-09 13:48:24,142 [INFO] PluginManager:220 - loadIPPluginJar : add i3c
2025-01-09 13:48:24,149 [INFO] IPUIPlugin:80 - create IPUIPlugin
2025-01-09 13:48:24,149 [INFO] PluginManager:220 - loadIPPluginJar : add ipddr
2025-01-09 13:48:24,164 [INFO] IPUIPlugin:80 - create IPUIPlugin
2025-01-09 13:48:24,168 [INFO] PluginManager:220 - loadIPPluginJar : add linkedlist
2025-01-09 13:48:24,178 [INFO] IPUIPlugin:80 - create IPUIPlugin
2025-01-09 13:48:24,178 [INFO] PluginManager:220 - loadIPPluginJar : add lorawan
2025-01-09 13:48:24,182 [INFO] IPUIPlugin:80 - create IPUIPlugin
2025-01-09 13:48:24,182 [INFO] PluginManager:220 - loadIPPluginJar : add ltdc
2025-01-09 13:48:24,197 [INFO] IPUIPlugin:80 - create IPUIPlugin
2025-01-09 13:48:24,197 [INFO] PluginManager:220 - loadIPPluginJar : add mdma
2025-01-09 13:48:24,212 [INFO] IPUIPlugin:80 - create IPUIPlugin
2025-01-09 13:48:24,213 [INFO] PluginManager:220 - loadIPPluginJar : add nvic
2025-01-09 13:48:24,219 [INFO] IPUIPlugin:80 - create IPUIPlugin
2025-01-09 13:48:24,219 [INFO] PluginManager:220 - loadIPPluginJar : add opamp
2025-01-09 13:48:24,229 [INFO] IPUIPlugin:80 - create IPUIPlugin
2025-01-09 13:48:24,229 [INFO] PluginManager:220 - loadIPPluginJar : add openamp
2025-01-09 13:48:24,237 [INFO] IPUIPlugin:80 - create IPUIPlugin
2025-01-09 13:48:24,237 [INFO] PluginManager:220 - loadIPPluginJar : add pdm2pcm
2025-01-09 13:48:24,253 [INFO] IPUIPlugin:80 - create IPUIPlugin
2025-01-09 13:48:24,259 [INFO] PluginManager:220 - loadIPPluginJar : add plateformsettings
2025-01-09 13:48:24,276 [INFO] IPUIPlugin:80 - create IPUIPlugin
2025-01-09 13:48:24,277 [INFO] PluginManager:220 - loadIPPluginJar : add quadspi
2025-01-09 13:48:24,282 [INFO] IPUIPlugin:80 - create IPUIPlugin
2025-01-09 13:48:24,283 [INFO] PluginManager:220 - loadIPPluginJar : add radio
2025-01-09 13:48:24,291 [INFO] IPUIPlugin:80 - create IPUIPlugin
2025-01-09 13:48:24,291 [INFO] PluginManager:220 - loadIPPluginJar : add resmgrutility
2025-01-09 13:48:24,299 [INFO] IPUIPlugin:80 - create IPUIPlugin
2025-01-09 13:48:24,299 [INFO] PluginManager:220 - loadIPPluginJar : add sai
2025-01-09 13:48:24,305 [INFO] IPUIPlugin:80 - create IPUIPlugin
2025-01-09 13:48:24,306 [INFO] PluginManager:220 - loadIPPluginJar : add spi
2025-01-09 13:48:24,319 [INFO] IPUIPlugin:80 - create IPUIPlugin
2025-01-09 13:48:24,319 [INFO] PluginManager:220 - loadIPPluginJar : add stm32_wpan
2025-01-09 13:48:24,324 [INFO] IPUIPlugin:80 - create IPUIPlugin
2025-01-09 13:48:24,324 [INFO] PluginManager:220 - loadIPPluginJar : add tim
2025-01-09 13:48:24,333 [INFO] IPUIPlugin:80 - create IPUIPlugin
2025-01-09 13:48:24,333 [INFO] PluginManager:220 - loadIPPluginJar : add touchsensing
2025-01-09 13:48:24,341 [INFO] IPUIPlugin:80 - create IPUIPlugin
2025-01-09 13:48:24,341 [INFO] PluginManager:220 - loadIPPluginJar : add tracer_emb
2025-01-09 13:48:24,356 [INFO] IPUIPlugin:80 - create IPUIPlugin
2025-01-09 13:48:24,356 [INFO] PluginManager:220 - loadIPPluginJar : add ts
2025-01-09 13:48:24,361 [INFO] IPUIPlugin:80 - create IPUIPlugin
2025-01-09 13:48:24,361 [INFO] PluginManager:220 - loadIPPluginJar : add tsc
2025-01-09 13:48:24,370 [INFO] IPUIPlugin:80 - create IPUIPlugin
2025-01-09 13:48:24,370 [INFO] PluginManager:220 - loadIPPluginJar : add ucpd
2025-01-09 13:48:24,381 [INFO] IPUIPlugin:80 - create IPUIPlugin
2025-01-09 13:48:24,382 [INFO] PluginManager:220 - loadIPPluginJar : add usart
2025-01-09 13:48:24,388 [INFO] IPUIPlugin:80 - create IPUIPlugin
2025-01-09 13:48:24,389 [INFO] PluginManager:220 - loadIPPluginJar : add usbx
2025-01-09 13:48:24,639 [FATAL] Updater:351 - Updater called before beeing initialized
2025-01-09 13:48:24,718 [INFO] RulesReader:64 - Compatibility file has been processed (297 Rules)
2025-01-09 13:48:24,752 [INFO] RulesReader:64 - Compatibility file has been processed (297 Rules)
2025-01-09 13:48:24,788 [INFO] CADModel:165 - CPN selected for project level
2025-01-09 13:48:24,788 [INFO] CADModel:114 - Register for checkConnection events
2025-01-09 13:48:24,789 [FATAL] Updater:351 - Updater called before beeing initialized
2025-01-09 13:48:24,789 [ERROR] CADModel:125 - Updater not yet initialized, retry later 
2025-01-09 13:48:25,176 [FATAL] Updater:351 - Updater called before beeing initialized
2025-01-09 13:48:25,179 [INFO] CADModel:165 - CPN selected for project level
2025-01-09 13:48:25,180 [INFO] CADModel:114 - Register for checkConnection events
2025-01-09 13:48:25,180 [FATAL] Updater:351 - Updater called before beeing initialized
2025-01-09 13:48:25,181 [ERROR] CADModel:125 - Updater not yet initialized, retry later 
2025-01-09 13:48:25,189 [FATAL] Updater:351 - Updater called before beeing initialized
2025-01-09 13:48:25,510 [FATAL] Updater:351 - Updater called before beeing initialized
2025-01-09 13:48:25,535 [INFO] DbMcusAds:53 - JSON generation date=Fri Sep 20 18:34:23 IST 2024 (1726837463113)
2025-01-09 13:48:25,537 [FATAL] Updater:351 - Updater called before beeing initialized
2025-01-09 13:48:25,588 [INFO] ThirdPartyUpdaterWithRetryManager:70 - Updater plugin not ready yet. [2/15]
2025-01-09 13:48:25,625 [WARN] DetailPanel:346 - Failed to get advertising image, set to default
2025-01-09 13:48:26,214 [FATAL] Updater:351 - Updater called before beeing initialized
2025-01-09 13:48:26,218 [FATAL] Updater:351 - Updater called before beeing initialized
2025-01-09 13:48:26,219 [FATAL] Updater:351 - Updater called before beeing initialized
2025-01-09 13:48:26,219 [WARN] DetailPanel:346 - Failed to get advertising image, set to default
2025-01-09 13:48:26,221 [FATAL] Updater:351 - Updater called before beeing initialized
2025-01-09 13:48:26,366 [ERROR] Updater:1198 - MainUpdater not yet initialized. External WinMGr cannot be set.
2025-01-09 13:48:26,370 [INFO] Updater:1134 - Updater Version found : 6.13.0
2025-01-09 13:48:26,397 [INFO] ApplicationProperties:184 - Using Application install path: D:\STM32CubeIDE_1.15.0\STM32CubeIDE\plugins\com.st.stm32cube.common.mx_6.13.0.202411220809
2025-01-09 13:48:27,986 [ERROR] LogOutputStream:75 - [STDERR_REDIRECT] Jan 09, 2025 1:48:27 PM java.util.prefs.WindowsPreferences <init>
2025-01-09 13:48:27,991 [ERROR] LogOutputStream:75 - [STDERR_REDIRECT] WARNING: Could not open/create prefs root node Software\JavaSoft\Prefs at root 0xffffffff80000002. Windows RegCreateKeyEx(...) returned error code 5.
2025-01-09 13:48:27,991 [ERROR] LogOutputStream:75 - [STDERR_REDIRECT] 
2025-01-09 13:48:28,589 [FATAL] Updater:351 - Updater called before beeing initialized
2025-01-09 13:48:28,593 [ERROR] IntegrityCheckThread:130 - Cannot retrieve database content from updater: error 21
2025-01-09 13:48:28,594 [INFO] ThirdParty:978 - Integrity check success = false
2025-01-09 13:48:28,594 [INFO] IntegrityCheckThread:100 - exiting critical section [integrity check]
2025-01-09 13:48:28,594 [INFO] IntegrityCheckThread:103 - End integrity checks thread
2025-01-09 13:48:28,599 [INFO] MainUpdater:2872 - connection check result : 10
2025-01-09 13:48:28,601 [INFO] MainUpdater:289 - Updater Check For Update Now.
2025-01-09 13:48:28,602 [INFO] MicroXplorer:498 - Change Database Version : DB.6.0.130
2025-01-09 13:48:28,614 [INFO] McuFinderGlobals:63 - Set McuFinder mode to 2 (CubeIDE integrated)
2025-01-09 13:48:28,615 [INFO] UserAuth:171 - activating auth plugin
2025-01-09 13:48:28,630 [INFO] UserAuth:486 - Internet connection configuration mode: 1
2025-01-09 13:48:28,723 [INFO] JxBrowserEngine:152 - Initiate JxBrowser Engine with user profile folder
2025-01-09 13:48:29,026 [INFO] CheckServerUpdateThread:120 - End of CheckServer Thread
2025-01-09 13:48:31,177 [INFO] WebApp:168 - Instantiating new browser for Auth
2025-01-09 13:48:33,430 [INFO] WebApp:449 - Apply proxy settings
2025-01-09 13:48:33,431 [INFO] WebApp:534 - Chromium requires no authentication
2025-01-09 13:48:33,457 [INFO] WebApp:477 - Direct internet connection detected
2025-01-09 13:48:33,561 [INFO] WebApp:880 - Register for checkConnection events
2025-01-09 13:48:33,561 [INFO] WebApp:449 - Apply proxy settings
2025-01-09 13:48:33,562 [INFO] WebApp:534 - Chromium requires no authentication
2025-01-09 13:48:33,563 [INFO] WebApp:477 - Direct internet connection detected
2025-01-09 13:48:34,150 [INFO] WebApp:221 - Starting web application
2025-01-09 13:48:34,151 [INFO] WebApp:579 - Web application path used D:\STM32CubeIDE_1.15.0\STM32CubeIDE\plugins\com.st.stm32cube.common.mx_6.13.0.202411220809\db\plugins\mcufinder\reactClient1\index.html
2025-01-09 13:48:34,946 [INFO] WebApp:187 - Connection restablished
2025-01-09 15:42:44,130 [INFO] WebApp:190 - Connection lost
2025-01-09 15:42:46,722 [INFO] WebApp:187 - Connection restablished
2025-01-09 15:42:49,804 [INFO] WebApp:190 - Connection lost
2025-01-09 15:42:50,831 [INFO] WebApp:187 - Connection restablished
2025-01-09 15:45:07,882 [ERROR] LogOutputStream:75 - [STDERR_REDIRECT] 
2025-01-09 15:45:07,900 [ERROR] LogOutputStream:75 - [STDERR_REDIRECT] 
