2024-12-31 13:25:49,560 [INFO] Activator:176 - 


2024-12-31 13:25:49,574 [INFO] Activator:177 - !SESSION log4j initialized
2024-12-31 13:25:57,752 [INFO] LogOutputStream:77 - [STDOUT_REDIRECT] 
2024-12-31 13:26:06,999 [INFO] ApplicationProperties:184 - Using Application install path: D:\STM32CubeIDE_1.15.0\STM32CubeIDE\plugins\com.st.stm32cube.common.mx_6.13.0.202411220809
2024-12-31 13:26:07,030 [INFO] DbMcusXml:78 - Set database path to: D:\STM32CubeIDE_1.15.0\STM32CubeIDE\plugins\com.st.stm32cube.common.mx_6.13.0.202411220809\\db\/mcu/
2024-12-31 13:26:07,030 [INFO] ApiDb:274 - Set plugin database path to: D:\STM32CubeIDE_1.15.0\STM32CubeIDE\plugins\com.st.stm32cube.common.mx_6.13.0.202411220809\\db\/plugins/boardmanager/
2024-12-31 13:26:07,031 [WARN] ApiDb:259 - Overriding images path with different value:  => D:\STM32CubeIDE_1.15.0\STM32CubeIDE\plugins\com.st.stm32cube.common.mx_6.13.0.202411220809\\db\/plugins/mcufinder/images/
2024-12-31 13:26:07,048 [INFO] ApiDb:250 - Set database path to: C:\Users\hp\.stmcufinder\plugins\mcufinder//mcu/
2024-12-31 13:26:07,051 [INFO] DbMcusAds:125 - Set database path to: C:\Users\hp\.stmcufinder\plugins\mcufinder//mcu/
2024-12-31 13:26:07,055 [INFO] CrossReferenceDbSqlite:203 - Set database path to: C:\Users\hp\.stmcufinder\plugins\mcufinder//mcu/cs/
2024-12-31 13:26:07,330 [INFO] RulesReader:64 - Compatibility file has been processed (297 Rules)
2024-12-31 13:26:07,501 [INFO] DbMcusXml:78 - Set database path to: D:\STM32CubeIDE_1.15.0\STM32CubeIDE\plugins\com.st.stm32cube.common.mx_6.13.0.202411220809\\db\/mcu/
2024-12-31 13:26:07,502 [INFO] ApiDb:274 - Set plugin database path to: D:\STM32CubeIDE_1.15.0\STM32CubeIDE\plugins\com.st.stm32cube.common.mx_6.13.0.202411220809\\db\/plugins/boardmanager/
2024-12-31 13:26:07,502 [INFO] ApiDb:261 - Set plugin images path to: D:\STM32CubeIDE_1.15.0\STM32CubeIDE\plugins\com.st.stm32cube.common.mx_6.13.0.202411220809\\db\/plugins/mcufinder/images/
2024-12-31 13:26:07,502 [WARN] DbFile:41 - Overriding database path with different value: C:\Users\hp\.stmcufinder\plugins\mcufinder/ => C:\Users\hp\.stmcufinder\plugins\mcufinder
2024-12-31 13:26:07,503 [INFO] ApiDb:250 - Set database path to: C:\Users\hp\.stmcufinder\plugins\mcufinder//mcu/
2024-12-31 13:26:07,503 [WARN] DbFile:41 - Overriding database path with different value: C:\Users\hp\.stmcufinder\plugins\mcufinder/ => C:\Users\hp\.stmcufinder\plugins\mcufinder
2024-12-31 13:26:07,503 [INFO] DbMcusAds:125 - Set database path to: C:\Users\hp\.stmcufinder\plugins\mcufinder//mcu/
2024-12-31 13:26:07,503 [WARN] DbFile:41 - Overriding database path with different value: C:\Users\hp\.stmcufinder\plugins\mcufinder/ => C:\Users\hp\.stmcufinder\plugins\mcufinder
2024-12-31 13:26:07,504 [WARN] DbFile:41 - Overriding database path with different value: C:\Users\hp\.stmcufinder\plugins\mcufinder/ => C:\Users\hp\.stmcufinder\plugins\mcufinder
2024-12-31 13:26:07,504 [INFO] CrossReferenceDbSqlite:203 - Set database path to: C:\Users\hp\.stmcufinder\plugins\mcufinder//mcu/cs/
2024-12-31 13:26:07,646 [INFO] MainPanel:272 - HeapMemory: 268435456
2024-12-31 13:26:07,959 [INFO] DbMcusXml:78 - Set database path to: D:\STM32CubeIDE_1.15.0\STM32CubeIDE\plugins\com.st.stm32cube.common.mx_6.13.0.202411220809\\db\/mcu/
2024-12-31 13:26:07,960 [INFO] ApiDb:274 - Set plugin database path to: D:\STM32CubeIDE_1.15.0\STM32CubeIDE\plugins\com.st.stm32cube.common.mx_6.13.0.202411220809\\db\/plugins/boardmanager/
2024-12-31 13:26:07,960 [INFO] ApiDb:261 - Set plugin images path to: D:\STM32CubeIDE_1.15.0\STM32CubeIDE\plugins\com.st.stm32cube.common.mx_6.13.0.202411220809\\db\/plugins/mcufinder/images/
2024-12-31 13:26:07,961 [WARN] DbFile:41 - Overriding database path with different value: C:\Users\hp\.stmcufinder\plugins\mcufinder/ => C:\Users\hp\.stmcufinder\plugins\mcufinder
2024-12-31 13:26:07,961 [INFO] ApiDb:250 - Set database path to: C:\Users\hp\.stmcufinder\plugins\mcufinder//mcu/
2024-12-31 13:26:07,961 [WARN] DbFile:41 - Overriding database path with different value: C:\Users\hp\.stmcufinder\plugins\mcufinder/ => C:\Users\hp\.stmcufinder\plugins\mcufinder
2024-12-31 13:26:07,962 [INFO] DbMcusAds:125 - Set database path to: C:\Users\hp\.stmcufinder\plugins\mcufinder//mcu/
2024-12-31 13:26:07,962 [WARN] DbFile:41 - Overriding database path with different value: C:\Users\hp\.stmcufinder\plugins\mcufinder/ => C:\Users\hp\.stmcufinder\plugins\mcufinder
2024-12-31 13:26:07,962 [WARN] DbFile:41 - Overriding database path with different value: C:\Users\hp\.stmcufinder\plugins\mcufinder/ => C:\Users\hp\.stmcufinder\plugins\mcufinder
2024-12-31 13:26:07,962 [INFO] CrossReferenceDbSqlite:203 - Set database path to: C:\Users\hp\.stmcufinder\plugins\mcufinder//mcu/cs/
2024-12-31 13:26:08,016 [INFO] ApplicationProperties:184 - Using Application install path: D:\STM32CubeIDE_1.15.0\STM32CubeIDE\plugins\com.st.stm32cube.common.mx_6.13.0.202411220809
2024-12-31 13:26:08,020 [INFO] PluginManage:196 - Search for loadable plugins [exclusion list=, ]
2024-12-31 13:26:08,023 [INFO] PluginManage:310 - Check plugin analytics
2024-12-31 13:26:13,020 [INFO] AnalyticsPlugin:253 - Accepted Software Licenses: 
2024-12-31 13:26:13,021 [INFO] AnalyticsPlugin:255 - Accepted CMSIS Pack Licenses: 
2024-12-31 13:26:13,022 [INFO] AnalyticsPlugin:257 - Accepted Firmware Licenses: 
2024-12-31 13:26:13,028 [INFO] PluginManage:359 - Loaded plugin analytics (category:tool,tabindex:-1)
2024-12-31 13:26:13,029 [INFO] PluginManage:310 - Check plugin cadmodel
2024-12-31 13:26:13,065 [INFO] CADModel:105 - Init CAD model plugin
2024-12-31 13:26:13,065 [INFO] PluginManage:359 - Loaded plugin cadmodel (category:power,tabindex:5)
2024-12-31 13:26:13,065 [INFO] PluginManage:310 - Check plugin clock
2024-12-31 13:26:13,098 [INFO] PluginManage:359 - Loaded plugin clock (category:base,tabindex:2)
2024-12-31 13:26:13,098 [INFO] PluginManage:310 - Check plugin ddr
2024-12-31 13:26:13,102 [INFO] PluginManage:359 - Loaded plugin ddr (category:tool,tabindex:6)
2024-12-31 13:26:13,103 [INFO] PluginManage:310 - Check plugin filemanager
2024-12-31 13:26:13,374 [INFO] PluginManage:359 - Loaded plugin filemanager (category:base,tabindex:10)
2024-12-31 13:26:13,375 [INFO] PluginManage:310 - Check plugin ipmanager
2024-12-31 13:26:13,398 [INFO] PluginManage:359 - Loaded plugin ipmanager (category:base,tabindex:5)
2024-12-31 13:26:13,398 [INFO] PluginManage:310 - Check plugin lpbam
2024-12-31 13:26:13,452 [INFO] PluginManage:359 - Loaded plugin lpbam (category:base,tabindex:0)
2024-12-31 13:26:13,453 [INFO] PluginManage:310 - Check plugin memorymap
2024-12-31 13:26:13,587 [INFO] PluginManage:359 - Loaded plugin memorymap (category:base,tabindex:4)
2024-12-31 13:26:13,587 [INFO] PluginManage:310 - Check plugin pinoutandconfiguration
2024-12-31 13:26:13,652 [INFO] PluginManage:359 - Loaded plugin pinoutandconfiguration (category:base,tabindex:1)
2024-12-31 13:26:13,652 [INFO] PluginManage:310 - Check plugin pinoutconfig
2024-12-31 13:26:14,101 [WARN] SupportedApi:132 - Cannot load RTOS API schema: s4s-elt-must-match.1: The content of 'definitions' must match (annotation?, (simpleType | complexType)?, (unique | key | keyref)*)). A problem was found starting at: attribute.
2024-12-31 13:26:14,616 [INFO] PluginManage:359 - Loaded plugin pinoutconfig (category:base,tabindex:0)
2024-12-31 13:26:14,617 [INFO] PluginManage:310 - Check plugin power
2024-12-31 13:26:14,674 [INFO] PluginManage:359 - Loaded plugin power (category:power,tabindex:4)
2024-12-31 13:26:14,674 [INFO] PluginManage:310 - Check plugin projectmanager
2024-12-31 13:26:14,716 [INFO] PluginManage:359 - Loaded plugin projectmanager (category:projectmanager,tabindex:4)
2024-12-31 13:26:14,717 [INFO] PluginManage:310 - Check plugin rif
2024-12-31 13:26:14,777 [INFO] PluginManage:359 - Loaded plugin rif (category:base,tabindex:3)
2024-12-31 13:26:14,778 [INFO] PluginManage:310 - Check plugin thirdparty
2024-12-31 13:26:15,632 [WARN] IntegrityCheckThread:84 - waiting for thirdparty lock release [integrity check]
2024-12-31 13:26:15,633 [INFO] IntegrityCheckThread:86 - entering critical section [integrity check]
2024-12-31 13:26:15,633 [INFO] PluginManage:359 - Loaded plugin thirdparty (category:base,tabindex:-1)
2024-12-31 13:26:15,633 [INFO] PluginManage:310 - Check plugin tools
2024-12-31 13:26:15,633 [INFO] ThirdPartyUpdaterWithRetryManager:70 - Updater plugin not ready yet. [1/15]
2024-12-31 13:26:15,707 [INFO] PluginManage:359 - Loaded plugin tools (category:base,tabindex:7)
2024-12-31 13:26:15,708 [INFO] PluginManage:310 - Check plugin tutovideos
2024-12-31 13:26:16,150 [INFO] PluginManage:359 - Loaded plugin tutovideos (category:base,tabindex:-1)
2024-12-31 13:26:16,150 [INFO] PluginManage:310 - Check plugin updater
2024-12-31 13:26:16,244 [INFO] PluginManage:359 - Loaded plugin updater (category:base,tabindex:12)
2024-12-31 13:26:16,244 [INFO] PluginManage:310 - Check plugin userauth
2024-12-31 13:26:16,255 [INFO] UserAuth:118 - Init User Auth plugin
2024-12-31 13:26:16,257 [INFO] PluginManage:359 - Loaded plugin userauth (category:base,tabindex:14)
2024-12-31 13:26:16,258 [INFO] PluginManage:283 - PluginManage : Loaded plugins [18]
2024-12-31 13:26:16,966 [INFO] PinOutPanel:1589 - setPackage(No Configuration,No Configuration)
2024-12-31 13:26:17,257 [INFO] CADModel:165 - CPN selected for project level
2024-12-31 13:26:17,258 [INFO] CADModel:114 - Register for checkConnection events
2024-12-31 13:26:17,345 [INFO] IPUIPlugin:80 - create IPUIPlugin
2024-12-31 13:26:17,346 [INFO] PluginManager:220 - loadIPPluginJar : add adc
2024-12-31 13:26:17,489 [INFO] IPUIPlugin:80 - create IPUIPlugin
2024-12-31 13:26:17,489 [INFO] PluginManager:220 - loadIPPluginJar : add aes
2024-12-31 13:26:17,660 [INFO] IPUIPlugin:80 - create IPUIPlugin
2024-12-31 13:26:17,660 [INFO] PluginManager:220 - loadIPPluginJar : add can
2024-12-31 13:26:17,770 [INFO] IPUIPlugin:80 - create IPUIPlugin
2024-12-31 13:26:17,770 [INFO] PluginManager:220 - loadIPPluginJar : add comp
2024-12-31 13:26:17,899 [INFO] IPUIPlugin:80 - create IPUIPlugin
2024-12-31 13:26:17,900 [INFO] PluginManager:220 - loadIPPluginJar : add cryp
2024-12-31 13:26:17,943 [INFO] IPUIPlugin:80 - create IPUIPlugin
2024-12-31 13:26:17,943 [INFO] PluginManager:220 - loadIPPluginJar : add ddr_ctrl_phy
2024-12-31 13:26:18,060 [INFO] IPUIPlugin:80 - create IPUIPlugin
2024-12-31 13:26:18,060 [INFO] PluginManager:220 - loadIPPluginJar : add dfsdm
2024-12-31 13:26:18,104 [INFO] IPUIPlugin:80 - create IPUIPlugin
2024-12-31 13:26:18,105 [INFO] PluginManager:220 - loadIPPluginJar : add dma
2024-12-31 13:26:18,250 [INFO] IPUIPlugin:80 - create IPUIPlugin
2024-12-31 13:26:18,250 [INFO] PluginManager:220 - loadIPPluginJar : add dma3
2024-12-31 13:26:18,457 [INFO] IPUIPlugin:80 - create IPUIPlugin
2024-12-31 13:26:18,457 [INFO] PluginManager:220 - loadIPPluginJar : add extmemmanager
2024-12-31 13:26:18,609 [INFO] IPUIPlugin:80 - create IPUIPlugin
2024-12-31 13:26:18,610 [INFO] PluginManager:220 - loadIPPluginJar : add fatfs
2024-12-31 13:26:18,745 [INFO] ThirdPartyUpdaterWithRetryManager:70 - Updater plugin not ready yet. [2/15]
2024-12-31 13:26:18,812 [INFO] IPUIPlugin:80 - create IPUIPlugin
2024-12-31 13:26:18,812 [INFO] PluginManager:220 - loadIPPluginJar : add fmc
2024-12-31 13:26:18,887 [INFO] IPUIPlugin:80 - create IPUIPlugin
2024-12-31 13:26:18,888 [INFO] PluginManager:220 - loadIPPluginJar : add freertos
2024-12-31 13:26:18,979 [INFO] IPUIPlugin:80 - create IPUIPlugin
2024-12-31 13:26:18,979 [INFO] PluginManager:220 - loadIPPluginJar : add genericplugin
2024-12-31 13:26:19,349 [INFO] IPUIPlugin:80 - create IPUIPlugin
2024-12-31 13:26:19,349 [INFO] PluginManager:220 - loadIPPluginJar : add gfxmmu
2024-12-31 13:26:19,869 [INFO] IPUIPlugin:80 - create IPUIPlugin
2024-12-31 13:26:19,869 [INFO] PluginManager:220 - loadIPPluginJar : add gic
2024-12-31 13:26:19,913 [INFO] IPUIPlugin:80 - create IPUIPlugin
2024-12-31 13:26:19,914 [INFO] PluginManager:220 - loadIPPluginJar : add gpio
2024-12-31 13:26:20,296 [INFO] IPUIPlugin:80 - create IPUIPlugin
2024-12-31 13:26:20,296 [INFO] PluginManager:220 - loadIPPluginJar : add gtzc
2024-12-31 13:26:20,434 [INFO] IPUIPlugin:80 - create IPUIPlugin
2024-12-31 13:26:20,435 [INFO] PluginManager:220 - loadIPPluginJar : add hash
2024-12-31 13:26:20,659 [INFO] IPUIPlugin:80 - create IPUIPlugin
2024-12-31 13:26:20,659 [INFO] PluginManager:220 - loadIPPluginJar : add i2c
2024-12-31 13:26:20,828 [INFO] IPUIPlugin:80 - create IPUIPlugin
2024-12-31 13:26:20,828 [INFO] PluginManager:220 - loadIPPluginJar : add i2s
2024-12-31 13:26:21,020 [INFO] IPUIPlugin:80 - create IPUIPlugin
2024-12-31 13:26:21,020 [INFO] PluginManager:220 - loadIPPluginJar : add i3c
2024-12-31 13:26:21,465 [INFO] IPUIPlugin:80 - create IPUIPlugin
2024-12-31 13:26:21,466 [INFO] PluginManager:220 - loadIPPluginJar : add ipddr
2024-12-31 13:26:21,747 [INFO] ThirdPartyUpdaterWithRetryManager:70 - Updater plugin not ready yet. [3/15]
2024-12-31 13:26:21,823 [INFO] IPUIPlugin:80 - create IPUIPlugin
2024-12-31 13:26:21,824 [INFO] PluginManager:220 - loadIPPluginJar : add linkedlist
2024-12-31 13:26:21,911 [INFO] IPUIPlugin:80 - create IPUIPlugin
2024-12-31 13:26:21,912 [INFO] PluginManager:220 - loadIPPluginJar : add lorawan
2024-12-31 13:26:22,003 [INFO] IPUIPlugin:80 - create IPUIPlugin
2024-12-31 13:26:22,004 [INFO] PluginManager:220 - loadIPPluginJar : add ltdc
2024-12-31 13:26:22,040 [INFO] IPUIPlugin:80 - create IPUIPlugin
2024-12-31 13:26:22,041 [INFO] PluginManager:220 - loadIPPluginJar : add mdma
2024-12-31 13:26:22,092 [INFO] IPUIPlugin:80 - create IPUIPlugin
2024-12-31 13:26:22,092 [INFO] PluginManager:220 - loadIPPluginJar : add nvic
2024-12-31 13:26:22,285 [INFO] IPUIPlugin:80 - create IPUIPlugin
2024-12-31 13:26:22,286 [INFO] PluginManager:220 - loadIPPluginJar : add opamp
2024-12-31 13:26:22,561 [INFO] IPUIPlugin:80 - create IPUIPlugin
2024-12-31 13:26:22,561 [INFO] PluginManager:220 - loadIPPluginJar : add openamp
2024-12-31 13:26:22,752 [INFO] IPUIPlugin:80 - create IPUIPlugin
2024-12-31 13:26:22,753 [INFO] PluginManager:220 - loadIPPluginJar : add pdm2pcm
2024-12-31 13:26:22,804 [INFO] IPUIPlugin:80 - create IPUIPlugin
2024-12-31 13:26:22,811 [INFO] PluginManager:220 - loadIPPluginJar : add plateformsettings
2024-12-31 13:26:22,902 [INFO] IPUIPlugin:80 - create IPUIPlugin
2024-12-31 13:26:22,902 [INFO] PluginManager:220 - loadIPPluginJar : add quadspi
2024-12-31 13:26:23,054 [INFO] IPUIPlugin:80 - create IPUIPlugin
2024-12-31 13:26:23,056 [INFO] PluginManager:220 - loadIPPluginJar : add radio
2024-12-31 13:26:23,101 [INFO] IPUIPlugin:80 - create IPUIPlugin
2024-12-31 13:26:23,101 [INFO] PluginManager:220 - loadIPPluginJar : add resmgrutility
2024-12-31 13:26:23,288 [INFO] IPUIPlugin:80 - create IPUIPlugin
2024-12-31 13:26:23,288 [INFO] PluginManager:220 - loadIPPluginJar : add sai
2024-12-31 13:26:23,421 [INFO] IPUIPlugin:80 - create IPUIPlugin
2024-12-31 13:26:23,422 [INFO] PluginManager:220 - loadIPPluginJar : add spi
2024-12-31 13:26:23,637 [INFO] IPUIPlugin:80 - create IPUIPlugin
2024-12-31 13:26:23,637 [INFO] PluginManager:220 - loadIPPluginJar : add stm32_wpan
2024-12-31 13:26:23,701 [INFO] IPUIPlugin:80 - create IPUIPlugin
2024-12-31 13:26:23,701 [INFO] PluginManager:220 - loadIPPluginJar : add tim
2024-12-31 13:26:23,882 [INFO] IPUIPlugin:80 - create IPUIPlugin
2024-12-31 13:26:23,883 [INFO] PluginManager:220 - loadIPPluginJar : add touchsensing
2024-12-31 13:26:23,955 [INFO] IPUIPlugin:80 - create IPUIPlugin
2024-12-31 13:26:23,955 [INFO] PluginManager:220 - loadIPPluginJar : add tracer_emb
2024-12-31 13:26:24,028 [INFO] IPUIPlugin:80 - create IPUIPlugin
2024-12-31 13:26:24,028 [INFO] PluginManager:220 - loadIPPluginJar : add ts
2024-12-31 13:26:24,089 [INFO] IPUIPlugin:80 - create IPUIPlugin
2024-12-31 13:26:24,089 [INFO] PluginManager:220 - loadIPPluginJar : add tsc
2024-12-31 13:26:24,145 [INFO] IPUIPlugin:80 - create IPUIPlugin
2024-12-31 13:26:24,146 [INFO] PluginManager:220 - loadIPPluginJar : add ucpd
2024-12-31 13:26:24,253 [INFO] IPUIPlugin:80 - create IPUIPlugin
2024-12-31 13:26:24,253 [INFO] PluginManager:220 - loadIPPluginJar : add usart
2024-12-31 13:26:24,346 [INFO] IPUIPlugin:80 - create IPUIPlugin
2024-12-31 13:26:24,361 [INFO] PluginManager:220 - loadIPPluginJar : add usbx
2024-12-31 13:26:24,651 [FATAL] Updater:351 - Updater called before beeing initialized
2024-12-31 13:26:24,745 [INFO] RulesReader:64 - Compatibility file has been processed (297 Rules)
2024-12-31 13:26:24,751 [INFO] ThirdPartyUpdaterWithRetryManager:70 - Updater plugin not ready yet. [4/15]
2024-12-31 13:26:24,775 [INFO] RulesReader:64 - Compatibility file has been processed (297 Rules)
2024-12-31 13:26:24,799 [INFO] CADModel:165 - CPN selected for project level
2024-12-31 13:26:24,799 [INFO] CADModel:114 - Register for checkConnection events
2024-12-31 13:26:24,799 [FATAL] Updater:351 - Updater called before beeing initialized
2024-12-31 13:26:24,800 [ERROR] CADModel:125 - Updater not yet initialized, retry later 
2024-12-31 13:26:25,324 [FATAL] Updater:351 - Updater called before beeing initialized
2024-12-31 13:26:25,328 [INFO] CADModel:165 - CPN selected for project level
2024-12-31 13:26:25,328 [INFO] CADModel:114 - Register for checkConnection events
2024-12-31 13:26:25,329 [FATAL] Updater:351 - Updater called before beeing initialized
2024-12-31 13:26:25,329 [ERROR] CADModel:125 - Updater not yet initialized, retry later 
2024-12-31 13:26:25,337 [FATAL] Updater:351 - Updater called before beeing initialized
2024-12-31 13:26:26,119 [FATAL] Updater:351 - Updater called before beeing initialized
2024-12-31 13:26:26,159 [INFO] DbMcusAds:53 - JSON generation date=Fri Sep 20 18:34:23 IST 2024 (1726837463113)
2024-12-31 13:26:26,177 [FATAL] Updater:351 - Updater called before beeing initialized
2024-12-31 13:26:26,546 [WARN] DetailPanel:346 - Failed to get advertising image, set to default
2024-12-31 13:26:27,269 [FATAL] Updater:351 - Updater called before beeing initialized
2024-12-31 13:26:27,277 [FATAL] Updater:351 - Updater called before beeing initialized
2024-12-31 13:26:27,277 [FATAL] Updater:351 - Updater called before beeing initialized
2024-12-31 13:26:27,277 [WARN] DetailPanel:346 - Failed to get advertising image, set to default
2024-12-31 13:26:27,280 [FATAL] Updater:351 - Updater called before beeing initialized
2024-12-31 13:26:27,459 [ERROR] Updater:1198 - MainUpdater not yet initialized. External WinMGr cannot be set.
2024-12-31 13:26:27,493 [INFO] Updater:1134 - Updater Version found : 6.13.0
2024-12-31 13:26:27,537 [INFO] ApplicationProperties:184 - Using Application install path: D:\STM32CubeIDE_1.15.0\STM32CubeIDE\plugins\com.st.stm32cube.common.mx_6.13.0.202411220809
2024-12-31 13:26:27,752 [FATAL] Updater:351 - Updater called before beeing initialized
2024-12-31 13:26:27,753 [ERROR] IntegrityCheckThread:130 - Cannot retrieve database content from updater: error 21
2024-12-31 13:26:27,754 [INFO] ThirdParty:978 - Integrity check success = false
2024-12-31 13:26:27,754 [INFO] IntegrityCheckThread:100 - exiting critical section [integrity check]
2024-12-31 13:26:27,754 [INFO] IntegrityCheckThread:103 - End integrity checks thread
2024-12-31 13:26:29,173 [ERROR] LogOutputStream:75 - [STDERR_REDIRECT] Dec 31, 2024 1:26:29 PM java.util.prefs.WindowsPreferences <init>
2024-12-31 13:26:29,178 [ERROR] LogOutputStream:75 - [STDERR_REDIRECT] WARNING: Could not open/create prefs root node Software\JavaSoft\Prefs at root 0xffffffff80000002. Windows RegCreateKeyEx(...) returned error code 5.
2024-12-31 13:26:29,179 [ERROR] LogOutputStream:75 - [STDERR_REDIRECT] 
2024-12-31 13:26:30,276 [INFO] MainUpdater:2872 - connection check result : 10
2024-12-31 13:26:30,278 [INFO] MainUpdater:289 - Updater Check For Update Now.
2024-12-31 13:26:30,278 [INFO] MicroXplorer:498 - Change Database Version : DB.6.0.130
2024-12-31 13:26:30,314 [INFO] McuFinderGlobals:63 - Set McuFinder mode to 2 (CubeIDE integrated)
2024-12-31 13:26:30,315 [INFO] UserAuth:171 - activating auth plugin
2024-12-31 13:26:30,361 [INFO] UserAuth:486 - Internet connection configuration mode: 1
2024-12-31 13:26:30,434 [INFO] JxBrowserEngine:152 - Initiate JxBrowser Engine with user profile folder
2024-12-31 13:26:30,887 [INFO] CheckServerUpdateThread:120 - End of CheckServer Thread
2024-12-31 13:26:38,615 [INFO] WebApp:168 - Instantiating new browser for Auth
2024-12-31 13:26:43,797 [INFO] WebApp:449 - Apply proxy settings
2024-12-31 13:26:43,799 [INFO] WebApp:534 - Chromium requires no authentication
2024-12-31 13:26:43,830 [INFO] WebApp:477 - Direct internet connection detected
2024-12-31 13:26:44,949 [INFO] WebApp:880 - Register for checkConnection events
2024-12-31 13:26:44,949 [INFO] WebApp:449 - Apply proxy settings
2024-12-31 13:26:44,949 [INFO] WebApp:534 - Chromium requires no authentication
2024-12-31 13:26:44,959 [INFO] WebApp:477 - Direct internet connection detected
2024-12-31 13:26:47,322 [INFO] WebApp:221 - Starting web application
2024-12-31 13:26:47,323 [INFO] WebApp:579 - Web application path used D:\STM32CubeIDE_1.15.0\STM32CubeIDE\plugins\com.st.stm32cube.common.mx_6.13.0.202411220809\db\plugins\mcufinder\reactClient1\index.html
2024-12-31 13:26:47,340 [INFO] WebApp:187 - Connection restablished
2024-12-31 16:52:33,120 [INFO] WebApp:190 - Connection lost
2024-12-31 16:52:41,809 [INFO] WebApp:187 - Connection restablished
2024-12-31 16:52:42,750 [INFO] WebApp:190 - Connection lost
2024-12-31 16:52:43,328 [INFO] WebApp:187 - Connection restablished
2024-12-31 16:56:22,732 [INFO] WebApp:190 - Connection lost
2024-12-31 17:05:11,739 [ERROR] LogOutputStream:75 - [STDERR_REDIRECT] 
