2024-12-26 16:41:11,907 [INFO] Activator:176 - 


2024-12-26 16:41:11,917 [INFO] Activator:177 - !SESSION log4j initialized
2024-12-26 16:41:19,577 [INFO] LogOutputStream:77 - [STDOUT_REDIRECT] 
2024-12-26 16:41:27,747 [INFO] ApplicationProperties:184 - Using Application install path: D:\STM32CubeIDE_1.15.0\STM32CubeIDE\plugins\com.st.stm32cube.common.mx_6.13.0.202411220809
2024-12-26 16:41:27,800 [INFO] DbMcusXml:78 - Set database path to: D:\STM32CubeIDE_1.15.0\STM32CubeIDE\plugins\com.st.stm32cube.common.mx_6.13.0.202411220809\\db\/mcu/
2024-12-26 16:41:27,801 [INFO] ApiDb:274 - Set plugin database path to: D:\STM32CubeIDE_1.15.0\STM32CubeIDE\plugins\com.st.stm32cube.common.mx_6.13.0.202411220809\\db\/plugins/boardmanager/
2024-12-26 16:41:27,802 [WARN] ApiDb:259 - Overriding images path with different value:  => D:\STM32CubeIDE_1.15.0\STM32CubeIDE\plugins\com.st.stm32cube.common.mx_6.13.0.202411220809\\db\/plugins/mcufinder/images/
2024-12-26 16:41:27,834 [INFO] ApiDb:250 - Set database path to: C:\Users\hp\.stmcufinder\plugins\mcufinder//mcu/
2024-12-26 16:41:27,837 [INFO] DbMcusAds:125 - Set database path to: C:\Users\hp\.stmcufinder\plugins\mcufinder//mcu/
2024-12-26 16:41:27,840 [INFO] CrossReferenceDbSqlite:203 - Set database path to: C:\Users\hp\.stmcufinder\plugins\mcufinder//mcu/cs/
2024-12-26 16:41:28,132 [INFO] RulesReader:64 - Compatibility file has been processed (297 Rules)
2024-12-26 16:41:28,312 [INFO] DbMcusXml:78 - Set database path to: D:\STM32CubeIDE_1.15.0\STM32CubeIDE\plugins\com.st.stm32cube.common.mx_6.13.0.202411220809\\db\/mcu/
2024-12-26 16:41:28,313 [INFO] ApiDb:274 - Set plugin database path to: D:\STM32CubeIDE_1.15.0\STM32CubeIDE\plugins\com.st.stm32cube.common.mx_6.13.0.202411220809\\db\/plugins/boardmanager/
2024-12-26 16:41:28,313 [INFO] ApiDb:261 - Set plugin images path to: D:\STM32CubeIDE_1.15.0\STM32CubeIDE\plugins\com.st.stm32cube.common.mx_6.13.0.202411220809\\db\/plugins/mcufinder/images/
2024-12-26 16:41:28,313 [WARN] DbFile:41 - Overriding database path with different value: C:\Users\hp\.stmcufinder\plugins\mcufinder/ => C:\Users\hp\.stmcufinder\plugins\mcufinder
2024-12-26 16:41:28,314 [INFO] ApiDb:250 - Set database path to: C:\Users\hp\.stmcufinder\plugins\mcufinder//mcu/
2024-12-26 16:41:28,314 [WARN] DbFile:41 - Overriding database path with different value: C:\Users\hp\.stmcufinder\plugins\mcufinder/ => C:\Users\hp\.stmcufinder\plugins\mcufinder
2024-12-26 16:41:28,314 [INFO] DbMcusAds:125 - Set database path to: C:\Users\hp\.stmcufinder\plugins\mcufinder//mcu/
2024-12-26 16:41:28,314 [WARN] DbFile:41 - Overriding database path with different value: C:\Users\hp\.stmcufinder\plugins\mcufinder/ => C:\Users\hp\.stmcufinder\plugins\mcufinder
2024-12-26 16:41:28,315 [WARN] DbFile:41 - Overriding database path with different value: C:\Users\hp\.stmcufinder\plugins\mcufinder/ => C:\Users\hp\.stmcufinder\plugins\mcufinder
2024-12-26 16:41:28,315 [INFO] CrossReferenceDbSqlite:203 - Set database path to: C:\Users\hp\.stmcufinder\plugins\mcufinder//mcu/cs/
2024-12-26 16:41:28,465 [INFO] MainPanel:272 - HeapMemory: 268435456
2024-12-26 16:41:28,808 [INFO] DbMcusXml:78 - Set database path to: D:\STM32CubeIDE_1.15.0\STM32CubeIDE\plugins\com.st.stm32cube.common.mx_6.13.0.202411220809\\db\/mcu/
2024-12-26 16:41:28,808 [INFO] ApiDb:274 - Set plugin database path to: D:\STM32CubeIDE_1.15.0\STM32CubeIDE\plugins\com.st.stm32cube.common.mx_6.13.0.202411220809\\db\/plugins/boardmanager/
2024-12-26 16:41:28,809 [INFO] ApiDb:261 - Set plugin images path to: D:\STM32CubeIDE_1.15.0\STM32CubeIDE\plugins\com.st.stm32cube.common.mx_6.13.0.202411220809\\db\/plugins/mcufinder/images/
2024-12-26 16:41:28,810 [WARN] DbFile:41 - Overriding database path with different value: C:\Users\hp\.stmcufinder\plugins\mcufinder/ => C:\Users\hp\.stmcufinder\plugins\mcufinder
2024-12-26 16:41:28,810 [INFO] ApiDb:250 - Set database path to: C:\Users\hp\.stmcufinder\plugins\mcufinder//mcu/
2024-12-26 16:41:28,811 [WARN] DbFile:41 - Overriding database path with different value: C:\Users\hp\.stmcufinder\plugins\mcufinder/ => C:\Users\hp\.stmcufinder\plugins\mcufinder
2024-12-26 16:41:28,811 [INFO] DbMcusAds:125 - Set database path to: C:\Users\hp\.stmcufinder\plugins\mcufinder//mcu/
2024-12-26 16:41:28,812 [WARN] DbFile:41 - Overriding database path with different value: C:\Users\hp\.stmcufinder\plugins\mcufinder/ => C:\Users\hp\.stmcufinder\plugins\mcufinder
2024-12-26 16:41:28,812 [WARN] DbFile:41 - Overriding database path with different value: C:\Users\hp\.stmcufinder\plugins\mcufinder/ => C:\Users\hp\.stmcufinder\plugins\mcufinder
2024-12-26 16:41:28,812 [INFO] CrossReferenceDbSqlite:203 - Set database path to: C:\Users\hp\.stmcufinder\plugins\mcufinder//mcu/cs/
2024-12-26 16:41:28,865 [INFO] ApplicationProperties:184 - Using Application install path: D:\STM32CubeIDE_1.15.0\STM32CubeIDE\plugins\com.st.stm32cube.common.mx_6.13.0.202411220809
2024-12-26 16:41:28,868 [INFO] PluginManage:196 - Search for loadable plugins [exclusion list=, ]
2024-12-26 16:41:28,872 [INFO] PluginManage:310 - Check plugin analytics
2024-12-26 16:41:29,400 [INFO] AnalyticsPlugin:253 - Accepted Software Licenses: 
2024-12-26 16:41:29,400 [INFO] AnalyticsPlugin:255 - Accepted CMSIS Pack Licenses: 
2024-12-26 16:41:29,401 [INFO] AnalyticsPlugin:257 - Accepted Firmware Licenses: 
2024-12-26 16:41:29,411 [INFO] PluginManage:359 - Loaded plugin analytics (category:tool,tabindex:-1)
2024-12-26 16:41:29,412 [INFO] PluginManage:310 - Check plugin cadmodel
2024-12-26 16:41:29,462 [INFO] CADModel:105 - Init CAD model plugin
2024-12-26 16:41:29,462 [INFO] PluginManage:359 - Loaded plugin cadmodel (category:power,tabindex:5)
2024-12-26 16:41:29,463 [INFO] PluginManage:310 - Check plugin clock
2024-12-26 16:41:29,501 [INFO] PluginManage:359 - Loaded plugin clock (category:base,tabindex:2)
2024-12-26 16:41:29,501 [INFO] PluginManage:310 - Check plugin ddr
2024-12-26 16:41:29,505 [INFO] PluginManage:359 - Loaded plugin ddr (category:tool,tabindex:6)
2024-12-26 16:41:29,505 [INFO] PluginManage:310 - Check plugin filemanager
2024-12-26 16:41:29,772 [INFO] PluginManage:359 - Loaded plugin filemanager (category:base,tabindex:10)
2024-12-26 16:41:29,773 [INFO] PluginManage:310 - Check plugin ipmanager
2024-12-26 16:41:29,794 [INFO] PluginManage:359 - Loaded plugin ipmanager (category:base,tabindex:5)
2024-12-26 16:41:29,795 [INFO] PluginManage:310 - Check plugin lpbam
2024-12-26 16:41:29,854 [INFO] PluginManage:359 - Loaded plugin lpbam (category:base,tabindex:0)
2024-12-26 16:41:29,855 [INFO] PluginManage:310 - Check plugin memorymap
2024-12-26 16:41:29,917 [INFO] PluginManage:359 - Loaded plugin memorymap (category:base,tabindex:4)
2024-12-26 16:41:29,917 [INFO] PluginManage:310 - Check plugin pinoutandconfiguration
2024-12-26 16:41:29,980 [INFO] PluginManage:359 - Loaded plugin pinoutandconfiguration (category:base,tabindex:1)
2024-12-26 16:41:29,980 [INFO] PluginManage:310 - Check plugin pinoutconfig
2024-12-26 16:41:30,165 [WARN] SupportedApi:132 - Cannot load RTOS API schema: s4s-elt-must-match.1: The content of 'definitions' must match (annotation?, (simpleType | complexType)?, (unique | key | keyref)*)). A problem was found starting at: attribute.
2024-12-26 16:41:30,404 [INFO] PluginManage:359 - Loaded plugin pinoutconfig (category:base,tabindex:0)
2024-12-26 16:41:30,404 [INFO] PluginManage:310 - Check plugin power
2024-12-26 16:41:30,444 [INFO] PluginManage:359 - Loaded plugin power (category:power,tabindex:4)
2024-12-26 16:41:30,444 [INFO] PluginManage:310 - Check plugin projectmanager
2024-12-26 16:41:30,478 [INFO] PluginManage:359 - Loaded plugin projectmanager (category:projectmanager,tabindex:4)
2024-12-26 16:41:30,478 [INFO] PluginManage:310 - Check plugin rif
2024-12-26 16:41:30,513 [INFO] PluginManage:359 - Loaded plugin rif (category:base,tabindex:3)
2024-12-26 16:41:30,514 [INFO] PluginManage:310 - Check plugin thirdparty
2024-12-26 16:41:31,083 [WARN] IntegrityCheckThread:84 - waiting for thirdparty lock release [integrity check]
2024-12-26 16:41:31,084 [INFO] IntegrityCheckThread:86 - entering critical section [integrity check]
2024-12-26 16:41:31,085 [INFO] ThirdPartyUpdaterWithRetryManager:70 - Updater plugin not ready yet. [1/15]
2024-12-26 16:41:31,088 [INFO] PluginManage:359 - Loaded plugin thirdparty (category:base,tabindex:-1)
2024-12-26 16:41:31,088 [INFO] PluginManage:310 - Check plugin tools
2024-12-26 16:41:31,165 [INFO] PluginManage:359 - Loaded plugin tools (category:base,tabindex:7)
2024-12-26 16:41:31,166 [INFO] PluginManage:310 - Check plugin tutovideos
2024-12-26 16:41:31,524 [INFO] PluginManage:359 - Loaded plugin tutovideos (category:base,tabindex:-1)
2024-12-26 16:41:31,524 [INFO] PluginManage:310 - Check plugin updater
2024-12-26 16:41:31,570 [INFO] PluginManage:359 - Loaded plugin updater (category:base,tabindex:12)
2024-12-26 16:41:31,571 [INFO] PluginManage:310 - Check plugin userauth
2024-12-26 16:41:31,578 [INFO] UserAuth:118 - Init User Auth plugin
2024-12-26 16:41:31,579 [INFO] PluginManage:359 - Loaded plugin userauth (category:base,tabindex:14)
2024-12-26 16:41:31,580 [INFO] PluginManage:283 - PluginManage : Loaded plugins [18]
2024-12-26 16:41:32,021 [INFO] PinOutPanel:1589 - setPackage(No Configuration,No Configuration)
2024-12-26 16:41:32,193 [INFO] CADModel:165 - CPN selected for project level
2024-12-26 16:41:32,193 [INFO] CADModel:114 - Register for checkConnection events
2024-12-26 16:41:32,259 [INFO] IPUIPlugin:80 - create IPUIPlugin
2024-12-26 16:41:32,259 [INFO] PluginManager:220 - loadIPPluginJar : add adc
2024-12-26 16:41:32,361 [INFO] IPUIPlugin:80 - create IPUIPlugin
2024-12-26 16:41:32,361 [INFO] PluginManager:220 - loadIPPluginJar : add aes
2024-12-26 16:41:32,529 [INFO] IPUIPlugin:80 - create IPUIPlugin
2024-12-26 16:41:32,529 [INFO] PluginManager:220 - loadIPPluginJar : add can
2024-12-26 16:41:32,595 [INFO] IPUIPlugin:80 - create IPUIPlugin
2024-12-26 16:41:32,596 [INFO] PluginManager:220 - loadIPPluginJar : add comp
2024-12-26 16:41:32,680 [INFO] IPUIPlugin:80 - create IPUIPlugin
2024-12-26 16:41:32,681 [INFO] PluginManager:220 - loadIPPluginJar : add cryp
2024-12-26 16:41:32,705 [INFO] IPUIPlugin:80 - create IPUIPlugin
2024-12-26 16:41:32,706 [INFO] PluginManager:220 - loadIPPluginJar : add ddr_ctrl_phy
2024-12-26 16:41:32,777 [INFO] IPUIPlugin:80 - create IPUIPlugin
2024-12-26 16:41:32,777 [INFO] PluginManager:220 - loadIPPluginJar : add dfsdm
2024-12-26 16:41:32,804 [INFO] IPUIPlugin:80 - create IPUIPlugin
2024-12-26 16:41:32,805 [INFO] PluginManager:220 - loadIPPluginJar : add dma
2024-12-26 16:41:32,887 [INFO] IPUIPlugin:80 - create IPUIPlugin
2024-12-26 16:41:32,887 [INFO] PluginManager:220 - loadIPPluginJar : add dma3
2024-12-26 16:41:32,985 [INFO] IPUIPlugin:80 - create IPUIPlugin
2024-12-26 16:41:32,985 [INFO] PluginManager:220 - loadIPPluginJar : add extmemmanager
2024-12-26 16:41:33,037 [INFO] IPUIPlugin:80 - create IPUIPlugin
2024-12-26 16:41:33,038 [INFO] PluginManager:220 - loadIPPluginJar : add fatfs
2024-12-26 16:41:33,162 [INFO] IPUIPlugin:80 - create IPUIPlugin
2024-12-26 16:41:33,162 [INFO] PluginManager:220 - loadIPPluginJar : add fmc
2024-12-26 16:41:33,190 [INFO] IPUIPlugin:80 - create IPUIPlugin
2024-12-26 16:41:33,190 [INFO] PluginManager:220 - loadIPPluginJar : add freertos
2024-12-26 16:41:33,232 [INFO] IPUIPlugin:80 - create IPUIPlugin
2024-12-26 16:41:33,232 [INFO] PluginManager:220 - loadIPPluginJar : add genericplugin
2024-12-26 16:41:33,432 [INFO] IPUIPlugin:80 - create IPUIPlugin
2024-12-26 16:41:33,432 [INFO] PluginManager:220 - loadIPPluginJar : add gfxmmu
2024-12-26 16:41:33,721 [INFO] IPUIPlugin:80 - create IPUIPlugin
2024-12-26 16:41:33,722 [INFO] PluginManager:220 - loadIPPluginJar : add gic
2024-12-26 16:41:33,745 [INFO] IPUIPlugin:80 - create IPUIPlugin
2024-12-26 16:41:33,745 [INFO] PluginManager:220 - loadIPPluginJar : add gpio
2024-12-26 16:41:33,948 [INFO] IPUIPlugin:80 - create IPUIPlugin
2024-12-26 16:41:33,948 [INFO] PluginManager:220 - loadIPPluginJar : add gtzc
2024-12-26 16:41:34,030 [INFO] IPUIPlugin:80 - create IPUIPlugin
2024-12-26 16:41:34,030 [INFO] PluginManager:220 - loadIPPluginJar : add hash
2024-12-26 16:41:34,087 [INFO] ThirdPartyUpdaterWithRetryManager:70 - Updater plugin not ready yet. [2/15]
2024-12-26 16:41:34,157 [INFO] IPUIPlugin:80 - create IPUIPlugin
2024-12-26 16:41:34,157 [INFO] PluginManager:220 - loadIPPluginJar : add i2c
2024-12-26 16:41:34,250 [INFO] IPUIPlugin:80 - create IPUIPlugin
2024-12-26 16:41:34,251 [INFO] PluginManager:220 - loadIPPluginJar : add i2s
2024-12-26 16:41:34,336 [INFO] IPUIPlugin:80 - create IPUIPlugin
2024-12-26 16:41:34,336 [INFO] PluginManager:220 - loadIPPluginJar : add i3c
2024-12-26 16:41:34,571 [INFO] IPUIPlugin:80 - create IPUIPlugin
2024-12-26 16:41:34,571 [INFO] PluginManager:220 - loadIPPluginJar : add ipddr
2024-12-26 16:41:34,798 [INFO] IPUIPlugin:80 - create IPUIPlugin
2024-12-26 16:41:34,799 [INFO] PluginManager:220 - loadIPPluginJar : add linkedlist
2024-12-26 16:41:34,888 [INFO] IPUIPlugin:80 - create IPUIPlugin
2024-12-26 16:41:34,888 [INFO] PluginManager:220 - loadIPPluginJar : add lorawan
2024-12-26 16:41:34,966 [INFO] IPUIPlugin:80 - create IPUIPlugin
2024-12-26 16:41:34,967 [INFO] PluginManager:220 - loadIPPluginJar : add ltdc
2024-12-26 16:41:34,998 [INFO] IPUIPlugin:80 - create IPUIPlugin
2024-12-26 16:41:34,998 [INFO] PluginManager:220 - loadIPPluginJar : add mdma
2024-12-26 16:41:35,021 [INFO] IPUIPlugin:80 - create IPUIPlugin
2024-12-26 16:41:35,021 [INFO] PluginManager:220 - loadIPPluginJar : add nvic
2024-12-26 16:41:35,105 [INFO] IPUIPlugin:80 - create IPUIPlugin
2024-12-26 16:41:35,106 [INFO] PluginManager:220 - loadIPPluginJar : add opamp
2024-12-26 16:41:35,244 [INFO] IPUIPlugin:80 - create IPUIPlugin
2024-12-26 16:41:35,244 [INFO] PluginManager:220 - loadIPPluginJar : add openamp
2024-12-26 16:41:35,353 [INFO] IPUIPlugin:80 - create IPUIPlugin
2024-12-26 16:41:35,354 [INFO] PluginManager:220 - loadIPPluginJar : add pdm2pcm
2024-12-26 16:41:35,380 [INFO] IPUIPlugin:80 - create IPUIPlugin
2024-12-26 16:41:35,384 [INFO] PluginManager:220 - loadIPPluginJar : add plateformsettings
2024-12-26 16:41:35,432 [INFO] IPUIPlugin:80 - create IPUIPlugin
2024-12-26 16:41:35,432 [INFO] PluginManager:220 - loadIPPluginJar : add quadspi
2024-12-26 16:41:35,495 [INFO] IPUIPlugin:80 - create IPUIPlugin
2024-12-26 16:41:35,496 [INFO] PluginManager:220 - loadIPPluginJar : add radio
2024-12-26 16:41:35,523 [INFO] IPUIPlugin:80 - create IPUIPlugin
2024-12-26 16:41:35,523 [INFO] PluginManager:220 - loadIPPluginJar : add resmgrutility
2024-12-26 16:41:35,633 [INFO] IPUIPlugin:80 - create IPUIPlugin
2024-12-26 16:41:35,633 [INFO] PluginManager:220 - loadIPPluginJar : add sai
2024-12-26 16:41:35,717 [INFO] IPUIPlugin:80 - create IPUIPlugin
2024-12-26 16:41:35,718 [INFO] PluginManager:220 - loadIPPluginJar : add spi
2024-12-26 16:41:35,938 [INFO] IPUIPlugin:80 - create IPUIPlugin
2024-12-26 16:41:35,939 [INFO] PluginManager:220 - loadIPPluginJar : add stm32_wpan
2024-12-26 16:41:36,049 [INFO] IPUIPlugin:80 - create IPUIPlugin
2024-12-26 16:41:36,049 [INFO] PluginManager:220 - loadIPPluginJar : add tim
2024-12-26 16:41:36,314 [INFO] IPUIPlugin:80 - create IPUIPlugin
2024-12-26 16:41:36,314 [INFO] PluginManager:220 - loadIPPluginJar : add touchsensing
2024-12-26 16:41:36,417 [INFO] IPUIPlugin:80 - create IPUIPlugin
2024-12-26 16:41:36,418 [INFO] PluginManager:220 - loadIPPluginJar : add tracer_emb
2024-12-26 16:41:36,523 [INFO] IPUIPlugin:80 - create IPUIPlugin
2024-12-26 16:41:36,524 [INFO] PluginManager:220 - loadIPPluginJar : add ts
2024-12-26 16:41:36,609 [INFO] IPUIPlugin:80 - create IPUIPlugin
2024-12-26 16:41:36,609 [INFO] PluginManager:220 - loadIPPluginJar : add tsc
2024-12-26 16:41:36,695 [INFO] IPUIPlugin:80 - create IPUIPlugin
2024-12-26 16:41:36,695 [INFO] PluginManager:220 - loadIPPluginJar : add ucpd
2024-12-26 16:41:36,885 [INFO] IPUIPlugin:80 - create IPUIPlugin
2024-12-26 16:41:36,885 [INFO] PluginManager:220 - loadIPPluginJar : add usart
2024-12-26 16:41:37,089 [INFO] ThirdPartyUpdaterWithRetryManager:70 - Updater plugin not ready yet. [3/15]
2024-12-26 16:41:37,143 [INFO] IPUIPlugin:80 - create IPUIPlugin
2024-12-26 16:41:37,144 [INFO] PluginManager:220 - loadIPPluginJar : add usbx
2024-12-26 16:41:37,444 [FATAL] Updater:351 - Updater called before beeing initialized
2024-12-26 16:41:37,527 [INFO] RulesReader:64 - Compatibility file has been processed (297 Rules)
2024-12-26 16:41:37,566 [INFO] RulesReader:64 - Compatibility file has been processed (297 Rules)
2024-12-26 16:41:37,590 [INFO] CADModel:165 - CPN selected for project level
2024-12-26 16:41:37,591 [INFO] CADModel:114 - Register for checkConnection events
2024-12-26 16:41:37,591 [FATAL] Updater:351 - Updater called before beeing initialized
2024-12-26 16:41:37,591 [ERROR] CADModel:125 - Updater not yet initialized, retry later 
2024-12-26 16:41:37,961 [FATAL] Updater:351 - Updater called before beeing initialized
2024-12-26 16:41:37,964 [INFO] CADModel:165 - CPN selected for project level
2024-12-26 16:41:37,965 [INFO] CADModel:114 - Register for checkConnection events
2024-12-26 16:41:37,965 [FATAL] Updater:351 - Updater called before beeing initialized
2024-12-26 16:41:37,965 [ERROR] CADModel:125 - Updater not yet initialized, retry later 
2024-12-26 16:41:37,971 [FATAL] Updater:351 - Updater called before beeing initialized
2024-12-26 16:41:38,350 [FATAL] Updater:351 - Updater called before beeing initialized
2024-12-26 16:41:38,378 [INFO] DbMcusAds:53 - JSON generation date=Fri Sep 20 18:34:23 IST 2024 (1726837463113)
2024-12-26 16:41:38,379 [FATAL] Updater:351 - Updater called before beeing initialized
2024-12-26 16:41:38,552 [WARN] DetailPanel:346 - Failed to get advertising image, set to default
2024-12-26 16:41:39,130 [FATAL] Updater:351 - Updater called before beeing initialized
2024-12-26 16:41:39,139 [FATAL] Updater:351 - Updater called before beeing initialized
2024-12-26 16:41:39,140 [FATAL] Updater:351 - Updater called before beeing initialized
2024-12-26 16:41:39,140 [WARN] DetailPanel:346 - Failed to get advertising image, set to default
2024-12-26 16:41:39,144 [FATAL] Updater:351 - Updater called before beeing initialized
2024-12-26 16:41:39,304 [ERROR] Updater:1198 - MainUpdater not yet initialized. External WinMGr cannot be set.
2024-12-26 16:41:39,323 [INFO] Updater:1134 - Updater Version found : 6.13.0
2024-12-26 16:41:39,357 [INFO] ApplicationProperties:184 - Using Application install path: D:\STM32CubeIDE_1.15.0\STM32CubeIDE\plugins\com.st.stm32cube.common.mx_6.13.0.202411220809
2024-12-26 16:41:40,091 [INFO] ThirdPartyUpdaterWithRetryManager:70 - Updater plugin not ready yet. [4/15]
2024-12-26 16:41:40,980 [ERROR] LogOutputStream:75 - [STDERR_REDIRECT] Dec 26, 2024 4:41:40 PM java.util.prefs.WindowsPreferences <init>
2024-12-26 16:41:40,983 [ERROR] LogOutputStream:75 - [STDERR_REDIRECT] WARNING: Could not open/create prefs root node Software\JavaSoft\Prefs at root 0xffffffff80000002. Windows RegCreateKeyEx(...) returned error code 5.
2024-12-26 16:41:40,983 [ERROR] LogOutputStream:75 - [STDERR_REDIRECT] 
2024-12-26 16:41:43,092 [FATAL] Updater:351 - Updater called before beeing initialized
2024-12-26 16:41:43,092 [ERROR] IntegrityCheckThread:130 - Cannot retrieve database content from updater: error 21
2024-12-26 16:41:43,093 [INFO] ThirdParty:978 - Integrity check success = false
2024-12-26 16:41:43,093 [INFO] IntegrityCheckThread:100 - exiting critical section [integrity check]
2024-12-26 16:41:43,093 [INFO] IntegrityCheckThread:103 - End integrity checks thread
2024-12-26 16:41:49,780 [WARN] CheckConnectionManager:291 - Warning during Server Connection :  timeout Connect to sw-center.st.com:443 [sw-center.st.com/23.48.245.144, sw-center.st.com/23.48.245.147, sw-center.st.com/2600:140f:200:0:0:0:1737:6c1b, sw-center.st.com/2600:140f:200:0:0:0:1737:6c13] failed: Connect timed out
2024-12-26 16:41:57,795 [WARN] CheckConnectionManager:291 - Warning during Server Connection :  timeout Connect to sw-center.st.com:443 [sw-center.st.com/23.48.245.144, sw-center.st.com/23.48.245.147, sw-center.st.com/2600:140f:200:0:0:0:1737:6c1b, sw-center.st.com/2600:140f:200:0:0:0:1737:6c13] failed: Connect timed out
2024-12-26 16:41:57,808 [INFO] MainUpdater:2872 - connection check result : 22
2024-12-26 16:41:57,811 [INFO] MainUpdater:289 - Updater Check For Update Now.
2024-12-26 16:41:57,811 [INFO] MicroXplorer:498 - Change Database Version : DB.6.0.130
2024-12-26 16:41:57,884 [INFO] McuFinderGlobals:63 - Set McuFinder mode to 2 (CubeIDE integrated)
2024-12-26 16:41:57,884 [INFO] UserAuth:171 - activating auth plugin
2024-12-26 16:41:57,912 [INFO] UserAuth:486 - Internet connection configuration mode: 2
2024-12-26 16:41:57,955 [INFO] UserAuth:486 - Internet connection configuration mode: 2
2024-12-26 16:41:58,441 [INFO] CheckServerUpdateThread:120 - End of CheckServer Thread
2024-12-26 21:42:32,770 [ERROR] LogOutputStream:75 - [STDERR_REDIRECT] 
